#
# A fatal error has been detected by the Java Runtime Environment:
#
#  SIGSEGV (0xb) at pc=0x00007f9ae2137aaf, pid=12009, tid=140302638950144
#
# JRE version: 7.0_25-b30
# Java VM: OpenJDK 64-Bit Server VM (23.7-b01 mixed mode linux-amd64 compressed oops)
# Problematic frame:
# C  [libNiTE2.so+0x3e5aaf]  NHAHandTrackerBase::StepToConvergence(NADepthMapContainer const&)+0x13f
#
# Failed to write core dump. Core dumps have been disabled. To enable core dumping, try "ulimit -c unlimited" before starting Java again
#
# If you would like to submit a bug report, please include
# instructions on how to reproduce the bug and visit:
#   https://bugs.launchpad.net/ubuntu/+source/openjdk-7/
#

---------------  T H R E A D  ---------------

Current thread is native thread

siginfo:si_signo=SIGSEGV: si_errno=0, si_code=1 (SEGV_MAPERR), si_addr=0x00007f98bea08430

Registers:
RAX=0x0000000000000002, RBX=0x00007f9abe8f77f0, RCX=0x0000000080000001, RDX=0x0000000080000000
RSP=0x00007f9ac0f47900, RBP=0x0000000000000002, RSI=0x00007f9abea08430, RDI=0xffffffff80000000
R8 =0x0000000000000001, R9 =0x0000000080000000, R10=0x0000000000000000, R11=0x0000000000000000
R12=0x00007f9abe3f5748, R13=0x0000000000000000, R14=0x00007f9ac0f48050, R15=0x0000000000000001
RIP=0x00007f9ae2137aaf, EFLAGS=0x0000000000010a83, CSGSFS=0xbec2000000000033, ERR=0x0000000000000004
  TRAPNO=0x000000000000000e

Top of Stack: (sp=0x00007f9ac0f47900)
0x00007f9ac0f47900:   ffc00000ffc00000 42c80000ffc00000
0x00007f9ac0f47910:   00007f9abe8f77f0 00007f9abe8f77f0
0x00007f9ac0f47920:   00007f9abe3f5748 00007f9ae21380fd
0x00007f9ac0f47930:   0000000000000012 0000000000000078
0x00007f9ac0f47940:   00007f9b04fdd288 00007f9abf687068
0x00007f9ac0f47950:   00007f9b04fdc858 00007f9ae1e11a7a
0x00007f9ac0f47960:   0006000600060006 0006000600060006
0x00007f9ac0f47970:   0000000000000000 01007f9ae1dbc707
0x00007f9ac0f47980:   00007f9abf687068 00007f9b04fdc858
0x00007f9ac0f47990:   0000000000000070 00000000000000a0
0x00007f9ac0f479a0:   00007f9abf661828 00007f9abf3c8b80
0x00007f9ac0f479b0:   0000000000000070 00007f9abf67da80
0x00007f9ac0f479c0:   0000001c00000078 00007f9abea4c4b0
0x00007f9ac0f479d0:   0000000100000000 00007f9abf687090
0x00007f9ac0f479e0:   00007f9abf6a32c0 00007f9b04fdd170
0x00007f9ac0f479f0:   00007f9b04fdd2c0 0000000000025840
0x00007f9ac0f47a00:   000000000001c230 ffffffffff3eac60
0x00007f9ac0f47a10:   0000000000000140 0000007600000077
0x00007f9ac0f47a20:   fffffffffffffec0 00007f9abe3f57f8
0x00007f9ac0f47a30:   000000000000001a 00007f9abe3f6a88
0x00007f9ac0f47a40:   0000000000000084 0000000000000064
0x00007f9ac0f47a50:   0000000000000042 00007f9ac0f485b0
0x00007f9ac0f47a60:   0000000000000000 0000000000000000
0x00007f9ac0f47a70:   0000000000000000 0000000000000000
0x00007f9ac0f47a80:   00007f9abe3f57f8 00007f9b21e5596d
0x00007f9ac0f47a90:   011b01070182017b 00007f9ae21635de
0x00007f9ac0f47aa0:   0000007600000077 00007f9ae216360a
0x00007f9ac0f47ab0:   0000000052e8e610 00000000349d487a
0x00007f9ac0f47ac0:   0000000000000001 00007f9ae21636c6
0x00007f9ac0f47ad0:   0000000052e8e56c 00000000319c3988
0x00007f9ac0f47ae0:   0000000000000001 0000000000000000
0x00007f9ac0f47af0:   0000000000000000 00007f9ae1e15446 

Instructions: (pc=0x00007f9ae2137aaf)
0x00007f9ae2137a8f:   2a c2 8b 93 84 00 00 00 48 63 fa f3 0f 11 83 30
0x00007f9ae2137a9f:   14 00 00 f3 0f 2a 43 74 f3 0f 5c c8 f3 0f 2a c1
0x00007f9ae2137aaf:   f3 0f 10 14 be f3 0f 59 ca f3 0f 11 8b 38 14 00
0x00007f9ae2137abf:   00 f3 0f 5c c3 f3 0f 59 c2 f3 0f 11 83 34 14 00 

Register to memory mapping:

RAX=0x0000000000000002 is an unknown value
RBX=0x00007f9abe8f77f0 is an unknown value
RCX=0x0000000080000001 is an unknown value
RDX=0x0000000080000000 is an unknown value
RSP=0x00007f9ac0f47900 is an unknown value
RBP=0x0000000000000002 is an unknown value
RSI=0x00007f9abea08430 is an unknown value
RDI=0xffffffff80000000 is an unknown value
R8 =0x0000000000000001 is an unknown value
R9 =0x0000000080000000 is an unknown value
R10=0x0000000000000000 is an unknown value
R11=0x0000000000000000 is an unknown value
R12=0x00007f9abe3f5748 is an unknown value
R13=0x0000000000000000 is an unknown value
R14=0x00007f9ac0f48050 is an unknown value
R15=0x0000000000000001 is an unknown value


Stack: [0x00007f9ac074a000,0x00007f9ac0f4b000],  sp=0x00007f9ac0f47900,  free space=8182k
Native frames: (J=compiled Java code, j=interpreted, Vv=VM code, C=native code)
C  [libNiTE2.so+0x3e5aaf]  NHAHandTrackerBase::StepToConvergence(NADepthMapContainer const&)+0x13f


---------------  P R O C E S S  ---------------

VM state:not at safepoint (normal execution)

VM Mutex/Monitor currently owned by a thread: None

Heap
 PSYoungGen      total 28160K, used 1514K [0x00000000f2200000, 0x00000000f6820000, 0x0000000100000000)
  eden space 28096K, 5% used [0x00000000f2200000,0x00000000f236a8b0,0x00000000f3d70000)
  from space 64K, 100% used [0x00000000f3d70000,0x00000000f3d80000,0x00000000f3d80000)
  to   space 21824K, 0% used [0x00000000f52d0000,0x00000000f52d0000,0x00000000f6820000)
 ParOldGen       total 184768K, used 116012K [0x00000000d6600000, 0x00000000e1a70000, 0x00000000f2200000)
  object space 184768K, 62% used [0x00000000d6600000,0x00000000dd74b238,0x00000000e1a70000)
 PSPermGen       total 27904K, used 13981K [0x00000000cc000000, 0x00000000cdb40000, 0x00000000d6600000)
  object space 27904K, 50% used [0x00000000cc000000,0x00000000ccda7408,0x00000000cdb40000)

Card table byte_map: [0x00007f9b17fdb000,0x00007f9b1817c000] byte_map_base: 0x00007f9b1797b000

Polling page: 0x00007f9b2253b000

Code Cache  [0x00007f9b1817c000, 0x00007f9b183ec000, 0x00007f9b1b17c000)
 total_blobs=721 nmethods=221 adapters=452 free_code_cache=48184Kb largest_free_block=49299648

Compilation events (10 events):
Event: 132,514 Thread 0x00007f9b1c10a000  210             sun.awt.SunToolkit::awtLock (7 bytes)
Event: 132,514 Thread 0x00007f9b1c10a000 nmethod 210 0x00007f9b1826e390 code [0x00007f9b1826e4e0, 0x00007f9b1826e568]
Event: 132,519 Thread 0x00007f9b1c10a000  211             sun.awt.SunToolkit::awtUnlock (7 bytes)
Event: 132,522 Thread 0x00007f9b1c10a000 nmethod 211 0x00007f9b182761d0 code [0x00007f9b18276320, 0x00007f9b182764a8]
Event: 143,869 Thread 0x00007f9b1c10a000  213             processing.core.PApplet::dist (17 bytes)
Event: 143,870 Thread 0x00007f9b1c10a000 nmethod 213 0x00007f9b18249e10 code [0x00007f9b18249f40, 0x00007f9b18249f98]
Event: 143,870 Thread 0x00007f9b1c10a000  214             processing.core.PApplet::sqrt (7 bytes)
Event: 143,870 Thread 0x00007f9b1c10a000 nmethod 214 0x00007f9b1822aa90 code [0x00007f9b1822abc0, 0x00007f9b1822abf8]
Event: 160,352 Thread 0x00007f9b1c10a000  215             sun.awt.X11.XToolkit::getDisplay (4 bytes)
Event: 160,352 Thread 0x00007f9b1c10a000 nmethod 215 0x00007f9b1826e0d0 code [0x00007f9b1826e200, 0x00007f9b1826e258]

GC Heap History (10 events):
Event: 135,924 GC heap before
{Heap before GC invocations=39 (full 4):
 PSYoungGen      total 55744K, used 28032K [0x00000000f2200000, 0x00000000f76d0000, 0x0000000100000000)
  eden space 27968K, 100% used [0x00000000f2200000,0x00000000f3d50000,0x00000000f3d50000)
  from space 27776K, 0% used [0x00000000f5bb0000,0x00000000f5bc0000,0x00000000f76d0000)
  to   space 29440K, 0% used [0x00000000f3d50000,0x00000000f3d50000,0x00000000f5a10000)
 ParOldGen       total 184768K, used 116002K [0x00000000d6600000, 0x00000000e1a70000, 0x00000000f2200000)
  object space 184768K, 62% used [0x00000000d6600000,0x00000000dd748bf0,0x00000000e1a70000)
 PSPermGen       total 27904K, used 13962K [0x00000000cc000000, 0x00000000cdb40000, 0x00000000d6600000)
  object space 27904K, 50% used [0x00000000cc000000,0x00000000ccda2a70,0x00000000cdb40000)
Event: 135,928 GC heap after
Heap after GC invocations=39 (full 4):
 PSYoungGen      total 28032K, used 64K [0x00000000f2200000, 0x00000000f73c0000, 0x0000000100000000)
  eden space 27968K, 0% used [0x00000000f2200000,0x00000000f2200000,0x00000000f3d50000)
  from space 64K, 100% used [0x00000000f3d50000,0x00000000f3d60000,0x00000000f3d60000)
  to   space 27840K, 0% used [0x00000000f5890000,0x00000000f5890000,0x00000000f73c0000)
 ParOldGen       total 184768K, used 116002K [0x00000000d6600000, 0x00000000e1a70000, 0x00000000f2200000)
  object space 184768K, 62% used [0x00000000d6600000,0x00000000dd748bf0,0x00000000e1a70000)
 PSPermGen       total 27904K, used 13962K [0x00000000cc000000, 0x00000000cdb40000, 0x00000000d6600000)
  object space 27904K, 50% used [0x00000000cc000000,0x00000000ccda2a70,0x00000000cdb40000)
}
Event: 141,848 GC heap before
{Heap before GC invocations=40 (full 4):
 PSYoungGen      total 28032K, used 28032K [0x00000000f2200000, 0x00000000f73c0000, 0x0000000100000000)
  eden space 27968K, 100% used [0x00000000f2200000,0x00000000f3d50000,0x00000000f3d50000)
  from space 64K, 100% used [0x00000000f3d50000,0x00000000f3d60000,0x00000000f3d60000)
  to   space 27840K, 0% used [0x00000000f5890000,0x00000000f5890000,0x00000000f73c0000)
 ParOldGen       total 184768K, used 116007K [0x00000000d6600000, 0x00000000e1a70000, 0x00000000f2200000)
  object space 184768K, 62% used [0x00000000d6600000,0x00000000dd749da0,0x00000000e1a70000)
 PSPermGen       total 27904K, used 13963K [0x00000000cc000000, 0x00000000cdb40000, 0x00000000d6600000)
  object space 27904K, 50% used [0x00000000cc000000,0x00000000ccda2cd8,0x00000000cdb40000)
Event: 141,853 GC heap after
Heap after GC invocations=40 (full 4):
 PSYoungGen      total 52800K, used 64K [0x00000000f2200000, 0x00000000f70c0000, 0x0000000100000000)
  eden space 28032K, 0% used [0x00000000f2200000,0x00000000f2200000,0x00000000f3d60000)
  from space 24768K, 0% used [0x00000000f5890000,0x00000000f58a0000,0x00000000f70c0000)
  to   space 26304K, 0% used [0x00000000f3d60000,0x00000000f3d60000,0x00000000f5710000)
 ParOldGen       total 184768K, used 116007K [0x00000000d6600000, 0x00000000e1a70000, 0x00000000f2200000)
  object space 184768K, 62% used [0x00000000d6600000,0x00000000dd749da0,0x00000000e1a70000)
 PSPermGen       total 27904K, used 13963K [0x00000000cc000000, 0x00000000cdb40000, 0x00000000d6600000)
  object space 27904K, 50% used [0x00000000cc000000,0x00000000ccda2cd8,0x00000000cdb40000)
}
Event: 146,508 GC heap before
{Heap before GC invocations=41 (full 4):
 PSYoungGen      total 52800K, used 28096K [0x00000000f2200000, 0x00000000f70c0000, 0x0000000100000000)
  eden space 28032K, 100% used [0x00000000f2200000,0x00000000f3d60000,0x00000000f3d60000)
  from space 24768K, 0% used [0x00000000f5890000,0x00000000f58a0000,0x00000000f70c0000)
  to   space 26304K, 0% used [0x00000000f3d60000,0x00000000f3d60000,0x00000000f5710000)
 ParOldGen       total 184768K, used 116008K [0x00000000d6600000, 0x00000000e1a70000, 0x00000000f2200000)
  object space 184768K, 62% used [0x00000000d6600000,0x00000000dd74a020,0x00000000e1a70000)
 PSPermGen       total 27904K, used 13964K [0x00000000cc000000, 0x00000000cdb40000, 0x00000000d6600000)
  object space 27904K, 50% used [0x00000000cc000000,0x00000000ccda30a0,0x00000000cdb40000)
Event: 146,513 GC heap after
Heap after GC invocations=41 (full 4):
 PSYoungGen      total 28096K, used 64K [0x00000000f2200000, 0x00000000f6dd0000, 0x0000000100000000)
  eden space 28032K, 0% used [0x00000000f2200000,0x00000000f2200000,0x00000000f3d60000)
  from space 64K, 100% used [0x00000000f3d60000,0x00000000f3d70000,0x00000000f3d70000)
  to   space 24768K, 0% used [0x00000000f55a0000,0x00000000f55a0000,0x00000000f6dd0000)
 ParOldGen       total 184768K, used 116008K [0x00000000d6600000, 0x00000000e1a70000, 0x00000000f2200000)
  object space 184768K, 62% used [0x00000000d6600000,0x00000000dd74a020,0x00000000e1a70000)
 PSPermGen       total 27904K, used 13964K [0x00000000cc000000, 0x00000000cdb40000, 0x00000000d6600000)
  object space 27904K, 50% used [0x00000000cc000000,0x00000000ccda30a0,0x00000000cdb40000)
}
Event: 157,043 GC heap before
{Heap before GC invocations=42 (full 4):
 PSYoungGen      total 28096K, used 28096K [0x00000000f2200000, 0x00000000f6dd0000, 0x0000000100000000)
  eden space 28032K, 100% used [0x00000000f2200000,0x00000000f3d60000,0x00000000f3d60000)
  from space 64K, 100% used [0x00000000f3d60000,0x00000000f3d70000,0x00000000f3d70000)
  to   space 24768K, 0% used [0x00000000f55a0000,0x00000000f55a0000,0x00000000f6dd0000)
 ParOldGen       total 184768K, used 116012K [0x00000000d6600000, 0x00000000e1a70000, 0x00000000f2200000)
  object space 184768K, 62% used [0x00000000d6600000,0x00000000dd74b1d0,0x00000000e1a70000)
 PSPermGen       total 27904K, used 13979K [0x00000000cc000000, 0x00000000cdb40000, 0x00000000d6600000)
  object space 27904K, 50% used [0x00000000cc000000,0x00000000ccda6f80,0x00000000cdb40000)
Event: 157,047 GC heap after
Heap after GC invocations=42 (full 4):
 PSYoungGen      total 49792K, used 96K [0x00000000f2200000, 0x00000000f6ad0000, 0x0000000100000000)
  eden space 28096K, 0% used [0x00000000f2200000,0x00000000f2200000,0x00000000f3d70000)
  from space 21696K, 0% used [0x00000000f55a0000,0x00000000f55b8000,0x00000000f6ad0000)
  to   space 23232K, 0% used [0x00000000f3d70000,0x00000000f3d70000,0x00000000f5420000)
 ParOldGen       total 184768K, used 116012K [0x00000000d6600000, 0x00000000e1a70000, 0x00000000f2200000)
  object space 184768K, 62% used [0x00000000d6600000,0x00000000dd74b1d0,0x00000000e1a70000)
 PSPermGen       total 27904K, used 13979K [0x00000000cc000000, 0x00000000cdb40000, 0x00000000d6600000)
  object space 27904K, 50% used [0x00000000cc000000,0x00000000ccda6f80,0x00000000cdb40000)
}
Event: 164,841 GC heap before
{Heap before GC invocations=43 (full 4):
 PSYoungGen      total 49792K, used 28192K [0x00000000f2200000, 0x00000000f6ad0000, 0x0000000100000000)
  eden space 28096K, 100% used [0x00000000f2200000,0x00000000f3d70000,0x00000000f3d70000)
  from space 21696K, 0% used [0x00000000f55a0000,0x00000000f55b8000,0x00000000f6ad0000)
  to   space 23232K, 0% used [0x00000000f3d70000,0x00000000f3d70000,0x00000000f5420000)
 ParOldGen       total 184768K, used 116012K [0x00000000d6600000, 0x00000000e1a70000, 0x00000000f2200000)
  object space 184768K, 62% used [0x00000000d6600000,0x00000000dd74b238,0x00000000e1a70000)
 PSPermGen       total 27904K, used 13981K [0x00000000cc000000, 0x00000000cdb40000, 0x00000000d6600000)
  object space 27904K, 50% used [0x00000000cc000000,0x00000000ccda7408,0x00000000cdb40000)
Event: 164,844 GC heap after
Heap after GC invocations=43 (full 4):
 PSYoungGen      total 28160K, used 64K [0x00000000f2200000, 0x00000000f6820000, 0x0000000100000000)
  eden space 28096K, 0% used [0x00000000f2200000,0x00000000f2200000,0x00000000f3d70000)
  from space 64K, 100% used [0x00000000f3d70000,0x00000000f3d80000,0x00000000f3d80000)
  to   space 21824K, 0% used [0x00000000f52d0000,0x00000000f52d0000,0x00000000f6820000)
 ParOldGen       total 184768K, used 116012K [0x00000000d6600000, 0x00000000e1a70000, 0x00000000f2200000)
  object space 184768K, 62% used [0x00000000d6600000,0x00000000dd74b238,0x00000000e1a70000)
 PSPermGen       total 27904K, used 13981K [0x00000000cc000000, 0x00000000cdb40000, 0x00000000d6600000)
  object space 27904K, 50% used [0x00000000cc000000,0x00000000ccda7408,0x00000000cdb40000)
}

Deoptimization events (10 events):
Event: 5,152 Thread 0x00007f9b1c4b4800 Uncommon trap -34 fr.pc 0x00007f9b18229a74
Event: 5,153 Thread 0x00007f9b1c4b4800 Uncommon trap -34 fr.pc 0x00007f9b18229a74
Event: 5,184 Thread 0x00007f9b1c009800 Uncommon trap -34 fr.pc 0x00007f9b18229a74
Event: 5,317 Thread 0x00007f9ab42f3800 Uncommon trap -34 fr.pc 0x00007f9b18229a74
Event: 9,741 Thread 0x00007f9b1c4b4800 Uncommon trap -83 fr.pc 0x00007f9b1825a4f0
Event: 9,741 Thread 0x00007f9b1c4b4800 Uncommon trap -83 fr.pc 0x00007f9b1824deb4
Event: 16,303 Thread 0x00007f9b1c4b4800 Uncommon trap -34 fr.pc 0x00007f9b18255058
Event: 16,376 Thread 0x00007f9b1c4b4800 Uncommon trap -34 fr.pc 0x00007f9b18255058
Event: 16,470 Thread 0x00007f9b1c4b4800 Uncommon trap -34 fr.pc 0x00007f9b18255058
Event: 16,552 Thread 0x00007f9b1c4b4800 Uncommon trap -34 fr.pc 0x00007f9b18255058

Internal exceptions (10 events):
Event: 164,234 Thread 0x00007f9b0510d000 Threw 0x00000000f3b136a8 at /build/buildd/openjdk-7-7u25-2.3.12/build/openjdk/hotspot/src/share/vm/interpreter/linkResolver.cpp:805
Event: 164,279 Thread 0x00007f9b05012800 Threw 0x00000000f3b42448 at /build/buildd/openjdk-7-7u25-2.3.12/build/openjdk/hotspot/src/share/vm/interpreter/linkResolver.cpp:805
Event: 164,308 Thread 0x00007f9b04202800 Threw 0x00000000f3b711e8 at /build/buildd/openjdk-7-7u25-2.3.12/build/openjdk/hotspot/src/share/vm/interpreter/linkResolver.cpp:805
Event: 164,435 Thread 0x00007f9b05012800 Threw 0x00000000f3bf10c0 at /build/buildd/openjdk-7-7u25-2.3.12/build/openjdk/hotspot/src/share/vm/interpreter/linkResolver.cpp:805
Event: 164,583 Thread 0x00007f9b04202800 Threw 0x00000000f3c70f98 at /build/buildd/openjdk-7-7u25-2.3.12/build/openjdk/hotspot/src/share/vm/interpreter/linkResolver.cpp:805
Event: 164,632 Thread 0x00007f9b0510d000 Threw 0x00000000f3c9fd38 at /build/buildd/openjdk-7-7u25-2.3.12/build/openjdk/hotspot/src/share/vm/interpreter/linkResolver.cpp:805
Event: 164,844 Thread 0x00007f9b04202800 Threw 0x00000000f22000f8 at /build/buildd/openjdk-7-7u25-2.3.12/build/openjdk/hotspot/src/share/vm/interpreter/linkResolver.cpp:805
Event: 164,975 Thread 0x00007f9b0510d000 Threw 0x00000000f2286d18 at /build/buildd/openjdk-7-7u25-2.3.12/build/openjdk/hotspot/src/share/vm/interpreter/linkResolver.cpp:805
Event: 165,058 Thread 0x00007f9b05012800 Threw 0x00000000f230ced0 at /build/buildd/openjdk-7-7u25-2.3.12/build/openjdk/hotspot/src/share/vm/interpreter/linkResolver.cpp:805
Event: 165,161 Thread 0x00007f9b0510d000 Threw 0x00000000f233bc70 at /build/buildd/openjdk-7-7u25-2.3.12/build/openjdk/hotspot/src/share/vm/interpreter/linkResolver.cpp:805

Events (10 events):
Event: 164,841 Executing VM operation: ParallelGCFailedAllocation done
Event: 164,841 Executing VM operation: ParallelGCSystemGC
Event: 164,844 Executing VM operation: ParallelGCSystemGC done
Event: 164,844 Thread 0x00007f9b04202800 Thread exited: 0x00007f9b04202800
Event: 164,975 Thread 0x00007f9b0510d000 Thread added: 0x00007f9b0510d000
Event: 164,975 Thread 0x00007f9b0510d000 Thread exited: 0x00007f9b0510d000
Event: 165,058 Thread 0x00007f9b05012800 Thread added: 0x00007f9b05012800
Event: 165,058 Thread 0x00007f9b05012800 Thread exited: 0x00007f9b05012800
Event: 165,161 Thread 0x00007f9b0510d000 Thread added: 0x00007f9b0510d000
Event: 165,161 Thread 0x00007f9b0510d000 Thread exited: 0x00007f9b0510d000


Dynamic libraries:
00400000-00401000 r-xp 00000000 08:01 136675                             /usr/lib/jvm/java-7-openjdk-amd64/jre/bin/java
00600000-00601000 r--p 00000000 08:01 136675                             /usr/lib/jvm/java-7-openjdk-amd64/jre/bin/java
00601000-00602000 rw-p 00001000 08:01 136675                             /usr/lib/jvm/java-7-openjdk-amd64/jre/bin/java
00ae7000-00c87000 rw-p 00000000 00:00 0                                  [heap]
cc000000-cdb40000 rw-p 00000000 00:00 0 
cdb40000-cdce0000 ---p 00000000 00:00 0 
cdce0000-d6600000 rw-p 00000000 00:00 0 
d6600000-e1a70000 rw-p 00000000 00:00 0 
e1a70000-f2200000 rw-p 00000000 00:00 0 
f2200000-f6820000 rw-p 00000000 00:00 0 
f6820000-f8e30000 ---p 00000000 00:00 0 
f8e30000-100000000 rw-p 00000000 00:00 0 
7f9ab4000000-7f9ab42ff000 rw-p 00000000 00:00 0 
7f9ab42ff000-7f9ab8000000 ---p 00000000 00:00 0 
7f9abc000000-7f9abfffd000 rw-p 00000000 00:00 0 
7f9abfffd000-7f9ac0000000 ---p 00000000 00:00 0 
7f9ac0174000-7f9ac02a1000 rw-p 00000000 00:00 0 
7f9ac02a1000-7f9ac02ed000 r-xp 00000000 08:01 136637                     /usr/lib/jvm/java-7-openjdk-amd64/jre/lib/amd64/libfontmanager.so
7f9ac02ed000-7f9ac04ec000 ---p 0004c000 08:01 136637                     /usr/lib/jvm/java-7-openjdk-amd64/jre/lib/amd64/libfontmanager.so
7f9ac04ec000-7f9ac04ef000 r--p 0004b000 08:01 136637                     /usr/lib/jvm/java-7-openjdk-amd64/jre/lib/amd64/libfontmanager.so
7f9ac04ef000-7f9ac04f0000 rw-p 0004e000 08:01 136637                     /usr/lib/jvm/java-7-openjdk-amd64/jre/lib/amd64/libfontmanager.so
7f9ac074a000-7f9ac074d000 ---p 00000000 00:00 0 
7f9ac074d000-7f9ac0f4b000 rw-p 00000000 00:00 0                          [stack:12044]
7f9ac0f4b000-7f9ac143d000 rw-s 00000000 00:04 791478285                  /SYSV00000000 (deleted)
7f9ac143d000-7f9ac1440000 ---p 00000000 00:00 0 
7f9ac1440000-7f9ac153e000 rw-p 00000000 00:00 0                          [stack:12043]
7f9ac153e000-7f9ac1541000 ---p 00000000 00:00 0 
7f9ac1541000-7f9ac1c20000 rw-p 00000000 00:00 0 
7f9ac1c20000-7f9ac1c21000 ---p 00000000 00:00 0 
7f9ac1c21000-7f9aca259000 rw-p 00000000 00:00 0                          [stack:12041]
7f9aca259000-7f9aca25a000 ---p 00000000 00:00 0 
7f9aca25a000-7f9acaffe000 rw-p 00000000 00:00 0                          [stack:12040]
7f9acaffe000-7f9acafff000 ---p 00000000 00:00 0 
7f9acafff000-7f9acb7ff000 rw-p 00000000 00:00 0                          [stack:12039]
7f9acb7ff000-7f9acb800000 ---p 00000000 00:00 0 
7f9acb800000-7f9acc000000 rw-p 00000000 00:00 0                          [stack:12038]
7f9acc000000-7f9ad0000000 rw-p 00000000 00:00 0 
7f9ad0070000-7f9ad064f000 rw-p 00000000 00:00 0 
7f9ad064f000-7f9ad0650000 ---p 00000000 00:00 0 
7f9ad0650000-7f9ad1652000 rw-p 00000000 00:00 0 
7f9ad1652000-7f9ad1653000 ---p 00000000 00:00 0 
7f9ad1653000-7f9ad1e53000 rw-p 00000000 00:00 0                          [stack:12036]
7f9ad1e53000-7f9ad1e54000 ---p 00000000 00:00 0 
7f9ad1e54000-7f9ad2654000 rw-p 00000000 00:00 0                          [stack:12035]
7f9ad2654000-7f9ad2655000 ---p 00000000 00:00 0 
7f9ad2655000-7f9ad2e55000 rw-p 00000000 00:00 0                          [stack:12034]
7f9ad2e55000-7f9ad2ead000 r-xp 00000000 08:01 790477                     /SimpleOpenNI/library/linux64/OpenNI2/Drivers/libPSLink.so
7f9ad2ead000-7f9ad30ad000 ---p 00058000 08:01 790477                     /SimpleOpenNI/library/linux64/OpenNI2/Drivers/libPSLink.so
7f9ad30ad000-7f9ad30b2000 r--p 00058000 08:01 790477                     /SimpleOpenNI/library/linux64/OpenNI2/Drivers/libPSLink.so
7f9ad30b2000-7f9ad30b3000 rw-p 0005d000 08:01 790477                     /SimpleOpenNI/library/linux64/OpenNI2/Drivers/libPSLink.so
7f9ad30b3000-7f9ad30b4000 rw-p 00000000 00:00 0 
7f9ad30b4000-7f9ad30b5000 ---p 00000000 00:00 0 
7f9ad30b5000-7f9ad38b5000 rw-p 00000000 00:00 0                          [stack:12033]
7f9ad38b5000-7f9ad395f000 r-xp 00000000 08:01 790476                     /SimpleOpenNI/library/linux64/OpenNI2/Drivers/libPS1080.so
7f9ad395f000-7f9ad3b5e000 ---p 000aa000 08:01 790476                     /SimpleOpenNI/library/linux64/OpenNI2/Drivers/libPS1080.so
7f9ad3b5e000-7f9ad3b63000 r--p 000a9000 08:01 790476                     /SimpleOpenNI/library/linux64/OpenNI2/Drivers/libPS1080.so
7f9ad3b63000-7f9ad3b67000 rw-p 000ae000 08:01 790476                     /SimpleOpenNI/library/linux64/OpenNI2/Drivers/libPS1080.so
7f9ad3b67000-7f9ad3b88000 rw-p 00000000 00:00 0 
7f9ad3b88000-7f9ad3bd2000 r-xp 00000000 08:01 790479                     /SimpleOpenNI/library/linux64/OpenNI2/Drivers/libOniFile.so
7f9ad3bd2000-7f9ad3dd1000 ---p 0004a000 08:01 790479                     /SimpleOpenNI/library/linux64/OpenNI2/Drivers/libOniFile.so
7f9ad3dd1000-7f9ad3dd3000 r--p 00049000 08:01 790479                     /SimpleOpenNI/library/linux64/OpenNI2/Drivers/libOniFile.so
7f9ad3dd3000-7f9ad3dd4000 rw-p 0004b000 08:01 790479                     /SimpleOpenNI/library/linux64/OpenNI2/Drivers/libOniFile.so
7f9ad3dd4000-7f9ad3df4000 rw-p 00000000 00:00 0 
7f9ad3df4000-7f9ad3dff000 r-xp 00000000 08:01 790478                     /SimpleOpenNI/library/linux64/OpenNI2/Drivers/libfreenect.so
7f9ad3dff000-7f9ad3ffe000 ---p 0000b000 08:01 790478                     /SimpleOpenNI/library/linux64/OpenNI2/Drivers/libfreenect.so
7f9ad3ffe000-7f9ad3fff000 r--p 0000a000 08:01 790478                     /SimpleOpenNI/library/linux64/OpenNI2/Drivers/libfreenect.so
7f9ad3fff000-7f9ad4000000 rw-p 0000b000 08:01 790478                     /SimpleOpenNI/library/linux64/OpenNI2/Drivers/libfreenect.so
7f9ad4000000-7f9ad402b000 rw-p 00000000 00:00 0 
7f9ad402b000-7f9ad8000000 ---p 00000000 00:00 0 
7f9ad8000000-7f9ad80f3000 rw-p 00000000 00:00 0 
7f9ad80f3000-7f9adc000000 ---p 00000000 00:00 0 
7f9adc000000-7f9adc021000 rw-p 00000000 00:00 0 
7f9adc021000-7f9ae0000000 ---p 00000000 00:00 0 
7f9ae004d000-7f9ae00e4000 rw-p 00000000 00:00 0 
7f9ae00e4000-7f9ae00e5000 ---p 00000000 00:00 0 
7f9ae00e5000-7f9ae08e5000 rw-p 00000000 00:00 0 
7f9ae08e5000-7f9ae08e6000 ---p 00000000 00:00 0 
7f9ae08e6000-7f9ae10e6000 rw-p 00000000 00:00 0                          [stack:12031]
7f9ae10e6000-7f9ae10f6000 r-xp 00000000 08:01 263158                     /lib/x86_64-linux-gnu/libudev.so.1.3.5
7f9ae10f6000-7f9ae12f5000 ---p 00010000 08:01 263158                     /lib/x86_64-linux-gnu/libudev.so.1.3.5
7f9ae12f5000-7f9ae12f6000 r--p 0000f000 08:01 263158                     /lib/x86_64-linux-gnu/libudev.so.1.3.5
7f9ae12f6000-7f9ae12f7000 rw-p 00010000 08:01 263158                     /lib/x86_64-linux-gnu/libudev.so.1.3.5
7f9ae12f7000-7f9ae130c000 r-xp 00000000 08:01 263209                     /lib/x86_64-linux-gnu/libusb-1.0.so.0.1.0
7f9ae130c000-7f9ae150b000 ---p 00015000 08:01 263209                     /lib/x86_64-linux-gnu/libusb-1.0.so.0.1.0
7f9ae150b000-7f9ae150c000 r--p 00014000 08:01 263209                     /lib/x86_64-linux-gnu/libusb-1.0.so.0.1.0
7f9ae150c000-7f9ae150d000 rw-p 00015000 08:01 263209                     /lib/x86_64-linux-gnu/libusb-1.0.so.0.1.0
7f9ae150d000-7f9ae1518000 r-xp 00000000 08:01 790482                     /SimpleOpenNI/library/linux64/OpenNI2/Drivers/libfreenect.so.0.1
7f9ae1518000-7f9ae1717000 ---p 0000b000 08:01 790482                     /SimpleOpenNI/library/linux64/OpenNI2/Drivers/libfreenect.so.0.1
7f9ae1717000-7f9ae1718000 r--p 0000a000 08:01 790482                     /SimpleOpenNI/library/linux64/OpenNI2/Drivers/libfreenect.so.0.1
7f9ae1718000-7f9ae1719000 rw-p 0000b000 08:01 790482                     /SimpleOpenNI/library/linux64/OpenNI2/Drivers/libfreenect.so.0.1
7f9ae1719000-7f9ae1730000 r-xp 00000000 08:01 790480                     /SimpleOpenNI/library/linux64/OpenNI2/Drivers/libFreenectDriver.so
7f9ae1730000-7f9ae1930000 ---p 00017000 08:01 790480                     /SimpleOpenNI/library/linux64/OpenNI2/Drivers/libFreenectDriver.so
7f9ae1930000-7f9ae1931000 r--p 00017000 08:01 790480                     /SimpleOpenNI/library/linux64/OpenNI2/Drivers/libFreenectDriver.so
7f9ae1931000-7f9ae1932000 rw-p 00018000 08:01 790480                     /SimpleOpenNI/library/linux64/OpenNI2/Drivers/libFreenectDriver.so
7f9ae1932000-7f9ae1936000 rw-p 0001f000 08:01 790480                     /SimpleOpenNI/library/linux64/OpenNI2/Drivers/libFreenectDriver.so
7f9ae1936000-7f9ae194c000 r-xp 00000000 08:01 790481                     /SimpleOpenNI/library/linux64/OpenNI2/Drivers/libDummyDevice.so
7f9ae194c000-7f9ae1b4c000 ---p 00016000 08:01 790481                     /SimpleOpenNI/library/linux64/OpenNI2/Drivers/libDummyDevice.so
7f9ae1b4c000-7f9ae1b4d000 r--p 00016000 08:01 790481                     /SimpleOpenNI/library/linux64/OpenNI2/Drivers/libDummyDevice.so
7f9ae1b4d000-7f9ae1b4e000 rw-p 00017000 08:01 790481                     /SimpleOpenNI/library/linux64/OpenNI2/Drivers/libDummyDevice.so
7f9ae1b4e000-7f9ae1b51000 r-xp 00000000 08:01 7119                       /usr/lib/libboost_system.so.1.54.0
7f9ae1b51000-7f9ae1d50000 ---p 00003000 08:01 7119                       /usr/lib/libboost_system.so.1.54.0
7f9ae1d50000-7f9ae1d51000 r--p 00002000 08:01 7119                       /usr/lib/libboost_system.so.1.54.0
7f9ae1d51000-7f9ae1d52000 rw-p 00003000 08:01 7119                       /usr/lib/libboost_system.so.1.54.0
7f9ae1d52000-7f9ae21f9000 r-xp 00000000 08:01 790486                     /SimpleOpenNI/library/linux64/libNiTE2.so
7f9ae21f9000-7f9ae23f8000 ---p 004a7000 08:01 790486                     /SimpleOpenNI/library/linux64/libNiTE2.so
7f9ae23f8000-7f9ae2404000 r--p 004a6000 08:01 790486                     /SimpleOpenNI/library/linux64/libNiTE2.so
7f9ae2404000-7f9ae2406000 rw-p 004b2000 08:01 790486                     /SimpleOpenNI/library/linux64/libNiTE2.so
7f9ae2406000-7f9ae240e000 rw-p 00000000 00:00 0 
7f9ae240e000-7f9ae2466000 r-xp 00000000 08:01 790484                     /SimpleOpenNI/library/linux64/libOpenNI2.so
7f9ae2466000-7f9ae2666000 ---p 00058000 08:01 790484                     /SimpleOpenNI/library/linux64/libOpenNI2.so
7f9ae2666000-7f9ae2668000 r--p 00058000 08:01 790484                     /SimpleOpenNI/library/linux64/libOpenNI2.so
7f9ae2668000-7f9ae2669000 rw-p 0005a000 08:01 790484                     /SimpleOpenNI/library/linux64/libOpenNI2.so
7f9ae2669000-7f9ae268a000 rw-p 00000000 00:00 0 
7f9ae268a000-7f9ae26a2000 r-xp 00000000 08:01 790485                     /SimpleOpenNI/library/linux64/libboost_thread.so.1.54.0
7f9ae26a2000-7f9ae28a1000 ---p 00018000 08:01 790485                     /SimpleOpenNI/library/linux64/libboost_thread.so.1.54.0
7f9ae28a1000-7f9ae28a3000 r--p 00017000 08:01 790485                     /SimpleOpenNI/library/linux64/libboost_thread.so.1.54.0
7f9ae28a3000-7f9ae28a4000 rw-p 00019000 08:01 790485                     /SimpleOpenNI/library/linux64/libboost_thread.so.1.54.0
7f9ae28a4000-7f9ae28ea000 r-xp 00000000 08:01 790488                     /SimpleOpenNI/library/libSimpleOpenNI64.so
7f9ae28ea000-7f9ae2ae9000 ---p 00046000 08:01 790488                     /SimpleOpenNI/library/libSimpleOpenNI64.so
7f9ae2ae9000-7f9ae2aeb000 r--p 00045000 08:01 790488                     /SimpleOpenNI/library/libSimpleOpenNI64.so
7f9ae2aeb000-7f9ae2aed000 rw-p 00047000 08:01 790488                     /SimpleOpenNI/library/libSimpleOpenNI64.so
7f9ae2aed000-7f9ae2b03000 r-xp 00000000 08:01 136623                     /usr/lib/jvm/java-7-openjdk-amd64/jre/lib/amd64/libnet.so
7f9ae2b03000-7f9ae2d02000 ---p 00016000 08:01 136623                     /usr/lib/jvm/java-7-openjdk-amd64/jre/lib/amd64/libnet.so
7f9ae2d02000-7f9ae2d03000 r--p 00015000 08:01 136623                     /usr/lib/jvm/java-7-openjdk-amd64/jre/lib/amd64/libnet.so
7f9ae2d03000-7f9ae2d04000 rw-p 00016000 08:01 136623                     /usr/lib/jvm/java-7-openjdk-amd64/jre/lib/amd64/libnet.so
7f9ae2d04000-7f9ae2d14000 r-xp 00000000 08:01 136615                     /usr/lib/jvm/java-7-openjdk-amd64/jre/lib/amd64/libnio.so
7f9ae2d14000-7f9ae2f13000 ---p 00010000 08:01 136615                     /usr/lib/jvm/java-7-openjdk-amd64/jre/lib/amd64/libnio.so
7f9ae2f13000-7f9ae2f14000 r--p 0000f000 08:01 136615                     /usr/lib/jvm/java-7-openjdk-amd64/jre/lib/amd64/libnio.so
7f9ae2f14000-7f9ae2f15000 rw-p 00010000 08:01 136615                     /usr/lib/jvm/java-7-openjdk-amd64/jre/lib/amd64/libnio.so
7f9ae2f15000-7f9ae2f18000 ---p 00000000 00:00 0 
7f9ae2f18000-7f9ae3016000 rw-p 00000000 00:00 0                          [stack:12030]
7f9ae3016000-7f9ae3019000 ---p 00000000 00:00 0 
7f9ae3019000-7f9ae3117000 rw-p 00000000 00:00 0                          [stack:12029]
7f9ae3117000-7f9ae311a000 ---p 00000000 00:00 0 
7f9ae311a000-7f9ae3218000 rw-p 00000000 00:00 0                          [stack:12028]
7f9ae3218000-7f9ae321b000 ---p 00000000 00:00 0 
7f9ae321b000-7f9ae3319000 rw-p 00000000 00:00 0 
7f9ae3319000-7f9ae331c000 ---p 00000000 00:00 0 
7f9ae331c000-7f9ae341a000 rw-p 00000000 00:00 0                          [stack:12026]
7f9ae341a000-7f9ae341e000 r-xp 00000000 08:01 262223                     /lib/x86_64-linux-gnu/libgpg-error.so.0.10.0
7f9ae341e000-7f9ae361d000 ---p 00004000 08:01 262223                     /lib/x86_64-linux-gnu/libgpg-error.so.0.10.0
7f9ae361d000-7f9ae361e000 r--p 00003000 08:01 262223                     /lib/x86_64-linux-gnu/libgpg-error.so.0.10.0
7f9ae361e000-7f9ae361f000 rw-p 00004000 08:01 262223                     /lib/x86_64-linux-gnu/libgpg-error.so.0.10.0
7f9ae361f000-7f9ae3621000 r-xp 00000000 08:01 262194                     /lib/x86_64-linux-gnu/libkeyutils.so.1.4
7f9ae3621000-7f9ae3821000 ---p 00002000 08:01 262194                     /lib/x86_64-linux-gnu/libkeyutils.so.1.4
7f9ae3821000-7f9ae3822000 r--p 00002000 08:01 262194                     /lib/x86_64-linux-gnu/libkeyutils.so.1.4
7f9ae3822000-7f9ae3823000 rw-p 00003000 08:01 262194                     /lib/x86_64-linux-gnu/libkeyutils.so.1.4
7f9ae3823000-7f9ae383b000 r-xp 00000000 08:01 574                        /usr/lib/x86_64-linux-gnu/libgraphite2.so.3.0.1
7f9ae383b000-7f9ae3a3a000 ---p 00018000 08:01 574                        /usr/lib/x86_64-linux-gnu/libgraphite2.so.3.0.1
7f9ae3a3a000-7f9ae3a3c000 r--p 00017000 08:01 574                        /usr/lib/x86_64-linux-gnu/libgraphite2.so.3.0.1
7f9ae3a3c000-7f9ae3a3d000 rw-p 00019000 08:01 574                        /usr/lib/x86_64-linux-gnu/libgraphite2.so.3.0.1
7f9ae3a3d000-7f9ae3a81000 r-xp 00000000 08:01 264136                     /lib/x86_64-linux-gnu/libdbus-1.so.3.7.4
7f9ae3a81000-7f9ae3c80000 ---p 00044000 08:01 264136                     /lib/x86_64-linux-gnu/libdbus-1.so.3.7.4
7f9ae3c80000-7f9ae3c81000 r--p 00043000 08:01 264136                     /lib/x86_64-linux-gnu/libdbus-1.so.3.7.4
7f9ae3c81000-7f9ae3c82000 rw-p 00044000 08:01 264136                     /lib/x86_64-linux-gnu/libdbus-1.so.3.7.4
7f9ae3c82000-7f9ae3ca0000 r-xp 00000000 08:01 5137                       /usr/lib/x86_64-linux-gnu/libp11-kit.so.0.0.0
7f9ae3ca0000-7f9ae3e9f000 ---p 0001e000 08:01 5137                       /usr/lib/x86_64-linux-gnu/libp11-kit.so.0.0.0
7f9ae3e9f000-7f9ae3ea1000 r--p 0001d000 08:01 5137                       /usr/lib/x86_64-linux-gnu/libp11-kit.so.0.0.0
7f9ae3ea1000-7f9ae3ea2000 rw-p 0001f000 08:01 5137                       /usr/lib/x86_64-linux-gnu/libp11-kit.so.0.0.0
7f9ae3ea2000-7f9ae3eb2000 r-xp 00000000 08:01 5140                       /usr/lib/x86_64-linux-gnu/libtasn1.so.3.2.0
7f9ae3eb2000-7f9ae40b1000 ---p 00010000 08:01 5140                       /usr/lib/x86_64-linux-gnu/libtasn1.so.3.2.0
7f9ae40b1000-7f9ae40b2000 r--p 0000f000 08:01 5140                       /usr/lib/x86_64-linux-gnu/libtasn1.so.3.2.0
7f9ae40b2000-7f9ae40b3000 rw-p 00010000 08:01 5140                       /usr/lib/x86_64-linux-gnu/libtasn1.so.3.2.0
7f9ae40b3000-7f9ae412d000 r-xp 00000000 08:01 263657                     /lib/x86_64-linux-gnu/libgcrypt.so.11.7.0
7f9ae412d000-7f9ae432d000 ---p 0007a000 08:01 263657                     /lib/x86_64-linux-gnu/libgcrypt.so.11.7.0
7f9ae432d000-7f9ae432e000 r--p 0007a000 08:01 263657                     /lib/x86_64-linux-gnu/libgcrypt.so.11.7.0
7f9ae432e000-7f9ae4331000 rw-p 0007b000 08:01 263657                     /lib/x86_64-linux-gnu/libgcrypt.so.11.7.0
7f9ae4331000-7f9ae4338000 r-xp 00000000 08:01 5151                       /usr/lib/x86_64-linux-gnu/libkrb5support.so.0.1
7f9ae4338000-7f9ae4537000 ---p 00007000 08:01 5151                       /usr/lib/x86_64-linux-gnu/libkrb5support.so.0.1
7f9ae4537000-7f9ae4538000 r--p 00006000 08:01 5151                       /usr/lib/x86_64-linux-gnu/libkrb5support.so.0.1
7f9ae4538000-7f9ae4539000 rw-p 00007000 08:01 5151                       /usr/lib/x86_64-linux-gnu/libkrb5support.so.0.1
7f9ae4539000-7f9ae453c000 r-xp 00000000 08:01 264316                     /lib/x86_64-linux-gnu/libcom_err.so.2.1
7f9ae453c000-7f9ae473b000 ---p 00003000 08:01 264316                     /lib/x86_64-linux-gnu/libcom_err.so.2.1
7f9ae473b000-7f9ae473c000 r--p 00002000 08:01 264316                     /lib/x86_64-linux-gnu/libcom_err.so.2.1
7f9ae473c000-7f9ae473d000 rw-p 00003000 08:01 264316                     /lib/x86_64-linux-gnu/libcom_err.so.2.1
7f9ae473d000-7f9ae4763000 r-xp 00000000 08:01 3543                       /usr/lib/x86_64-linux-gnu/libk5crypto.so.3.1
7f9ae4763000-7f9ae4962000 ---p 00026000 08:01 3543                       /usr/lib/x86_64-linux-gnu/libk5crypto.so.3.1
7f9ae4962000-7f9ae4963000 r--p 00025000 08:01 3543                       /usr/lib/x86_64-linux-gnu/libk5crypto.so.3.1
7f9ae4963000-7f9ae4964000 rw-p 00026000 08:01 3543                       /usr/lib/x86_64-linux-gnu/libk5crypto.so.3.1
7f9ae4964000-7f9ae4965000 rw-p 00000000 00:00 0 
7f9ae4965000-7f9ae4a2a000 r-xp 00000000 08:01 5148                       /usr/lib/x86_64-linux-gnu/libkrb5.so.3.3
7f9ae4a2a000-7f9ae4c29000 ---p 000c5000 08:01 5148                       /usr/lib/x86_64-linux-gnu/libkrb5.so.3.3
7f9ae4c29000-7f9ae4c33000 r--p 000c4000 08:01 5148                       /usr/lib/x86_64-linux-gnu/libkrb5.so.3.3
7f9ae4c33000-7f9ae4c34000 rw-p 000ce000 08:01 5148                       /usr/lib/x86_64-linux-gnu/libkrb5.so.3.3
7f9ae4c34000-7f9ae4c3a000 r-xp 00000000 08:01 8328                       /usr/lib/x86_64-linux-gnu/libdatrie.so.1.2.0
7f9ae4c3a000-7f9ae4e39000 ---p 00006000 08:01 8328                       /usr/lib/x86_64-linux-gnu/libdatrie.so.1.2.0
7f9ae4e39000-7f9ae4e3a000 r--p 00005000 08:01 8328                       /usr/lib/x86_64-linux-gnu/libdatrie.so.1.2.0
7f9ae4e3a000-7f9ae4e3b000 rw-p 00006000 08:01 8328                       /usr/lib/x86_64-linux-gnu/libdatrie.so.1.2.0
7f9ae4e3b000-7f9ae4e8b000 r-xp 00000000 08:01 2852                       /usr/lib/x86_64-linux-gnu/libharfbuzz.so.0.919.0
7f9ae4e8b000-7f9ae508b000 ---p 00050000 08:01 2852                       /usr/lib/x86_64-linux-gnu/libharfbuzz.so.0.919.0
7f9ae508b000-7f9ae508c000 r--p 00050000 08:01 2852                       /usr/lib/x86_64-linux-gnu/libharfbuzz.so.0.919.0
7f9ae508c000-7f9ae508d000 rw-p 00051000 08:01 2852                       /usr/lib/x86_64-linux-gnu/libharfbuzz.so.0.919.0
7f9ae508d000-7f9ae5095000 r-xp 00000000 08:01 2222                       /usr/lib/x86_64-linux-gnu/libxcb-render.so.0.0.0
7f9ae5095000-7f9ae5294000 ---p 00008000 08:01 2222                       /usr/lib/x86_64-linux-gnu/libxcb-render.so.0.0.0
7f9ae5294000-7f9ae5295000 r--p 00007000 08:01 2222                       /usr/lib/x86_64-linux-gnu/libxcb-render.so.0.0.0
7f9ae5295000-7f9ae5296000 rw-p 00008000 08:01 2222                       /usr/lib/x86_64-linux-gnu/libxcb-render.so.0.0.0
7f9ae5296000-7f9ae5298000 r-xp 00000000 08:01 2230                       /usr/lib/x86_64-linux-gnu/libxcb-shm.so.0.0.0
7f9ae5298000-7f9ae5497000 ---p 00002000 08:01 2230                       /usr/lib/x86_64-linux-gnu/libxcb-shm.so.0.0.0
7f9ae5497000-7f9ae5498000 r--p 00001000 08:01 2230                       /usr/lib/x86_64-linux-gnu/libxcb-shm.so.0.0.0
7f9ae5498000-7f9ae5499000 rw-p 00002000 08:01 2230                       /usr/lib/x86_64-linux-gnu/libxcb-shm.so.0.0.0
7f9ae5499000-7f9ae54be000 r-xp 00000000 08:01 264467                     /lib/x86_64-linux-gnu/libpng12.so.0.49.0
7f9ae54be000-7f9ae56bd000 ---p 00025000 08:01 264467                     /lib/x86_64-linux-gnu/libpng12.so.0.49.0
7f9ae56bd000-7f9ae56be000 r--p 00024000 08:01 264467                     /lib/x86_64-linux-gnu/libpng12.so.0.49.0
7f9ae56be000-7f9ae56bf000 rw-p 00025000 08:01 264467                     /lib/x86_64-linux-gnu/libpng12.so.0.49.0
7f9ae56bf000-7f9ae5760000 r-xp 00000000 08:01 1199                       /usr/lib/x86_64-linux-gnu/libpixman-1.so.0.30.2
7f9ae5760000-7f9ae5960000 ---p 000a1000 08:01 1199                       /usr/lib/x86_64-linux-gnu/libpixman-1.so.0.30.2
7f9ae5960000-7f9ae5967000 r--p 000a1000 08:01 1199                       /usr/lib/x86_64-linux-gnu/libpixman-1.so.0.30.2
7f9ae5967000-7f9ae5968000 rw-p 000a8000 08:01 1199                       /usr/lib/x86_64-linux-gnu/libpixman-1.so.0.30.2
7f9ae5968000-7f9ae596d000 r-xp 00000000 08:01 8665                       /usr/lib/x86_64-linux-gnu/libXdmcp.so.6.0.0
7f9ae596d000-7f9ae5b6c000 ---p 00005000 08:01 8665                       /usr/lib/x86_64-linux-gnu/libXdmcp.so.6.0.0
7f9ae5b6c000-7f9ae5b6d000 r--p 00004000 08:01 8665                       /usr/lib/x86_64-linux-gnu/libXdmcp.so.6.0.0
7f9ae5b6d000-7f9ae5b6e000 rw-p 00005000 08:01 8665                       /usr/lib/x86_64-linux-gnu/libXdmcp.so.6.0.0
7f9ae5b6e000-7f9ae5b70000 r-xp 00000000 08:01 206                        /usr/lib/x86_64-linux-gnu/libXau.so.6.0.0
7f9ae5b70000-7f9ae5d70000 ---p 00002000 08:01 206                        /usr/lib/x86_64-linux-gnu/libXau.so.6.0.0
7f9ae5d70000-7f9ae5d71000 r--p 00002000 08:01 206                        /usr/lib/x86_64-linux-gnu/libXau.so.6.0.0
7f9ae5d71000-7f9ae5d72000 rw-p 00003000 08:01 206                        /usr/lib/x86_64-linux-gnu/libXau.so.6.0.0
7f9ae5d72000-7f9ae5d81000 r-xp 00000000 08:01 130                        /usr/lib/x86_64-linux-gnu/libavahi-client.so.3.2.9
7f9ae5d81000-7f9ae5f81000 ---p 0000f000 08:01 130                        /usr/lib/x86_64-linux-gnu/libavahi-client.so.3.2.9
7f9ae5f81000-7f9ae5f82000 r--p 0000f000 08:01 130                        /usr/lib/x86_64-linux-gnu/libavahi-client.so.3.2.9
7f9ae5f82000-7f9ae5f83000 rw-p 00010000 08:01 130                        /usr/lib/x86_64-linux-gnu/libavahi-client.so.3.2.9
7f9ae5f83000-7f9ae5f8e000 r-xp 00000000 08:01 128                        /usr/lib/x86_64-linux-gnu/libavahi-common.so.3.5.3
7f9ae5f8e000-7f9ae618d000 ---p 0000b000 08:01 128                        /usr/lib/x86_64-linux-gnu/libavahi-common.so.3.5.3
7f9ae618d000-7f9ae618e000 r--p 0000a000 08:01 128                        /usr/lib/x86_64-linux-gnu/libavahi-common.so.3.5.3
7f9ae618e000-7f9ae618f000 rw-p 0000b000 08:01 128                        /usr/lib/x86_64-linux-gnu/libavahi-common.so.3.5.3
7f9ae618f000-7f9ae6245000 r-xp 00000000 08:01 5143                       /usr/lib/x86_64-linux-gnu/libgnutls.so.26.22.6
7f9ae6245000-7f9ae6445000 ---p 000b6000 08:01 5143                       /usr/lib/x86_64-linux-gnu/libgnutls.so.26.22.6
7f9ae6445000-7f9ae644b000 r--p 000b6000 08:01 5143                       /usr/lib/x86_64-linux-gnu/libgnutls.so.26.22.6
7f9ae644b000-7f9ae644c000 rw-p 000bc000 08:01 5143                       /usr/lib/x86_64-linux-gnu/libgnutls.so.26.22.6
7f9ae644c000-7f9ae644d000 rw-p 00000000 00:00 0 
7f9ae644d000-7f9ae6488000 r-xp 00000000 08:01 3662                       /usr/lib/x86_64-linux-gnu/libgssapi_krb5.so.2.2
7f9ae6488000-7f9ae6688000 ---p 0003b000 08:01 3662                       /usr/lib/x86_64-linux-gnu/libgssapi_krb5.so.2.2
7f9ae6688000-7f9ae6689000 r--p 0003b000 08:01 3662                       /usr/lib/x86_64-linux-gnu/libgssapi_krb5.so.2.2
7f9ae6689000-7f9ae668b000 rw-p 0003c000 08:01 3662                       /usr/lib/x86_64-linux-gnu/libgssapi_krb5.so.2.2
7f9ae668b000-7f9ae66c8000 r-xp 00000000 08:01 266403                     /lib/x86_64-linux-gnu/libpcre.so.3.13.1
7f9ae66c8000-7f9ae68c8000 ---p 0003d000 08:01 266403                     /lib/x86_64-linux-gnu/libpcre.so.3.13.1
7f9ae68c8000-7f9ae68c9000 r--p 0003d000 08:01 266403                     /lib/x86_64-linux-gnu/libpcre.so.3.13.1
7f9ae68c9000-7f9ae68ca000 rw-p 0003e000 08:01 266403                     /lib/x86_64-linux-gnu/libpcre.so.3.13.1
7f9ae68ca000-7f9ae68d1000 r-xp 00000000 08:01 63                         /usr/lib/x86_64-linux-gnu/libffi.so.6.0.1
7f9ae68d1000-7f9ae6ad0000 ---p 00007000 08:01 63                         /usr/lib/x86_64-linux-gnu/libffi.so.6.0.1
7f9ae6ad0000-7f9ae6ad1000 r--p 00006000 08:01 63                         /usr/lib/x86_64-linux-gnu/libffi.so.6.0.1
7f9ae6ad1000-7f9ae6ad2000 rw-p 00007000 08:01 63                         /usr/lib/x86_64-linux-gnu/libffi.so.6.0.1
7f9ae6ad2000-7f9ae6af9000 r-xp 00000000 08:01 264158                     /lib/x86_64-linux-gnu/libexpat.so.1.6.0
7f9ae6af9000-7f9ae6cf9000 ---p 00027000 08:01 264158                     /lib/x86_64-linux-gnu/libexpat.so.1.6.0
7f9ae6cf9000-7f9ae6cfb000 r--p 00027000 08:01 264158                     /lib/x86_64-linux-gnu/libexpat.so.1.6.0
7f9ae6cfb000-7f9ae6cfc000 rw-p 00029000 08:01 264158                     /lib/x86_64-linux-gnu/libexpat.so.1.6.0
7f9ae6cfc000-7f9ae6d98000 r-xp 00000000 08:01 994                        /usr/lib/x86_64-linux-gnu/libfreetype.so.6.10.1
7f9ae6d98000-7f9ae6f98000 ---p 0009c000 08:01 994                        /usr/lib/x86_64-linux-gnu/libfreetype.so.6.10.1
7f9ae6f98000-7f9ae6f9d000 r--p 0009c000 08:01 994                        /usr/lib/x86_64-linux-gnu/libfreetype.so.6.10.1
7f9ae6f9d000-7f9ae6f9e000 rw-p 000a1000 08:01 994                        /usr/lib/x86_64-linux-gnu/libfreetype.so.6.10.1
7f9ae6f9e000-7f9ae6fa6000 r-xp 00000000 08:01 8330                       /usr/lib/x86_64-linux-gnu/libthai.so.0.2.0
7f9ae6fa6000-7f9ae71a5000 ---p 00008000 08:01 8330                       /usr/lib/x86_64-linux-gnu/libthai.so.0.2.0
7f9ae71a5000-7f9ae71a6000 r--p 00007000 08:01 8330                       /usr/lib/x86_64-linux-gnu/libthai.so.0.2.0
7f9ae71a6000-7f9ae71a7000 rw-p 00008000 08:01 8330                       /usr/lib/x86_64-linux-gnu/libthai.so.0.2.0
7f9ae71a7000-7f9ae71bd000 r-xp 00000000 08:01 265339                     /lib/x86_64-linux-gnu/libresolv-2.17.so
7f9ae71bd000-7f9ae73bd000 ---p 00016000 08:01 265339                     /lib/x86_64-linux-gnu/libresolv-2.17.so
7f9ae73bd000-7f9ae73be000 r--p 00016000 08:01 265339                     /lib/x86_64-linux-gnu/libresolv-2.17.so
7f9ae73be000-7f9ae73bf000 rw-p 00017000 08:01 265339                     /lib/x86_64-linux-gnu/libresolv-2.17.so
7f9ae73bf000-7f9ae73c1000 rw-p 00000000 00:00 0 
7f9ae73c1000-7f9ae73e0000 r-xp 00000000 08:01 263495                     /lib/x86_64-linux-gnu/libselinux.so.1
7f9ae73e0000-7f9ae75e0000 ---p 0001f000 08:01 263495                     /lib/x86_64-linux-gnu/libselinux.so.1
7f9ae75e0000-7f9ae75e1000 r--p 0001f000 08:01 263495                     /lib/x86_64-linux-gnu/libselinux.so.1
7f9ae75e1000-7f9ae75e2000 rw-p 00020000 08:01 263495                     /lib/x86_64-linux-gnu/libselinux.so.1
7f9ae75e2000-7f9ae75e3000 rw-p 00000000 00:00 0 
7f9ae75e3000-7f9ae75e5000 r-xp 00000000 08:01 6693                       /usr/lib/x86_64-linux-gnu/libXdamage.so.1.1.0
7f9ae75e5000-7f9ae77e4000 ---p 00002000 08:01 6693                       /usr/lib/x86_64-linux-gnu/libXdamage.so.1.1.0
7f9ae77e4000-7f9ae77e5000 r--p 00001000 08:01 6693                       /usr/lib/x86_64-linux-gnu/libXdamage.so.1.1.0
7f9ae77e5000-7f9ae77e6000 rw-p 00002000 08:01 6693                       /usr/lib/x86_64-linux-gnu/libXdamage.so.1.1.0
7f9ae77e6000-7f9ae77e8000 r-xp 00000000 08:01 3417                       /usr/lib/x86_64-linux-gnu/libXcomposite.so.1.0.0
7f9ae77e8000-7f9ae79e7000 ---p 00002000 08:01 3417                       /usr/lib/x86_64-linux-gnu/libXcomposite.so.1.0.0
7f9ae79e7000-7f9ae79e8000 r--p 00001000 08:01 3417                       /usr/lib/x86_64-linux-gnu/libXcomposite.so.1.0.0
7f9ae79e8000-7f9ae79e9000 rw-p 00002000 08:01 3417                       /usr/lib/x86_64-linux-gnu/libXcomposite.so.1.0.0
7f9ae79e9000-7f9ae79f2000 r-xp 00000000 08:01 2819                       /usr/lib/x86_64-linux-gnu/libXcursor.so.1.0.2
7f9ae79f2000-7f9ae7bf1000 ---p 00009000 08:01 2819                       /usr/lib/x86_64-linux-gnu/libXcursor.so.1.0.2
7f9ae7bf1000-7f9ae7bf2000 r--p 00008000 08:01 2819                       /usr/lib/x86_64-linux-gnu/libXcursor.so.1.0.2
7f9ae7bf2000-7f9ae7bf3000 rw-p 00009000 08:01 2819                       /usr/lib/x86_64-linux-gnu/libXcursor.so.1.0.2
7f9ae7bf3000-7f9ae7bfc000 r-xp 00000000 08:01 6537                       /usr/lib/x86_64-linux-gnu/libXrandr.so.2.2.0
7f9ae7bfc000-7f9ae7dfb000 ---p 00009000 08:01 6537                       /usr/lib/x86_64-linux-gnu/libXrandr.so.2.2.0
7f9ae7dfb000-7f9ae7dfc000 r--p 00008000 08:01 6537                       /usr/lib/x86_64-linux-gnu/libXrandr.so.2.2.0
7f9ae7dfc000-7f9ae7dfd000 rw-p 00009000 08:01 6537                       /usr/lib/x86_64-linux-gnu/libXrandr.so.2.2.0
7f9ae7dfd000-7f9ae7dff000 r-xp 00000000 08:01 6486                       /usr/lib/x86_64-linux-gnu/libXinerama.so.1.0.0
7f9ae7dff000-7f9ae7ffe000 ---p 00002000 08:01 6486                       /usr/lib/x86_64-linux-gnu/libXinerama.so.1.0.0
7f9ae7ffe000-7f9ae7fff000 r--p 00001000 08:01 6486                       /usr/lib/x86_64-linux-gnu/libXinerama.so.1.0.0
7f9ae7fff000-7f9ae8000000 rw-p 00002000 08:01 6486                       /usr/lib/x86_64-linux-gnu/libXinerama.so.1.0.0
7f9ae8000000-7f9ae8021000 rw-p 00000000 00:00 0 
7f9ae8021000-7f9aec000000 ---p 00000000 00:00 0 
7f9aec000000-7f9aec12e000 rw-p 00000000 00:00 0 
7f9aec12e000-7f9af0000000 ---p 00000000 00:00 0 
7f9af0000000-7f9af04e1000 rw-p 00000000 00:00 0 
7f9af04e1000-7f9af4000000 ---p 00000000 00:00 0 
7f9af403b000-7f9af403e000 ---p 00000000 00:00 0 
7f9af403e000-7f9af413c000 rw-p 00000000 00:00 0                          [stack:12025]
7f9af413c000-7f9af4150000 r-xp 00000000 08:01 8322                       /usr/lib/x86_64-linux-gnu/libpangoft2-1.0.so.0.3200.5
7f9af4150000-7f9af434f000 ---p 00014000 08:01 8322                       /usr/lib/x86_64-linux-gnu/libpangoft2-1.0.so.0.3200.5
7f9af434f000-7f9af4350000 r--p 00013000 08:01 8322                       /usr/lib/x86_64-linux-gnu/libpangoft2-1.0.so.0.3200.5
7f9af4350000-7f9af4351000 rw-p 00014000 08:01 8322                       /usr/lib/x86_64-linux-gnu/libpangoft2-1.0.so.0.3200.5
7f9af4351000-7f9af4455000 r-xp 00000000 08:01 2246                       /usr/lib/x86_64-linux-gnu/libcairo.so.2.11200.16
7f9af4455000-7f9af4654000 ---p 00104000 08:01 2246                       /usr/lib/x86_64-linux-gnu/libcairo.so.2.11200.16
7f9af4654000-7f9af4657000 r--p 00103000 08:01 2246                       /usr/lib/x86_64-linux-gnu/libcairo.so.2.11200.16
7f9af4657000-7f9af4658000 rw-p 00106000 08:01 2246                       /usr/lib/x86_64-linux-gnu/libcairo.so.2.11200.16
7f9af4658000-7f9af465a000 rw-p 00000000 00:00 0 
7f9af465a000-7f9af4679000 r-xp 00000000 08:01 4129                       /usr/lib/x86_64-linux-gnu/libatk-1.0.so.0.21009.1
7f9af4679000-7f9af4879000 ---p 0001f000 08:01 4129                       /usr/lib/x86_64-linux-gnu/libatk-1.0.so.0.21009.1
7f9af4879000-7f9af487b000 r--p 0001f000 08:01 4129                       /usr/lib/x86_64-linux-gnu/libatk-1.0.so.0.21009.1
7f9af487b000-7f9af487c000 rw-p 00021000 08:01 4129                       /usr/lib/x86_64-linux-gnu/libatk-1.0.so.0.21009.1
7f9af487c000-7f9af4881000 r-xp 00000000 08:01 1304                       /usr/lib/x86_64-linux-gnu/libXfixes.so.3.1.0
7f9af4881000-7f9af4a80000 ---p 00005000 08:01 1304                       /usr/lib/x86_64-linux-gnu/libXfixes.so.3.1.0
7f9af4a80000-7f9af4a81000 r--p 00004000 08:01 1304                       /usr/lib/x86_64-linux-gnu/libXfixes.so.3.1.0
7f9af4a81000-7f9af4a82000 rw-p 00005000 08:01 1304                       /usr/lib/x86_64-linux-gnu/libXfixes.so.3.1.0
7f9af4a82000-7f9af4a8d000 r-xp 00000000 08:01 8324                       /usr/lib/x86_64-linux-gnu/libpangocairo-1.0.so.0.3200.5
7f9af4a8d000-7f9af4c8d000 ---p 0000b000 08:01 8324                       /usr/lib/x86_64-linux-gnu/libpangocairo-1.0.so.0.3200.5
7f9af4c8d000-7f9af4c8e000 r--p 0000b000 08:01 8324                       /usr/lib/x86_64-linux-gnu/libpangocairo-1.0.so.0.3200.5
7f9af4c8e000-7f9af4c8f000 rw-p 0000c000 08:01 8324                       /usr/lib/x86_64-linux-gnu/libpangocairo-1.0.so.0.3200.5
7f9af4c8f000-7f9af4c92000 r-xp 00000000 08:01 410                        /usr/lib/x86_64-linux-gnu/libgmodule-2.0.so.0.3800.0
7f9af4c92000-7f9af4e91000 ---p 00003000 08:01 410                        /usr/lib/x86_64-linux-gnu/libgmodule-2.0.so.0.3800.0
7f9af4e91000-7f9af4e92000 r--p 00002000 08:01 410                        /usr/lib/x86_64-linux-gnu/libgmodule-2.0.so.0.3800.0
7f9af4e92000-7f9af4e93000 rw-p 00003000 08:01 410                        /usr/lib/x86_64-linux-gnu/libgmodule-2.0.so.0.3800.0
7f9af4e93000-7f9af4eb0000 r-xp 00000000 08:01 5025                       /usr/lib/x86_64-linux-gnu/libxcb.so.1.1.0
7f9af4eb0000-7f9af50af000 ---p 0001d000 08:01 5025                       /usr/lib/x86_64-linux-gnu/libxcb.so.1.1.0
7f9af50af000-7f9af50b0000 r--p 0001c000 08:01 5025                       /usr/lib/x86_64-linux-gnu/libxcb.so.1.1.0
7f9af50b0000-7f9af50b1000 rw-p 0001d000 08:01 5025                       /usr/lib/x86_64-linux-gnu/libxcb.so.1.1.0
7f9af50b1000-7f9af511d000 r-xp 00000000 08:01 143                        /usr/lib/x86_64-linux-gnu/libcups.so.2
7f9af511d000-7f9af531c000 ---p 0006c000 08:01 143                        /usr/lib/x86_64-linux-gnu/libcups.so.2
7f9af531c000-7f9af5323000 r--p 0006b000 08:01 143                        /usr/lib/x86_64-linux-gnu/libcups.so.2
7f9af5323000-7f9af5324000 rw-p 00072000 08:01 143                        /usr/lib/x86_64-linux-gnu/libcups.so.2
7f9af5324000-7f9af5422000 r-xp 00000000 08:01 265079                     /lib/x86_64-linux-gnu/libglib-2.0.so.0.3800.0
7f9af5422000-7f9af5622000 ---p 000fe000 08:01 265079                     /lib/x86_64-linux-gnu/libglib-2.0.so.0.3800.0
7f9af5622000-7f9af5623000 r--p 000fe000 08:01 265079                     /lib/x86_64-linux-gnu/libglib-2.0.so.0.3800.0
7f9af5623000-7f9af5624000 rw-p 000ff000 08:01 265079                     /lib/x86_64-linux-gnu/libglib-2.0.so.0.3800.0
7f9af5624000-7f9af5625000 rw-p 00000000 00:00 0 
7f9af5625000-7f9af5626000 r-xp 00000000 08:01 4106                       /usr/lib/x86_64-linux-gnu/libgthread-2.0.so.0.3800.0
7f9af5626000-7f9af5825000 ---p 00001000 08:01 4106                       /usr/lib/x86_64-linux-gnu/libgthread-2.0.so.0.3800.0
7f9af5825000-7f9af5826000 r--p 00000000 08:01 4106                       /usr/lib/x86_64-linux-gnu/libgthread-2.0.so.0.3800.0
7f9af5826000-7f9af5827000 rw-p 00001000 08:01 4106                       /usr/lib/x86_64-linux-gnu/libgthread-2.0.so.0.3800.0
7f9af5827000-7f9af5876000 r-xp 00000000 08:01 4104                       /usr/lib/x86_64-linux-gnu/libgobject-2.0.so.0.3800.0
7f9af5876000-7f9af5a76000 ---p 0004f000 08:01 4104                       /usr/lib/x86_64-linux-gnu/libgobject-2.0.so.0.3800.0
7f9af5a76000-7f9af5a77000 r--p 0004f000 08:01 4104                       /usr/lib/x86_64-linux-gnu/libgobject-2.0.so.0.3800.0
7f9af5a77000-7f9af5a78000 rw-p 00050000 08:01 4104                       /usr/lib/x86_64-linux-gnu/libgobject-2.0.so.0.3800.0
7f9af5a78000-7f9af5ab1000 r-xp 00000000 08:01 578                        /usr/lib/x86_64-linux-gnu/libfontconfig.so.1.7.0
7f9af5ab1000-7f9af5cb1000 ---p 00039000 08:01 578                        /usr/lib/x86_64-linux-gnu/libfontconfig.so.1.7.0
7f9af5cb1000-7f9af5cb3000 r--p 00039000 08:01 578                        /usr/lib/x86_64-linux-gnu/libfontconfig.so.1.7.0
7f9af5cb3000-7f9af5cb4000 rw-p 0003b000 08:01 578                        /usr/lib/x86_64-linux-gnu/libfontconfig.so.1.7.0
7f9af5cb4000-7f9af5cfe000 r-xp 00000000 08:01 299                        /usr/lib/x86_64-linux-gnu/libpango-1.0.so.0.3200.5
7f9af5cfe000-7f9af5efd000 ---p 0004a000 08:01 299                        /usr/lib/x86_64-linux-gnu/libpango-1.0.so.0.3200.5
7f9af5efd000-7f9af5eff000 r--p 00049000 08:01 299                        /usr/lib/x86_64-linux-gnu/libpango-1.0.so.0.3200.5
7f9af5eff000-7f9af5f00000 rw-p 0004b000 08:01 299                        /usr/lib/x86_64-linux-gnu/libpango-1.0.so.0.3200.5
7f9af5f00000-7f9af5f1f000 r-xp 00000000 08:01 2688                       /usr/lib/x86_64-linux-gnu/libgdk_pixbuf-2.0.so.0.2800.1
7f9af5f1f000-7f9af611e000 ---p 0001f000 08:01 2688                       /usr/lib/x86_64-linux-gnu/libgdk_pixbuf-2.0.so.0.2800.1
7f9af611e000-7f9af611f000 r--p 0001e000 08:01 2688                       /usr/lib/x86_64-linux-gnu/libgdk_pixbuf-2.0.so.0.2800.1
7f9af611f000-7f9af6120000 rw-p 0001f000 08:01 2688                       /usr/lib/x86_64-linux-gnu/libgdk_pixbuf-2.0.so.0.2800.1
7f9af6120000-7f9af627c000 r-xp 00000000 08:01 4105                       /usr/lib/x86_64-linux-gnu/libgio-2.0.so.0.3800.0
7f9af627c000-7f9af647b000 ---p 0015c000 08:01 4105                       /usr/lib/x86_64-linux-gnu/libgio-2.0.so.0.3800.0
7f9af647b000-7f9af647f000 r--p 0015b000 08:01 4105                       /usr/lib/x86_64-linux-gnu/libgio-2.0.so.0.3800.0
7f9af647f000-7f9af6481000 rw-p 0015f000 08:01 4105                       /usr/lib/x86_64-linux-gnu/libgio-2.0.so.0.3800.0
7f9af6481000-7f9af6483000 rw-p 00000000 00:00 0 
7f9af6483000-7f9af6530000 r-xp 00000000 08:01 2575                       /usr/lib/x86_64-linux-gnu/libgdk-x11-2.0.so.0.2400.20
7f9af6530000-7f9af672f000 ---p 000ad000 08:01 2575                       /usr/lib/x86_64-linux-gnu/libgdk-x11-2.0.so.0.2400.20
7f9af672f000-7f9af6733000 r--p 000ac000 08:01 2575                       /usr/lib/x86_64-linux-gnu/libgdk-x11-2.0.so.0.2400.20
7f9af6733000-7f9af6735000 rw-p 000b0000 08:01 2575                       /usr/lib/x86_64-linux-gnu/libgdk-x11-2.0.so.0.2400.20
7f9af6735000-7f9af6b64000 r-xp 00000000 08:01 2574                       /usr/lib/x86_64-linux-gnu/libgtk-x11-2.0.so.0.2400.20
7f9af6b64000-7f9af6d63000 ---p 0042f000 08:01 2574                       /usr/lib/x86_64-linux-gnu/libgtk-x11-2.0.so.0.2400.20
7f9af6d63000-7f9af6d6a000 r--p 0042e000 08:01 2574                       /usr/lib/x86_64-linux-gnu/libgtk-x11-2.0.so.0.2400.20
7f9af6d6a000-7f9af6d6e000 rw-p 00435000 08:01 2574                       /usr/lib/x86_64-linux-gnu/libgtk-x11-2.0.so.0.2400.20
7f9af6d6e000-7f9af6d71000 rw-p 00000000 00:00 0 
7f9af6d71000-7f9af6d80000 r-xp 00000000 08:01 811                        /usr/lib/x86_64-linux-gnu/libXi.so.6.1.0
7f9af6d80000-7f9af6f7f000 ---p 0000f000 08:01 811                        /usr/lib/x86_64-linux-gnu/libXi.so.6.1.0
7f9af6f7f000-7f9af6f80000 r--p 0000e000 08:01 811                        /usr/lib/x86_64-linux-gnu/libXi.so.6.1.0
7f9af6f80000-7f9af6f81000 rw-p 0000f000 08:01 811                        /usr/lib/x86_64-linux-gnu/libXi.so.6.1.0
7f9af6f81000-7f9af6f86000 r-xp 00000000 08:01 2701                       /usr/lib/x86_64-linux-gnu/libXtst.so.6.1.0
7f9af6f86000-7f9af7185000 ---p 00005000 08:01 2701                       /usr/lib/x86_64-linux-gnu/libXtst.so.6.1.0
7f9af7185000-7f9af7186000 r--p 00004000 08:01 2701                       /usr/lib/x86_64-linux-gnu/libXtst.so.6.1.0
7f9af7186000-7f9af7187000 rw-p 00005000 08:01 2701                       /usr/lib/x86_64-linux-gnu/libXtst.so.6.1.0
7f9af7187000-7f9af7190000 r-xp 00000000 08:01 2238                       /usr/lib/x86_64-linux-gnu/libXrender.so.1.3.0
7f9af7190000-7f9af738f000 ---p 00009000 08:01 2238                       /usr/lib/x86_64-linux-gnu/libXrender.so.1.3.0
7f9af738f000-7f9af7390000 r--p 00008000 08:01 2238                       /usr/lib/x86_64-linux-gnu/libXrender.so.1.3.0
7f9af7390000-7f9af7391000 rw-p 00009000 08:01 2238                       /usr/lib/x86_64-linux-gnu/libXrender.so.1.3.0
7f9af7391000-7f9af74c1000 r-xp 00000000 08:01 5042                       /usr/lib/x86_64-linux-gnu/libX11.so.6.3.0
7f9af74c1000-7f9af76c1000 ---p 00130000 08:01 5042                       /usr/lib/x86_64-linux-gnu/libX11.so.6.3.0
7f9af76c1000-7f9af76c2000 r--p 00130000 08:01 5042                       /usr/lib/x86_64-linux-gnu/libX11.so.6.3.0
7f9af76c2000-7f9af76c6000 rw-p 00131000 08:01 5042                       /usr/lib/x86_64-linux-gnu/libX11.so.6.3.0
7f9af76c6000-7f9af76d7000 r-xp 00000000 08:01 5044                       /usr/lib/x86_64-linux-gnu/libXext.so.6.4.0
7f9af76d7000-7f9af78d6000 ---p 00011000 08:01 5044                       /usr/lib/x86_64-linux-gnu/libXext.so.6.4.0
7f9af78d6000-7f9af78d7000 r--p 00010000 08:01 5044                       /usr/lib/x86_64-linux-gnu/libXext.so.6.4.0
7f9af78d7000-7f9af78d8000 rw-p 00011000 08:01 5044                       /usr/lib/x86_64-linux-gnu/libXext.so.6.4.0
7f9af78d8000-7f9af7929000 r-xp 00000000 08:01 136525                     /usr/lib/jvm/java-7-openjdk-amd64/jre/lib/amd64/xawt/libmawt.so
7f9af7929000-7f9af7b28000 ---p 00051000 08:01 136525                     /usr/lib/jvm/java-7-openjdk-amd64/jre/lib/amd64/xawt/libmawt.so
7f9af7b28000-7f9af7b29000 r--p 00050000 08:01 136525                     /usr/lib/jvm/java-7-openjdk-amd64/jre/lib/amd64/xawt/libmawt.so
7f9af7b29000-7f9af7b2c000 rw-p 00051000 08:01 136525                     /usr/lib/jvm/java-7-openjdk-amd64/jre/lib/amd64/xawt/libmawt.so
7f9af7b2c000-7f9af7b2d000 rw-p 00000000 00:00 0 
7f9af7b2d000-7f9af7bce000 r-xp 00000000 08:01 136645                     /usr/lib/jvm/java-7-openjdk-amd64/jre/lib/amd64/libawt.so
7f9af7bce000-7f9af7dcd000 ---p 000a1000 08:01 136645                     /usr/lib/jvm/java-7-openjdk-amd64/jre/lib/amd64/libawt.so
7f9af7dcd000-7f9af7dce000 r--p 000a0000 08:01 136645                     /usr/lib/jvm/java-7-openjdk-amd64/jre/lib/amd64/libawt.so
7f9af7dce000-7f9af7dd9000 rw-p 000a1000 08:01 136645                     /usr/lib/jvm/java-7-openjdk-amd64/jre/lib/amd64/libawt.so
7f9af7dd9000-7f9af7dfe000 rw-p 00000000 00:00 0 
7f9af7dfe000-7f9af7dff000 ---p 00000000 00:00 0 
7f9af7dff000-7f9af7eff000 rw-p 00000000 00:00 0                          [stack:12024]
7f9af7eff000-7f9af7f02000 ---p 00000000 00:00 0 
7f9af7f02000-7f9af8000000 rw-p 00000000 00:00 0                          [stack:12023]
7f9af8000000-7f9af870c000 rw-p 00000000 00:00 0 
7f9af870c000-7f9afc000000 ---p 00000000 00:00 0 
7f9afc000000-7f9afc281000 rw-p 00000000 00:00 0 
7f9afc281000-7f9b00000000 ---p 00000000 00:00 0 
7f9b00000000-7f9b00021000 rw-p 00000000 00:00 0 
7f9b00021000-7f9b04000000 ---p 00000000 00:00 0 
7f9b04000000-7f9b06566000 rw-p 00000000 00:00 0 
7f9b06566000-7f9b08000000 ---p 00000000 00:00 0 
7f9b08000000-7f9b08021000 rw-p 00000000 00:00 0 
7f9b08021000-7f9b0c000000 ---p 00000000 00:00 0 
7f9b0c000000-7f9b0c021000 rw-p 00000000 00:00 0 
7f9b0c021000-7f9b10000000 ---p 00000000 00:00 0 
7f9b10000000-7f9b10021000 rw-p 00000000 00:00 0 
7f9b10021000-7f9b14000000 ---p 00000000 00:00 0 
7f9b14087000-7f9b14089000 rw-p 00000000 00:00 0 
7f9b14089000-7f9b14096000 r--s 00071000 08:01 677763                     /home/twalthr/Projekte/Mobile Interaction/repo/ClimbOrDie/library/external/xstream-1.4.6.jar
7f9b14096000-7f9b14098000 r--s 00005000 08:01 677762                     /home/twalthr/Projekte/Mobile Interaction/repo/ClimbOrDie/library/external/xpp3_min-1.1.4c.jar
7f9b14098000-7f9b14099000 r--s 00001000 08:01 677611                     /home/twalthr/Projekte/Mobile Interaction/repo/ClimbOrDie/library/external/xmlpull-1.1.3.1.jar
7f9b14099000-7f9b1409a000 r--s 00005000 08:01 678196                     /home/twalthr/Projekte/Mobile Interaction/repo/ClimbOrDie/library/user/SimpleOpenNI/SimpleOpenNI.jar
7f9b1409a000-7f9b140a3000 r--s 000bc000 08:01 136765                     /usr/lib/jvm/java-7-openjdk-common/jre/lib/resources.jar
7f9b140a3000-7f9b140c9000 r--p 00000000 08:01 658015                     /usr/share/locale-langpack/de/LC_MESSAGES/libc.mo
7f9b140c9000-7f9b140cc000 ---p 00000000 00:00 0 
7f9b140cc000-7f9b141ca000 rw-p 00000000 00:00 0                          [stack:12022]
7f9b141ca000-7f9b141cd000 ---p 00000000 00:00 0 
7f9b141cd000-7f9b142cb000 rw-p 00000000 00:00 0                          [stack:12021]
7f9b142cb000-7f9b142ce000 ---p 00000000 00:00 0 
7f9b142ce000-7f9b143cc000 rw-p 00000000 00:00 0                          [stack:12020]
7f9b143cc000-7f9b14d99000 r--p 00000000 08:01 4845                       /usr/lib/locale/locale-archive
7f9b14d99000-7f9b14d9c000 ---p 00000000 00:00 0 
7f9b14d9c000-7f9b14e9a000 rw-p 00000000 00:00 0                          [stack:12019]
7f9b14e9a000-7f9b14e9d000 ---p 00000000 00:00 0 
7f9b14e9d000-7f9b14f9b000 rw-p 00000000 00:00 0                          [stack:12018]
7f9b14f9b000-7f9b14f9c000 ---p 00000000 00:00 0 
7f9b14f9c000-7f9b15a53000 rw-p 00000000 00:00 0                          [stack:12017]
7f9b15a53000-7f9b15c00000 r--s 01cec000 08:01 136599                     /usr/lib/jvm/java-7-openjdk-amd64/jre/lib/rt.jar
7f9b15c00000-7f9b17ca8000 rw-p 00000000 00:00 0 
7f9b17ca8000-7f9b17ca9000 ---p 00000000 00:00 0 
7f9b17ca9000-7f9b17da9000 rw-p 00000000 00:00 0                          [stack:12016]
7f9b17da9000-7f9b17daa000 ---p 00000000 00:00 0 
7f9b17daa000-7f9b17eb8000 rw-p 00000000 00:00 0                          [stack:12015]
7f9b17eb8000-7f9b17eb9000 ---p 00000000 00:00 0 
7f9b17eb9000-7f9b17efd000 rw-p 00000000 00:00 0 
7f9b17efd000-7f9b17f58000 rw-p 00000000 00:00 0 
7f9b17f58000-7f9b17fdb000 rw-p 00000000 00:00 0 
7f9b17fdb000-7f9b17fe9000 rw-p 00000000 00:00 0 
7f9b17fe9000-7f9b17fea000 ---p 00000000 00:00 0 
7f9b17fea000-7f9b1802e000 rw-p 00000000 00:00 0 
7f9b1802e000-7f9b18089000 rw-p 00000000 00:00 0 
7f9b18089000-7f9b1810c000 rw-p 00000000 00:00 0 
7f9b1810c000-7f9b18130000 rw-p 00000000 00:00 0 
7f9b18130000-7f9b18143000 ---p 00000000 00:00 0 
7f9b18143000-7f9b1817b000 rw-p 00000000 00:00 0 
7f9b1817b000-7f9b1817c000 rw-p 00000000 00:00 0 
7f9b1817c000-7f9b183ec000 rwxp 00000000 00:00 0 
7f9b183ec000-7f9b1b17c000 rw-p 00000000 00:00 0 
7f9b1b17c000-7f9b1b184000 r-xp 00000000 08:01 136673                     /usr/lib/jvm/java-7-openjdk-amd64/jre/lib/amd64/libzip.so
7f9b1b184000-7f9b1b383000 ---p 00008000 08:01 136673                     /usr/lib/jvm/java-7-openjdk-amd64/jre/lib/amd64/libzip.so
7f9b1b383000-7f9b1b384000 r--p 00007000 08:01 136673                     /usr/lib/jvm/java-7-openjdk-amd64/jre/lib/amd64/libzip.so
7f9b1b384000-7f9b1b385000 rw-p 00008000 08:01 136673                     /usr/lib/jvm/java-7-openjdk-amd64/jre/lib/amd64/libzip.so
7f9b1b385000-7f9b1b391000 r-xp 00000000 08:01 265361                     /lib/x86_64-linux-gnu/libnss_files-2.17.so
7f9b1b391000-7f9b1b590000 ---p 0000c000 08:01 265361                     /lib/x86_64-linux-gnu/libnss_files-2.17.so
7f9b1b590000-7f9b1b591000 r--p 0000b000 08:01 265361                     /lib/x86_64-linux-gnu/libnss_files-2.17.so
7f9b1b591000-7f9b1b592000 rw-p 0000c000 08:01 265361                     /lib/x86_64-linux-gnu/libnss_files-2.17.so
7f9b1b592000-7f9b1b59d000 r-xp 00000000 08:01 265357                     /lib/x86_64-linux-gnu/libnss_nis-2.17.so
7f9b1b59d000-7f9b1b79c000 ---p 0000b000 08:01 265357                     /lib/x86_64-linux-gnu/libnss_nis-2.17.so
7f9b1b79c000-7f9b1b79d000 r--p 0000a000 08:01 265357                     /lib/x86_64-linux-gnu/libnss_nis-2.17.so
7f9b1b79d000-7f9b1b79e000 rw-p 0000b000 08:01 265357                     /lib/x86_64-linux-gnu/libnss_nis-2.17.so
7f9b1b79e000-7f9b1b7b5000 r-xp 00000000 08:01 265329                     /lib/x86_64-linux-gnu/libnsl-2.17.so
7f9b1b7b5000-7f9b1b9b4000 ---p 00017000 08:01 265329                     /lib/x86_64-linux-gnu/libnsl-2.17.so
7f9b1b9b4000-7f9b1b9b5000 r--p 00016000 08:01 265329                     /lib/x86_64-linux-gnu/libnsl-2.17.so
7f9b1b9b5000-7f9b1b9b6000 rw-p 00017000 08:01 265329                     /lib/x86_64-linux-gnu/libnsl-2.17.so
7f9b1b9b6000-7f9b1b9b8000 rw-p 00000000 00:00 0 
7f9b1b9b8000-7f9b1b9c0000 r-xp 00000000 08:01 265334                     /lib/x86_64-linux-gnu/libnss_compat-2.17.so
7f9b1b9c0000-7f9b1bbbf000 ---p 00008000 08:01 265334                     /lib/x86_64-linux-gnu/libnss_compat-2.17.so
7f9b1bbbf000-7f9b1bbc0000 r--p 00007000 08:01 265334                     /lib/x86_64-linux-gnu/libnss_compat-2.17.so
7f9b1bbc0000-7f9b1bbc1000 rw-p 00008000 08:01 265334                     /lib/x86_64-linux-gnu/libnss_compat-2.17.so
7f9b1bbc1000-7f9b1bbec000 r-xp 00000000 08:01 136643                     /usr/lib/jvm/java-7-openjdk-amd64/jre/lib/amd64/libjava.so
7f9b1bbec000-7f9b1bdeb000 ---p 0002b000 08:01 136643                     /usr/lib/jvm/java-7-openjdk-amd64/jre/lib/amd64/libjava.so
7f9b1bdeb000-7f9b1bdec000 r--p 0002a000 08:01 136643                     /usr/lib/jvm/java-7-openjdk-amd64/jre/lib/amd64/libjava.so
7f9b1bdec000-7f9b1bdee000 rw-p 0002b000 08:01 136643                     /usr/lib/jvm/java-7-openjdk-amd64/jre/lib/amd64/libjava.so
7f9b1bdee000-7f9b1bdfe000 r-xp 00000000 08:01 136641                     /usr/lib/jvm/java-7-openjdk-amd64/jre/lib/amd64/libverify.so
7f9b1bdfe000-7f9b1bffd000 ---p 00010000 08:01 136641                     /usr/lib/jvm/java-7-openjdk-amd64/jre/lib/amd64/libverify.so
7f9b1bffd000-7f9b1bfff000 r--p 0000f000 08:01 136641                     /usr/lib/jvm/java-7-openjdk-amd64/jre/lib/amd64/libverify.so
7f9b1bfff000-7f9b1c000000 rw-p 00011000 08:01 136641                     /usr/lib/jvm/java-7-openjdk-amd64/jre/lib/amd64/libverify.so
7f9b1c000000-7f9b1c4c0000 rw-p 00000000 00:00 0 
7f9b1c4c0000-7f9b20000000 ---p 00000000 00:00 0 
7f9b20000000-7f9b20007000 r--s 00000000 08:01 154912                     /usr/lib/x86_64-linux-gnu/gconv/gconv-modules.cache
7f9b20007000-7f9b2000c000 r--s 0008e000 08:01 677345                     /home/twalthr/Projekte/Mobile Interaction/repo/ClimbOrDie/library/base/core/core.jar
7f9b2000c000-7f9b2000f000 r--s 00032000 08:01 136745                     /usr/lib/jvm/java-7-openjdk-common/jre/lib/ext/sunjce_provider.jar
7f9b2000f000-7f9b20012000 r--s 0000f000 08:01 136737                     /usr/lib/jvm/java-7-openjdk-common/jre/lib/ext/pulse-java.jar
7f9b20012000-7f9b20019000 r-xp 00000000 08:01 265366                     /lib/x86_64-linux-gnu/librt-2.17.so
7f9b20019000-7f9b20218000 ---p 00007000 08:01 265366                     /lib/x86_64-linux-gnu/librt-2.17.so
7f9b20218000-7f9b20219000 r--p 00006000 08:01 265366                     /lib/x86_64-linux-gnu/librt-2.17.so
7f9b20219000-7f9b2021a000 rw-p 00007000 08:01 265366                     /lib/x86_64-linux-gnu/librt-2.17.so
7f9b2021a000-7f9b2022f000 r-xp 00000000 08:01 262710                     /lib/x86_64-linux-gnu/libgcc_s.so.1
7f9b2022f000-7f9b2042e000 ---p 00015000 08:01 262710                     /lib/x86_64-linux-gnu/libgcc_s.so.1
7f9b2042e000-7f9b2042f000 r--p 00014000 08:01 262710                     /lib/x86_64-linux-gnu/libgcc_s.so.1
7f9b2042f000-7f9b20430000 rw-p 00015000 08:01 262710                     /lib/x86_64-linux-gnu/libgcc_s.so.1
7f9b20430000-7f9b20533000 r-xp 00000000 08:01 265341                     /lib/x86_64-linux-gnu/libm-2.17.so
7f9b20533000-7f9b20732000 ---p 00103000 08:01 265341                     /lib/x86_64-linux-gnu/libm-2.17.so
7f9b20732000-7f9b20733000 r--p 00102000 08:01 265341                     /lib/x86_64-linux-gnu/libm-2.17.so
7f9b20733000-7f9b20734000 rw-p 00103000 08:01 265341                     /lib/x86_64-linux-gnu/libm-2.17.so
7f9b20734000-7f9b2081a000 r-xp 00000000 08:01 2849                       /usr/lib/x86_64-linux-gnu/libstdc++.so.6.0.18
7f9b2081a000-7f9b20a19000 ---p 000e6000 08:01 2849                       /usr/lib/x86_64-linux-gnu/libstdc++.so.6.0.18
7f9b20a19000-7f9b20a21000 r--p 000e5000 08:01 2849                       /usr/lib/x86_64-linux-gnu/libstdc++.so.6.0.18
7f9b20a21000-7f9b20a23000 rw-p 000ed000 08:01 2849                       /usr/lib/x86_64-linux-gnu/libstdc++.so.6.0.18
7f9b20a23000-7f9b20a38000 rw-p 00000000 00:00 0 
7f9b20a38000-7f9b21446000 r-xp 00000000 08:01 136651                     /usr/lib/jvm/java-7-openjdk-amd64/jre/lib/amd64/server/libjvm.so
7f9b21446000-7f9b21645000 ---p 00a0e000 08:01 136651                     /usr/lib/jvm/java-7-openjdk-amd64/jre/lib/amd64/server/libjvm.so
7f9b21645000-7f9b216be000 r--p 00a0d000 08:01 136651                     /usr/lib/jvm/java-7-openjdk-amd64/jre/lib/amd64/server/libjvm.so
7f9b216be000-7f9b216e1000 rw-p 00a86000 08:01 136651                     /usr/lib/jvm/java-7-openjdk-amd64/jre/lib/amd64/server/libjvm.so
7f9b216e1000-7f9b2170c000 rw-p 00000000 00:00 0 
7f9b2170c000-7f9b21724000 r-xp 00000000 08:01 263581                     /lib/x86_64-linux-gnu/libz.so.1.2.8
7f9b21724000-7f9b21923000 ---p 00018000 08:01 263581                     /lib/x86_64-linux-gnu/libz.so.1.2.8
7f9b21923000-7f9b21924000 r--p 00017000 08:01 263581                     /lib/x86_64-linux-gnu/libz.so.1.2.8
7f9b21924000-7f9b21925000 rw-p 00018000 08:01 263581                     /lib/x86_64-linux-gnu/libz.so.1.2.8
7f9b21925000-7f9b2193c000 r-xp 00000000 08:01 265397                     /lib/x86_64-linux-gnu/libpthread-2.17.so
7f9b2193c000-7f9b21b3c000 ---p 00017000 08:01 265397                     /lib/x86_64-linux-gnu/libpthread-2.17.so
7f9b21b3c000-7f9b21b3d000 r--p 00017000 08:01 265397                     /lib/x86_64-linux-gnu/libpthread-2.17.so
7f9b21b3d000-7f9b21b3e000 rw-p 00018000 08:01 265397                     /lib/x86_64-linux-gnu/libpthread-2.17.so
7f9b21b3e000-7f9b21b42000 rw-p 00000000 00:00 0 
7f9b21b42000-7f9b21b45000 r-xp 00000000 08:01 265396                     /lib/x86_64-linux-gnu/libdl-2.17.so
7f9b21b45000-7f9b21d44000 ---p 00003000 08:01 265396                     /lib/x86_64-linux-gnu/libdl-2.17.so
7f9b21d44000-7f9b21d45000 r--p 00002000 08:01 265396                     /lib/x86_64-linux-gnu/libdl-2.17.so
7f9b21d45000-7f9b21d46000 rw-p 00003000 08:01 265396                     /lib/x86_64-linux-gnu/libdl-2.17.so
7f9b21d46000-7f9b21f03000 r-xp 00000000 08:01 265395                     /lib/x86_64-linux-gnu/libc-2.17.so
7f9b21f03000-7f9b22103000 ---p 001bd000 08:01 265395                     /lib/x86_64-linux-gnu/libc-2.17.so
7f9b22103000-7f9b22107000 r--p 001bd000 08:01 265395                     /lib/x86_64-linux-gnu/libc-2.17.so
7f9b22107000-7f9b22109000 rw-p 001c1000 08:01 265395                     /lib/x86_64-linux-gnu/libc-2.17.so
7f9b22109000-7f9b2210e000 rw-p 00000000 00:00 0 
7f9b2210e000-7f9b2211b000 r-xp 00000000 08:01 136609                     /usr/lib/jvm/java-7-openjdk-amd64/jre/lib/amd64/jli/libjli.so
7f9b2211b000-7f9b2231a000 ---p 0000d000 08:01 136609                     /usr/lib/jvm/java-7-openjdk-amd64/jre/lib/amd64/jli/libjli.so
7f9b2231a000-7f9b2231b000 r--p 0000c000 08:01 136609                     /usr/lib/jvm/java-7-openjdk-amd64/jre/lib/amd64/jli/libjli.so
7f9b2231b000-7f9b2231c000 rw-p 0000d000 08:01 136609                     /usr/lib/jvm/java-7-openjdk-amd64/jre/lib/amd64/jli/libjli.so
7f9b2231c000-7f9b2233f000 r-xp 00000000 08:01 265354                     /lib/x86_64-linux-gnu/ld-2.17.so
7f9b2233f000-7f9b22341000 r--s 00006000 08:01 151194                     /usr/share/java/java-atk-wrapper.jar
7f9b22341000-7f9b2236c000 rw-p 00000000 00:00 0 
7f9b2236c000-7f9b22422000 rw-p 00000000 00:00 0 
7f9b22422000-7f9b22425000 ---p 00000000 00:00 0 
7f9b22425000-7f9b22528000 rw-p 00000000 00:00 0                          [stack:12014]
7f9b22528000-7f9b22529000 r--s 00002000 08:01 136757                     /usr/lib/jvm/java-7-openjdk-common/jre/lib/ext/dnsns.jar
7f9b22529000-7f9b2252d000 r--s 00085000 08:01 136749                     /usr/lib/jvm/java-7-openjdk-common/jre/lib/ext/localedata.jar
7f9b2252d000-7f9b2252f000 r--s 00012000 08:01 136741                     /usr/lib/jvm/java-7-openjdk-common/jre/lib/ext/zipfs.jar
7f9b2252f000-7f9b22532000 r--s 0003c000 08:01 136753                     /usr/lib/jvm/java-7-openjdk-common/jre/lib/ext/sunpkcs11.jar
7f9b22532000-7f9b2253a000 rw-s 00000000 08:01 678028                     /tmp/hsperfdata_twalthr/12009
7f9b2253a000-7f9b2253b000 rw-p 00000000 00:00 0 
7f9b2253b000-7f9b2253c000 r--p 00000000 00:00 0 
7f9b2253c000-7f9b2253e000 rw-p 00000000 00:00 0 
7f9b2253e000-7f9b2253f000 r--p 00022000 08:01 265354                     /lib/x86_64-linux-gnu/ld-2.17.so
7f9b2253f000-7f9b22541000 rw-p 00023000 08:01 265354                     /lib/x86_64-linux-gnu/ld-2.17.so
7fffaba1f000-7fffaba40000 rw-p 00000000 00:00 0                          [stack]
7fffabb9e000-7fffabba0000 r-xp 00000000 00:00 0                          [vdso]
ffffffffff600000-ffffffffff601000 r-xp 00000000 00:00 0                  [vsyscall]

VM Arguments:
jvm_args: -Dfile.encoding=UTF-8 
java_command: ClimbOrDie
Launcher Type: SUN_STANDARD

Environment Variables:
PATH=/usr/lib/lightdm/lightdm:/usr/local/sbin:/usr/local/bin:/usr/sbin:/usr/bin:/sbin:/bin:/usr/games:/usr/local/games
SHELL=/bin/bash
DISPLAY=:0.0

Signal Handlers:
SIGSEGV: [libjvm.so+0x871410], sa_mask[0]=0x7ffbfeff, sa_flags=0x10000004
SIGBUS: [libjvm.so+0x871410], sa_mask[0]=0x7ffbfeff, sa_flags=0x10000004
SIGFPE: [libjvm.so+0x709540], sa_mask[0]=0x7ffbfeff, sa_flags=0x10000004
SIGPIPE: [libjvm.so+0x709540], sa_mask[0]=0x7ffbfeff, sa_flags=0x10000004
SIGXFSZ: [libjvm.so+0x709540], sa_mask[0]=0x7ffbfeff, sa_flags=0x10000004
SIGILL: [libjvm.so+0x709540], sa_mask[0]=0x7ffbfeff, sa_flags=0x10000004
SIGUSR1: SIG_DFL, sa_mask[0]=0x00000000, sa_flags=0x00000000
SIGUSR2: [libjvm.so+0x709270], sa_mask[0]=0x00000004, sa_flags=0x10000004
SIGHUP: [libjvm.so+0x709550], sa_mask[0]=0x7ffbfeff, sa_flags=0x10000004
SIGINT: [libjvm.so+0x709550], sa_mask[0]=0x7ffbfeff, sa_flags=0x10000004
SIGTERM: [libjvm.so+0x709550], sa_mask[0]=0x7ffbfeff, sa_flags=0x10000004
SIGQUIT: [libjvm.so+0x709550], sa_mask[0]=0x7ffbfeff, sa_flags=0x10000004


---------------  S Y S T E M  ---------------

OS:Ubuntu 13.10 (saucy)
uname:Linux 3.11.0-12-generic #19-Ubuntu SMP Wed Oct 9 16:20:46 UTC 2013 x86_64
libc:glibc 2.17 NPTL 2.17 
rlimit: STACK 8192k, CORE 0k, NPROC 15804, NOFILE 4096, AS infinity
load average:2,76 2,00 2,12

/proc/meminfo:
MemTotal:        2043132 kB
MemFree:          360648 kB
Buffers:           15124 kB
Cached:           498428 kB
SwapCached:        11360 kB
Active:          1265388 kB
Inactive:         292108 kB
Active(anon):    1033232 kB
Inactive(anon):    21832 kB
Active(file):     232156 kB
Inactive(file):   270276 kB
Unevictable:          16 kB
Mlocked:              16 kB
SwapTotal:       2094076 kB
SwapFree:        1964304 kB
Dirty:                92 kB
Writeback:             0 kB
AnonPages:       1037452 kB
Mapped:            66784 kB
Shmem:             11196 kB
Slab:              59124 kB
SReclaimable:      31596 kB
SUnreclaim:        27528 kB
KernelStack:        3984 kB
PageTables:        19796 kB
NFS_Unstable:          0 kB
Bounce:                0 kB
WritebackTmp:          0 kB
CommitLimit:     3115640 kB
Committed_AS:    2529016 kB
VmallocTotal:   34359738367 kB
VmallocUsed:      294264 kB
VmallocChunk:   34359440644 kB
HardwareCorrupted:     0 kB
AnonHugePages:         0 kB
HugePages_Total:       0
HugePages_Free:        0
HugePages_Rsvd:        0
HugePages_Surp:        0
Hugepagesize:       2048 kB
DirectMap4k:       63360 kB
DirectMap2M:     2033664 kB


CPU:total 2 (2 cores per cpu, 1 threads per core) family 6 model 23 stepping 10, cmov, cx8, fxsr, mmx, sse, sse2, sse3, ssse3, sse4.1, tsc, tscinvbit

/proc/cpuinfo:
processor	: 0
vendor_id	: GenuineIntel
cpu family	: 6
model		: 23
model name	: Intel(R) Core(TM)2 Duo CPU     P8600  @ 2.40GHz
stepping	: 10
microcode	: 0xa0c
cpu MHz		: 2401.000
cache size	: 3072 KB
physical id	: 0
siblings	: 2
core id		: 0
cpu cores	: 2
apicid		: 0
initial apicid	: 0
fpu		: yes
fpu_exception	: yes
cpuid level	: 13
wp		: yes
flags		: fpu vme de pse tsc msr pae mce cx8 apic sep mtrr pge mca cmov pat pse36 clflush dts mmx fxsr sse sse2 ss ht syscall nx lm constant_tsc arch_perfmon pebs bts nopl xtopology tsc_reliable nonstop_tsc aperfmperf pni ssse3 cx16 sse4_1 x2apic xsave hypervisor lahf_lm ida dtherm
bogomips	: 4802.00
clflush size	: 64
cache_alignment	: 64
address sizes	: 40 bits physical, 48 bits virtual
power management:

processor	: 1
vendor_id	: GenuineIntel
cpu family	: 6
model		: 23
model name	: Intel(R) Core(TM)2 Duo CPU     P8600  @ 2.40GHz
stepping	: 10
microcode	: 0xa0c
cpu MHz		: 2401.000
cache size	: 3072 KB
physical id	: 0
siblings	: 2
core id		: 1
cpu cores	: 2
apicid		: 1
initial apicid	: 1
fpu		: yes
fpu_exception	: yes
cpuid level	: 13
wp		: yes
flags		: fpu vme de pse tsc msr pae mce cx8 apic sep mtrr pge mca cmov pat pse36 clflush dts mmx fxsr sse sse2 ss ht syscall nx lm constant_tsc arch_perfmon pebs bts nopl xtopology tsc_reliable nonstop_tsc aperfmperf pni ssse3 cx16 sse4_1 x2apic xsave hypervisor lahf_lm ida dtherm
bogomips	: 4802.00
clflush size	: 64
cache_alignment	: 64
address sizes	: 40 bits physical, 48 bits virtual
power management:



Memory: 4k page, physical 2043132k(360648k free), swap 2094076k(1964304k free)

vm_info: OpenJDK 64-Bit Server VM (23.7-b01) for linux-amd64 JRE (1.7.0_25-b30), built on Oct 11 2013 18:04:12 by "buildd" with gcc 4.8.1

time: Wed Jan 29 03:29:20 2014
elapsed time: 165 seconds

