#
# A fatal error has been detected by the Java Runtime Environment:
#
#  SIGSEGV (0xb) at pc=0x00007fec4bd29aaf, pid=44332, tid=140653080676096
#
# JRE version: 7.0_25-b30
# Java VM: OpenJDK 64-Bit Server VM (23.7-b01 mixed mode linux-amd64 compressed oops)
# Problematic frame:
# C  [libNiTE2.so+0x3e5aaf]  NHAHandTrackerBase::StepToConvergence(NADepthMapContainer const&)+0x13f
#
# Failed to write core dump. Core dumps have been disabled. To enable core dumping, try "ulimit -c unlimited" before starting Java again
#
# If you would like to submit a bug report, please include
# instructions on how to reproduce the bug and visit:
#   https://bugs.launchpad.net/ubuntu/+source/openjdk-7/
# The crash happened outside the Java Virtual Machine in native code.
# See problematic frame for where to report the bug.
#

---------------  T H R E A D  ---------------

Current thread (0x00007fec904ac000):  JavaThread "Animation Thread" [_thread_in_native, id=44355, stack(0x00007fec58d90000,0x00007fec58e91000)]

siginfo:si_signo=SIGSEGV: si_errno=0, si_code=1 (SEGV_MAPERR), si_addr=0x00007fea368f4ea0

Registers:
RAX=0x0000000000000002, RBX=0x00007fec367deb90, RCX=0x0000000080000001, RDX=0x0000000080000000
RSP=0x00007fec58e8d570, RBP=0x0000000000000002, RSI=0x00007fec368f4ea0, RDI=0xffffffff80000000
R8 =0x0000000000000001, R9 =0x0000000080000000, R10=0x0000000000000000, R11=0x0000000000000000
R12=0x00007fec362e2038, R13=0x00007fec367e0720, R14=0x00007fec362e2038, R15=0x000000000000002c
RIP=0x00007fec4bd29aaf, EFLAGS=0x0000000000010a83, CSGSFS=0x0000000000000033, ERR=0x0000000000000004
  TRAPNO=0x000000000000000e

Top of Stack: (sp=0x00007fec58e8d570)
0x00007fec58e8d570:   ffc00000ffc00000 42c80000ffc00000
0x00007fec58e8d580:   00007fec367deb90 00007fec367deb90
0x00007fec58e8d590:   00007fec362e2038 00007fec4bd2a0fd
0x00007fec58e8d5a0:   00007fec58e8d688 026d000000000021
0x00007fec58e8d5b0:   00007fec58e8d684 00007fec58e8d68c
0x00007fec58e8d5c0:   bfefffffffffffde be7777a5cf72cec6
0x00007fec58e8d5d0:   42c8000000000038 00007fec4bffdfa0
0x00007fec58e8d5e0:   00007fec58e8df50 0000000000000000
0x00007fec58e8d5f0:   000000000000004e 000000000000001b
0x00007fec58e8d600:   0000000000000077 00007fec4ba0a8ce
0x00007fec58e8d610:   00007fec58e8d640 0000000000000000
0x00007fec58e8d620:   4214000142700000 00007fec58e8d6f8
0x00007fec58e8d630:   0000000000000000 00007fec964cf782
0x00007fec58e8d640:   4294000041800000 00007fec4bffdfa0
0x00007fec58e8d650:   000000000000009f 00007fec4ba09ccc
0x00007fec58e8d660:   000002d042a20000 00000000000002e2
0x00007fec58e8d670:   0000000042cc0000 00007fec4ba0a2a8
0x00007fec58e8d680:   000000004bffdfa0 0000000158e8df50
0x00007fec58e8d690:   00007fec4bffdfa0 00007fec58e8df50
0x00007fec58e8d6a0:   000000000000003c 00007fec4ba0acfe
0x00007fec58e8d6b0:   00007fec58e8d6f0 4437800042ee0000
0x00007fec58e8d6c0:   0000000000000000 0000000000000b78
0x00007fec58e8d6d0:   0000000000000000 0000000100000000
0x00007fec58e8d6e0:   00007fec4bffdfa0 00007fec4ba0af07
0x00007fec58e8d6f0:   000000770000007a 02e2007900000001
0x00007fec58e8d700:   42ee000042740000 00007fec4bffdfa0
0x00007fec58e8d710:   0000000000000220 0000000000000008
0x00007fec58e8d720:   0000000000000001 0000000000000000
0x00007fec58e8d730:   0000000000000000 0000000000000000
0x00007fec58e8d740:   0000003800000020 0000006e0000005c
0x00007fec58e8d750:   0000007c00000077 00007fec58e8d770
0x00007fec58e8d760:   000002d000000000 000002d000000000 

Instructions: (pc=0x00007fec4bd29aaf)
0x00007fec4bd29a8f:   2a c2 8b 93 84 00 00 00 48 63 fa f3 0f 11 83 30
0x00007fec4bd29a9f:   14 00 00 f3 0f 2a 43 74 f3 0f 5c c8 f3 0f 2a c1
0x00007fec4bd29aaf:   f3 0f 10 14 be f3 0f 59 ca f3 0f 11 8b 38 14 00
0x00007fec4bd29abf:   00 f3 0f 5c c3 f3 0f 59 c2 f3 0f 11 83 34 14 00 

Register to memory mapping:

RAX=0x0000000000000002 is an unknown value
RBX=0x00007fec367deb90 is an unknown value
RCX=0x0000000080000001 is an unknown value
RDX=0x0000000080000000 is an unknown value
RSP=0x00007fec58e8d570 is pointing into the stack for thread: 0x00007fec904ac000
RBP=0x0000000000000002 is an unknown value
RSI=0x00007fec368f4ea0 is an unknown value
RDI=0xffffffff80000000 is an unknown value
R8 =0x0000000000000001 is an unknown value
R9 =0x0000000080000000 is an unknown value
R10=0x0000000000000000 is an unknown value
R11=0x0000000000000000 is an unknown value
R12=0x00007fec362e2038 is an unknown value
R13=0x00007fec367e0720 is an unknown value
R14=0x00007fec362e2038 is an unknown value
R15=0x000000000000002c is an unknown value


Stack: [0x00007fec58d90000,0x00007fec58e91000],  sp=0x00007fec58e8d570,  free space=1013k
Native frames: (J=compiled Java code, j=interpreted, Vv=VM code, C=native code)
C  [libNiTE2.so+0x3e5aaf]  NHAHandTrackerBase::StepToConvergence(NADepthMapContainer const&)+0x13f

Java frames: (J=compiled Java code, j=interpreted, Vv=VM code)
j  SimpleOpenNI.SimpleOpenNIJNI.ContextWrapper_updateSwigExplicitContextWrapper(JLSimpleOpenNI/ContextWrapper;)V+0
j  SimpleOpenNI.ContextWrapper.update()V+26
j  SimpleOpenNI.SimpleOpenNI.update()V+1
j  KinectController.update()Z+4
j  ClimbOrDie.draw()V+4
j  processing.core.PApplet.handleDraw()V+281
j  processing.core.PGraphicsJava2D.requestDraw()V+4
j  processing.core.PApplet.run()V+179
j  java.lang.Thread.run()V+11
v  ~StubRoutines::call_stub

---------------  P R O C E S S  ---------------

Java Threads: ( => current thread )
  0x00007fec90009000 JavaThread "DestroyJavaVM" [_thread_blocked, id=44336, stack(0x00007fec9849a000,0x00007fec9859b000)]
=>0x00007fec904ac000 JavaThread "Animation Thread" [_thread_in_native, id=44355, stack(0x00007fec58d90000,0x00007fec58e91000)]
  0x00007fec4c008800 JavaThread "AWT-EventQueue-0" [_thread_blocked, id=44354, stack(0x00007fec58e91000,0x00007fec58f92000)]
  0x00007fec9048e800 JavaThread "AWT-Shutdown" [_thread_blocked, id=44353, stack(0x00007fec58f92000,0x00007fec59093000)]
  0x00007fec90482800 JavaThread "Image Fetcher 2" daemon [_thread_blocked, id=44352, stack(0x00007fec59093000,0x00007fec59194000)]
  0x00007fec90481000 JavaThread "Image Fetcher 1" daemon [_thread_blocked, id=44351, stack(0x00007fec59194000,0x00007fec59295000)]
  0x00007fec9047f800 JavaThread "Image Fetcher 0" daemon [_thread_blocked, id=44350, stack(0x00007fec59295000,0x00007fec59396000)]
  0x00007fec903cb000 JavaThread "AWT-XAWT" daemon [_thread_in_native, id=44349, stack(0x00007fec59396000,0x00007fec59497000)]
  0x00007fec90380800 JavaThread "Java2D Disposer" daemon [_thread_blocked, id=44348, stack(0x00007fec600be000,0x00007fec601bf000)]
  0x00007fec9010f000 JavaThread "Service Thread" daemon [_thread_blocked, id=44346, stack(0x00007fec8a027000,0x00007fec8a128000)]
  0x00007fec9010c800 JavaThread "C2 CompilerThread1" daemon [_thread_blocked, id=44345, stack(0x00007fec8a128000,0x00007fec8a229000)]
  0x00007fec90109800 JavaThread "C2 CompilerThread0" daemon [_thread_blocked, id=44344, stack(0x00007fec8a229000,0x00007fec8a32a000)]
  0x00007fec90107800 JavaThread "Signal Dispatcher" daemon [_thread_blocked, id=44343, stack(0x00007fec8a32a000,0x00007fec8a42b000)]
  0x00007fec900ae000 JavaThread "Finalizer" daemon [_thread_blocked, id=44342, stack(0x00007fec8adf8000,0x00007fec8aef9000)]
  0x00007fec900ab800 JavaThread "Reference Handler" daemon [_thread_blocked, id=44341, stack(0x00007fec8aef9000,0x00007fec8affa000)]

Other Threads:
  0x00007fec900a3800 VMThread [stack: 0x00007fec8affa000,0x00007fec8b0fb000] [id=44340]
  0x00007fec90119800 WatcherThread [stack: 0x00007fec89f26000,0x00007fec8a027000] [id=44347]

VM state:not at safepoint (normal execution)

VM Mutex/Monitor currently owned by a thread: None

Heap
 PSYoungGen      total 56768K, used 30188K [0x00000000f2200000, 0x00000000f6e10000, 0x0000000100000000)
  eden space 42624K, 37% used [0x00000000f2200000,0x00000000f31b1ee8,0x00000000f4ba0000)
  from space 14144K, 99% used [0x00000000f5c10000,0x00000000f69d9258,0x00000000f69e0000)
  to   space 16832K, 0% used [0x00000000f4ba0000,0x00000000f4ba0000,0x00000000f5c10000)
 ParOldGen       total 118720K, used 108299K [0x00000000d6600000, 0x00000000dd9f0000, 0x00000000f2200000)
  object space 118720K, 91% used [0x00000000d6600000,0x00000000dcfc2f18,0x00000000dd9f0000)
 PSPermGen       total 21248K, used 11573K [0x00000000cc000000, 0x00000000cd4c0000, 0x00000000d6600000)
  object space 21248K, 54% used [0x00000000cc000000,0x00000000ccb4d6a8,0x00000000cd4c0000)

Card table byte_map: [0x00007fec95065000,0x00007fec95206000] byte_map_base: 0x00007fec94a05000

Polling page: 0x00007fec985b3000

Code Cache  [0x00007fec8d000000, 0x00007fec8d270000, 0x00007fec90000000)
 total_blobs=550 nmethods=71 adapters=431 free_code_cache=48440Kb largest_free_block=49590464

Compilation events (10 events):
Event: 6,882 Thread 0x00007fec90109800   61             java.lang.StrictMath::floor (12 bytes)
Event: 6,883 Thread 0x00007fec90109800 nmethod 61 0x00007fec8d0aeed0 code [0x00007fec8d0af040, 0x00007fec8d0af118]
Event: 6,887 Thread 0x00007fec9010c800   62             java.util.WeakHashMap::get (77 bytes)
Event: 6,892 Thread 0x00007fec9010c800 nmethod 62 0x00007fec8d0af6d0 code [0x00007fec8d0af840, 0x00007fec8d0afae8]
Event: 7,189 Thread 0x00007fec9010c800   63   !         sun.java2d.pipe.DrawImage::renderImageXform (773 bytes)
Event: 7,218 Thread 0x00007fec9010c800 nmethod 63 0x00007fec8d0b1990 code [0x00007fec8d0b1d00, 0x00007fec8d0b31c0]
Event: 7,934 Thread 0x00007fec90109800   64             sun.java2d.SunGraphics2D::validateBasicStroke (332 bytes)
Event: 7,934 Thread 0x00007fec9010c800   65             sun.java2d.SunGraphics2D::invalidateTransform (226 bytes)
Event: 7,940 Thread 0x00007fec90109800 nmethod 64 0x00007fec8d0ad690 code [0x00007fec8d0ad8a0, 0x00007fec8d0add90]
Event: 7,943 Thread 0x00007fec9010c800 nmethod 65 0x00007fec8d0acf10 code [0x00007fec8d0ad0c0, 0x00007fec8d0ad4b8]

GC Heap History (10 events):
Event: 3,424 GC heap before
{Heap before GC invocations=5 (full 1):
 PSYoungGen      total 9344K, used 7645K [0x00000000f2200000, 0x00000000f3440000, 0x0000000100000000)
  eden space 8064K, 94% used [0x00000000f2200000,0x00000000f2977738,0x00000000f29e0000)
  from space 1280K, 0% used [0x00000000f29e0000,0x00000000f29e0000,0x00000000f2b20000)
  to   space 1280K, 0% used [0x00000000f3300000,0x00000000f3300000,0x00000000f3440000)
 ParOldGen       total 38848K, used 19002K [0x00000000d6600000, 0x00000000d8bf0000, 0x00000000f2200000)
  object space 38848K, 48% used [0x00000000d6600000,0x00000000d788e858,0x00000000d8bf0000)
 PSPermGen       total 21248K, used 10570K [0x00000000cc000000, 0x00000000cd4c0000, 0x00000000d6600000)
  object space 21248K, 49% used [0x00000000cc000000,0x00000000cca52b58,0x00000000cd4c0000)
Event: 3,439 GC heap after
Heap after GC invocations=5 (full 1):
 PSYoungGen      total 16064K, used 1272K [0x00000000f2200000, 0x00000000f3440000, 0x0000000100000000)
  eden space 14784K, 0% used [0x00000000f2200000,0x00000000f2200000,0x00000000f3070000)
  from space 1280K, 99% used [0x00000000f3300000,0x00000000f343e230,0x00000000f3440000)
  to   space 1280K, 0% used [0x00000000f31c0000,0x00000000f31c0000,0x00000000f3300000)
 ParOldGen       total 38848K, used 22313K [0x00000000d6600000, 0x00000000d8bf0000, 0x00000000f2200000)
  object space 38848K, 57% used [0x00000000d6600000,0x00000000d7bca5d8,0x00000000d8bf0000)
 PSPermGen       total 21248K, used 10570K [0x00000000cc000000, 0x00000000cd4c0000, 0x00000000d6600000)
  object space 21248K, 49% used [0x00000000cc000000,0x00000000cca52b58,0x00000000cd4c0000)
}
Event: 3,713 GC heap before
{Heap before GC invocations=6 (full 1):
 PSYoungGen      total 16064K, used 16054K [0x00000000f2200000, 0x00000000f3440000, 0x0000000100000000)
  eden space 14784K, 99% used [0x00000000f2200000,0x00000000f306f980,0x00000000f3070000)
  from space 1280K, 99% used [0x00000000f3300000,0x00000000f343e230,0x00000000f3440000)
  to   space 1280K, 0% used [0x00000000f31c0000,0x00000000f31c0000,0x00000000f3300000)
 ParOldGen       total 65472K, used 48933K [0x00000000d6600000, 0x00000000da5f0000, 0x00000000f2200000)
  object space 65472K, 74% used [0x00000000d6600000,0x00000000d95c94a8,0x00000000da5f0000)
 PSPermGen       total 21248K, used 10577K [0x00000000cc000000, 0x00000000cd4c0000, 0x00000000d6600000)
  object space 21248K, 49% used [0x00000000cc000000,0x00000000cca544c0,0x00000000cd4c0000)
Event: 3,722 GC heap after
Heap after GC invocations=6 (full 1):
 PSYoungGen      total 17408K, used 1228K [0x00000000f2200000, 0x00000000f5390000, 0x0000000100000000)
  eden space 16128K, 0% used [0x00000000f2200000,0x00000000f2200000,0x00000000f31c0000)
  from space 1280K, 96% used [0x00000000f31c0000,0x00000000f32f3340,0x00000000f3300000)
  to   space 12160K, 0% used [0x00000000f47b0000,0x00000000f47b0000,0x00000000f5390000)
 ParOldGen       total 65472K, used 49565K [0x00000000d6600000, 0x00000000da5f0000, 0x00000000f2200000)
  object space 65472K, 75% used [0x00000000d6600000,0x00000000d96676c8,0x00000000da5f0000)
 PSPermGen       total 21248K, used 10577K [0x00000000cc000000, 0x00000000cd4c0000, 0x00000000d6600000)
  object space 21248K, 49% used [0x00000000cc000000,0x00000000cca544c0,0x00000000cd4c0000)
}
Event: 4,318 GC heap before
{Heap before GC invocations=7 (full 1):
 PSYoungGen      total 17408K, used 16503K [0x00000000f2200000, 0x00000000f5390000, 0x0000000100000000)
  eden space 16128K, 94% used [0x00000000f2200000,0x00000000f30eaa00,0x00000000f31c0000)
  from space 1280K, 96% used [0x00000000f31c0000,0x00000000f32f3340,0x00000000f3300000)
  to   space 12160K, 0% used [0x00000000f47b0000,0x00000000f47b0000,0x00000000f5390000)
 ParOldGen       total 92096K, used 76185K [0x00000000d6600000, 0x00000000dbff0000, 0x00000000f2200000)
  object space 92096K, 82% used [0x00000000d6600000,0x00000000db066598,0x00000000dbff0000)
 PSPermGen       total 21248K, used 10580K [0x00000000cc000000, 0x00000000cd4c0000, 0x00000000d6600000)
  object space 21248K, 49% used [0x00000000cc000000,0x00000000cca55360,0x00000000cd4c0000)
Event: 4,323 GC heap after
Heap after GC invocations=7 (full 1):
 PSYoungGen      total 38464K, used 605K [0x00000000f2200000, 0x00000000f5560000, 0x0000000100000000)
  eden space 26304K, 0% used [0x00000000f2200000,0x00000000f2200000,0x00000000f3bb0000)
  from space 12160K, 4% used [0x00000000f47b0000,0x00000000f4847458,0x00000000f5390000)
  to   space 12288K, 0% used [0x00000000f3bb0000,0x00000000f3bb0000,0x00000000f47b0000)
 ParOldGen       total 92096K, used 76185K [0x00000000d6600000, 0x00000000dbff0000, 0x00000000f2200000)
  object space 92096K, 82% used [0x00000000d6600000,0x00000000db066598,0x00000000dbff0000)
 PSPermGen       total 21248K, used 10580K [0x00000000cc000000, 0x00000000cd4c0000, 0x00000000d6600000)
  object space 21248K, 49% used [0x00000000cc000000,0x00000000cca55360,0x00000000cd4c0000)
}
Event: 4,522 GC heap before
{Heap before GC invocations=8 (full 1):
 PSYoungGen      total 38464K, used 26909K [0x00000000f2200000, 0x00000000f5560000, 0x0000000100000000)
  eden space 26304K, 100% used [0x00000000f2200000,0x00000000f3bb0000,0x00000000f3bb0000)
  from space 12160K, 4% used [0x00000000f47b0000,0x00000000f4847458,0x00000000f5390000)
  to   space 12288K, 0% used [0x00000000f3bb0000,0x00000000f3bb0000,0x00000000f47b0000)
 ParOldGen       total 92096K, used 76185K [0x00000000d6600000, 0x00000000dbff0000, 0x00000000f2200000)
  object space 92096K, 82% used [0x00000000d6600000,0x00000000db066598,0x00000000dbff0000)
 PSPermGen       total 21248K, used 10582K [0x00000000cc000000, 0x00000000cd4c0000, 0x00000000d6600000)
  object space 21248K, 49% used [0x00000000cc000000,0x00000000cca55860,0x00000000cd4c0000)
Event: 4,561 GC heap after
Heap after GC invocations=8 (full 1):
 PSYoungGen      total 38592K, used 10490K [0x00000000f2200000, 0x00000000f69e0000, 0x0000000100000000)
  eden space 26304K, 0% used [0x00000000f2200000,0x00000000f2200000,0x00000000f3bb0000)
  from space 12288K, 85% used [0x00000000f3bb0000,0x00000000f45eebc8,0x00000000f47b0000)
  to   space 14144K, 0% used [0x00000000f5c10000,0x00000000f5c10000,0x00000000f69e0000)
 ParOldGen       total 92096K, used 80415K [0x00000000d6600000, 0x00000000dbff0000, 0x00000000f2200000)
  object space 92096K, 87% used [0x00000000d6600000,0x00000000db487f88,0x00000000dbff0000)
 PSPermGen       total 21248K, used 10582K [0x00000000cc000000, 0x00000000cd4c0000, 0x00000000d6600000)
  object space 21248K, 49% used [0x00000000cc000000,0x00000000cca55860,0x00000000cd4c0000)
}
Event: 5,051 GC heap before
{Heap before GC invocations=9 (full 1):
 PSYoungGen      total 38592K, used 36734K [0x00000000f2200000, 0x00000000f69e0000, 0x0000000100000000)
  eden space 26304K, 99% used [0x00000000f2200000,0x00000000f3ba1010,0x00000000f3bb0000)
  from space 12288K, 85% used [0x00000000f3bb0000,0x00000000f45eebc8,0x00000000f47b0000)
  to   space 14144K, 0% used [0x00000000f5c10000,0x00000000f5c10000,0x00000000f69e0000)
 ParOldGen       total 118720K, used 107035K [0x00000000d6600000, 0x00000000dd9f0000, 0x00000000f2200000)
  object space 118720K, 90% used [0x00000000d6600000,0x00000000dce86e58,0x00000000dd9f0000)
 PSPermGen       total 21248K, used 11440K [0x00000000cc000000, 0x00000000cd4c0000, 0x00000000d6600000)
  object space 21248K, 53% used [0x00000000cc000000,0x00000000ccb2c0d8,0x00000000cd4c0000)
Event: 5,081 GC heap after
Heap after GC invocations=9 (full 1):
 PSYoungGen      total 56768K, used 14116K [0x00000000f2200000, 0x00000000f6e10000, 0x0000000100000000)
  eden space 42624K, 0% used [0x00000000f2200000,0x00000000f2200000,0x00000000f4ba0000)
  from space 14144K, 99% used [0x00000000f5c10000,0x00000000f69d9258,0x00000000f69e0000)
  to   space 16832K, 0% used [0x00000000f4ba0000,0x00000000f4ba0000,0x00000000f5c10000)
 ParOldGen       total 118720K, used 108299K [0x00000000d6600000, 0x00000000dd9f0000, 0x00000000f2200000)
  object space 118720K, 91% used [0x00000000d6600000,0x00000000dcfc2f18,0x00000000dd9f0000)
 PSPermGen       total 21248K, used 11440K [0x00000000cc000000, 0x00000000cd4c0000, 0x00000000d6600000)
  object space 21248K, 53% used [0x00000000cc000000,0x00000000ccb2c0d8,0x00000000cd4c0000)
}

Deoptimization events (8 events):
Event: 4,836 Thread 0x00007fec904ac000 Uncommon trap -34 fr.pc 0x00007fec8d098174
Event: 4,843 Thread 0x00007fec90009000 Uncommon trap -34 fr.pc 0x00007fec8d098174
Event: 4,875 Thread 0x00007fec904ac000 Uncommon trap -34 fr.pc 0x00007fec8d098174
Event: 4,896 Thread 0x00007fec904ac000 Uncommon trap -34 fr.pc 0x00007fec8d098174
Event: 4,946 Thread 0x00007fec90009000 Uncommon trap -34 fr.pc 0x00007fec8d0a8328
Event: 4,961 Thread 0x00007fec90009000 Uncommon trap -34 fr.pc 0x00007fec8d0a8328
Event: 4,963 Thread 0x00007fec90009000 Uncommon trap -34 fr.pc 0x00007fec8d0a8328
Event: 4,968 Thread 0x00007fec90009000 Uncommon trap -34 fr.pc 0x00007fec8d0a8328

Internal exceptions (10 events):
Event: 0,996 Thread 0x00007fec904ac000 Threw 0x00000000f28dd660 at /build/buildd/openjdk-7-7u25-2.3.12/build/openjdk/hotspot/src/share/vm/prims/jvm.cpp:1235
Event: 1,029 Thread 0x00007fec904ac000 Threw 0x00000000f28f43c8 at /build/buildd/openjdk-7-7u25-2.3.12/build/openjdk/hotspot/src/share/vm/prims/jvm.cpp:1235
Event: 1,032 Thread 0x00007fec904ac000 Threw 0x00000000f2902448 at /build/buildd/openjdk-7-7u25-2.3.12/build/openjdk/hotspot/src/share/vm/prims/jvm.cpp:1235
Event: 1,034 Thread 0x00007fec904ac000 Threw 0x00000000f2907950 at /build/buildd/openjdk-7-7u25-2.3.12/build/openjdk/hotspot/src/share/vm/prims/jvm.cpp:1235
Event: 1,270 Thread 0x00007fec4c008800 Threw 0x00000000f2659eb8 at /build/buildd/openjdk-7-7u25-2.3.12/build/openjdk/hotspot/src/share/vm/prims/jni.cpp:742
Event: 3,263 Thread 0x00007fec904ac000 Threw 0x00000000f23276c0 at /build/buildd/openjdk-7-7u25-2.3.12/build/openjdk/hotspot/src/share/vm/prims/jvm.cpp:1235
Event: 4,836 Thread 0x00007fec904ac000 Threw 0x00000000f29a6a10 at /build/buildd/openjdk-7-7u25-2.3.12/build/openjdk/hotspot/src/share/vm/prims/jvm.cpp:1235
Event: 4,843 Thread 0x00007fec90009000 Threw 0x00000000f38fa948 at /build/buildd/openjdk-7-7u25-2.3.12/build/openjdk/hotspot/src/share/vm/prims/jvm.cpp:1235
Event: 4,874 Thread 0x00007fec904ac000 Threw 0x00000000f29aa2a8 at /build/buildd/openjdk-7-7u25-2.3.12/build/openjdk/hotspot/src/share/vm/prims/jvm.cpp:1235
Event: 4,895 Thread 0x00007fec904ac000 Threw 0x00000000f39de7c8 at /build/buildd/openjdk-7-7u25-2.3.12/build/openjdk/hotspot/src/share/vm/prims/jvm.cpp:1235

Events (10 events):
Event: 5,106 loading class 0x00007fec904c8510
Event: 5,107 loading class 0x00007fec904c8510 done
Event: 5,113 Executing VM operation: RevokeBias
Event: 5,116 Executing VM operation: RevokeBias done
Event: 5,116 loading class 0x00007fec903ac210
Event: 5,116 loading class 0x00007fec903ac210 done
Event: 5,117 loading class 0x00007fec9032b730
Event: 5,117 loading class 0x00007fec9032b730 done
Event: 5,118 Thread 0x00007fec90009000 Thread exited: 0x00007fec90009000
Event: 5,118 Thread 0x00007fec90009000 Thread added: 0x00007fec90009000


Dynamic libraries:
00400000-00401000 r-xp 00000000 08:01 136675                             /usr/lib/jvm/java-7-openjdk-amd64/jre/bin/java
00600000-00601000 r--p 00000000 08:01 136675                             /usr/lib/jvm/java-7-openjdk-amd64/jre/bin/java
00601000-00602000 rw-p 00001000 08:01 136675                             /usr/lib/jvm/java-7-openjdk-amd64/jre/bin/java
0228a000-02341000 rw-p 00000000 00:00 0                                  [heap]
cc000000-cd4c0000 rw-p 00000000 00:00 0 
cd4c0000-d6600000 rw-p 00000000 00:00 0 
d6600000-dd9f0000 rw-p 00000000 00:00 0 
dd9f0000-f2200000 rw-p 00000000 00:00 0 
f2200000-f6e10000 rw-p 00000000 00:00 0 
f6e10000-100000000 rw-p 00000000 00:00 0 
7fec2c000000-7fec2c8b1000 rw-p 00000000 00:00 0 
7fec2c8b1000-7fec30000000 ---p 00000000 00:00 0 
7fec32e6e000-7fec32e7e000 r-xp 00000000 08:01 136615                     /usr/lib/jvm/java-7-openjdk-amd64/jre/lib/amd64/libnio.so
7fec32e7e000-7fec3307d000 ---p 00010000 08:01 136615                     /usr/lib/jvm/java-7-openjdk-amd64/jre/lib/amd64/libnio.so
7fec3307d000-7fec3307e000 r--p 0000f000 08:01 136615                     /usr/lib/jvm/java-7-openjdk-amd64/jre/lib/amd64/libnio.so
7fec3307e000-7fec3307f000 rw-p 00010000 08:01 136615                     /usr/lib/jvm/java-7-openjdk-amd64/jre/lib/amd64/libnio.so
7fec3307f000-7fec33095000 r-xp 00000000 08:01 136623                     /usr/lib/jvm/java-7-openjdk-amd64/jre/lib/amd64/libnet.so
7fec33095000-7fec33294000 ---p 00016000 08:01 136623                     /usr/lib/jvm/java-7-openjdk-amd64/jre/lib/amd64/libnet.so
7fec33294000-7fec33295000 r--p 00015000 08:01 136623                     /usr/lib/jvm/java-7-openjdk-amd64/jre/lib/amd64/libnet.so
7fec33295000-7fec33296000 rw-p 00016000 08:01 136623                     /usr/lib/jvm/java-7-openjdk-amd64/jre/lib/amd64/libnet.so
7fec33296000-7fec332e2000 r-xp 00000000 08:01 136637                     /usr/lib/jvm/java-7-openjdk-amd64/jre/lib/amd64/libfontmanager.so
7fec332e2000-7fec334e1000 ---p 0004c000 08:01 136637                     /usr/lib/jvm/java-7-openjdk-amd64/jre/lib/amd64/libfontmanager.so
7fec334e1000-7fec334e4000 r--p 0004b000 08:01 136637                     /usr/lib/jvm/java-7-openjdk-amd64/jre/lib/amd64/libfontmanager.so
7fec334e4000-7fec334e5000 rw-p 0004e000 08:01 136637                     /usr/lib/jvm/java-7-openjdk-amd64/jre/lib/amd64/libfontmanager.so
7fec334e5000-7fec33612000 rw-p 00000000 00:00 0 
7fec33612000-7fec337ff000 rw-s 00000000 00:04 1522991114                 /SYSV00000000 (deleted)
7fec337ff000-7fec33800000 ---p 00000000 00:00 0 
7fec33800000-7fec34000000 rw-p 00000000 00:00 0                          [stack:44366]
7fec34000000-7fec37f90000 rw-p 00000000 00:00 0 
7fec37f90000-7fec38000000 ---p 00000000 00:00 0 
7fec380f3000-7fec4050c000 rw-p 00000000 00:00 0 
7fec4050c000-7fec4050d000 ---p 00000000 00:00 0 
7fec4050d000-7fec417fa000 rw-p 00000000 00:00 0                          [stack:44365]
7fec417fa000-7fec417fb000 ---p 00000000 00:00 0 
7fec417fb000-7fec41ffb000 rw-p 00000000 00:00 0                          [stack:44364]
7fec41ffb000-7fec41ffc000 ---p 00000000 00:00 0 
7fec41ffc000-7fec427fc000 rw-p 00000000 00:00 0                          [stack:44363]
7fec427fc000-7fec427fd000 ---p 00000000 00:00 0 
7fec427fd000-7fec437ff000 rw-p 00000000 00:00 0 
7fec437ff000-7fec43800000 ---p 00000000 00:00 0 
7fec43800000-7fec44000000 rw-p 00000000 00:00 0                          [stack:44361]
7fec44000000-7fec440a8000 rw-p 00000000 00:00 0 
7fec440a8000-7fec48000000 ---p 00000000 00:00 0 
7fec48035000-7fec48162000 rw-p 00000000 00:00 0 
7fec48162000-7fec48163000 ---p 00000000 00:00 0 
7fec48163000-7fec48963000 rw-p 00000000 00:00 0                          [stack:44360]
7fec48963000-7fec48964000 ---p 00000000 00:00 0 
7fec48964000-7fec49164000 rw-p 00000000 00:00 0                          [stack:44359]
7fec49164000-7fec491bc000 r-xp 00000000 08:01 790477                     /SimpleOpenNI/library/linux64/OpenNI2/Drivers/libPSLink.so
7fec491bc000-7fec493bc000 ---p 00058000 08:01 790477                     /SimpleOpenNI/library/linux64/OpenNI2/Drivers/libPSLink.so
7fec493bc000-7fec493c1000 r--p 00058000 08:01 790477                     /SimpleOpenNI/library/linux64/OpenNI2/Drivers/libPSLink.so
7fec493c1000-7fec493c2000 rw-p 0005d000 08:01 790477                     /SimpleOpenNI/library/linux64/OpenNI2/Drivers/libPSLink.so
7fec493c2000-7fec493c3000 rw-p 00000000 00:00 0 
7fec493c3000-7fec493c4000 ---p 00000000 00:00 0 
7fec493c4000-7fec49bc4000 rw-p 00000000 00:00 0                          [stack:44358]
7fec49bc4000-7fec49c6e000 r-xp 00000000 08:01 790476                     /SimpleOpenNI/library/linux64/OpenNI2/Drivers/libPS1080.so
7fec49c6e000-7fec49e6d000 ---p 000aa000 08:01 790476                     /SimpleOpenNI/library/linux64/OpenNI2/Drivers/libPS1080.so
7fec49e6d000-7fec49e72000 r--p 000a9000 08:01 790476                     /SimpleOpenNI/library/linux64/OpenNI2/Drivers/libPS1080.so
7fec49e72000-7fec49e76000 rw-p 000ae000 08:01 790476                     /SimpleOpenNI/library/linux64/OpenNI2/Drivers/libPS1080.so
7fec49e76000-7fec49e97000 rw-p 00000000 00:00 0 
7fec49e97000-7fec49ee1000 r-xp 00000000 08:01 790479                     /SimpleOpenNI/library/linux64/OpenNI2/Drivers/libOniFile.so
7fec49ee1000-7fec4a0e0000 ---p 0004a000 08:01 790479                     /SimpleOpenNI/library/linux64/OpenNI2/Drivers/libOniFile.so
7fec4a0e0000-7fec4a0e2000 r--p 00049000 08:01 790479                     /SimpleOpenNI/library/linux64/OpenNI2/Drivers/libOniFile.so
7fec4a0e2000-7fec4a0e3000 rw-p 0004b000 08:01 790479                     /SimpleOpenNI/library/linux64/OpenNI2/Drivers/libOniFile.so
7fec4a0e3000-7fec4a103000 rw-p 00000000 00:00 0 
7fec4a103000-7fec4a10e000 r-xp 00000000 08:01 790478                     /SimpleOpenNI/library/linux64/OpenNI2/Drivers/libfreenect.so
7fec4a10e000-7fec4a30d000 ---p 0000b000 08:01 790478                     /SimpleOpenNI/library/linux64/OpenNI2/Drivers/libfreenect.so
7fec4a30d000-7fec4a30e000 r--p 0000a000 08:01 790478                     /SimpleOpenNI/library/linux64/OpenNI2/Drivers/libfreenect.so
7fec4a30e000-7fec4a30f000 rw-p 0000b000 08:01 790478                     /SimpleOpenNI/library/linux64/OpenNI2/Drivers/libfreenect.so
7fec4a30f000-7fec4a310000 ---p 00000000 00:00 0 
7fec4a310000-7fec4ab10000 rw-p 00000000 00:00 0 
7fec4ab10000-7fec4ab11000 ---p 00000000 00:00 0 
7fec4ab11000-7fec4b311000 rw-p 00000000 00:00 0                          [stack:44356]
7fec4b311000-7fec4b321000 r-xp 00000000 08:01 263158                     /lib/x86_64-linux-gnu/libudev.so.1.3.5
7fec4b321000-7fec4b520000 ---p 00010000 08:01 263158                     /lib/x86_64-linux-gnu/libudev.so.1.3.5
7fec4b520000-7fec4b521000 r--p 0000f000 08:01 263158                     /lib/x86_64-linux-gnu/libudev.so.1.3.5
7fec4b521000-7fec4b522000 rw-p 00010000 08:01 263158                     /lib/x86_64-linux-gnu/libudev.so.1.3.5
7fec4b522000-7fec4b537000 r-xp 00000000 08:01 263209                     /lib/x86_64-linux-gnu/libusb-1.0.so.0.1.0
7fec4b537000-7fec4b736000 ---p 00015000 08:01 263209                     /lib/x86_64-linux-gnu/libusb-1.0.so.0.1.0
7fec4b736000-7fec4b737000 r--p 00014000 08:01 263209                     /lib/x86_64-linux-gnu/libusb-1.0.so.0.1.0
7fec4b737000-7fec4b738000 rw-p 00015000 08:01 263209                     /lib/x86_64-linux-gnu/libusb-1.0.so.0.1.0
7fec4b738000-7fec4b743000 r-xp 00000000 08:01 790482                     /SimpleOpenNI/library/linux64/OpenNI2/Drivers/libfreenect.so.0.1
7fec4b743000-7fec4b942000 ---p 0000b000 08:01 790482                     /SimpleOpenNI/library/linux64/OpenNI2/Drivers/libfreenect.so.0.1
7fec4b942000-7fec4b943000 r--p 0000a000 08:01 790482                     /SimpleOpenNI/library/linux64/OpenNI2/Drivers/libfreenect.so.0.1
7fec4b943000-7fec4b944000 rw-p 0000b000 08:01 790482                     /SimpleOpenNI/library/linux64/OpenNI2/Drivers/libfreenect.so.0.1
7fec4b944000-7fec4bdeb000 r-xp 00000000 08:01 790486                     /SimpleOpenNI/library/linux64/libNiTE2.so
7fec4bdeb000-7fec4bfea000 ---p 004a7000 08:01 790486                     /SimpleOpenNI/library/linux64/libNiTE2.so
7fec4bfea000-7fec4bff6000 r--p 004a6000 08:01 790486                     /SimpleOpenNI/library/linux64/libNiTE2.so
7fec4bff6000-7fec4bff8000 rw-p 004b2000 08:01 790486                     /SimpleOpenNI/library/linux64/libNiTE2.so
7fec4bff8000-7fec4c000000 rw-p 00000000 00:00 0 
7fec4c000000-7fec50000000 rw-p 00000000 00:00 0 
7fec50000000-7fec501eb000 rw-p 00000000 00:00 0 
7fec501eb000-7fec54000000 ---p 00000000 00:00 0 
7fec54000000-7fec54021000 rw-p 00000000 00:00 0 
7fec54021000-7fec58000000 ---p 00000000 00:00 0 
7fec58078000-7fec5808f000 r-xp 00000000 08:01 790480                     /SimpleOpenNI/library/linux64/OpenNI2/Drivers/libFreenectDriver.so
7fec5808f000-7fec5828f000 ---p 00017000 08:01 790480                     /SimpleOpenNI/library/linux64/OpenNI2/Drivers/libFreenectDriver.so
7fec5828f000-7fec58290000 r--p 00017000 08:01 790480                     /SimpleOpenNI/library/linux64/OpenNI2/Drivers/libFreenectDriver.so
7fec58290000-7fec58291000 rw-p 00018000 08:01 790480                     /SimpleOpenNI/library/linux64/OpenNI2/Drivers/libFreenectDriver.so
7fec58291000-7fec58295000 rw-p 0001f000 08:01 790480                     /SimpleOpenNI/library/linux64/OpenNI2/Drivers/libFreenectDriver.so
7fec58295000-7fec582ab000 r-xp 00000000 08:01 790481                     /SimpleOpenNI/library/linux64/OpenNI2/Drivers/libDummyDevice.so
7fec582ab000-7fec584ab000 ---p 00016000 08:01 790481                     /SimpleOpenNI/library/linux64/OpenNI2/Drivers/libDummyDevice.so
7fec584ab000-7fec584ac000 r--p 00016000 08:01 790481                     /SimpleOpenNI/library/linux64/OpenNI2/Drivers/libDummyDevice.so
7fec584ac000-7fec584ad000 rw-p 00017000 08:01 790481                     /SimpleOpenNI/library/linux64/OpenNI2/Drivers/libDummyDevice.so
7fec584ad000-7fec584b0000 r-xp 00000000 08:01 7119                       /usr/lib/libboost_system.so.1.54.0
7fec584b0000-7fec586af000 ---p 00003000 08:01 7119                       /usr/lib/libboost_system.so.1.54.0
7fec586af000-7fec586b0000 r--p 00002000 08:01 7119                       /usr/lib/libboost_system.so.1.54.0
7fec586b0000-7fec586b1000 rw-p 00003000 08:01 7119                       /usr/lib/libboost_system.so.1.54.0
7fec586b1000-7fec58709000 r-xp 00000000 08:01 790484                     /SimpleOpenNI/library/linux64/libOpenNI2.so
7fec58709000-7fec58909000 ---p 00058000 08:01 790484                     /SimpleOpenNI/library/linux64/libOpenNI2.so
7fec58909000-7fec5890b000 r--p 00058000 08:01 790484                     /SimpleOpenNI/library/linux64/libOpenNI2.so
7fec5890b000-7fec5890c000 rw-p 0005a000 08:01 790484                     /SimpleOpenNI/library/linux64/libOpenNI2.so
7fec5890c000-7fec5892d000 rw-p 00000000 00:00 0 
7fec5892d000-7fec58945000 r-xp 00000000 08:01 790485                     /SimpleOpenNI/library/linux64/libboost_thread.so.1.54.0
7fec58945000-7fec58b44000 ---p 00018000 08:01 790485                     /SimpleOpenNI/library/linux64/libboost_thread.so.1.54.0
7fec58b44000-7fec58b46000 r--p 00017000 08:01 790485                     /SimpleOpenNI/library/linux64/libboost_thread.so.1.54.0
7fec58b46000-7fec58b47000 rw-p 00019000 08:01 790485                     /SimpleOpenNI/library/linux64/libboost_thread.so.1.54.0
7fec58b47000-7fec58b8d000 r-xp 00000000 08:01 790488                     /SimpleOpenNI/library/libSimpleOpenNI64.so
7fec58b8d000-7fec58d8c000 ---p 00046000 08:01 790488                     /SimpleOpenNI/library/libSimpleOpenNI64.so
7fec58d8c000-7fec58d8e000 r--p 00045000 08:01 790488                     /SimpleOpenNI/library/libSimpleOpenNI64.so
7fec58d8e000-7fec58d90000 rw-p 00047000 08:01 790488                     /SimpleOpenNI/library/libSimpleOpenNI64.so
7fec58d90000-7fec58d93000 ---p 00000000 00:00 0 
7fec58d93000-7fec58e91000 rw-p 00000000 00:00 0                          [stack:44355]
7fec58e91000-7fec58e94000 ---p 00000000 00:00 0 
7fec58e94000-7fec58f92000 rw-p 00000000 00:00 0                          [stack:44354]
7fec58f92000-7fec58f95000 ---p 00000000 00:00 0 
7fec58f95000-7fec59093000 rw-p 00000000 00:00 0                          [stack:44353]
7fec59093000-7fec59096000 ---p 00000000 00:00 0 
7fec59096000-7fec59194000 rw-p 00000000 00:00 0                          [stack:44352]
7fec59194000-7fec59197000 ---p 00000000 00:00 0 
7fec59197000-7fec59295000 rw-p 00000000 00:00 0                          [stack:44351]
7fec59295000-7fec59298000 ---p 00000000 00:00 0 
7fec59298000-7fec59396000 rw-p 00000000 00:00 0                          [stack:44350]
7fec59396000-7fec59399000 ---p 00000000 00:00 0 
7fec59399000-7fec59497000 rw-p 00000000 00:00 0                          [stack:44349]
7fec59497000-7fec5949b000 r-xp 00000000 08:01 262223                     /lib/x86_64-linux-gnu/libgpg-error.so.0.10.0
7fec5949b000-7fec5969a000 ---p 00004000 08:01 262223                     /lib/x86_64-linux-gnu/libgpg-error.so.0.10.0
7fec5969a000-7fec5969b000 r--p 00003000 08:01 262223                     /lib/x86_64-linux-gnu/libgpg-error.so.0.10.0
7fec5969b000-7fec5969c000 rw-p 00004000 08:01 262223                     /lib/x86_64-linux-gnu/libgpg-error.so.0.10.0
7fec5969c000-7fec5969e000 r-xp 00000000 08:01 262194                     /lib/x86_64-linux-gnu/libkeyutils.so.1.4
7fec5969e000-7fec5989e000 ---p 00002000 08:01 262194                     /lib/x86_64-linux-gnu/libkeyutils.so.1.4
7fec5989e000-7fec5989f000 r--p 00002000 08:01 262194                     /lib/x86_64-linux-gnu/libkeyutils.so.1.4
7fec5989f000-7fec598a0000 rw-p 00003000 08:01 262194                     /lib/x86_64-linux-gnu/libkeyutils.so.1.4
7fec598a0000-7fec598b8000 r-xp 00000000 08:01 574                        /usr/lib/x86_64-linux-gnu/libgraphite2.so.3.0.1
7fec598b8000-7fec59ab7000 ---p 00018000 08:01 574                        /usr/lib/x86_64-linux-gnu/libgraphite2.so.3.0.1
7fec59ab7000-7fec59ab9000 r--p 00017000 08:01 574                        /usr/lib/x86_64-linux-gnu/libgraphite2.so.3.0.1
7fec59ab9000-7fec59aba000 rw-p 00019000 08:01 574                        /usr/lib/x86_64-linux-gnu/libgraphite2.so.3.0.1
7fec59aba000-7fec59afe000 r-xp 00000000 08:01 264136                     /lib/x86_64-linux-gnu/libdbus-1.so.3.7.4
7fec59afe000-7fec59cfd000 ---p 00044000 08:01 264136                     /lib/x86_64-linux-gnu/libdbus-1.so.3.7.4
7fec59cfd000-7fec59cfe000 r--p 00043000 08:01 264136                     /lib/x86_64-linux-gnu/libdbus-1.so.3.7.4
7fec59cfe000-7fec59cff000 rw-p 00044000 08:01 264136                     /lib/x86_64-linux-gnu/libdbus-1.so.3.7.4
7fec59cff000-7fec59d1d000 r-xp 00000000 08:01 5137                       /usr/lib/x86_64-linux-gnu/libp11-kit.so.0.0.0
7fec59d1d000-7fec59f1c000 ---p 0001e000 08:01 5137                       /usr/lib/x86_64-linux-gnu/libp11-kit.so.0.0.0
7fec59f1c000-7fec59f1e000 r--p 0001d000 08:01 5137                       /usr/lib/x86_64-linux-gnu/libp11-kit.so.0.0.0
7fec59f1e000-7fec59f1f000 rw-p 0001f000 08:01 5137                       /usr/lib/x86_64-linux-gnu/libp11-kit.so.0.0.0
7fec59f1f000-7fec59f2f000 r-xp 00000000 08:01 5140                       /usr/lib/x86_64-linux-gnu/libtasn1.so.3.2.0
7fec59f2f000-7fec5a12e000 ---p 00010000 08:01 5140                       /usr/lib/x86_64-linux-gnu/libtasn1.so.3.2.0
7fec5a12e000-7fec5a12f000 r--p 0000f000 08:01 5140                       /usr/lib/x86_64-linux-gnu/libtasn1.so.3.2.0
7fec5a12f000-7fec5a130000 rw-p 00010000 08:01 5140                       /usr/lib/x86_64-linux-gnu/libtasn1.so.3.2.0
7fec5a130000-7fec5a1aa000 r-xp 00000000 08:01 263657                     /lib/x86_64-linux-gnu/libgcrypt.so.11.7.0
7fec5a1aa000-7fec5a3aa000 ---p 0007a000 08:01 263657                     /lib/x86_64-linux-gnu/libgcrypt.so.11.7.0
7fec5a3aa000-7fec5a3ab000 r--p 0007a000 08:01 263657                     /lib/x86_64-linux-gnu/libgcrypt.so.11.7.0
7fec5a3ab000-7fec5a3ae000 rw-p 0007b000 08:01 263657                     /lib/x86_64-linux-gnu/libgcrypt.so.11.7.0
7fec5a3ae000-7fec5a3b5000 r-xp 00000000 08:01 5151                       /usr/lib/x86_64-linux-gnu/libkrb5support.so.0.1
7fec5a3b5000-7fec5a5b4000 ---p 00007000 08:01 5151                       /usr/lib/x86_64-linux-gnu/libkrb5support.so.0.1
7fec5a5b4000-7fec5a5b5000 r--p 00006000 08:01 5151                       /usr/lib/x86_64-linux-gnu/libkrb5support.so.0.1
7fec5a5b5000-7fec5a5b6000 rw-p 00007000 08:01 5151                       /usr/lib/x86_64-linux-gnu/libkrb5support.so.0.1
7fec5a5b6000-7fec5a5b9000 r-xp 00000000 08:01 264316                     /lib/x86_64-linux-gnu/libcom_err.so.2.1
7fec5a5b9000-7fec5a7b8000 ---p 00003000 08:01 264316                     /lib/x86_64-linux-gnu/libcom_err.so.2.1
7fec5a7b8000-7fec5a7b9000 r--p 00002000 08:01 264316                     /lib/x86_64-linux-gnu/libcom_err.so.2.1
7fec5a7b9000-7fec5a7ba000 rw-p 00003000 08:01 264316                     /lib/x86_64-linux-gnu/libcom_err.so.2.1
7fec5a7ba000-7fec5a7e0000 r-xp 00000000 08:01 3543                       /usr/lib/x86_64-linux-gnu/libk5crypto.so.3.1
7fec5a7e0000-7fec5a9df000 ---p 00026000 08:01 3543                       /usr/lib/x86_64-linux-gnu/libk5crypto.so.3.1
7fec5a9df000-7fec5a9e0000 r--p 00025000 08:01 3543                       /usr/lib/x86_64-linux-gnu/libk5crypto.so.3.1
7fec5a9e0000-7fec5a9e1000 rw-p 00026000 08:01 3543                       /usr/lib/x86_64-linux-gnu/libk5crypto.so.3.1
7fec5a9e1000-7fec5a9e2000 rw-p 00000000 00:00 0 
7fec5a9e2000-7fec5aaa7000 r-xp 00000000 08:01 5148                       /usr/lib/x86_64-linux-gnu/libkrb5.so.3.3
7fec5aaa7000-7fec5aca6000 ---p 000c5000 08:01 5148                       /usr/lib/x86_64-linux-gnu/libkrb5.so.3.3
7fec5aca6000-7fec5acb0000 r--p 000c4000 08:01 5148                       /usr/lib/x86_64-linux-gnu/libkrb5.so.3.3
7fec5acb0000-7fec5acb1000 rw-p 000ce000 08:01 5148                       /usr/lib/x86_64-linux-gnu/libkrb5.so.3.3
7fec5acb1000-7fec5acb7000 r-xp 00000000 08:01 8328                       /usr/lib/x86_64-linux-gnu/libdatrie.so.1.2.0
7fec5acb7000-7fec5aeb6000 ---p 00006000 08:01 8328                       /usr/lib/x86_64-linux-gnu/libdatrie.so.1.2.0
7fec5aeb6000-7fec5aeb7000 r--p 00005000 08:01 8328                       /usr/lib/x86_64-linux-gnu/libdatrie.so.1.2.0
7fec5aeb7000-7fec5aeb8000 rw-p 00006000 08:01 8328                       /usr/lib/x86_64-linux-gnu/libdatrie.so.1.2.0
7fec5aeb8000-7fec5af08000 r-xp 00000000 08:01 2852                       /usr/lib/x86_64-linux-gnu/libharfbuzz.so.0.919.0
7fec5af08000-7fec5b108000 ---p 00050000 08:01 2852                       /usr/lib/x86_64-linux-gnu/libharfbuzz.so.0.919.0
7fec5b108000-7fec5b109000 r--p 00050000 08:01 2852                       /usr/lib/x86_64-linux-gnu/libharfbuzz.so.0.919.0
7fec5b109000-7fec5b10a000 rw-p 00051000 08:01 2852                       /usr/lib/x86_64-linux-gnu/libharfbuzz.so.0.919.0
7fec5b10a000-7fec5b112000 r-xp 00000000 08:01 2222                       /usr/lib/x86_64-linux-gnu/libxcb-render.so.0.0.0
7fec5b112000-7fec5b311000 ---p 00008000 08:01 2222                       /usr/lib/x86_64-linux-gnu/libxcb-render.so.0.0.0
7fec5b311000-7fec5b312000 r--p 00007000 08:01 2222                       /usr/lib/x86_64-linux-gnu/libxcb-render.so.0.0.0
7fec5b312000-7fec5b313000 rw-p 00008000 08:01 2222                       /usr/lib/x86_64-linux-gnu/libxcb-render.so.0.0.0
7fec5b313000-7fec5b315000 r-xp 00000000 08:01 2230                       /usr/lib/x86_64-linux-gnu/libxcb-shm.so.0.0.0
7fec5b315000-7fec5b514000 ---p 00002000 08:01 2230                       /usr/lib/x86_64-linux-gnu/libxcb-shm.so.0.0.0
7fec5b514000-7fec5b515000 r--p 00001000 08:01 2230                       /usr/lib/x86_64-linux-gnu/libxcb-shm.so.0.0.0
7fec5b515000-7fec5b516000 rw-p 00002000 08:01 2230                       /usr/lib/x86_64-linux-gnu/libxcb-shm.so.0.0.0
7fec5b516000-7fec5b53b000 r-xp 00000000 08:01 264467                     /lib/x86_64-linux-gnu/libpng12.so.0.49.0
7fec5b53b000-7fec5b73a000 ---p 00025000 08:01 264467                     /lib/x86_64-linux-gnu/libpng12.so.0.49.0
7fec5b73a000-7fec5b73b000 r--p 00024000 08:01 264467                     /lib/x86_64-linux-gnu/libpng12.so.0.49.0
7fec5b73b000-7fec5b73c000 rw-p 00025000 08:01 264467                     /lib/x86_64-linux-gnu/libpng12.so.0.49.0
7fec5b73c000-7fec5b7dd000 r-xp 00000000 08:01 1199                       /usr/lib/x86_64-linux-gnu/libpixman-1.so.0.30.2
7fec5b7dd000-7fec5b9dd000 ---p 000a1000 08:01 1199                       /usr/lib/x86_64-linux-gnu/libpixman-1.so.0.30.2
7fec5b9dd000-7fec5b9e4000 r--p 000a1000 08:01 1199                       /usr/lib/x86_64-linux-gnu/libpixman-1.so.0.30.2
7fec5b9e4000-7fec5b9e5000 rw-p 000a8000 08:01 1199                       /usr/lib/x86_64-linux-gnu/libpixman-1.so.0.30.2
7fec5b9e5000-7fec5b9ea000 r-xp 00000000 08:01 8665                       /usr/lib/x86_64-linux-gnu/libXdmcp.so.6.0.0
7fec5b9ea000-7fec5bbe9000 ---p 00005000 08:01 8665                       /usr/lib/x86_64-linux-gnu/libXdmcp.so.6.0.0
7fec5bbe9000-7fec5bbea000 r--p 00004000 08:01 8665                       /usr/lib/x86_64-linux-gnu/libXdmcp.so.6.0.0
7fec5bbea000-7fec5bbeb000 rw-p 00005000 08:01 8665                       /usr/lib/x86_64-linux-gnu/libXdmcp.so.6.0.0
7fec5bbeb000-7fec5bbed000 r-xp 00000000 08:01 206                        /usr/lib/x86_64-linux-gnu/libXau.so.6.0.0
7fec5bbed000-7fec5bded000 ---p 00002000 08:01 206                        /usr/lib/x86_64-linux-gnu/libXau.so.6.0.0
7fec5bded000-7fec5bdee000 r--p 00002000 08:01 206                        /usr/lib/x86_64-linux-gnu/libXau.so.6.0.0
7fec5bdee000-7fec5bdef000 rw-p 00003000 08:01 206                        /usr/lib/x86_64-linux-gnu/libXau.so.6.0.0
7fec5bdef000-7fec5bdfe000 r-xp 00000000 08:01 130                        /usr/lib/x86_64-linux-gnu/libavahi-client.so.3.2.9
7fec5bdfe000-7fec5bffe000 ---p 0000f000 08:01 130                        /usr/lib/x86_64-linux-gnu/libavahi-client.so.3.2.9
7fec5bffe000-7fec5bfff000 r--p 0000f000 08:01 130                        /usr/lib/x86_64-linux-gnu/libavahi-client.so.3.2.9
7fec5bfff000-7fec5c000000 rw-p 00010000 08:01 130                        /usr/lib/x86_64-linux-gnu/libavahi-client.so.3.2.9
7fec5c000000-7fec5c021000 rw-p 00000000 00:00 0 
7fec5c021000-7fec60000000 ---p 00000000 00:00 0 
7fec60027000-7fec600be000 rw-p 00000000 00:00 0 
7fec600be000-7fec600c1000 ---p 00000000 00:00 0 
7fec600c1000-7fec601bf000 rw-p 00000000 00:00 0                          [stack:44348]
7fec601bf000-7fec601ca000 r-xp 00000000 08:01 128                        /usr/lib/x86_64-linux-gnu/libavahi-common.so.3.5.3
7fec601ca000-7fec603c9000 ---p 0000b000 08:01 128                        /usr/lib/x86_64-linux-gnu/libavahi-common.so.3.5.3
7fec603c9000-7fec603ca000 r--p 0000a000 08:01 128                        /usr/lib/x86_64-linux-gnu/libavahi-common.so.3.5.3
7fec603ca000-7fec603cb000 rw-p 0000b000 08:01 128                        /usr/lib/x86_64-linux-gnu/libavahi-common.so.3.5.3
7fec603cb000-7fec60481000 r-xp 00000000 08:01 5143                       /usr/lib/x86_64-linux-gnu/libgnutls.so.26.22.6
7fec60481000-7fec60681000 ---p 000b6000 08:01 5143                       /usr/lib/x86_64-linux-gnu/libgnutls.so.26.22.6
7fec60681000-7fec60687000 r--p 000b6000 08:01 5143                       /usr/lib/x86_64-linux-gnu/libgnutls.so.26.22.6
7fec60687000-7fec60688000 rw-p 000bc000 08:01 5143                       /usr/lib/x86_64-linux-gnu/libgnutls.so.26.22.6
7fec60688000-7fec60689000 rw-p 00000000 00:00 0 
7fec60689000-7fec606c4000 r-xp 00000000 08:01 3662                       /usr/lib/x86_64-linux-gnu/libgssapi_krb5.so.2.2
7fec606c4000-7fec608c4000 ---p 0003b000 08:01 3662                       /usr/lib/x86_64-linux-gnu/libgssapi_krb5.so.2.2
7fec608c4000-7fec608c5000 r--p 0003b000 08:01 3662                       /usr/lib/x86_64-linux-gnu/libgssapi_krb5.so.2.2
7fec608c5000-7fec608c7000 rw-p 0003c000 08:01 3662                       /usr/lib/x86_64-linux-gnu/libgssapi_krb5.so.2.2
7fec608c7000-7fec60904000 r-xp 00000000 08:01 266403                     /lib/x86_64-linux-gnu/libpcre.so.3.13.1
7fec60904000-7fec60b04000 ---p 0003d000 08:01 266403                     /lib/x86_64-linux-gnu/libpcre.so.3.13.1
7fec60b04000-7fec60b05000 r--p 0003d000 08:01 266403                     /lib/x86_64-linux-gnu/libpcre.so.3.13.1
7fec60b05000-7fec60b06000 rw-p 0003e000 08:01 266403                     /lib/x86_64-linux-gnu/libpcre.so.3.13.1
7fec60b06000-7fec60b0d000 r-xp 00000000 08:01 63                         /usr/lib/x86_64-linux-gnu/libffi.so.6.0.1
7fec60b0d000-7fec60d0c000 ---p 00007000 08:01 63                         /usr/lib/x86_64-linux-gnu/libffi.so.6.0.1
7fec60d0c000-7fec60d0d000 r--p 00006000 08:01 63                         /usr/lib/x86_64-linux-gnu/libffi.so.6.0.1
7fec60d0d000-7fec60d0e000 rw-p 00007000 08:01 63                         /usr/lib/x86_64-linux-gnu/libffi.so.6.0.1
7fec60d0e000-7fec60d35000 r-xp 00000000 08:01 264158                     /lib/x86_64-linux-gnu/libexpat.so.1.6.0
7fec60d35000-7fec60f35000 ---p 00027000 08:01 264158                     /lib/x86_64-linux-gnu/libexpat.so.1.6.0
7fec60f35000-7fec60f37000 r--p 00027000 08:01 264158                     /lib/x86_64-linux-gnu/libexpat.so.1.6.0
7fec60f37000-7fec60f38000 rw-p 00029000 08:01 264158                     /lib/x86_64-linux-gnu/libexpat.so.1.6.0
7fec60f38000-7fec60fd4000 r-xp 00000000 08:01 994                        /usr/lib/x86_64-linux-gnu/libfreetype.so.6.10.1
7fec60fd4000-7fec611d4000 ---p 0009c000 08:01 994                        /usr/lib/x86_64-linux-gnu/libfreetype.so.6.10.1
7fec611d4000-7fec611d9000 r--p 0009c000 08:01 994                        /usr/lib/x86_64-linux-gnu/libfreetype.so.6.10.1
7fec611d9000-7fec611da000 rw-p 000a1000 08:01 994                        /usr/lib/x86_64-linux-gnu/libfreetype.so.6.10.1
7fec611da000-7fec611e2000 r-xp 00000000 08:01 8330                       /usr/lib/x86_64-linux-gnu/libthai.so.0.2.0
7fec611e2000-7fec613e1000 ---p 00008000 08:01 8330                       /usr/lib/x86_64-linux-gnu/libthai.so.0.2.0
7fec613e1000-7fec613e2000 r--p 00007000 08:01 8330                       /usr/lib/x86_64-linux-gnu/libthai.so.0.2.0
7fec613e2000-7fec613e3000 rw-p 00008000 08:01 8330                       /usr/lib/x86_64-linux-gnu/libthai.so.0.2.0
7fec613e3000-7fec613f9000 r-xp 00000000 08:01 265339                     /lib/x86_64-linux-gnu/libresolv-2.17.so
7fec613f9000-7fec615f9000 ---p 00016000 08:01 265339                     /lib/x86_64-linux-gnu/libresolv-2.17.so
7fec615f9000-7fec615fa000 r--p 00016000 08:01 265339                     /lib/x86_64-linux-gnu/libresolv-2.17.so
7fec615fa000-7fec615fb000 rw-p 00017000 08:01 265339                     /lib/x86_64-linux-gnu/libresolv-2.17.so
7fec615fb000-7fec615fd000 rw-p 00000000 00:00 0 
7fec615fd000-7fec6161c000 r-xp 00000000 08:01 263495                     /lib/x86_64-linux-gnu/libselinux.so.1
7fec6161c000-7fec6181c000 ---p 0001f000 08:01 263495                     /lib/x86_64-linux-gnu/libselinux.so.1
7fec6181c000-7fec6181d000 r--p 0001f000 08:01 263495                     /lib/x86_64-linux-gnu/libselinux.so.1
7fec6181d000-7fec6181e000 rw-p 00020000 08:01 263495                     /lib/x86_64-linux-gnu/libselinux.so.1
7fec6181e000-7fec6181f000 rw-p 00000000 00:00 0 
7fec6181f000-7fec61821000 r-xp 00000000 08:01 6693                       /usr/lib/x86_64-linux-gnu/libXdamage.so.1.1.0
7fec61821000-7fec61a20000 ---p 00002000 08:01 6693                       /usr/lib/x86_64-linux-gnu/libXdamage.so.1.1.0
7fec61a20000-7fec61a21000 r--p 00001000 08:01 6693                       /usr/lib/x86_64-linux-gnu/libXdamage.so.1.1.0
7fec61a21000-7fec61a22000 rw-p 00002000 08:01 6693                       /usr/lib/x86_64-linux-gnu/libXdamage.so.1.1.0
7fec61a22000-7fec61a24000 r-xp 00000000 08:01 3417                       /usr/lib/x86_64-linux-gnu/libXcomposite.so.1.0.0
7fec61a24000-7fec61c23000 ---p 00002000 08:01 3417                       /usr/lib/x86_64-linux-gnu/libXcomposite.so.1.0.0
7fec61c23000-7fec61c24000 r--p 00001000 08:01 3417                       /usr/lib/x86_64-linux-gnu/libXcomposite.so.1.0.0
7fec61c24000-7fec61c25000 rw-p 00002000 08:01 3417                       /usr/lib/x86_64-linux-gnu/libXcomposite.so.1.0.0
7fec61c25000-7fec61c2e000 r-xp 00000000 08:01 2819                       /usr/lib/x86_64-linux-gnu/libXcursor.so.1.0.2
7fec61c2e000-7fec61e2d000 ---p 00009000 08:01 2819                       /usr/lib/x86_64-linux-gnu/libXcursor.so.1.0.2
7fec61e2d000-7fec61e2e000 r--p 00008000 08:01 2819                       /usr/lib/x86_64-linux-gnu/libXcursor.so.1.0.2
7fec61e2e000-7fec61e2f000 rw-p 00009000 08:01 2819                       /usr/lib/x86_64-linux-gnu/libXcursor.so.1.0.2
7fec61e2f000-7fec61e38000 r-xp 00000000 08:01 6537                       /usr/lib/x86_64-linux-gnu/libXrandr.so.2.2.0
7fec61e38000-7fec62037000 ---p 00009000 08:01 6537                       /usr/lib/x86_64-linux-gnu/libXrandr.so.2.2.0
7fec62037000-7fec62038000 r--p 00008000 08:01 6537                       /usr/lib/x86_64-linux-gnu/libXrandr.so.2.2.0
7fec62038000-7fec62039000 rw-p 00009000 08:01 6537                       /usr/lib/x86_64-linux-gnu/libXrandr.so.2.2.0
7fec62039000-7fec6203b000 r-xp 00000000 08:01 6486                       /usr/lib/x86_64-linux-gnu/libXinerama.so.1.0.0
7fec6203b000-7fec6223a000 ---p 00002000 08:01 6486                       /usr/lib/x86_64-linux-gnu/libXinerama.so.1.0.0
7fec6223a000-7fec6223b000 r--p 00001000 08:01 6486                       /usr/lib/x86_64-linux-gnu/libXinerama.so.1.0.0
7fec6223b000-7fec6223c000 rw-p 00002000 08:01 6486                       /usr/lib/x86_64-linux-gnu/libXinerama.so.1.0.0
7fec6223c000-7fec62250000 r-xp 00000000 08:01 8322                       /usr/lib/x86_64-linux-gnu/libpangoft2-1.0.so.0.3200.5
7fec62250000-7fec6244f000 ---p 00014000 08:01 8322                       /usr/lib/x86_64-linux-gnu/libpangoft2-1.0.so.0.3200.5
7fec6244f000-7fec62450000 r--p 00013000 08:01 8322                       /usr/lib/x86_64-linux-gnu/libpangoft2-1.0.so.0.3200.5
7fec62450000-7fec62451000 rw-p 00014000 08:01 8322                       /usr/lib/x86_64-linux-gnu/libpangoft2-1.0.so.0.3200.5
7fec62451000-7fec62555000 r-xp 00000000 08:01 2246                       /usr/lib/x86_64-linux-gnu/libcairo.so.2.11200.16
7fec62555000-7fec62754000 ---p 00104000 08:01 2246                       /usr/lib/x86_64-linux-gnu/libcairo.so.2.11200.16
7fec62754000-7fec62757000 r--p 00103000 08:01 2246                       /usr/lib/x86_64-linux-gnu/libcairo.so.2.11200.16
7fec62757000-7fec62758000 rw-p 00106000 08:01 2246                       /usr/lib/x86_64-linux-gnu/libcairo.so.2.11200.16
7fec62758000-7fec6275a000 rw-p 00000000 00:00 0 
7fec6275a000-7fec62779000 r-xp 00000000 08:01 4129                       /usr/lib/x86_64-linux-gnu/libatk-1.0.so.0.21009.1
7fec62779000-7fec62979000 ---p 0001f000 08:01 4129                       /usr/lib/x86_64-linux-gnu/libatk-1.0.so.0.21009.1
7fec62979000-7fec6297b000 r--p 0001f000 08:01 4129                       /usr/lib/x86_64-linux-gnu/libatk-1.0.so.0.21009.1
7fec6297b000-7fec6297c000 rw-p 00021000 08:01 4129                       /usr/lib/x86_64-linux-gnu/libatk-1.0.so.0.21009.1
7fec6297c000-7fec62981000 r-xp 00000000 08:01 1304                       /usr/lib/x86_64-linux-gnu/libXfixes.so.3.1.0
7fec62981000-7fec62b80000 ---p 00005000 08:01 1304                       /usr/lib/x86_64-linux-gnu/libXfixes.so.3.1.0
7fec62b80000-7fec62b81000 r--p 00004000 08:01 1304                       /usr/lib/x86_64-linux-gnu/libXfixes.so.3.1.0
7fec62b81000-7fec62b82000 rw-p 00005000 08:01 1304                       /usr/lib/x86_64-linux-gnu/libXfixes.so.3.1.0
7fec62b82000-7fec62b8d000 r-xp 00000000 08:01 8324                       /usr/lib/x86_64-linux-gnu/libpangocairo-1.0.so.0.3200.5
7fec62b8d000-7fec62d8d000 ---p 0000b000 08:01 8324                       /usr/lib/x86_64-linux-gnu/libpangocairo-1.0.so.0.3200.5
7fec62d8d000-7fec62d8e000 r--p 0000b000 08:01 8324                       /usr/lib/x86_64-linux-gnu/libpangocairo-1.0.so.0.3200.5
7fec62d8e000-7fec62d8f000 rw-p 0000c000 08:01 8324                       /usr/lib/x86_64-linux-gnu/libpangocairo-1.0.so.0.3200.5
7fec62d8f000-7fec62d92000 r-xp 00000000 08:01 410                        /usr/lib/x86_64-linux-gnu/libgmodule-2.0.so.0.3800.0
7fec62d92000-7fec62f91000 ---p 00003000 08:01 410                        /usr/lib/x86_64-linux-gnu/libgmodule-2.0.so.0.3800.0
7fec62f91000-7fec62f92000 r--p 00002000 08:01 410                        /usr/lib/x86_64-linux-gnu/libgmodule-2.0.so.0.3800.0
7fec62f92000-7fec62f93000 rw-p 00003000 08:01 410                        /usr/lib/x86_64-linux-gnu/libgmodule-2.0.so.0.3800.0
7fec62f93000-7fec62fb0000 r-xp 00000000 08:01 5025                       /usr/lib/x86_64-linux-gnu/libxcb.so.1.1.0
7fec62fb0000-7fec631af000 ---p 0001d000 08:01 5025                       /usr/lib/x86_64-linux-gnu/libxcb.so.1.1.0
7fec631af000-7fec631b0000 r--p 0001c000 08:01 5025                       /usr/lib/x86_64-linux-gnu/libxcb.so.1.1.0
7fec631b0000-7fec631b1000 rw-p 0001d000 08:01 5025                       /usr/lib/x86_64-linux-gnu/libxcb.so.1.1.0
7fec631b1000-7fec6321d000 r-xp 00000000 08:01 143                        /usr/lib/x86_64-linux-gnu/libcups.so.2
7fec6321d000-7fec6341c000 ---p 0006c000 08:01 143                        /usr/lib/x86_64-linux-gnu/libcups.so.2
7fec6341c000-7fec63423000 r--p 0006b000 08:01 143                        /usr/lib/x86_64-linux-gnu/libcups.so.2
7fec63423000-7fec63424000 rw-p 00072000 08:01 143                        /usr/lib/x86_64-linux-gnu/libcups.so.2
7fec63424000-7fec63522000 r-xp 00000000 08:01 265079                     /lib/x86_64-linux-gnu/libglib-2.0.so.0.3800.0
7fec63522000-7fec63722000 ---p 000fe000 08:01 265079                     /lib/x86_64-linux-gnu/libglib-2.0.so.0.3800.0
7fec63722000-7fec63723000 r--p 000fe000 08:01 265079                     /lib/x86_64-linux-gnu/libglib-2.0.so.0.3800.0
7fec63723000-7fec63724000 rw-p 000ff000 08:01 265079                     /lib/x86_64-linux-gnu/libglib-2.0.so.0.3800.0
7fec63724000-7fec63725000 rw-p 00000000 00:00 0 
7fec63725000-7fec63726000 r-xp 00000000 08:01 4106                       /usr/lib/x86_64-linux-gnu/libgthread-2.0.so.0.3800.0
7fec63726000-7fec63925000 ---p 00001000 08:01 4106                       /usr/lib/x86_64-linux-gnu/libgthread-2.0.so.0.3800.0
7fec63925000-7fec63926000 r--p 00000000 08:01 4106                       /usr/lib/x86_64-linux-gnu/libgthread-2.0.so.0.3800.0
7fec63926000-7fec63927000 rw-p 00001000 08:01 4106                       /usr/lib/x86_64-linux-gnu/libgthread-2.0.so.0.3800.0
7fec63927000-7fec63976000 r-xp 00000000 08:01 4104                       /usr/lib/x86_64-linux-gnu/libgobject-2.0.so.0.3800.0
7fec63976000-7fec63b76000 ---p 0004f000 08:01 4104                       /usr/lib/x86_64-linux-gnu/libgobject-2.0.so.0.3800.0
7fec63b76000-7fec63b77000 r--p 0004f000 08:01 4104                       /usr/lib/x86_64-linux-gnu/libgobject-2.0.so.0.3800.0
7fec63b77000-7fec63b78000 rw-p 00050000 08:01 4104                       /usr/lib/x86_64-linux-gnu/libgobject-2.0.so.0.3800.0
7fec63b78000-7fec63bb1000 r-xp 00000000 08:01 578                        /usr/lib/x86_64-linux-gnu/libfontconfig.so.1.7.0
7fec63bb1000-7fec63db1000 ---p 00039000 08:01 578                        /usr/lib/x86_64-linux-gnu/libfontconfig.so.1.7.0
7fec63db1000-7fec63db3000 r--p 00039000 08:01 578                        /usr/lib/x86_64-linux-gnu/libfontconfig.so.1.7.0
7fec63db3000-7fec63db4000 rw-p 0003b000 08:01 578                        /usr/lib/x86_64-linux-gnu/libfontconfig.so.1.7.0
7fec63db4000-7fec63dfe000 r-xp 00000000 08:01 299                        /usr/lib/x86_64-linux-gnu/libpango-1.0.so.0.3200.5
7fec63dfe000-7fec63ffd000 ---p 0004a000 08:01 299                        /usr/lib/x86_64-linux-gnu/libpango-1.0.so.0.3200.5
7fec63ffd000-7fec63fff000 r--p 00049000 08:01 299                        /usr/lib/x86_64-linux-gnu/libpango-1.0.so.0.3200.5
7fec63fff000-7fec64000000 rw-p 0004b000 08:01 299                        /usr/lib/x86_64-linux-gnu/libpango-1.0.so.0.3200.5
7fec64000000-7fec64382000 rw-p 00000000 00:00 0 
7fec64382000-7fec68000000 ---p 00000000 00:00 0 
7fec68000000-7fec68021000 rw-p 00000000 00:00 0 
7fec68021000-7fec6c000000 ---p 00000000 00:00 0 
7fec6c000000-7fec6c021000 rw-p 00000000 00:00 0 
7fec6c021000-7fec70000000 ---p 00000000 00:00 0 
7fec70000000-7fec70485000 rw-p 00000000 00:00 0 
7fec70485000-7fec74000000 ---p 00000000 00:00 0 
7fec74000000-7fec74021000 rw-p 00000000 00:00 0 
7fec74021000-7fec78000000 ---p 00000000 00:00 0 
7fec78000000-7fec78021000 rw-p 00000000 00:00 0 
7fec78021000-7fec7c000000 ---p 00000000 00:00 0 
7fec7c000000-7fec7c0cd000 rw-p 00000000 00:00 0 
7fec7c0cd000-7fec80000000 ---p 00000000 00:00 0 
7fec80000000-7fec80021000 rw-p 00000000 00:00 0 
7fec80021000-7fec84000000 ---p 00000000 00:00 0 
7fec84000000-7fec84021000 rw-p 00000000 00:00 0 
7fec84021000-7fec88000000 ---p 00000000 00:00 0 
7fec88002000-7fec88028000 r--p 00000000 08:01 658015                     /usr/share/locale-langpack/de/LC_MESSAGES/libc.mo
7fec88028000-7fec88047000 r-xp 00000000 08:01 2688                       /usr/lib/x86_64-linux-gnu/libgdk_pixbuf-2.0.so.0.2800.1
7fec88047000-7fec88246000 ---p 0001f000 08:01 2688                       /usr/lib/x86_64-linux-gnu/libgdk_pixbuf-2.0.so.0.2800.1
7fec88246000-7fec88247000 r--p 0001e000 08:01 2688                       /usr/lib/x86_64-linux-gnu/libgdk_pixbuf-2.0.so.0.2800.1
7fec88247000-7fec88248000 rw-p 0001f000 08:01 2688                       /usr/lib/x86_64-linux-gnu/libgdk_pixbuf-2.0.so.0.2800.1
7fec88248000-7fec883a4000 r-xp 00000000 08:01 4105                       /usr/lib/x86_64-linux-gnu/libgio-2.0.so.0.3800.0
7fec883a4000-7fec885a3000 ---p 0015c000 08:01 4105                       /usr/lib/x86_64-linux-gnu/libgio-2.0.so.0.3800.0
7fec885a3000-7fec885a7000 r--p 0015b000 08:01 4105                       /usr/lib/x86_64-linux-gnu/libgio-2.0.so.0.3800.0
7fec885a7000-7fec885a9000 rw-p 0015f000 08:01 4105                       /usr/lib/x86_64-linux-gnu/libgio-2.0.so.0.3800.0
7fec885a9000-7fec885ab000 rw-p 00000000 00:00 0 
7fec885ab000-7fec88658000 r-xp 00000000 08:01 2575                       /usr/lib/x86_64-linux-gnu/libgdk-x11-2.0.so.0.2400.20
7fec88658000-7fec88857000 ---p 000ad000 08:01 2575                       /usr/lib/x86_64-linux-gnu/libgdk-x11-2.0.so.0.2400.20
7fec88857000-7fec8885b000 r--p 000ac000 08:01 2575                       /usr/lib/x86_64-linux-gnu/libgdk-x11-2.0.so.0.2400.20
7fec8885b000-7fec8885d000 rw-p 000b0000 08:01 2575                       /usr/lib/x86_64-linux-gnu/libgdk-x11-2.0.so.0.2400.20
7fec8885d000-7fec88c8c000 r-xp 00000000 08:01 2574                       /usr/lib/x86_64-linux-gnu/libgtk-x11-2.0.so.0.2400.20
7fec88c8c000-7fec88e8b000 ---p 0042f000 08:01 2574                       /usr/lib/x86_64-linux-gnu/libgtk-x11-2.0.so.0.2400.20
7fec88e8b000-7fec88e92000 r--p 0042e000 08:01 2574                       /usr/lib/x86_64-linux-gnu/libgtk-x11-2.0.so.0.2400.20
7fec88e92000-7fec88e96000 rw-p 00435000 08:01 2574                       /usr/lib/x86_64-linux-gnu/libgtk-x11-2.0.so.0.2400.20
7fec88e96000-7fec88e99000 rw-p 00000000 00:00 0 
7fec88e99000-7fec88ea8000 r-xp 00000000 08:01 811                        /usr/lib/x86_64-linux-gnu/libXi.so.6.1.0
7fec88ea8000-7fec890a7000 ---p 0000f000 08:01 811                        /usr/lib/x86_64-linux-gnu/libXi.so.6.1.0
7fec890a7000-7fec890a8000 r--p 0000e000 08:01 811                        /usr/lib/x86_64-linux-gnu/libXi.so.6.1.0
7fec890a8000-7fec890a9000 rw-p 0000f000 08:01 811                        /usr/lib/x86_64-linux-gnu/libXi.so.6.1.0
7fec890a9000-7fec890ae000 r-xp 00000000 08:01 2701                       /usr/lib/x86_64-linux-gnu/libXtst.so.6.1.0
7fec890ae000-7fec892ad000 ---p 00005000 08:01 2701                       /usr/lib/x86_64-linux-gnu/libXtst.so.6.1.0
7fec892ad000-7fec892ae000 r--p 00004000 08:01 2701                       /usr/lib/x86_64-linux-gnu/libXtst.so.6.1.0
7fec892ae000-7fec892af000 rw-p 00005000 08:01 2701                       /usr/lib/x86_64-linux-gnu/libXtst.so.6.1.0
7fec892af000-7fec892b8000 r-xp 00000000 08:01 2238                       /usr/lib/x86_64-linux-gnu/libXrender.so.1.3.0
7fec892b8000-7fec894b7000 ---p 00009000 08:01 2238                       /usr/lib/x86_64-linux-gnu/libXrender.so.1.3.0
7fec894b7000-7fec894b8000 r--p 00008000 08:01 2238                       /usr/lib/x86_64-linux-gnu/libXrender.so.1.3.0
7fec894b8000-7fec894b9000 rw-p 00009000 08:01 2238                       /usr/lib/x86_64-linux-gnu/libXrender.so.1.3.0
7fec894b9000-7fec895e9000 r-xp 00000000 08:01 5042                       /usr/lib/x86_64-linux-gnu/libX11.so.6.3.0
7fec895e9000-7fec897e9000 ---p 00130000 08:01 5042                       /usr/lib/x86_64-linux-gnu/libX11.so.6.3.0
7fec897e9000-7fec897ea000 r--p 00130000 08:01 5042                       /usr/lib/x86_64-linux-gnu/libX11.so.6.3.0
7fec897ea000-7fec897ee000 rw-p 00131000 08:01 5042                       /usr/lib/x86_64-linux-gnu/libX11.so.6.3.0
7fec897ee000-7fec897ff000 r-xp 00000000 08:01 5044                       /usr/lib/x86_64-linux-gnu/libXext.so.6.4.0
7fec897ff000-7fec899fe000 ---p 00011000 08:01 5044                       /usr/lib/x86_64-linux-gnu/libXext.so.6.4.0
7fec899fe000-7fec899ff000 r--p 00010000 08:01 5044                       /usr/lib/x86_64-linux-gnu/libXext.so.6.4.0
7fec899ff000-7fec89a00000 rw-p 00011000 08:01 5044                       /usr/lib/x86_64-linux-gnu/libXext.so.6.4.0
7fec89a00000-7fec89a51000 r-xp 00000000 08:01 136525                     /usr/lib/jvm/java-7-openjdk-amd64/jre/lib/amd64/xawt/libmawt.so
7fec89a51000-7fec89c50000 ---p 00051000 08:01 136525                     /usr/lib/jvm/java-7-openjdk-amd64/jre/lib/amd64/xawt/libmawt.so
7fec89c50000-7fec89c51000 r--p 00050000 08:01 136525                     /usr/lib/jvm/java-7-openjdk-amd64/jre/lib/amd64/xawt/libmawt.so
7fec89c51000-7fec89c54000 rw-p 00051000 08:01 136525                     /usr/lib/jvm/java-7-openjdk-amd64/jre/lib/amd64/xawt/libmawt.so
7fec89c54000-7fec89c55000 rw-p 00000000 00:00 0 
7fec89c55000-7fec89cf6000 r-xp 00000000 08:01 136645                     /usr/lib/jvm/java-7-openjdk-amd64/jre/lib/amd64/libawt.so
7fec89cf6000-7fec89ef5000 ---p 000a1000 08:01 136645                     /usr/lib/jvm/java-7-openjdk-amd64/jre/lib/amd64/libawt.so
7fec89ef5000-7fec89ef6000 r--p 000a0000 08:01 136645                     /usr/lib/jvm/java-7-openjdk-amd64/jre/lib/amd64/libawt.so
7fec89ef6000-7fec89f01000 rw-p 000a1000 08:01 136645                     /usr/lib/jvm/java-7-openjdk-amd64/jre/lib/amd64/libawt.so
7fec89f01000-7fec89f26000 rw-p 00000000 00:00 0 
7fec89f26000-7fec89f27000 ---p 00000000 00:00 0 
7fec89f27000-7fec8a027000 rw-p 00000000 00:00 0                          [stack:44347]
7fec8a027000-7fec8a02a000 ---p 00000000 00:00 0 
7fec8a02a000-7fec8a128000 rw-p 00000000 00:00 0                          [stack:44346]
7fec8a128000-7fec8a12b000 ---p 00000000 00:00 0 
7fec8a12b000-7fec8a229000 rw-p 00000000 00:00 0                          [stack:44345]
7fec8a229000-7fec8a22c000 ---p 00000000 00:00 0 
7fec8a22c000-7fec8a32a000 rw-p 00000000 00:00 0                          [stack:44344]
7fec8a32a000-7fec8a32d000 ---p 00000000 00:00 0 
7fec8a32d000-7fec8a42b000 rw-p 00000000 00:00 0                          [stack:44343]
7fec8a42b000-7fec8adf8000 r--p 00000000 08:01 4845                       /usr/lib/locale/locale-archive
7fec8adf8000-7fec8adfb000 ---p 00000000 00:00 0 
7fec8adfb000-7fec8aef9000 rw-p 00000000 00:00 0                          [stack:44342]
7fec8aef9000-7fec8aefc000 ---p 00000000 00:00 0 
7fec8aefc000-7fec8affa000 rw-p 00000000 00:00 0                          [stack:44341]
7fec8affa000-7fec8affb000 ---p 00000000 00:00 0 
7fec8affb000-7fec8d000000 rw-p 00000000 00:00 0                          [stack:44340]
7fec8d000000-7fec8d270000 rwxp 00000000 00:00 0 
7fec8d270000-7fec9053c000 rw-p 00000000 00:00 0 
7fec9053c000-7fec94000000 ---p 00000000 00:00 0 
7fec9400d000-7fec9400f000 rw-p 00000000 00:00 0 
7fec9400f000-7fec94010000 r--s 00005000 08:01 678196                     /home/twalthr/Projekte/Mobile Interaction/repo/ClimbOrDie/library/user/SimpleOpenNI/SimpleOpenNI.jar
7fec94010000-7fec94019000 r--s 000bc000 08:01 136765                     /usr/lib/jvm/java-7-openjdk-common/jre/lib/resources.jar
7fec94019000-7fec94020000 r--s 00000000 08:01 154912                     /usr/lib/x86_64-linux-gnu/gconv/gconv-modules.cache
7fec94020000-7fec94025000 r--s 0008e000 08:01 677345                     /home/twalthr/Projekte/Mobile Interaction/repo/ClimbOrDie/library/base/core/core.jar
7fec94025000-7fec94028000 r--s 00032000 08:01 136745                     /usr/lib/jvm/java-7-openjdk-common/jre/lib/ext/sunjce_provider.jar
7fec94028000-7fec9402b000 r--s 0000f000 08:01 136737                     /usr/lib/jvm/java-7-openjdk-common/jre/lib/ext/pulse-java.jar
7fec9402b000-7fec944dd000 rw-p 00000000 00:00 0 
7fec944dd000-7fec9468a000 r--s 01cec000 08:01 136599                     /usr/lib/jvm/java-7-openjdk-amd64/jre/lib/rt.jar
7fec9468a000-7fec94d32000 rw-p 00000000 00:00 0 
7fec94d32000-7fec94d33000 ---p 00000000 00:00 0 
7fec94d33000-7fec94e33000 rw-p 00000000 00:00 0                          [stack:44339]
7fec94e33000-7fec94e34000 ---p 00000000 00:00 0 
7fec94e34000-7fec94f3f000 rw-p 00000000 00:00 0                          [stack:44338]
7fec94f3f000-7fec94f87000 rw-p 00000000 00:00 0 
7fec94f87000-7fec94fc1000 rw-p 00000000 00:00 0 
7fec94fc1000-7fec95065000 rw-p 00000000 00:00 0 
7fec95065000-7fec95070000 rw-p 00000000 00:00 0 
7fec95070000-7fec950b8000 rw-p 00000000 00:00 0 
7fec950b8000-7fec950f2000 rw-p 00000000 00:00 0 
7fec950f2000-7fec95196000 rw-p 00000000 00:00 0 
7fec95196000-7fec951bd000 rw-p 00000000 00:00 0 
7fec951bd000-7fec95205000 rw-p 00000000 00:00 0 
7fec95205000-7fec95206000 rw-p 00000000 00:00 0 
7fec95206000-7fec9520e000 r-xp 00000000 08:01 136673                     /usr/lib/jvm/java-7-openjdk-amd64/jre/lib/amd64/libzip.so
7fec9520e000-7fec9540d000 ---p 00008000 08:01 136673                     /usr/lib/jvm/java-7-openjdk-amd64/jre/lib/amd64/libzip.so
7fec9540d000-7fec9540e000 r--p 00007000 08:01 136673                     /usr/lib/jvm/java-7-openjdk-amd64/jre/lib/amd64/libzip.so
7fec9540e000-7fec9540f000 rw-p 00008000 08:01 136673                     /usr/lib/jvm/java-7-openjdk-amd64/jre/lib/amd64/libzip.so
7fec9540f000-7fec9541b000 r-xp 00000000 08:01 265361                     /lib/x86_64-linux-gnu/libnss_files-2.17.so
7fec9541b000-7fec9561a000 ---p 0000c000 08:01 265361                     /lib/x86_64-linux-gnu/libnss_files-2.17.so
7fec9561a000-7fec9561b000 r--p 0000b000 08:01 265361                     /lib/x86_64-linux-gnu/libnss_files-2.17.so
7fec9561b000-7fec9561c000 rw-p 0000c000 08:01 265361                     /lib/x86_64-linux-gnu/libnss_files-2.17.so
7fec9561c000-7fec95627000 r-xp 00000000 08:01 265357                     /lib/x86_64-linux-gnu/libnss_nis-2.17.so
7fec95627000-7fec95826000 ---p 0000b000 08:01 265357                     /lib/x86_64-linux-gnu/libnss_nis-2.17.so
7fec95826000-7fec95827000 r--p 0000a000 08:01 265357                     /lib/x86_64-linux-gnu/libnss_nis-2.17.so
7fec95827000-7fec95828000 rw-p 0000b000 08:01 265357                     /lib/x86_64-linux-gnu/libnss_nis-2.17.so
7fec95828000-7fec9583f000 r-xp 00000000 08:01 265329                     /lib/x86_64-linux-gnu/libnsl-2.17.so
7fec9583f000-7fec95a3e000 ---p 00017000 08:01 265329                     /lib/x86_64-linux-gnu/libnsl-2.17.so
7fec95a3e000-7fec95a3f000 r--p 00016000 08:01 265329                     /lib/x86_64-linux-gnu/libnsl-2.17.so
7fec95a3f000-7fec95a40000 rw-p 00017000 08:01 265329                     /lib/x86_64-linux-gnu/libnsl-2.17.so
7fec95a40000-7fec95a42000 rw-p 00000000 00:00 0 
7fec95a42000-7fec95a4a000 r-xp 00000000 08:01 265334                     /lib/x86_64-linux-gnu/libnss_compat-2.17.so
7fec95a4a000-7fec95c49000 ---p 00008000 08:01 265334                     /lib/x86_64-linux-gnu/libnss_compat-2.17.so
7fec95c49000-7fec95c4a000 r--p 00007000 08:01 265334                     /lib/x86_64-linux-gnu/libnss_compat-2.17.so
7fec95c4a000-7fec95c4b000 rw-p 00008000 08:01 265334                     /lib/x86_64-linux-gnu/libnss_compat-2.17.so
7fec95c4b000-7fec95c76000 r-xp 00000000 08:01 136643                     /usr/lib/jvm/java-7-openjdk-amd64/jre/lib/amd64/libjava.so
7fec95c76000-7fec95e75000 ---p 0002b000 08:01 136643                     /usr/lib/jvm/java-7-openjdk-amd64/jre/lib/amd64/libjava.so
7fec95e75000-7fec95e76000 r--p 0002a000 08:01 136643                     /usr/lib/jvm/java-7-openjdk-amd64/jre/lib/amd64/libjava.so
7fec95e76000-7fec95e78000 rw-p 0002b000 08:01 136643                     /usr/lib/jvm/java-7-openjdk-amd64/jre/lib/amd64/libjava.so
7fec95e78000-7fec95e88000 r-xp 00000000 08:01 136641                     /usr/lib/jvm/java-7-openjdk-amd64/jre/lib/amd64/libverify.so
7fec95e88000-7fec96087000 ---p 00010000 08:01 136641                     /usr/lib/jvm/java-7-openjdk-amd64/jre/lib/amd64/libverify.so
7fec96087000-7fec96089000 r--p 0000f000 08:01 136641                     /usr/lib/jvm/java-7-openjdk-amd64/jre/lib/amd64/libverify.so
7fec96089000-7fec9608a000 rw-p 00011000 08:01 136641                     /usr/lib/jvm/java-7-openjdk-amd64/jre/lib/amd64/libverify.so
7fec9608a000-7fec96091000 r-xp 00000000 08:01 265366                     /lib/x86_64-linux-gnu/librt-2.17.so
7fec96091000-7fec96290000 ---p 00007000 08:01 265366                     /lib/x86_64-linux-gnu/librt-2.17.so
7fec96290000-7fec96291000 r--p 00006000 08:01 265366                     /lib/x86_64-linux-gnu/librt-2.17.so
7fec96291000-7fec96292000 rw-p 00007000 08:01 265366                     /lib/x86_64-linux-gnu/librt-2.17.so
7fec96292000-7fec962a7000 r-xp 00000000 08:01 262710                     /lib/x86_64-linux-gnu/libgcc_s.so.1
7fec962a7000-7fec964a6000 ---p 00015000 08:01 262710                     /lib/x86_64-linux-gnu/libgcc_s.so.1
7fec964a6000-7fec964a7000 r--p 00014000 08:01 262710                     /lib/x86_64-linux-gnu/libgcc_s.so.1
7fec964a7000-7fec964a8000 rw-p 00015000 08:01 262710                     /lib/x86_64-linux-gnu/libgcc_s.so.1
7fec964a8000-7fec965ab000 r-xp 00000000 08:01 265341                     /lib/x86_64-linux-gnu/libm-2.17.so
7fec965ab000-7fec967aa000 ---p 00103000 08:01 265341                     /lib/x86_64-linux-gnu/libm-2.17.so
7fec967aa000-7fec967ab000 r--p 00102000 08:01 265341                     /lib/x86_64-linux-gnu/libm-2.17.so
7fec967ab000-7fec967ac000 rw-p 00103000 08:01 265341                     /lib/x86_64-linux-gnu/libm-2.17.so
7fec967ac000-7fec96892000 r-xp 00000000 08:01 2849                       /usr/lib/x86_64-linux-gnu/libstdc++.so.6.0.18
7fec96892000-7fec96a91000 ---p 000e6000 08:01 2849                       /usr/lib/x86_64-linux-gnu/libstdc++.so.6.0.18
7fec96a91000-7fec96a99000 r--p 000e5000 08:01 2849                       /usr/lib/x86_64-linux-gnu/libstdc++.so.6.0.18
7fec96a99000-7fec96a9b000 rw-p 000ed000 08:01 2849                       /usr/lib/x86_64-linux-gnu/libstdc++.so.6.0.18
7fec96a9b000-7fec96ab0000 rw-p 00000000 00:00 0 
7fec96ab0000-7fec974be000 r-xp 00000000 08:01 136651                     /usr/lib/jvm/java-7-openjdk-amd64/jre/lib/amd64/server/libjvm.so
7fec974be000-7fec976bd000 ---p 00a0e000 08:01 136651                     /usr/lib/jvm/java-7-openjdk-amd64/jre/lib/amd64/server/libjvm.so
7fec976bd000-7fec97736000 r--p 00a0d000 08:01 136651                     /usr/lib/jvm/java-7-openjdk-amd64/jre/lib/amd64/server/libjvm.so
7fec97736000-7fec97759000 rw-p 00a86000 08:01 136651                     /usr/lib/jvm/java-7-openjdk-amd64/jre/lib/amd64/server/libjvm.so
7fec97759000-7fec97784000 rw-p 00000000 00:00 0 
7fec97784000-7fec9779c000 r-xp 00000000 08:01 263581                     /lib/x86_64-linux-gnu/libz.so.1.2.8
7fec9779c000-7fec9799b000 ---p 00018000 08:01 263581                     /lib/x86_64-linux-gnu/libz.so.1.2.8
7fec9799b000-7fec9799c000 r--p 00017000 08:01 263581                     /lib/x86_64-linux-gnu/libz.so.1.2.8
7fec9799c000-7fec9799d000 rw-p 00018000 08:01 263581                     /lib/x86_64-linux-gnu/libz.so.1.2.8
7fec9799d000-7fec979b4000 r-xp 00000000 08:01 265397                     /lib/x86_64-linux-gnu/libpthread-2.17.so
7fec979b4000-7fec97bb4000 ---p 00017000 08:01 265397                     /lib/x86_64-linux-gnu/libpthread-2.17.so
7fec97bb4000-7fec97bb5000 r--p 00017000 08:01 265397                     /lib/x86_64-linux-gnu/libpthread-2.17.so
7fec97bb5000-7fec97bb6000 rw-p 00018000 08:01 265397                     /lib/x86_64-linux-gnu/libpthread-2.17.so
7fec97bb6000-7fec97bba000 rw-p 00000000 00:00 0 
7fec97bba000-7fec97bbd000 r-xp 00000000 08:01 265396                     /lib/x86_64-linux-gnu/libdl-2.17.so
7fec97bbd000-7fec97dbc000 ---p 00003000 08:01 265396                     /lib/x86_64-linux-gnu/libdl-2.17.so
7fec97dbc000-7fec97dbd000 r--p 00002000 08:01 265396                     /lib/x86_64-linux-gnu/libdl-2.17.so
7fec97dbd000-7fec97dbe000 rw-p 00003000 08:01 265396                     /lib/x86_64-linux-gnu/libdl-2.17.so
7fec97dbe000-7fec97f7b000 r-xp 00000000 08:01 265395                     /lib/x86_64-linux-gnu/libc-2.17.so
7fec97f7b000-7fec9817b000 ---p 001bd000 08:01 265395                     /lib/x86_64-linux-gnu/libc-2.17.so
7fec9817b000-7fec9817f000 r--p 001bd000 08:01 265395                     /lib/x86_64-linux-gnu/libc-2.17.so
7fec9817f000-7fec98181000 rw-p 001c1000 08:01 265395                     /lib/x86_64-linux-gnu/libc-2.17.so
7fec98181000-7fec98186000 rw-p 00000000 00:00 0 
7fec98186000-7fec98193000 r-xp 00000000 08:01 136609                     /usr/lib/jvm/java-7-openjdk-amd64/jre/lib/amd64/jli/libjli.so
7fec98193000-7fec98392000 ---p 0000d000 08:01 136609                     /usr/lib/jvm/java-7-openjdk-amd64/jre/lib/amd64/jli/libjli.so
7fec98392000-7fec98393000 r--p 0000c000 08:01 136609                     /usr/lib/jvm/java-7-openjdk-amd64/jre/lib/amd64/jli/libjli.so
7fec98393000-7fec98394000 rw-p 0000d000 08:01 136609                     /usr/lib/jvm/java-7-openjdk-amd64/jre/lib/amd64/jli/libjli.so
7fec98394000-7fec983b7000 r-xp 00000000 08:01 265354                     /lib/x86_64-linux-gnu/ld-2.17.so
7fec983b7000-7fec983b9000 r--s 00006000 08:01 151194                     /usr/share/java/java-atk-wrapper.jar
7fec983b9000-7fec983e4000 rw-p 00000000 00:00 0 
7fec983e4000-7fec9849a000 rw-p 00000000 00:00 0 
7fec9849a000-7fec9849d000 ---p 00000000 00:00 0 
7fec9849d000-7fec985a0000 rw-p 00000000 00:00 0                          [stack:44336]
7fec985a0000-7fec985a1000 r--s 00002000 08:01 136757                     /usr/lib/jvm/java-7-openjdk-common/jre/lib/ext/dnsns.jar
7fec985a1000-7fec985a5000 r--s 00085000 08:01 136749                     /usr/lib/jvm/java-7-openjdk-common/jre/lib/ext/localedata.jar
7fec985a5000-7fec985a7000 r--s 00012000 08:01 136741                     /usr/lib/jvm/java-7-openjdk-common/jre/lib/ext/zipfs.jar
7fec985a7000-7fec985aa000 r--s 0003c000 08:01 136753                     /usr/lib/jvm/java-7-openjdk-common/jre/lib/ext/sunpkcs11.jar
7fec985aa000-7fec985b2000 rw-s 00000000 08:01 678919                     /tmp/hsperfdata_twalthr/44332
7fec985b2000-7fec985b3000 rw-p 00000000 00:00 0 
7fec985b3000-7fec985b4000 r--p 00000000 00:00 0 
7fec985b4000-7fec985b6000 rw-p 00000000 00:00 0 
7fec985b6000-7fec985b7000 r--p 00022000 08:01 265354                     /lib/x86_64-linux-gnu/ld-2.17.so
7fec985b7000-7fec985b9000 rw-p 00023000 08:01 265354                     /lib/x86_64-linux-gnu/ld-2.17.so
7fff426cc000-7fff426ed000 rw-p 00000000 00:00 0                          [stack]
7fff427fe000-7fff42800000 r-xp 00000000 00:00 0                          [vdso]
ffffffffff600000-ffffffffff601000 r-xp 00000000 00:00 0                  [vsyscall]

VM Arguments:
jvm_args: -Dfile.encoding=UTF-8 
java_command: ClimbOrDie
Launcher Type: SUN_STANDARD

Environment Variables:
PATH=/usr/lib/lightdm/lightdm:/usr/local/sbin:/usr/local/bin:/usr/sbin:/usr/bin:/sbin:/bin:/usr/games:/usr/local/games
SHELL=/bin/bash
DISPLAY=:0.0

Signal Handlers:
SIGSEGV: [libjvm.so+0x871410], sa_mask[0]=0x7ffbfeff, sa_flags=0x10000004
SIGBUS: [libjvm.so+0x871410], sa_mask[0]=0x7ffbfeff, sa_flags=0x10000004
SIGFPE: [libjvm.so+0x709540], sa_mask[0]=0x7ffbfeff, sa_flags=0x10000004
SIGPIPE: [libjvm.so+0x709540], sa_mask[0]=0x7ffbfeff, sa_flags=0x10000004
SIGXFSZ: [libjvm.so+0x709540], sa_mask[0]=0x7ffbfeff, sa_flags=0x10000004
SIGILL: [libjvm.so+0x709540], sa_mask[0]=0x7ffbfeff, sa_flags=0x10000004
SIGUSR1: SIG_DFL, sa_mask[0]=0x00000000, sa_flags=0x00000000
SIGUSR2: [libjvm.so+0x709270], sa_mask[0]=0x00000004, sa_flags=0x10000004
SIGHUP: [libjvm.so+0x709550], sa_mask[0]=0x7ffbfeff, sa_flags=0x10000004
SIGINT: [libjvm.so+0x709550], sa_mask[0]=0x7ffbfeff, sa_flags=0x10000004
SIGTERM: [libjvm.so+0x709550], sa_mask[0]=0x7ffbfeff, sa_flags=0x10000004
SIGQUIT: [libjvm.so+0x709550], sa_mask[0]=0x7ffbfeff, sa_flags=0x10000004


---------------  S Y S T E M  ---------------

OS:Ubuntu 13.10 (saucy)
uname:Linux 3.11.0-12-generic #19-Ubuntu SMP Wed Oct 9 16:20:46 UTC 2013 x86_64
libc:glibc 2.17 NPTL 2.17 
rlimit: STACK 8192k, CORE 0k, NPROC 15804, NOFILE 4096, AS infinity
load average:1,17 0,92 0,68

/proc/meminfo:
MemTotal:        2043132 kB
MemFree:          449492 kB
Buffers:           13004 kB
Cached:           411328 kB
SwapCached:        24996 kB
Active:          1123312 kB
Inactive:         339636 kB
Active(anon):     749048 kB
Inactive(anon):   297916 kB
Active(file):     374264 kB
Inactive(file):    41720 kB
Unevictable:         644 kB
Mlocked:             644 kB
SwapTotal:       2094076 kB
SwapFree:        1977056 kB
Dirty:               128 kB
Writeback:             0 kB
AnonPages:       1029396 kB
Mapped:            75264 kB
Shmem:              8348 kB
Slab:              62812 kB
SReclaimable:      32164 kB
SUnreclaim:        30648 kB
KernelStack:        4672 kB
PageTables:        20480 kB
NFS_Unstable:          0 kB
Bounce:                0 kB
WritebackTmp:          0 kB
CommitLimit:     3115640 kB
Committed_AS:    2583672 kB
VmallocTotal:   34359738367 kB
VmallocUsed:      294316 kB
VmallocChunk:   34359440680 kB
HardwareCorrupted:     0 kB
AnonHugePages:         0 kB
HugePages_Total:       0
HugePages_Free:        0
HugePages_Rsvd:        0
HugePages_Surp:        0
Hugepagesize:       2048 kB
DirectMap4k:       89984 kB
DirectMap2M:     2007040 kB


CPU:total 2 (2 cores per cpu, 1 threads per core) family 6 model 23 stepping 10, cmov, cx8, fxsr, mmx, sse, sse2, sse3, ssse3, sse4.1, tsc, tscinvbit

/proc/cpuinfo:
processor	: 0
vendor_id	: GenuineIntel
cpu family	: 6
model		: 23
model name	: Intel(R) Core(TM)2 Duo CPU     P8600  @ 2.40GHz
stepping	: 10
microcode	: 0xa0c
cpu MHz		: 2401.000
cache size	: 3072 KB
physical id	: 0
siblings	: 2
core id		: 0
cpu cores	: 2
apicid		: 0
initial apicid	: 0
fpu		: yes
fpu_exception	: yes
cpuid level	: 13
wp		: yes
flags		: fpu vme de pse tsc msr pae mce cx8 apic sep mtrr pge mca cmov pat pse36 clflush dts mmx fxsr sse sse2 ss ht syscall nx lm constant_tsc arch_perfmon pebs bts nopl xtopology tsc_reliable nonstop_tsc aperfmperf pni ssse3 cx16 sse4_1 x2apic xsave hypervisor lahf_lm ida dtherm
bogomips	: 4802.00
clflush size	: 64
cache_alignment	: 64
address sizes	: 40 bits physical, 48 bits virtual
power management:

processor	: 1
vendor_id	: GenuineIntel
cpu family	: 6
model		: 23
model name	: Intel(R) Core(TM)2 Duo CPU     P8600  @ 2.40GHz
stepping	: 10
microcode	: 0xa0c
cpu MHz		: 2401.000
cache size	: 3072 KB
physical id	: 0
siblings	: 2
core id		: 1
cpu cores	: 2
apicid		: 1
initial apicid	: 1
fpu		: yes
fpu_exception	: yes
cpuid level	: 13
wp		: yes
flags		: fpu vme de pse tsc msr pae mce cx8 apic sep mtrr pge mca cmov pat pse36 clflush dts mmx fxsr sse sse2 ss ht syscall nx lm constant_tsc arch_perfmon pebs bts nopl xtopology tsc_reliable nonstop_tsc aperfmperf pni ssse3 cx16 sse4_1 x2apic xsave hypervisor lahf_lm ida dtherm
bogomips	: 4802.00
clflush size	: 64
cache_alignment	: 64
address sizes	: 40 bits physical, 48 bits virtual
power management:



Memory: 4k page, physical 2043132k(449492k free), swap 2094076k(1977056k free)

vm_info: OpenJDK 64-Bit Server VM (23.7-b01) for linux-amd64 JRE (1.7.0_25-b30), built on Oct 11 2013 18:04:12 by "buildd" with gcc 4.8.1

time: Mon Jan 20 05:48:48 2014
elapsed time: 8 seconds

