#
# A fatal error has been detected by the Java Runtime Environment:
#
#  SIGSEGV (0xb) at pc=0x00007fa8d3d29aaf, pid=44472, tid=140363304560384
#
# JRE version: 7.0_25-b30
# Java VM: OpenJDK 64-Bit Server VM (23.7-b01 mixed mode linux-amd64 compressed oops)
# Problematic frame:
# C  [libNiTE2.so+0x3e5aaf]  NHAHandTrackerBase::StepToConvergence(NADepthMapContainer const&)+0x13f
#
# Failed to write core dump. Core dumps have been disabled. To enable core dumping, try "ulimit -c unlimited" before starting Java again
#
# If you would like to submit a bug report, please include
# instructions on how to reproduce the bug and visit:
#   https://bugs.launchpad.net/ubuntu/+source/openjdk-7/
# The crash happened outside the Java Virtual Machine in native code.
# See problematic frame for where to report the bug.
#

---------------  T H R E A D  ---------------

Current thread (0x00007fa91849f800):  JavaThread "Animation Thread" [_thread_in_native, id=44493, stack(0x00007fa8e0d86000,0x00007fa8e0e87000)]

siginfo:si_signo=SIGSEGV: si_errno=0, si_code=1 (SEGV_MAPERR), si_addr=0x00007fa6be8e6420

Registers:
RAX=0x0000000000000002, RBX=0x00007fa8be7d00c0, RCX=0x0000000080000001, RDX=0x0000000080000000
RSP=0x00007fa8e0e831c0, RBP=0x0000000000000002, RSI=0x00007fa8be8e6420, RDI=0xffffffff80000000
R8 =0x0000000000000001, R9 =0x0000000080000000, R10=0x0000000000000000, R11=0x0000000000000000
R12=0x00007fa8be2d3648, R13=0x0000000000000000, R14=0x00007fa8e0e83910, R15=0x0000000000000000
RIP=0x00007fa8d3d29aaf, EFLAGS=0x0000000000010a83, CSGSFS=0xff73000000000033, ERR=0x0000000000000004
  TRAPNO=0x000000000000000e

Top of Stack: (sp=0x00007fa8e0e831c0)
0x00007fa8e0e831c0:   ffc00000ffc00000 42c80000ffc00000
0x00007fa8e0e831d0:   00007fa8be7d00c0 00007fa8be7d00c0
0x00007fa8e0e831e0:   00007fa8be2d3648 00007fa8d3d2a0fd
0x00007fa8e0e831f0:   00000000000001d2 000000000000001e
0x00007fa8e0e83200:   00007fa8b6330f04 00007fa8bf55dfd4
0x00007fa8e0e83210:   00007fa8b48982b4 00007fa8d3a03a7a
0x00007fa8e0e83220:   0006000600060006 0006000600060006
0x00007fa8e0e83230:   0000000000000000 01007fa8d39ae707
0x00007fa8e0e83240:   00007fa8bf55dfd4 00007fa8b48982b4
0x00007fa8e0e83250:   0000000000000060 00000000000000a0
0x00007fa8e0e83260:   00007fa8bf538794 00007fa8bf235dd0
0x00007fa8e0e83270:   0000000000000060 00007fa8bf5549f0
0x00007fa8e0e83280:   000000050000001e 0000000000001000
0x00007fa8e0e83290:   0000000100000000 0000000000020000
0x00007fa8e0e832a0:   00007fa8bf570c20 00007fa8b6330df0
0x00007fa8e0e832b0:   00007fa8b6330f40 00007fa8b48981a0
0x00007fa8e0e832c0:   0000000000000078 00007fa8be923420
0x00007fa8e0e832d0:   00007fa8be923420 0000001e00a00004
0x00007fa8e0e832e0:   0000000000000000 00007fa8be2d37b8
0x00007fa8e0e832f0:   00007fa8be920ea0 00007fa8be920ea0
0x00007fa8e0e83300:   00000000000000a0 000000000000009f
0x00007fa8e0e83310:   0000000000000005 00007fa8e0e83e70
0x00007fa8e0e83320:   0000000000000000 0000000000000000
0x00007fa8e0e83330:   0000000000000000 0000000000000000
0x00007fa8e0e83340:   00007fa8be2d37b8 00007fa91fcdb96d
0x00007fa8e0e83350:   0018001700900095 00007fa8d3d555de
0x00007fa8e0e83360:   0000000000000000 00007fa8d3d5560a
0x00007fa8e0e83370:   0000000052dd2a27 000000000c74b61b
0x00007fa8e0e83380:   0000000000000001 00007fa8d3d556c6
0x00007fa8e0e83390:   0000000052dd29fc 000000002e47f748
0x00007fa8e0e833a0:   0000000000000001 0000000000000000
0x00007fa8e0e833b0:   0000000000000000 00007fa8d3a07446 

Instructions: (pc=0x00007fa8d3d29aaf)
0x00007fa8d3d29a8f:   2a c2 8b 93 84 00 00 00 48 63 fa f3 0f 11 83 30
0x00007fa8d3d29a9f:   14 00 00 f3 0f 2a 43 74 f3 0f 5c c8 f3 0f 2a c1
0x00007fa8d3d29aaf:   f3 0f 10 14 be f3 0f 59 ca f3 0f 11 8b 38 14 00
0x00007fa8d3d29abf:   00 f3 0f 5c c3 f3 0f 59 c2 f3 0f 11 83 34 14 00 

Register to memory mapping:

RAX=0x0000000000000002 is an unknown value
RBX=0x00007fa8be7d00c0 is an unknown value
RCX=0x0000000080000001 is an unknown value
RDX=0x0000000080000000 is an unknown value
RSP=0x00007fa8e0e831c0 is pointing into the stack for thread: 0x00007fa91849f800
RBP=0x0000000000000002 is an unknown value
RSI=0x00007fa8be8e6420 is an unknown value
RDI=0xffffffff80000000 is an unknown value
R8 =0x0000000000000001 is an unknown value
R9 =0x0000000080000000 is an unknown value
R10=0x0000000000000000 is an unknown value
R11=0x0000000000000000 is an unknown value
R12=0x00007fa8be2d3648 is an unknown value
R13=0x0000000000000000 is an unknown value
R14=0x00007fa8e0e83910 is pointing into the stack for thread: 0x00007fa91849f800
R15=0x0000000000000000 is an unknown value


Stack: [0x00007fa8e0d86000,0x00007fa8e0e87000],  sp=0x00007fa8e0e831c0,  free space=1012k
Native frames: (J=compiled Java code, j=interpreted, Vv=VM code, C=native code)
C  [libNiTE2.so+0x3e5aaf]  NHAHandTrackerBase::StepToConvergence(NADepthMapContainer const&)+0x13f

Java frames: (J=compiled Java code, j=interpreted, Vv=VM code)
j  SimpleOpenNI.SimpleOpenNIJNI.ContextWrapper_updateSwigExplicitContextWrapper(JLSimpleOpenNI/ContextWrapper;)V+0
j  SimpleOpenNI.ContextWrapper.update()V+26
j  SimpleOpenNI.SimpleOpenNI.update()V+1
j  KinectController.update()Z+4
j  ClimbOrDie.draw()V+4
j  processing.core.PApplet.handleDraw()V+281
j  processing.core.PGraphicsJava2D.requestDraw()V+4
j  processing.core.PApplet.run()V+179
j  java.lang.Thread.run()V+11
v  ~StubRoutines::call_stub

---------------  P R O C E S S  ---------------

Java Threads: ( => current thread )
  0x00007fa918009000 JavaThread "DestroyJavaVM" [_thread_blocked, id=44476, stack(0x00007fa9202a8000,0x00007fa9203a9000)]
=>0x00007fa91849f800 JavaThread "Animation Thread" [_thread_in_native, id=44493, stack(0x00007fa8e0d86000,0x00007fa8e0e87000)]
  0x00007fa8d400a800 JavaThread "AWT-EventQueue-0" [_thread_blocked, id=44492, stack(0x00007fa8e0e87000,0x00007fa8e0f88000)]
  0x00007fa918488000 JavaThread "AWT-Shutdown" [_thread_blocked, id=44491, stack(0x00007fa8e0f88000,0x00007fa8e1089000)]
  0x00007fa9183c3000 JavaThread "AWT-XAWT" daemon [_thread_in_native, id=44489, stack(0x00007fa8e118a000,0x00007fa8e128b000)]
  0x00007fa918378800 JavaThread "Java2D Disposer" daemon [_thread_blocked, id=44488, stack(0x00007fa8e80aa000,0x00007fa8e81ab000)]
  0x00007fa91810f000 JavaThread "Service Thread" daemon [_thread_blocked, id=44486, stack(0x00007fa911e25000,0x00007fa911f26000)]
  0x00007fa91810c800 JavaThread "C2 CompilerThread1" daemon [_thread_blocked, id=44485, stack(0x00007fa911f26000,0x00007fa912027000)]
  0x00007fa918109800 JavaThread "C2 CompilerThread0" daemon [_thread_blocked, id=44484, stack(0x00007fa912027000,0x00007fa912128000)]
  0x00007fa918107800 JavaThread "Signal Dispatcher" daemon [_thread_blocked, id=44483, stack(0x00007fa912128000,0x00007fa912229000)]
  0x00007fa9180ae000 JavaThread "Finalizer" daemon [_thread_blocked, id=44482, stack(0x00007fa912bf6000,0x00007fa912cf7000)]
  0x00007fa9180ab800 JavaThread "Reference Handler" daemon [_thread_blocked, id=44481, stack(0x00007fa912cf7000,0x00007fa912df8000)]

Other Threads:
  0x00007fa9180a3800 VMThread [stack: 0x00007fa912df8000,0x00007fa912ef9000] [id=44480]
  0x00007fa918111800 WatcherThread [stack: 0x00007fa911d24000,0x00007fa911e25000] [id=44487]

VM state:not at safepoint (normal execution)

VM Mutex/Monitor currently owned by a thread: None

Heap
 PSYoungGen      total 64832K, used 21541K [0x00000000f2200000, 0x00000000f9a30000, 0x0000000100000000)
  eden space 46912K, 45% used [0x00000000f2200000,0x00000000f3709578,0x00000000f4fd0000)
  from space 17920K, 0% used [0x00000000f4fd0000,0x00000000f4fd0000,0x00000000f6150000)
  to   space 20800K, 0% used [0x00000000f85e0000,0x00000000f85e0000,0x00000000f9a30000)
 ParOldGen       total 152192K, used 99992K [0x00000000d6600000, 0x00000000dfaa0000, 0x00000000f2200000)
  object space 152192K, 65% used [0x00000000d6600000,0x00000000dc7a6040,0x00000000dfaa0000)
 PSPermGen       total 24832K, used 11608K [0x00000000cc000000, 0x00000000cd840000, 0x00000000d6600000)
  object space 24832K, 46% used [0x00000000cc000000,0x00000000ccb560f0,0x00000000cd840000)

Card table byte_map: [0x00007fa91ce73000,0x00007fa91d014000] byte_map_base: 0x00007fa91c813000

Polling page: 0x00007fa9203c1000

Code Cache  [0x00007fa915000000, 0x00007fa915270000, 0x00007fa918000000)
 total_blobs=614 nmethods=135 adapters=431 free_code_cache=48246Kb largest_free_block=49369600

Compilation events (10 events):
Event: 18,339 Thread 0x00007fa91810c800 nmethod 123 0x00007fa9150ded50 code [0x00007fa9150df0a0, 0x00007fa9150e1028]
Event: 18,340 Thread 0x00007fa91810c800  125             processing.core.PGraphicsJava2D::imageImpl (174 bytes)
Event: 18,359 Thread 0x00007fa91810c800 nmethod 125 0x00007fa9150e4110 code [0x00007fa9150e4340, 0x00007fa9150e4e20]
Event: 18,365 Thread 0x00007fa918109800 nmethod 124 0x00007fa9150e60d0 code [0x00007fa9150e6420, 0x00007fa9150e8348]
Event: 34,721 Thread 0x00007fa91810c800  127             processing.core.PApplet::sq (4 bytes)
Event: 34,721 Thread 0x00007fa91810c800 nmethod 127 0x00007fa915082650 code [0x00007fa915082780, 0x00007fa9150827b8]
Event: 35,174 Thread 0x00007fa918109800  128             java.lang.String::length (6 bytes)
Event: 35,175 Thread 0x00007fa918109800 nmethod 128 0x00007fa9150c2ed0 code [0x00007fa9150c3000, 0x00007fa9150c3078]
Event: 42,237 Thread 0x00007fa918109800  129             java.lang.Math::min (11 bytes)
Event: 42,238 Thread 0x00007fa918109800 nmethod 129 0x00007fa9150a26d0 code [0x00007fa9150a2800, 0x00007fa9150a2838]

GC Heap History (10 events):
Event: 3,321 GC heap before
{Heap before GC invocations=5 (full 1):
 PSYoungGen      total 17408K, used 16668K [0x00000000f2200000, 0x00000000f4400000, 0x0000000100000000)
  eden space 16128K, 100% used [0x00000000f2200000,0x00000000f31c0000,0x00000000f31c0000)
  from space 1280K, 42% used [0x00000000f31c0000,0x00000000f3247258,0x00000000f3300000)
  to   space 1280K, 0% used [0x00000000f42c0000,0x00000000f42c0000,0x00000000f4400000)
 ParOldGen       total 74496K, used 49656K [0x00000000d6600000, 0x00000000daec0000, 0x00000000f2200000)
  object space 74496K, 66% used [0x00000000d6600000,0x00000000d967e200,0x00000000daec0000)
 PSPermGen       total 21248K, used 10562K [0x00000000cc000000, 0x00000000cd4c0000, 0x00000000d6600000)
  object space 21248K, 49% used [0x00000000cc000000,0x00000000cca50b58,0x00000000cd4c0000)
Event: 3,334 GC heap after
Heap after GC invocations=5 (full 1):
 PSYoungGen      total 29632K, used 1276K [0x00000000f2200000, 0x00000000f4400000, 0x0000000100000000)
  eden space 28352K, 0% used [0x00000000f2200000,0x00000000f2200000,0x00000000f3db0000)
  from space 1280K, 99% used [0x00000000f42c0000,0x00000000f43ff350,0x00000000f4400000)
  to   space 1280K, 0% used [0x00000000f4180000,0x00000000f4180000,0x00000000f42c0000)
 ParOldGen       total 74496K, used 49792K [0x00000000d6600000, 0x00000000daec0000, 0x00000000f2200000)
  object space 74496K, 66% used [0x00000000d6600000,0x00000000d96a0200,0x00000000daec0000)
 PSPermGen       total 21248K, used 10562K [0x00000000cc000000, 0x00000000cd4c0000, 0x00000000d6600000)
  object space 21248K, 49% used [0x00000000cc000000,0x00000000cca50b58,0x00000000cd4c0000)
}
Event: 4,014 GC heap before
{Heap before GC invocations=6 (full 1):
 PSYoungGen      total 29632K, used 29628K [0x00000000f2200000, 0x00000000f4400000, 0x0000000100000000)
  eden space 28352K, 100% used [0x00000000f2200000,0x00000000f3db0000,0x00000000f3db0000)
  from space 1280K, 99% used [0x00000000f42c0000,0x00000000f43ff350,0x00000000f4400000)
  to   space 1280K, 0% used [0x00000000f4180000,0x00000000f4180000,0x00000000f42c0000)
 ParOldGen       total 101120K, used 76412K [0x00000000d6600000, 0x00000000dc8c0000, 0x00000000f2200000)
  object space 101120K, 75% used [0x00000000d6600000,0x00000000db09f0d0,0x00000000dc8c0000)
 PSPermGen       total 21248K, used 10570K [0x00000000cc000000, 0x00000000cd4c0000, 0x00000000d6600000)
  object space 21248K, 49% used [0x00000000cc000000,0x00000000cca52a50,0x00000000cd4c0000)
Event: 4,026 GC heap after
Heap after GC invocations=6 (full 1):
 PSYoungGen      total 33536K, used 1278K [0x00000000f2200000, 0x00000000f7160000, 0x0000000100000000)
  eden space 32256K, 0% used [0x00000000f2200000,0x00000000f2200000,0x00000000f4180000)
  from space 1280K, 99% used [0x00000000f4180000,0x00000000f42bf958,0x00000000f42c0000)
  to   space 16448K, 0% used [0x00000000f6150000,0x00000000f6150000,0x00000000f7160000)
 ParOldGen       total 101120K, used 79757K [0x00000000d6600000, 0x00000000dc8c0000, 0x00000000f2200000)
  object space 101120K, 78% used [0x00000000d6600000,0x00000000db3e35c0,0x00000000dc8c0000)
 PSPermGen       total 21248K, used 10570K [0x00000000cc000000, 0x00000000cd4c0000, 0x00000000d6600000)
  object space 21248K, 49% used [0x00000000cc000000,0x00000000cca52a50,0x00000000cd4c0000)
}
Event: 4,297 GC heap before
{Heap before GC invocations=7 (full 1):
 PSYoungGen      total 33536K, used 32482K [0x00000000f2200000, 0x00000000f7160000, 0x0000000100000000)
  eden space 32256K, 96% used [0x00000000f2200000,0x00000000f40790f8,0x00000000f4180000)
  from space 1280K, 99% used [0x00000000f4180000,0x00000000f42bf958,0x00000000f42c0000)
  to   space 16448K, 0% used [0x00000000f6150000,0x00000000f6150000,0x00000000f7160000)
 ParOldGen       total 101120K, used 79757K [0x00000000d6600000, 0x00000000dc8c0000, 0x00000000f2200000)
  object space 101120K, 78% used [0x00000000d6600000,0x00000000db3e35c0,0x00000000dc8c0000)
 PSPermGen       total 21248K, used 10571K [0x00000000cc000000, 0x00000000cd4c0000, 0x00000000d6600000)
  object space 21248K, 49% used [0x00000000cc000000,0x00000000cca52c88,0x00000000cd4c0000)
Event: 4,319 GC heap after
Heap after GC invocations=7 (full 1):
 PSYoungGen      total 63360K, used 11394K [0x00000000f2200000, 0x00000000f79e0000, 0x0000000100000000)
  eden space 46912K, 0% used [0x00000000f2200000,0x00000000f2200000,0x00000000f4fd0000)
  from space 16448K, 69% used [0x00000000f6150000,0x00000000f6c709d8,0x00000000f7160000)
  to   space 17920K, 0% used [0x00000000f4fd0000,0x00000000f4fd0000,0x00000000f6150000)
 ParOldGen       total 101120K, used 79757K [0x00000000d6600000, 0x00000000dc8c0000, 0x00000000f2200000)
  object space 101120K, 78% used [0x00000000d6600000,0x00000000db3e35c0,0x00000000dc8c0000)
 PSPermGen       total 21248K, used 10571K [0x00000000cc000000, 0x00000000cd4c0000, 0x00000000d6600000)
  object space 21248K, 49% used [0x00000000cc000000,0x00000000cca52c88,0x00000000cd4c0000)
}
Event: 4,600 GC heap before
{Heap before GC invocations=8 (full 1):
 PSYoungGen      total 63360K, used 54491K [0x00000000f2200000, 0x00000000f79e0000, 0x0000000100000000)
  eden space 46912K, 91% used [0x00000000f2200000,0x00000000f4c16288,0x00000000f4fd0000)
  from space 16448K, 69% used [0x00000000f6150000,0x00000000f6c709d8,0x00000000f7160000)
  to   space 17920K, 0% used [0x00000000f4fd0000,0x00000000f4fd0000,0x00000000f6150000)
 ParOldGen       total 101120K, used 79757K [0x00000000d6600000, 0x00000000dc8c0000, 0x00000000f2200000)
  object space 101120K, 78% used [0x00000000d6600000,0x00000000db3e35c0,0x00000000dc8c0000)
 PSPermGen       total 21248K, used 11559K [0x00000000cc000000, 0x00000000cd4c0000, 0x00000000d6600000)
  object space 21248K, 54% used [0x00000000cc000000,0x00000000ccb49ef8,0x00000000cd4c0000)
Event: 4,730 GC heap after
Heap after GC invocations=8 (full 1):
 PSYoungGen      total 64832K, used 15691K [0x00000000f2200000, 0x00000000f9a30000, 0x0000000100000000)
  eden space 46912K, 0% used [0x00000000f2200000,0x00000000f2200000,0x00000000f4fd0000)
  from space 17920K, 87% used [0x00000000f4fd0000,0x00000000f5f22c60,0x00000000f6150000)
  to   space 20800K, 0% used [0x00000000f85e0000,0x00000000f85e0000,0x00000000f9a30000)
 ParOldGen       total 154368K, used 137624K [0x00000000d6600000, 0x00000000dfcc0000, 0x00000000f2200000)
  object space 154368K, 89% used [0x00000000d6600000,0x00000000dec660c8,0x00000000dfcc0000)
 PSPermGen       total 21248K, used 11559K [0x00000000cc000000, 0x00000000cd4c0000, 0x00000000d6600000)
  object space 21248K, 54% used [0x00000000cc000000,0x00000000ccb49ef8,0x00000000cd4c0000)
}
Event: 4,730 GC heap before
{Heap before GC invocations=9 (full 2):
 PSYoungGen      total 64832K, used 15691K [0x00000000f2200000, 0x00000000f9a30000, 0x0000000100000000)
  eden space 46912K, 0% used [0x00000000f2200000,0x00000000f2200000,0x00000000f4fd0000)
  from space 17920K, 87% used [0x00000000f4fd0000,0x00000000f5f22c60,0x00000000f6150000)
  to   space 20800K, 0% used [0x00000000f85e0000,0x00000000f85e0000,0x00000000f9a30000)
 ParOldGen       total 154368K, used 137624K [0x00000000d6600000, 0x00000000dfcc0000, 0x00000000f2200000)
  object space 154368K, 89% used [0x00000000d6600000,0x00000000dec660c8,0x00000000dfcc0000)
 PSPermGen       total 21248K, used 11559K [0x00000000cc000000, 0x00000000cd4c0000, 0x00000000d6600000)
  object space 21248K, 54% used [0x00000000cc000000,0x00000000ccb49ef8,0x00000000cd4c0000)
Event: 4,900 GC heap after
Heap after GC invocations=9 (full 2):
 PSYoungGen      total 64832K, used 0K [0x00000000f2200000, 0x00000000f9a30000, 0x0000000100000000)
  eden space 46912K, 0% used [0x00000000f2200000,0x00000000f2200000,0x00000000f4fd0000)
  from space 17920K, 0% used [0x00000000f4fd0000,0x00000000f4fd0000,0x00000000f6150000)
  to   space 20800K, 0% used [0x00000000f85e0000,0x00000000f85e0000,0x00000000f9a30000)
 ParOldGen       total 152192K, used 99992K [0x00000000d6600000, 0x00000000dfaa0000, 0x00000000f2200000)
  object space 152192K, 65% used [0x00000000d6600000,0x00000000dc7a6040,0x00000000dfaa0000)
 PSPermGen       total 24832K, used 11559K [0x00000000cc000000, 0x00000000cd840000, 0x00000000d6600000)
  object space 24832K, 46% used [0x00000000cc000000,0x00000000ccb49d80,0x00000000cd840000)
}

Deoptimization events (5 events):
Event: 4,381 Thread 0x00007fa91849f800 Uncommon trap -34 fr.pc 0x00007fa915098834
Event: 4,388 Thread 0x00007fa918009000 Uncommon trap -34 fr.pc 0x00007fa915098834
Event: 4,427 Thread 0x00007fa91849f800 Uncommon trap -34 fr.pc 0x00007fa915098834
Event: 4,443 Thread 0x00007fa91849f800 Uncommon trap -34 fr.pc 0x00007fa915098834
Event: 4,489 Thread 0x00007fa918009000 Uncommon trap -34 fr.pc 0x00007fa9150a3f84

Internal exceptions (10 events):
Event: 36,416 Thread 0x00007fa91849f800 Threw 0x00000000f3410ab0 at /build/buildd/openjdk-7-7u25-2.3.12/build/openjdk/hotspot/src/share/vm/interpreter/linkResolver.cpp:805
Event: 36,515 Thread 0x00007fa91849f800 Threw 0x00000000f341db60 at /build/buildd/openjdk-7-7u25-2.3.12/build/openjdk/hotspot/src/share/vm/interpreter/linkResolver.cpp:805
Event: 36,616 Thread 0x00007fa91849f800 Threw 0x00000000f342ac58 at /build/buildd/openjdk-7-7u25-2.3.12/build/openjdk/hotspot/src/share/vm/interpreter/linkResolver.cpp:805
Event: 36,717 Thread 0x00007fa91849f800 Threw 0x00000000f3437d20 at /build/buildd/openjdk-7-7u25-2.3.12/build/openjdk/hotspot/src/share/vm/interpreter/linkResolver.cpp:805
Event: 37,020 Thread 0x00007fa91849f800 Threw 0x00000000f3444dd0 at /build/buildd/openjdk-7-7u25-2.3.12/build/openjdk/hotspot/src/share/vm/interpreter/linkResolver.cpp:805
Event: 37,121 Thread 0x00007fa91849f800 Threw 0x00000000f3451eb8 at /build/buildd/openjdk-7-7u25-2.3.12/build/openjdk/hotspot/src/share/vm/interpreter/linkResolver.cpp:805
Event: 37,186 Thread 0x00007fa91849f800 Threw 0x00000000f345ef68 at /build/buildd/openjdk-7-7u25-2.3.12/build/openjdk/hotspot/src/share/vm/interpreter/linkResolver.cpp:805
Event: 42,910 Thread 0x00007fa91849f800 Threw 0x00000000f36dabd0 at /build/buildd/openjdk-7-7u25-2.3.12/build/openjdk/hotspot/src/share/vm/interpreter/linkResolver.cpp:805
Event: 42,974 Thread 0x00007fa91849f800 Threw 0x00000000f36e7ca0 at /build/buildd/openjdk-7-7u25-2.3.12/build/openjdk/hotspot/src/share/vm/interpreter/linkResolver.cpp:805
Event: 43,176 Thread 0x00007fa91849f800 Threw 0x00000000f36f4d68 at /build/buildd/openjdk-7-7u25-2.3.12/build/openjdk/hotspot/src/share/vm/interpreter/linkResolver.cpp:805

Events (10 events):
Event: 4,909 Executing VM operation: RevokeBias
Event: 4,909 Executing VM operation: RevokeBias done
Event: 4,909 Executing VM operation: RevokeBias
Event: 4,909 Executing VM operation: RevokeBias done
Event: 4,909 Executing VM operation: RevokeBias
Event: 4,910 Executing VM operation: RevokeBias done
Event: 5,476 loading class 0x00007fa8cc01b370
Event: 5,476 loading class 0x00007fa8cc01b370 done
Event: 9,217 Thread 0x00007fa8b4247800 Thread exited: 0x00007fa8b4247800
Event: 9,372 Thread 0x00007fa918475800 Thread exited: 0x00007fa918475800


Dynamic libraries:
00400000-00401000 r-xp 00000000 08:01 136675                             /usr/lib/jvm/java-7-openjdk-amd64/jre/bin/java
00600000-00601000 r--p 00000000 08:01 136675                             /usr/lib/jvm/java-7-openjdk-amd64/jre/bin/java
00601000-00602000 rw-p 00001000 08:01 136675                             /usr/lib/jvm/java-7-openjdk-amd64/jre/bin/java
0208a000-02256000 rw-p 00000000 00:00 0                                  [heap]
cc000000-cd840000 rw-p 00000000 00:00 0 
cd840000-d6600000 rw-p 00000000 00:00 0 
d6600000-dfaa0000 rw-p 00000000 00:00 0 
dfaa0000-dfcc0000 ---p 00000000 00:00 0 
dfcc0000-f2200000 rw-p 00000000 00:00 0 
f2200000-f9a30000 rw-p 00000000 00:00 0 
f9a30000-100000000 rw-p 00000000 00:00 0 
7fa8b4000000-7fa8b646b000 rw-p 00000000 00:00 0 
7fa8b646b000-7fa8b8000000 ---p 00000000 00:00 0 
7fa8baf8d000-7fa8baf9d000 r-xp 00000000 08:01 136615                     /usr/lib/jvm/java-7-openjdk-amd64/jre/lib/amd64/libnio.so
7fa8baf9d000-7fa8bb19c000 ---p 00010000 08:01 136615                     /usr/lib/jvm/java-7-openjdk-amd64/jre/lib/amd64/libnio.so
7fa8bb19c000-7fa8bb19d000 r--p 0000f000 08:01 136615                     /usr/lib/jvm/java-7-openjdk-amd64/jre/lib/amd64/libnio.so
7fa8bb19d000-7fa8bb19e000 rw-p 00010000 08:01 136615                     /usr/lib/jvm/java-7-openjdk-amd64/jre/lib/amd64/libnio.so
7fa8bb19e000-7fa8bb1b4000 r-xp 00000000 08:01 136623                     /usr/lib/jvm/java-7-openjdk-amd64/jre/lib/amd64/libnet.so
7fa8bb1b4000-7fa8bb3b3000 ---p 00016000 08:01 136623                     /usr/lib/jvm/java-7-openjdk-amd64/jre/lib/amd64/libnet.so
7fa8bb3b3000-7fa8bb3b4000 r--p 00015000 08:01 136623                     /usr/lib/jvm/java-7-openjdk-amd64/jre/lib/amd64/libnet.so
7fa8bb3b4000-7fa8bb3b5000 rw-p 00016000 08:01 136623                     /usr/lib/jvm/java-7-openjdk-amd64/jre/lib/amd64/libnet.so
7fa8bb3b5000-7fa8bb401000 r-xp 00000000 08:01 136637                     /usr/lib/jvm/java-7-openjdk-amd64/jre/lib/amd64/libfontmanager.so
7fa8bb401000-7fa8bb600000 ---p 0004c000 08:01 136637                     /usr/lib/jvm/java-7-openjdk-amd64/jre/lib/amd64/libfontmanager.so
7fa8bb600000-7fa8bb603000 r--p 0004b000 08:01 136637                     /usr/lib/jvm/java-7-openjdk-amd64/jre/lib/amd64/libfontmanager.so
7fa8bb603000-7fa8bb604000 rw-p 0004e000 08:01 136637                     /usr/lib/jvm/java-7-openjdk-amd64/jre/lib/amd64/libfontmanager.so
7fa8bb604000-7fa8bb731000 rw-p 00000000 00:00 0 
7fa8bb731000-7fa8bb91e000 rw-s 00000000 00:04 1523286026                 /SYSV00000000 (deleted)
7fa8bb91e000-7fa8bb921000 ---p 00000000 00:00 0 
7fa8bb921000-7fa8bc000000 rw-p 00000000 00:00 0 
7fa8bc000000-7fa8bff81000 rw-p 00000000 00:00 0 
7fa8bff81000-7fa8c0000000 ---p 00000000 00:00 0 
7fa8c0001000-7fa8c0002000 ---p 00000000 00:00 0 
7fa8c0002000-7fa8c863a000 rw-p 00000000 00:00 0                          [stack:44504]
7fa8c863a000-7fa8c863b000 ---p 00000000 00:00 0 
7fa8c863b000-7fa8c97fa000 rw-p 00000000 00:00 0                          [stack:44503]
7fa8c97fa000-7fa8c97fb000 ---p 00000000 00:00 0 
7fa8c97fb000-7fa8c9ffb000 rw-p 00000000 00:00 0                          [stack:44502]
7fa8c9ffb000-7fa8c9ffc000 ---p 00000000 00:00 0 
7fa8c9ffc000-7fa8ca7fc000 rw-p 00000000 00:00 0                          [stack:44501]
7fa8ca7fc000-7fa8ca7fd000 ---p 00000000 00:00 0 
7fa8ca7fd000-7fa8cb7ff000 rw-p 00000000 00:00 0 
7fa8cb7ff000-7fa8cb800000 ---p 00000000 00:00 0 
7fa8cb800000-7fa8cc000000 rw-p 00000000 00:00 0                          [stack:44499]
7fa8cc000000-7fa8d0000000 rw-p 00000000 00:00 0 
7fa8d0035000-7fa8d0162000 rw-p 00000000 00:00 0 
7fa8d0162000-7fa8d0163000 ---p 00000000 00:00 0 
7fa8d0163000-7fa8d0963000 rw-p 00000000 00:00 0                          [stack:44498]
7fa8d0963000-7fa8d0964000 ---p 00000000 00:00 0 
7fa8d0964000-7fa8d1164000 rw-p 00000000 00:00 0                          [stack:44497]
7fa8d1164000-7fa8d11bc000 r-xp 00000000 08:01 790477                     /SimpleOpenNI/library/linux64/OpenNI2/Drivers/libPSLink.so
7fa8d11bc000-7fa8d13bc000 ---p 00058000 08:01 790477                     /SimpleOpenNI/library/linux64/OpenNI2/Drivers/libPSLink.so
7fa8d13bc000-7fa8d13c1000 r--p 00058000 08:01 790477                     /SimpleOpenNI/library/linux64/OpenNI2/Drivers/libPSLink.so
7fa8d13c1000-7fa8d13c2000 rw-p 0005d000 08:01 790477                     /SimpleOpenNI/library/linux64/OpenNI2/Drivers/libPSLink.so
7fa8d13c2000-7fa8d13c3000 rw-p 00000000 00:00 0 
7fa8d13c3000-7fa8d13c4000 ---p 00000000 00:00 0 
7fa8d13c4000-7fa8d1bc4000 rw-p 00000000 00:00 0                          [stack:44496]
7fa8d1bc4000-7fa8d1c6e000 r-xp 00000000 08:01 790476                     /SimpleOpenNI/library/linux64/OpenNI2/Drivers/libPS1080.so
7fa8d1c6e000-7fa8d1e6d000 ---p 000aa000 08:01 790476                     /SimpleOpenNI/library/linux64/OpenNI2/Drivers/libPS1080.so
7fa8d1e6d000-7fa8d1e72000 r--p 000a9000 08:01 790476                     /SimpleOpenNI/library/linux64/OpenNI2/Drivers/libPS1080.so
7fa8d1e72000-7fa8d1e76000 rw-p 000ae000 08:01 790476                     /SimpleOpenNI/library/linux64/OpenNI2/Drivers/libPS1080.so
7fa8d1e76000-7fa8d1e97000 rw-p 00000000 00:00 0 
7fa8d1e97000-7fa8d1ee1000 r-xp 00000000 08:01 790479                     /SimpleOpenNI/library/linux64/OpenNI2/Drivers/libOniFile.so
7fa8d1ee1000-7fa8d20e0000 ---p 0004a000 08:01 790479                     /SimpleOpenNI/library/linux64/OpenNI2/Drivers/libOniFile.so
7fa8d20e0000-7fa8d20e2000 r--p 00049000 08:01 790479                     /SimpleOpenNI/library/linux64/OpenNI2/Drivers/libOniFile.so
7fa8d20e2000-7fa8d20e3000 rw-p 0004b000 08:01 790479                     /SimpleOpenNI/library/linux64/OpenNI2/Drivers/libOniFile.so
7fa8d20e3000-7fa8d2103000 rw-p 00000000 00:00 0 
7fa8d2103000-7fa8d210e000 r-xp 00000000 08:01 790478                     /SimpleOpenNI/library/linux64/OpenNI2/Drivers/libfreenect.so
7fa8d210e000-7fa8d230d000 ---p 0000b000 08:01 790478                     /SimpleOpenNI/library/linux64/OpenNI2/Drivers/libfreenect.so
7fa8d230d000-7fa8d230e000 r--p 0000a000 08:01 790478                     /SimpleOpenNI/library/linux64/OpenNI2/Drivers/libfreenect.so
7fa8d230e000-7fa8d230f000 rw-p 0000b000 08:01 790478                     /SimpleOpenNI/library/linux64/OpenNI2/Drivers/libfreenect.so
7fa8d230f000-7fa8d2310000 ---p 00000000 00:00 0 
7fa8d2310000-7fa8d2b10000 rw-p 00000000 00:00 0 
7fa8d2b10000-7fa8d2b11000 ---p 00000000 00:00 0 
7fa8d2b11000-7fa8d3311000 rw-p 00000000 00:00 0                          [stack:44494]
7fa8d3311000-7fa8d3321000 r-xp 00000000 08:01 263158                     /lib/x86_64-linux-gnu/libudev.so.1.3.5
7fa8d3321000-7fa8d3520000 ---p 00010000 08:01 263158                     /lib/x86_64-linux-gnu/libudev.so.1.3.5
7fa8d3520000-7fa8d3521000 r--p 0000f000 08:01 263158                     /lib/x86_64-linux-gnu/libudev.so.1.3.5
7fa8d3521000-7fa8d3522000 rw-p 00010000 08:01 263158                     /lib/x86_64-linux-gnu/libudev.so.1.3.5
7fa8d3522000-7fa8d3537000 r-xp 00000000 08:01 263209                     /lib/x86_64-linux-gnu/libusb-1.0.so.0.1.0
7fa8d3537000-7fa8d3736000 ---p 00015000 08:01 263209                     /lib/x86_64-linux-gnu/libusb-1.0.so.0.1.0
7fa8d3736000-7fa8d3737000 r--p 00014000 08:01 263209                     /lib/x86_64-linux-gnu/libusb-1.0.so.0.1.0
7fa8d3737000-7fa8d3738000 rw-p 00015000 08:01 263209                     /lib/x86_64-linux-gnu/libusb-1.0.so.0.1.0
7fa8d3738000-7fa8d3743000 r-xp 00000000 08:01 790482                     /SimpleOpenNI/library/linux64/OpenNI2/Drivers/libfreenect.so.0.1
7fa8d3743000-7fa8d3942000 ---p 0000b000 08:01 790482                     /SimpleOpenNI/library/linux64/OpenNI2/Drivers/libfreenect.so.0.1
7fa8d3942000-7fa8d3943000 r--p 0000a000 08:01 790482                     /SimpleOpenNI/library/linux64/OpenNI2/Drivers/libfreenect.so.0.1
7fa8d3943000-7fa8d3944000 rw-p 0000b000 08:01 790482                     /SimpleOpenNI/library/linux64/OpenNI2/Drivers/libfreenect.so.0.1
7fa8d3944000-7fa8d3deb000 r-xp 00000000 08:01 790486                     /SimpleOpenNI/library/linux64/libNiTE2.so
7fa8d3deb000-7fa8d3fea000 ---p 004a7000 08:01 790486                     /SimpleOpenNI/library/linux64/libNiTE2.so
7fa8d3fea000-7fa8d3ff6000 r--p 004a6000 08:01 790486                     /SimpleOpenNI/library/linux64/libNiTE2.so
7fa8d3ff6000-7fa8d3ff8000 rw-p 004b2000 08:01 790486                     /SimpleOpenNI/library/linux64/libNiTE2.so
7fa8d3ff8000-7fa8d4000000 rw-p 00000000 00:00 0 
7fa8d4000000-7fa8d4021000 rw-p 00000000 00:00 0 
7fa8d4021000-7fa8d8000000 ---p 00000000 00:00 0 
7fa8d8000000-7fa8d80b8000 rw-p 00000000 00:00 0 
7fa8d80b8000-7fa8dc000000 ---p 00000000 00:00 0 
7fa8dc000000-7fa8dc021000 rw-p 00000000 00:00 0 
7fa8dc021000-7fa8e0000000 ---p 00000000 00:00 0 
7fa8e006e000-7fa8e0085000 r-xp 00000000 08:01 790480                     /SimpleOpenNI/library/linux64/OpenNI2/Drivers/libFreenectDriver.so
7fa8e0085000-7fa8e0285000 ---p 00017000 08:01 790480                     /SimpleOpenNI/library/linux64/OpenNI2/Drivers/libFreenectDriver.so
7fa8e0285000-7fa8e0286000 r--p 00017000 08:01 790480                     /SimpleOpenNI/library/linux64/OpenNI2/Drivers/libFreenectDriver.so
7fa8e0286000-7fa8e0287000 rw-p 00018000 08:01 790480                     /SimpleOpenNI/library/linux64/OpenNI2/Drivers/libFreenectDriver.so
7fa8e0287000-7fa8e028b000 rw-p 0001f000 08:01 790480                     /SimpleOpenNI/library/linux64/OpenNI2/Drivers/libFreenectDriver.so
7fa8e028b000-7fa8e02a1000 r-xp 00000000 08:01 790481                     /SimpleOpenNI/library/linux64/OpenNI2/Drivers/libDummyDevice.so
7fa8e02a1000-7fa8e04a1000 ---p 00016000 08:01 790481                     /SimpleOpenNI/library/linux64/OpenNI2/Drivers/libDummyDevice.so
7fa8e04a1000-7fa8e04a2000 r--p 00016000 08:01 790481                     /SimpleOpenNI/library/linux64/OpenNI2/Drivers/libDummyDevice.so
7fa8e04a2000-7fa8e04a3000 rw-p 00017000 08:01 790481                     /SimpleOpenNI/library/linux64/OpenNI2/Drivers/libDummyDevice.so
7fa8e04a3000-7fa8e04a6000 r-xp 00000000 08:01 7119                       /usr/lib/libboost_system.so.1.54.0
7fa8e04a6000-7fa8e06a5000 ---p 00003000 08:01 7119                       /usr/lib/libboost_system.so.1.54.0
7fa8e06a5000-7fa8e06a6000 r--p 00002000 08:01 7119                       /usr/lib/libboost_system.so.1.54.0
7fa8e06a6000-7fa8e06a7000 rw-p 00003000 08:01 7119                       /usr/lib/libboost_system.so.1.54.0
7fa8e06a7000-7fa8e06ff000 r-xp 00000000 08:01 790484                     /SimpleOpenNI/library/linux64/libOpenNI2.so
7fa8e06ff000-7fa8e08ff000 ---p 00058000 08:01 790484                     /SimpleOpenNI/library/linux64/libOpenNI2.so
7fa8e08ff000-7fa8e0901000 r--p 00058000 08:01 790484                     /SimpleOpenNI/library/linux64/libOpenNI2.so
7fa8e0901000-7fa8e0902000 rw-p 0005a000 08:01 790484                     /SimpleOpenNI/library/linux64/libOpenNI2.so
7fa8e0902000-7fa8e0923000 rw-p 00000000 00:00 0 
7fa8e0923000-7fa8e093b000 r-xp 00000000 08:01 790485                     /SimpleOpenNI/library/linux64/libboost_thread.so.1.54.0
7fa8e093b000-7fa8e0b3a000 ---p 00018000 08:01 790485                     /SimpleOpenNI/library/linux64/libboost_thread.so.1.54.0
7fa8e0b3a000-7fa8e0b3c000 r--p 00017000 08:01 790485                     /SimpleOpenNI/library/linux64/libboost_thread.so.1.54.0
7fa8e0b3c000-7fa8e0b3d000 rw-p 00019000 08:01 790485                     /SimpleOpenNI/library/linux64/libboost_thread.so.1.54.0
7fa8e0b3d000-7fa8e0b83000 r-xp 00000000 08:01 790488                     /SimpleOpenNI/library/libSimpleOpenNI64.so
7fa8e0b83000-7fa8e0d82000 ---p 00046000 08:01 790488                     /SimpleOpenNI/library/libSimpleOpenNI64.so
7fa8e0d82000-7fa8e0d84000 r--p 00045000 08:01 790488                     /SimpleOpenNI/library/libSimpleOpenNI64.so
7fa8e0d84000-7fa8e0d86000 rw-p 00047000 08:01 790488                     /SimpleOpenNI/library/libSimpleOpenNI64.so
7fa8e0d86000-7fa8e0d89000 ---p 00000000 00:00 0 
7fa8e0d89000-7fa8e0e87000 rw-p 00000000 00:00 0                          [stack:44493]
7fa8e0e87000-7fa8e0e8a000 ---p 00000000 00:00 0 
7fa8e0e8a000-7fa8e0f88000 rw-p 00000000 00:00 0                          [stack:44492]
7fa8e0f88000-7fa8e0f8b000 ---p 00000000 00:00 0 
7fa8e0f8b000-7fa8e1089000 rw-p 00000000 00:00 0                          [stack:44491]
7fa8e1089000-7fa8e108c000 ---p 00000000 00:00 0 
7fa8e108c000-7fa8e118a000 rw-p 00000000 00:00 0 
7fa8e118a000-7fa8e118d000 ---p 00000000 00:00 0 
7fa8e118d000-7fa8e128b000 rw-p 00000000 00:00 0                          [stack:44489]
7fa8e128b000-7fa8e128f000 r-xp 00000000 08:01 262223                     /lib/x86_64-linux-gnu/libgpg-error.so.0.10.0
7fa8e128f000-7fa8e148e000 ---p 00004000 08:01 262223                     /lib/x86_64-linux-gnu/libgpg-error.so.0.10.0
7fa8e148e000-7fa8e148f000 r--p 00003000 08:01 262223                     /lib/x86_64-linux-gnu/libgpg-error.so.0.10.0
7fa8e148f000-7fa8e1490000 rw-p 00004000 08:01 262223                     /lib/x86_64-linux-gnu/libgpg-error.so.0.10.0
7fa8e1490000-7fa8e1492000 r-xp 00000000 08:01 262194                     /lib/x86_64-linux-gnu/libkeyutils.so.1.4
7fa8e1492000-7fa8e1692000 ---p 00002000 08:01 262194                     /lib/x86_64-linux-gnu/libkeyutils.so.1.4
7fa8e1692000-7fa8e1693000 r--p 00002000 08:01 262194                     /lib/x86_64-linux-gnu/libkeyutils.so.1.4
7fa8e1693000-7fa8e1694000 rw-p 00003000 08:01 262194                     /lib/x86_64-linux-gnu/libkeyutils.so.1.4
7fa8e1694000-7fa8e16ac000 r-xp 00000000 08:01 574                        /usr/lib/x86_64-linux-gnu/libgraphite2.so.3.0.1
7fa8e16ac000-7fa8e18ab000 ---p 00018000 08:01 574                        /usr/lib/x86_64-linux-gnu/libgraphite2.so.3.0.1
7fa8e18ab000-7fa8e18ad000 r--p 00017000 08:01 574                        /usr/lib/x86_64-linux-gnu/libgraphite2.so.3.0.1
7fa8e18ad000-7fa8e18ae000 rw-p 00019000 08:01 574                        /usr/lib/x86_64-linux-gnu/libgraphite2.so.3.0.1
7fa8e18ae000-7fa8e18f2000 r-xp 00000000 08:01 264136                     /lib/x86_64-linux-gnu/libdbus-1.so.3.7.4
7fa8e18f2000-7fa8e1af1000 ---p 00044000 08:01 264136                     /lib/x86_64-linux-gnu/libdbus-1.so.3.7.4
7fa8e1af1000-7fa8e1af2000 r--p 00043000 08:01 264136                     /lib/x86_64-linux-gnu/libdbus-1.so.3.7.4
7fa8e1af2000-7fa8e1af3000 rw-p 00044000 08:01 264136                     /lib/x86_64-linux-gnu/libdbus-1.so.3.7.4
7fa8e1af3000-7fa8e1b11000 r-xp 00000000 08:01 5137                       /usr/lib/x86_64-linux-gnu/libp11-kit.so.0.0.0
7fa8e1b11000-7fa8e1d10000 ---p 0001e000 08:01 5137                       /usr/lib/x86_64-linux-gnu/libp11-kit.so.0.0.0
7fa8e1d10000-7fa8e1d12000 r--p 0001d000 08:01 5137                       /usr/lib/x86_64-linux-gnu/libp11-kit.so.0.0.0
7fa8e1d12000-7fa8e1d13000 rw-p 0001f000 08:01 5137                       /usr/lib/x86_64-linux-gnu/libp11-kit.so.0.0.0
7fa8e1d13000-7fa8e1d23000 r-xp 00000000 08:01 5140                       /usr/lib/x86_64-linux-gnu/libtasn1.so.3.2.0
7fa8e1d23000-7fa8e1f22000 ---p 00010000 08:01 5140                       /usr/lib/x86_64-linux-gnu/libtasn1.so.3.2.0
7fa8e1f22000-7fa8e1f23000 r--p 0000f000 08:01 5140                       /usr/lib/x86_64-linux-gnu/libtasn1.so.3.2.0
7fa8e1f23000-7fa8e1f24000 rw-p 00010000 08:01 5140                       /usr/lib/x86_64-linux-gnu/libtasn1.so.3.2.0
7fa8e1f24000-7fa8e1f9e000 r-xp 00000000 08:01 263657                     /lib/x86_64-linux-gnu/libgcrypt.so.11.7.0
7fa8e1f9e000-7fa8e219e000 ---p 0007a000 08:01 263657                     /lib/x86_64-linux-gnu/libgcrypt.so.11.7.0
7fa8e219e000-7fa8e219f000 r--p 0007a000 08:01 263657                     /lib/x86_64-linux-gnu/libgcrypt.so.11.7.0
7fa8e219f000-7fa8e21a2000 rw-p 0007b000 08:01 263657                     /lib/x86_64-linux-gnu/libgcrypt.so.11.7.0
7fa8e21a2000-7fa8e21a9000 r-xp 00000000 08:01 5151                       /usr/lib/x86_64-linux-gnu/libkrb5support.so.0.1
7fa8e21a9000-7fa8e23a8000 ---p 00007000 08:01 5151                       /usr/lib/x86_64-linux-gnu/libkrb5support.so.0.1
7fa8e23a8000-7fa8e23a9000 r--p 00006000 08:01 5151                       /usr/lib/x86_64-linux-gnu/libkrb5support.so.0.1
7fa8e23a9000-7fa8e23aa000 rw-p 00007000 08:01 5151                       /usr/lib/x86_64-linux-gnu/libkrb5support.so.0.1
7fa8e23aa000-7fa8e23ad000 r-xp 00000000 08:01 264316                     /lib/x86_64-linux-gnu/libcom_err.so.2.1
7fa8e23ad000-7fa8e25ac000 ---p 00003000 08:01 264316                     /lib/x86_64-linux-gnu/libcom_err.so.2.1
7fa8e25ac000-7fa8e25ad000 r--p 00002000 08:01 264316                     /lib/x86_64-linux-gnu/libcom_err.so.2.1
7fa8e25ad000-7fa8e25ae000 rw-p 00003000 08:01 264316                     /lib/x86_64-linux-gnu/libcom_err.so.2.1
7fa8e25ae000-7fa8e25d4000 r-xp 00000000 08:01 3543                       /usr/lib/x86_64-linux-gnu/libk5crypto.so.3.1
7fa8e25d4000-7fa8e27d3000 ---p 00026000 08:01 3543                       /usr/lib/x86_64-linux-gnu/libk5crypto.so.3.1
7fa8e27d3000-7fa8e27d4000 r--p 00025000 08:01 3543                       /usr/lib/x86_64-linux-gnu/libk5crypto.so.3.1
7fa8e27d4000-7fa8e27d5000 rw-p 00026000 08:01 3543                       /usr/lib/x86_64-linux-gnu/libk5crypto.so.3.1
7fa8e27d5000-7fa8e27d6000 rw-p 00000000 00:00 0 
7fa8e27d6000-7fa8e289b000 r-xp 00000000 08:01 5148                       /usr/lib/x86_64-linux-gnu/libkrb5.so.3.3
7fa8e289b000-7fa8e2a9a000 ---p 000c5000 08:01 5148                       /usr/lib/x86_64-linux-gnu/libkrb5.so.3.3
7fa8e2a9a000-7fa8e2aa4000 r--p 000c4000 08:01 5148                       /usr/lib/x86_64-linux-gnu/libkrb5.so.3.3
7fa8e2aa4000-7fa8e2aa5000 rw-p 000ce000 08:01 5148                       /usr/lib/x86_64-linux-gnu/libkrb5.so.3.3
7fa8e2aa5000-7fa8e2aab000 r-xp 00000000 08:01 8328                       /usr/lib/x86_64-linux-gnu/libdatrie.so.1.2.0
7fa8e2aab000-7fa8e2caa000 ---p 00006000 08:01 8328                       /usr/lib/x86_64-linux-gnu/libdatrie.so.1.2.0
7fa8e2caa000-7fa8e2cab000 r--p 00005000 08:01 8328                       /usr/lib/x86_64-linux-gnu/libdatrie.so.1.2.0
7fa8e2cab000-7fa8e2cac000 rw-p 00006000 08:01 8328                       /usr/lib/x86_64-linux-gnu/libdatrie.so.1.2.0
7fa8e2cac000-7fa8e2cfc000 r-xp 00000000 08:01 2852                       /usr/lib/x86_64-linux-gnu/libharfbuzz.so.0.919.0
7fa8e2cfc000-7fa8e2efc000 ---p 00050000 08:01 2852                       /usr/lib/x86_64-linux-gnu/libharfbuzz.so.0.919.0
7fa8e2efc000-7fa8e2efd000 r--p 00050000 08:01 2852                       /usr/lib/x86_64-linux-gnu/libharfbuzz.so.0.919.0
7fa8e2efd000-7fa8e2efe000 rw-p 00051000 08:01 2852                       /usr/lib/x86_64-linux-gnu/libharfbuzz.so.0.919.0
7fa8e2efe000-7fa8e2f06000 r-xp 00000000 08:01 2222                       /usr/lib/x86_64-linux-gnu/libxcb-render.so.0.0.0
7fa8e2f06000-7fa8e3105000 ---p 00008000 08:01 2222                       /usr/lib/x86_64-linux-gnu/libxcb-render.so.0.0.0
7fa8e3105000-7fa8e3106000 r--p 00007000 08:01 2222                       /usr/lib/x86_64-linux-gnu/libxcb-render.so.0.0.0
7fa8e3106000-7fa8e3107000 rw-p 00008000 08:01 2222                       /usr/lib/x86_64-linux-gnu/libxcb-render.so.0.0.0
7fa8e3107000-7fa8e3109000 r-xp 00000000 08:01 2230                       /usr/lib/x86_64-linux-gnu/libxcb-shm.so.0.0.0
7fa8e3109000-7fa8e3308000 ---p 00002000 08:01 2230                       /usr/lib/x86_64-linux-gnu/libxcb-shm.so.0.0.0
7fa8e3308000-7fa8e3309000 r--p 00001000 08:01 2230                       /usr/lib/x86_64-linux-gnu/libxcb-shm.so.0.0.0
7fa8e3309000-7fa8e330a000 rw-p 00002000 08:01 2230                       /usr/lib/x86_64-linux-gnu/libxcb-shm.so.0.0.0
7fa8e330a000-7fa8e332f000 r-xp 00000000 08:01 264467                     /lib/x86_64-linux-gnu/libpng12.so.0.49.0
7fa8e332f000-7fa8e352e000 ---p 00025000 08:01 264467                     /lib/x86_64-linux-gnu/libpng12.so.0.49.0
7fa8e352e000-7fa8e352f000 r--p 00024000 08:01 264467                     /lib/x86_64-linux-gnu/libpng12.so.0.49.0
7fa8e352f000-7fa8e3530000 rw-p 00025000 08:01 264467                     /lib/x86_64-linux-gnu/libpng12.so.0.49.0
7fa8e3530000-7fa8e35d1000 r-xp 00000000 08:01 1199                       /usr/lib/x86_64-linux-gnu/libpixman-1.so.0.30.2
7fa8e35d1000-7fa8e37d1000 ---p 000a1000 08:01 1199                       /usr/lib/x86_64-linux-gnu/libpixman-1.so.0.30.2
7fa8e37d1000-7fa8e37d8000 r--p 000a1000 08:01 1199                       /usr/lib/x86_64-linux-gnu/libpixman-1.so.0.30.2
7fa8e37d8000-7fa8e37d9000 rw-p 000a8000 08:01 1199                       /usr/lib/x86_64-linux-gnu/libpixman-1.so.0.30.2
7fa8e37d9000-7fa8e37de000 r-xp 00000000 08:01 8665                       /usr/lib/x86_64-linux-gnu/libXdmcp.so.6.0.0
7fa8e37de000-7fa8e39dd000 ---p 00005000 08:01 8665                       /usr/lib/x86_64-linux-gnu/libXdmcp.so.6.0.0
7fa8e39dd000-7fa8e39de000 r--p 00004000 08:01 8665                       /usr/lib/x86_64-linux-gnu/libXdmcp.so.6.0.0
7fa8e39de000-7fa8e39df000 rw-p 00005000 08:01 8665                       /usr/lib/x86_64-linux-gnu/libXdmcp.so.6.0.0
7fa8e39df000-7fa8e39e1000 r-xp 00000000 08:01 206                        /usr/lib/x86_64-linux-gnu/libXau.so.6.0.0
7fa8e39e1000-7fa8e3be1000 ---p 00002000 08:01 206                        /usr/lib/x86_64-linux-gnu/libXau.so.6.0.0
7fa8e3be1000-7fa8e3be2000 r--p 00002000 08:01 206                        /usr/lib/x86_64-linux-gnu/libXau.so.6.0.0
7fa8e3be2000-7fa8e3be3000 rw-p 00003000 08:01 206                        /usr/lib/x86_64-linux-gnu/libXau.so.6.0.0
7fa8e3be3000-7fa8e3bf2000 r-xp 00000000 08:01 130                        /usr/lib/x86_64-linux-gnu/libavahi-client.so.3.2.9
7fa8e3bf2000-7fa8e3df2000 ---p 0000f000 08:01 130                        /usr/lib/x86_64-linux-gnu/libavahi-client.so.3.2.9
7fa8e3df2000-7fa8e3df3000 r--p 0000f000 08:01 130                        /usr/lib/x86_64-linux-gnu/libavahi-client.so.3.2.9
7fa8e3df3000-7fa8e3df4000 rw-p 00010000 08:01 130                        /usr/lib/x86_64-linux-gnu/libavahi-client.so.3.2.9
7fa8e3df4000-7fa8e3dff000 r-xp 00000000 08:01 128                        /usr/lib/x86_64-linux-gnu/libavahi-common.so.3.5.3
7fa8e3dff000-7fa8e3ffe000 ---p 0000b000 08:01 128                        /usr/lib/x86_64-linux-gnu/libavahi-common.so.3.5.3
7fa8e3ffe000-7fa8e3fff000 r--p 0000a000 08:01 128                        /usr/lib/x86_64-linux-gnu/libavahi-common.so.3.5.3
7fa8e3fff000-7fa8e4000000 rw-p 0000b000 08:01 128                        /usr/lib/x86_64-linux-gnu/libavahi-common.so.3.5.3
7fa8e4000000-7fa8e41c4000 rw-p 00000000 00:00 0 
7fa8e41c4000-7fa8e8000000 ---p 00000000 00:00 0 
7fa8e8013000-7fa8e80aa000 rw-p 00000000 00:00 0 
7fa8e80aa000-7fa8e80ad000 ---p 00000000 00:00 0 
7fa8e80ad000-7fa8e81ab000 rw-p 00000000 00:00 0                          [stack:44488]
7fa8e81ab000-7fa8e8261000 r-xp 00000000 08:01 5143                       /usr/lib/x86_64-linux-gnu/libgnutls.so.26.22.6
7fa8e8261000-7fa8e8461000 ---p 000b6000 08:01 5143                       /usr/lib/x86_64-linux-gnu/libgnutls.so.26.22.6
7fa8e8461000-7fa8e8467000 r--p 000b6000 08:01 5143                       /usr/lib/x86_64-linux-gnu/libgnutls.so.26.22.6
7fa8e8467000-7fa8e8468000 rw-p 000bc000 08:01 5143                       /usr/lib/x86_64-linux-gnu/libgnutls.so.26.22.6
7fa8e8468000-7fa8e8469000 rw-p 00000000 00:00 0 
7fa8e8469000-7fa8e84a4000 r-xp 00000000 08:01 3662                       /usr/lib/x86_64-linux-gnu/libgssapi_krb5.so.2.2
7fa8e84a4000-7fa8e86a4000 ---p 0003b000 08:01 3662                       /usr/lib/x86_64-linux-gnu/libgssapi_krb5.so.2.2
7fa8e86a4000-7fa8e86a5000 r--p 0003b000 08:01 3662                       /usr/lib/x86_64-linux-gnu/libgssapi_krb5.so.2.2
7fa8e86a5000-7fa8e86a7000 rw-p 0003c000 08:01 3662                       /usr/lib/x86_64-linux-gnu/libgssapi_krb5.so.2.2
7fa8e86a7000-7fa8e86e4000 r-xp 00000000 08:01 266403                     /lib/x86_64-linux-gnu/libpcre.so.3.13.1
7fa8e86e4000-7fa8e88e4000 ---p 0003d000 08:01 266403                     /lib/x86_64-linux-gnu/libpcre.so.3.13.1
7fa8e88e4000-7fa8e88e5000 r--p 0003d000 08:01 266403                     /lib/x86_64-linux-gnu/libpcre.so.3.13.1
7fa8e88e5000-7fa8e88e6000 rw-p 0003e000 08:01 266403                     /lib/x86_64-linux-gnu/libpcre.so.3.13.1
7fa8e88e6000-7fa8e88ed000 r-xp 00000000 08:01 63                         /usr/lib/x86_64-linux-gnu/libffi.so.6.0.1
7fa8e88ed000-7fa8e8aec000 ---p 00007000 08:01 63                         /usr/lib/x86_64-linux-gnu/libffi.so.6.0.1
7fa8e8aec000-7fa8e8aed000 r--p 00006000 08:01 63                         /usr/lib/x86_64-linux-gnu/libffi.so.6.0.1
7fa8e8aed000-7fa8e8aee000 rw-p 00007000 08:01 63                         /usr/lib/x86_64-linux-gnu/libffi.so.6.0.1
7fa8e8aee000-7fa8e8b15000 r-xp 00000000 08:01 264158                     /lib/x86_64-linux-gnu/libexpat.so.1.6.0
7fa8e8b15000-7fa8e8d15000 ---p 00027000 08:01 264158                     /lib/x86_64-linux-gnu/libexpat.so.1.6.0
7fa8e8d15000-7fa8e8d17000 r--p 00027000 08:01 264158                     /lib/x86_64-linux-gnu/libexpat.so.1.6.0
7fa8e8d17000-7fa8e8d18000 rw-p 00029000 08:01 264158                     /lib/x86_64-linux-gnu/libexpat.so.1.6.0
7fa8e8d18000-7fa8e8db4000 r-xp 00000000 08:01 994                        /usr/lib/x86_64-linux-gnu/libfreetype.so.6.10.1
7fa8e8db4000-7fa8e8fb4000 ---p 0009c000 08:01 994                        /usr/lib/x86_64-linux-gnu/libfreetype.so.6.10.1
7fa8e8fb4000-7fa8e8fb9000 r--p 0009c000 08:01 994                        /usr/lib/x86_64-linux-gnu/libfreetype.so.6.10.1
7fa8e8fb9000-7fa8e8fba000 rw-p 000a1000 08:01 994                        /usr/lib/x86_64-linux-gnu/libfreetype.so.6.10.1
7fa8e8fba000-7fa8e8fc2000 r-xp 00000000 08:01 8330                       /usr/lib/x86_64-linux-gnu/libthai.so.0.2.0
7fa8e8fc2000-7fa8e91c1000 ---p 00008000 08:01 8330                       /usr/lib/x86_64-linux-gnu/libthai.so.0.2.0
7fa8e91c1000-7fa8e91c2000 r--p 00007000 08:01 8330                       /usr/lib/x86_64-linux-gnu/libthai.so.0.2.0
7fa8e91c2000-7fa8e91c3000 rw-p 00008000 08:01 8330                       /usr/lib/x86_64-linux-gnu/libthai.so.0.2.0
7fa8e91c3000-7fa8e91d9000 r-xp 00000000 08:01 265339                     /lib/x86_64-linux-gnu/libresolv-2.17.so
7fa8e91d9000-7fa8e93d9000 ---p 00016000 08:01 265339                     /lib/x86_64-linux-gnu/libresolv-2.17.so
7fa8e93d9000-7fa8e93da000 r--p 00016000 08:01 265339                     /lib/x86_64-linux-gnu/libresolv-2.17.so
7fa8e93da000-7fa8e93db000 rw-p 00017000 08:01 265339                     /lib/x86_64-linux-gnu/libresolv-2.17.so
7fa8e93db000-7fa8e93dd000 rw-p 00000000 00:00 0 
7fa8e93dd000-7fa8e93fc000 r-xp 00000000 08:01 263495                     /lib/x86_64-linux-gnu/libselinux.so.1
7fa8e93fc000-7fa8e95fc000 ---p 0001f000 08:01 263495                     /lib/x86_64-linux-gnu/libselinux.so.1
7fa8e95fc000-7fa8e95fd000 r--p 0001f000 08:01 263495                     /lib/x86_64-linux-gnu/libselinux.so.1
7fa8e95fd000-7fa8e95fe000 rw-p 00020000 08:01 263495                     /lib/x86_64-linux-gnu/libselinux.so.1
7fa8e95fe000-7fa8e95ff000 rw-p 00000000 00:00 0 
7fa8e95ff000-7fa8e9601000 r-xp 00000000 08:01 6693                       /usr/lib/x86_64-linux-gnu/libXdamage.so.1.1.0
7fa8e9601000-7fa8e9800000 ---p 00002000 08:01 6693                       /usr/lib/x86_64-linux-gnu/libXdamage.so.1.1.0
7fa8e9800000-7fa8e9801000 r--p 00001000 08:01 6693                       /usr/lib/x86_64-linux-gnu/libXdamage.so.1.1.0
7fa8e9801000-7fa8e9802000 rw-p 00002000 08:01 6693                       /usr/lib/x86_64-linux-gnu/libXdamage.so.1.1.0
7fa8e9802000-7fa8e9804000 r-xp 00000000 08:01 3417                       /usr/lib/x86_64-linux-gnu/libXcomposite.so.1.0.0
7fa8e9804000-7fa8e9a03000 ---p 00002000 08:01 3417                       /usr/lib/x86_64-linux-gnu/libXcomposite.so.1.0.0
7fa8e9a03000-7fa8e9a04000 r--p 00001000 08:01 3417                       /usr/lib/x86_64-linux-gnu/libXcomposite.so.1.0.0
7fa8e9a04000-7fa8e9a05000 rw-p 00002000 08:01 3417                       /usr/lib/x86_64-linux-gnu/libXcomposite.so.1.0.0
7fa8e9a05000-7fa8e9a0e000 r-xp 00000000 08:01 2819                       /usr/lib/x86_64-linux-gnu/libXcursor.so.1.0.2
7fa8e9a0e000-7fa8e9c0d000 ---p 00009000 08:01 2819                       /usr/lib/x86_64-linux-gnu/libXcursor.so.1.0.2
7fa8e9c0d000-7fa8e9c0e000 r--p 00008000 08:01 2819                       /usr/lib/x86_64-linux-gnu/libXcursor.so.1.0.2
7fa8e9c0e000-7fa8e9c0f000 rw-p 00009000 08:01 2819                       /usr/lib/x86_64-linux-gnu/libXcursor.so.1.0.2
7fa8e9c0f000-7fa8e9c18000 r-xp 00000000 08:01 6537                       /usr/lib/x86_64-linux-gnu/libXrandr.so.2.2.0
7fa8e9c18000-7fa8e9e17000 ---p 00009000 08:01 6537                       /usr/lib/x86_64-linux-gnu/libXrandr.so.2.2.0
7fa8e9e17000-7fa8e9e18000 r--p 00008000 08:01 6537                       /usr/lib/x86_64-linux-gnu/libXrandr.so.2.2.0
7fa8e9e18000-7fa8e9e19000 rw-p 00009000 08:01 6537                       /usr/lib/x86_64-linux-gnu/libXrandr.so.2.2.0
7fa8e9e19000-7fa8e9e1b000 r-xp 00000000 08:01 6486                       /usr/lib/x86_64-linux-gnu/libXinerama.so.1.0.0
7fa8e9e1b000-7fa8ea01a000 ---p 00002000 08:01 6486                       /usr/lib/x86_64-linux-gnu/libXinerama.so.1.0.0
7fa8ea01a000-7fa8ea01b000 r--p 00001000 08:01 6486                       /usr/lib/x86_64-linux-gnu/libXinerama.so.1.0.0
7fa8ea01b000-7fa8ea01c000 rw-p 00002000 08:01 6486                       /usr/lib/x86_64-linux-gnu/libXinerama.so.1.0.0
7fa8ea01c000-7fa8ea030000 r-xp 00000000 08:01 8322                       /usr/lib/x86_64-linux-gnu/libpangoft2-1.0.so.0.3200.5
7fa8ea030000-7fa8ea22f000 ---p 00014000 08:01 8322                       /usr/lib/x86_64-linux-gnu/libpangoft2-1.0.so.0.3200.5
7fa8ea22f000-7fa8ea230000 r--p 00013000 08:01 8322                       /usr/lib/x86_64-linux-gnu/libpangoft2-1.0.so.0.3200.5
7fa8ea230000-7fa8ea231000 rw-p 00014000 08:01 8322                       /usr/lib/x86_64-linux-gnu/libpangoft2-1.0.so.0.3200.5
7fa8ea231000-7fa8ea335000 r-xp 00000000 08:01 2246                       /usr/lib/x86_64-linux-gnu/libcairo.so.2.11200.16
7fa8ea335000-7fa8ea534000 ---p 00104000 08:01 2246                       /usr/lib/x86_64-linux-gnu/libcairo.so.2.11200.16
7fa8ea534000-7fa8ea537000 r--p 00103000 08:01 2246                       /usr/lib/x86_64-linux-gnu/libcairo.so.2.11200.16
7fa8ea537000-7fa8ea538000 rw-p 00106000 08:01 2246                       /usr/lib/x86_64-linux-gnu/libcairo.so.2.11200.16
7fa8ea538000-7fa8ea53a000 rw-p 00000000 00:00 0 
7fa8ea53a000-7fa8ea559000 r-xp 00000000 08:01 4129                       /usr/lib/x86_64-linux-gnu/libatk-1.0.so.0.21009.1
7fa8ea559000-7fa8ea759000 ---p 0001f000 08:01 4129                       /usr/lib/x86_64-linux-gnu/libatk-1.0.so.0.21009.1
7fa8ea759000-7fa8ea75b000 r--p 0001f000 08:01 4129                       /usr/lib/x86_64-linux-gnu/libatk-1.0.so.0.21009.1
7fa8ea75b000-7fa8ea75c000 rw-p 00021000 08:01 4129                       /usr/lib/x86_64-linux-gnu/libatk-1.0.so.0.21009.1
7fa8ea75c000-7fa8ea761000 r-xp 00000000 08:01 1304                       /usr/lib/x86_64-linux-gnu/libXfixes.so.3.1.0
7fa8ea761000-7fa8ea960000 ---p 00005000 08:01 1304                       /usr/lib/x86_64-linux-gnu/libXfixes.so.3.1.0
7fa8ea960000-7fa8ea961000 r--p 00004000 08:01 1304                       /usr/lib/x86_64-linux-gnu/libXfixes.so.3.1.0
7fa8ea961000-7fa8ea962000 rw-p 00005000 08:01 1304                       /usr/lib/x86_64-linux-gnu/libXfixes.so.3.1.0
7fa8ea962000-7fa8ea96d000 r-xp 00000000 08:01 8324                       /usr/lib/x86_64-linux-gnu/libpangocairo-1.0.so.0.3200.5
7fa8ea96d000-7fa8eab6d000 ---p 0000b000 08:01 8324                       /usr/lib/x86_64-linux-gnu/libpangocairo-1.0.so.0.3200.5
7fa8eab6d000-7fa8eab6e000 r--p 0000b000 08:01 8324                       /usr/lib/x86_64-linux-gnu/libpangocairo-1.0.so.0.3200.5
7fa8eab6e000-7fa8eab6f000 rw-p 0000c000 08:01 8324                       /usr/lib/x86_64-linux-gnu/libpangocairo-1.0.so.0.3200.5
7fa8eab6f000-7fa8eab72000 r-xp 00000000 08:01 410                        /usr/lib/x86_64-linux-gnu/libgmodule-2.0.so.0.3800.0
7fa8eab72000-7fa8ead71000 ---p 00003000 08:01 410                        /usr/lib/x86_64-linux-gnu/libgmodule-2.0.so.0.3800.0
7fa8ead71000-7fa8ead72000 r--p 00002000 08:01 410                        /usr/lib/x86_64-linux-gnu/libgmodule-2.0.so.0.3800.0
7fa8ead72000-7fa8ead73000 rw-p 00003000 08:01 410                        /usr/lib/x86_64-linux-gnu/libgmodule-2.0.so.0.3800.0
7fa8ead73000-7fa8ead90000 r-xp 00000000 08:01 5025                       /usr/lib/x86_64-linux-gnu/libxcb.so.1.1.0
7fa8ead90000-7fa8eaf8f000 ---p 0001d000 08:01 5025                       /usr/lib/x86_64-linux-gnu/libxcb.so.1.1.0
7fa8eaf8f000-7fa8eaf90000 r--p 0001c000 08:01 5025                       /usr/lib/x86_64-linux-gnu/libxcb.so.1.1.0
7fa8eaf90000-7fa8eaf91000 rw-p 0001d000 08:01 5025                       /usr/lib/x86_64-linux-gnu/libxcb.so.1.1.0
7fa8eaf91000-7fa8eaffd000 r-xp 00000000 08:01 143                        /usr/lib/x86_64-linux-gnu/libcups.so.2
7fa8eaffd000-7fa8eb1fc000 ---p 0006c000 08:01 143                        /usr/lib/x86_64-linux-gnu/libcups.so.2
7fa8eb1fc000-7fa8eb203000 r--p 0006b000 08:01 143                        /usr/lib/x86_64-linux-gnu/libcups.so.2
7fa8eb203000-7fa8eb204000 rw-p 00072000 08:01 143                        /usr/lib/x86_64-linux-gnu/libcups.so.2
7fa8eb204000-7fa8eb302000 r-xp 00000000 08:01 265079                     /lib/x86_64-linux-gnu/libglib-2.0.so.0.3800.0
7fa8eb302000-7fa8eb502000 ---p 000fe000 08:01 265079                     /lib/x86_64-linux-gnu/libglib-2.0.so.0.3800.0
7fa8eb502000-7fa8eb503000 r--p 000fe000 08:01 265079                     /lib/x86_64-linux-gnu/libglib-2.0.so.0.3800.0
7fa8eb503000-7fa8eb504000 rw-p 000ff000 08:01 265079                     /lib/x86_64-linux-gnu/libglib-2.0.so.0.3800.0
7fa8eb504000-7fa8eb505000 rw-p 00000000 00:00 0 
7fa8eb505000-7fa8eb506000 r-xp 00000000 08:01 4106                       /usr/lib/x86_64-linux-gnu/libgthread-2.0.so.0.3800.0
7fa8eb506000-7fa8eb705000 ---p 00001000 08:01 4106                       /usr/lib/x86_64-linux-gnu/libgthread-2.0.so.0.3800.0
7fa8eb705000-7fa8eb706000 r--p 00000000 08:01 4106                       /usr/lib/x86_64-linux-gnu/libgthread-2.0.so.0.3800.0
7fa8eb706000-7fa8eb707000 rw-p 00001000 08:01 4106                       /usr/lib/x86_64-linux-gnu/libgthread-2.0.so.0.3800.0
7fa8eb707000-7fa8eb756000 r-xp 00000000 08:01 4104                       /usr/lib/x86_64-linux-gnu/libgobject-2.0.so.0.3800.0
7fa8eb756000-7fa8eb956000 ---p 0004f000 08:01 4104                       /usr/lib/x86_64-linux-gnu/libgobject-2.0.so.0.3800.0
7fa8eb956000-7fa8eb957000 r--p 0004f000 08:01 4104                       /usr/lib/x86_64-linux-gnu/libgobject-2.0.so.0.3800.0
7fa8eb957000-7fa8eb958000 rw-p 00050000 08:01 4104                       /usr/lib/x86_64-linux-gnu/libgobject-2.0.so.0.3800.0
7fa8eb958000-7fa8eb991000 r-xp 00000000 08:01 578                        /usr/lib/x86_64-linux-gnu/libfontconfig.so.1.7.0
7fa8eb991000-7fa8ebb91000 ---p 00039000 08:01 578                        /usr/lib/x86_64-linux-gnu/libfontconfig.so.1.7.0
7fa8ebb91000-7fa8ebb93000 r--p 00039000 08:01 578                        /usr/lib/x86_64-linux-gnu/libfontconfig.so.1.7.0
7fa8ebb93000-7fa8ebb94000 rw-p 0003b000 08:01 578                        /usr/lib/x86_64-linux-gnu/libfontconfig.so.1.7.0
7fa8ebb94000-7fa8ebbde000 r-xp 00000000 08:01 299                        /usr/lib/x86_64-linux-gnu/libpango-1.0.so.0.3200.5
7fa8ebbde000-7fa8ebddd000 ---p 0004a000 08:01 299                        /usr/lib/x86_64-linux-gnu/libpango-1.0.so.0.3200.5
7fa8ebddd000-7fa8ebddf000 r--p 00049000 08:01 299                        /usr/lib/x86_64-linux-gnu/libpango-1.0.so.0.3200.5
7fa8ebddf000-7fa8ebde0000 rw-p 0004b000 08:01 299                        /usr/lib/x86_64-linux-gnu/libpango-1.0.so.0.3200.5
7fa8ebde0000-7fa8ebdff000 r-xp 00000000 08:01 2688                       /usr/lib/x86_64-linux-gnu/libgdk_pixbuf-2.0.so.0.2800.1
7fa8ebdff000-7fa8ebffe000 ---p 0001f000 08:01 2688                       /usr/lib/x86_64-linux-gnu/libgdk_pixbuf-2.0.so.0.2800.1
7fa8ebffe000-7fa8ebfff000 r--p 0001e000 08:01 2688                       /usr/lib/x86_64-linux-gnu/libgdk_pixbuf-2.0.so.0.2800.1
7fa8ebfff000-7fa8ec000000 rw-p 0001f000 08:01 2688                       /usr/lib/x86_64-linux-gnu/libgdk_pixbuf-2.0.so.0.2800.1
7fa8ec000000-7fa8ec7d9000 rw-p 00000000 00:00 0 
7fa8ec7d9000-7fa8f0000000 ---p 00000000 00:00 0 
7fa8f0000000-7fa8f0021000 rw-p 00000000 00:00 0 
7fa8f0021000-7fa8f4000000 ---p 00000000 00:00 0 
7fa8f4000000-7fa8f4021000 rw-p 00000000 00:00 0 
7fa8f4021000-7fa8f8000000 ---p 00000000 00:00 0 
7fa8f8000000-7fa8f8380000 rw-p 00000000 00:00 0 
7fa8f8380000-7fa8fc000000 ---p 00000000 00:00 0 
7fa8fc000000-7fa8fc021000 rw-p 00000000 00:00 0 
7fa8fc021000-7fa900000000 ---p 00000000 00:00 0 
7fa900000000-7fa900021000 rw-p 00000000 00:00 0 
7fa900021000-7fa904000000 ---p 00000000 00:00 0 
7fa904000000-7fa904021000 rw-p 00000000 00:00 0 
7fa904021000-7fa908000000 ---p 00000000 00:00 0 
7fa908000000-7fa908021000 rw-p 00000000 00:00 0 
7fa908021000-7fa90c000000 ---p 00000000 00:00 0 
7fa90c000000-7fa90c143000 rw-p 00000000 00:00 0 
7fa90c143000-7fa910000000 ---p 00000000 00:00 0 
7fa91003d000-7fa910046000 r--s 000bc000 08:01 136765                     /usr/lib/jvm/java-7-openjdk-common/jre/lib/resources.jar
7fa910046000-7fa9101a2000 r-xp 00000000 08:01 4105                       /usr/lib/x86_64-linux-gnu/libgio-2.0.so.0.3800.0
7fa9101a2000-7fa9103a1000 ---p 0015c000 08:01 4105                       /usr/lib/x86_64-linux-gnu/libgio-2.0.so.0.3800.0
7fa9103a1000-7fa9103a5000 r--p 0015b000 08:01 4105                       /usr/lib/x86_64-linux-gnu/libgio-2.0.so.0.3800.0
7fa9103a5000-7fa9103a7000 rw-p 0015f000 08:01 4105                       /usr/lib/x86_64-linux-gnu/libgio-2.0.so.0.3800.0
7fa9103a7000-7fa9103a9000 rw-p 00000000 00:00 0 
7fa9103a9000-7fa910456000 r-xp 00000000 08:01 2575                       /usr/lib/x86_64-linux-gnu/libgdk-x11-2.0.so.0.2400.20
7fa910456000-7fa910655000 ---p 000ad000 08:01 2575                       /usr/lib/x86_64-linux-gnu/libgdk-x11-2.0.so.0.2400.20
7fa910655000-7fa910659000 r--p 000ac000 08:01 2575                       /usr/lib/x86_64-linux-gnu/libgdk-x11-2.0.so.0.2400.20
7fa910659000-7fa91065b000 rw-p 000b0000 08:01 2575                       /usr/lib/x86_64-linux-gnu/libgdk-x11-2.0.so.0.2400.20
7fa91065b000-7fa910a8a000 r-xp 00000000 08:01 2574                       /usr/lib/x86_64-linux-gnu/libgtk-x11-2.0.so.0.2400.20
7fa910a8a000-7fa910c89000 ---p 0042f000 08:01 2574                       /usr/lib/x86_64-linux-gnu/libgtk-x11-2.0.so.0.2400.20
7fa910c89000-7fa910c90000 r--p 0042e000 08:01 2574                       /usr/lib/x86_64-linux-gnu/libgtk-x11-2.0.so.0.2400.20
7fa910c90000-7fa910c94000 rw-p 00435000 08:01 2574                       /usr/lib/x86_64-linux-gnu/libgtk-x11-2.0.so.0.2400.20
7fa910c94000-7fa910c97000 rw-p 00000000 00:00 0 
7fa910c97000-7fa910ca6000 r-xp 00000000 08:01 811                        /usr/lib/x86_64-linux-gnu/libXi.so.6.1.0
7fa910ca6000-7fa910ea5000 ---p 0000f000 08:01 811                        /usr/lib/x86_64-linux-gnu/libXi.so.6.1.0
7fa910ea5000-7fa910ea6000 r--p 0000e000 08:01 811                        /usr/lib/x86_64-linux-gnu/libXi.so.6.1.0
7fa910ea6000-7fa910ea7000 rw-p 0000f000 08:01 811                        /usr/lib/x86_64-linux-gnu/libXi.so.6.1.0
7fa910ea7000-7fa910eac000 r-xp 00000000 08:01 2701                       /usr/lib/x86_64-linux-gnu/libXtst.so.6.1.0
7fa910eac000-7fa9110ab000 ---p 00005000 08:01 2701                       /usr/lib/x86_64-linux-gnu/libXtst.so.6.1.0
7fa9110ab000-7fa9110ac000 r--p 00004000 08:01 2701                       /usr/lib/x86_64-linux-gnu/libXtst.so.6.1.0
7fa9110ac000-7fa9110ad000 rw-p 00005000 08:01 2701                       /usr/lib/x86_64-linux-gnu/libXtst.so.6.1.0
7fa9110ad000-7fa9110b6000 r-xp 00000000 08:01 2238                       /usr/lib/x86_64-linux-gnu/libXrender.so.1.3.0
7fa9110b6000-7fa9112b5000 ---p 00009000 08:01 2238                       /usr/lib/x86_64-linux-gnu/libXrender.so.1.3.0
7fa9112b5000-7fa9112b6000 r--p 00008000 08:01 2238                       /usr/lib/x86_64-linux-gnu/libXrender.so.1.3.0
7fa9112b6000-7fa9112b7000 rw-p 00009000 08:01 2238                       /usr/lib/x86_64-linux-gnu/libXrender.so.1.3.0
7fa9112b7000-7fa9113e7000 r-xp 00000000 08:01 5042                       /usr/lib/x86_64-linux-gnu/libX11.so.6.3.0
7fa9113e7000-7fa9115e7000 ---p 00130000 08:01 5042                       /usr/lib/x86_64-linux-gnu/libX11.so.6.3.0
7fa9115e7000-7fa9115e8000 r--p 00130000 08:01 5042                       /usr/lib/x86_64-linux-gnu/libX11.so.6.3.0
7fa9115e8000-7fa9115ec000 rw-p 00131000 08:01 5042                       /usr/lib/x86_64-linux-gnu/libX11.so.6.3.0
7fa9115ec000-7fa9115fd000 r-xp 00000000 08:01 5044                       /usr/lib/x86_64-linux-gnu/libXext.so.6.4.0
7fa9115fd000-7fa9117fc000 ---p 00011000 08:01 5044                       /usr/lib/x86_64-linux-gnu/libXext.so.6.4.0
7fa9117fc000-7fa9117fd000 r--p 00010000 08:01 5044                       /usr/lib/x86_64-linux-gnu/libXext.so.6.4.0
7fa9117fd000-7fa9117fe000 rw-p 00011000 08:01 5044                       /usr/lib/x86_64-linux-gnu/libXext.so.6.4.0
7fa9117fe000-7fa91184f000 r-xp 00000000 08:01 136525                     /usr/lib/jvm/java-7-openjdk-amd64/jre/lib/amd64/xawt/libmawt.so
7fa91184f000-7fa911a4e000 ---p 00051000 08:01 136525                     /usr/lib/jvm/java-7-openjdk-amd64/jre/lib/amd64/xawt/libmawt.so
7fa911a4e000-7fa911a4f000 r--p 00050000 08:01 136525                     /usr/lib/jvm/java-7-openjdk-amd64/jre/lib/amd64/xawt/libmawt.so
7fa911a4f000-7fa911a52000 rw-p 00051000 08:01 136525                     /usr/lib/jvm/java-7-openjdk-amd64/jre/lib/amd64/xawt/libmawt.so
7fa911a52000-7fa911a53000 rw-p 00000000 00:00 0 
7fa911a53000-7fa911af4000 r-xp 00000000 08:01 136645                     /usr/lib/jvm/java-7-openjdk-amd64/jre/lib/amd64/libawt.so
7fa911af4000-7fa911cf3000 ---p 000a1000 08:01 136645                     /usr/lib/jvm/java-7-openjdk-amd64/jre/lib/amd64/libawt.so
7fa911cf3000-7fa911cf4000 r--p 000a0000 08:01 136645                     /usr/lib/jvm/java-7-openjdk-amd64/jre/lib/amd64/libawt.so
7fa911cf4000-7fa911cff000 rw-p 000a1000 08:01 136645                     /usr/lib/jvm/java-7-openjdk-amd64/jre/lib/amd64/libawt.so
7fa911cff000-7fa911d24000 rw-p 00000000 00:00 0 
7fa911d24000-7fa911d25000 ---p 00000000 00:00 0 
7fa911d25000-7fa911e25000 rw-p 00000000 00:00 0                          [stack:44487]
7fa911e25000-7fa911e28000 ---p 00000000 00:00 0 
7fa911e28000-7fa911f26000 rw-p 00000000 00:00 0                          [stack:44486]
7fa911f26000-7fa911f29000 ---p 00000000 00:00 0 
7fa911f29000-7fa912027000 rw-p 00000000 00:00 0                          [stack:44485]
7fa912027000-7fa91202a000 ---p 00000000 00:00 0 
7fa91202a000-7fa912128000 rw-p 00000000 00:00 0                          [stack:44484]
7fa912128000-7fa91212b000 ---p 00000000 00:00 0 
7fa91212b000-7fa912229000 rw-p 00000000 00:00 0                          [stack:44483]
7fa912229000-7fa912bf6000 r--p 00000000 08:01 4845                       /usr/lib/locale/locale-archive
7fa912bf6000-7fa912bf9000 ---p 00000000 00:00 0 
7fa912bf9000-7fa912cf7000 rw-p 00000000 00:00 0                          [stack:44482]
7fa912cf7000-7fa912cfa000 ---p 00000000 00:00 0 
7fa912cfa000-7fa912df8000 rw-p 00000000 00:00 0                          [stack:44481]
7fa912df8000-7fa912df9000 ---p 00000000 00:00 0 
7fa912df9000-7fa915000000 rw-p 00000000 00:00 0                          [stack:44480]
7fa915000000-7fa915270000 rwxp 00000000 00:00 0 
7fa915270000-7fa91852f000 rw-p 00000000 00:00 0 
7fa91852f000-7fa91c000000 ---p 00000000 00:00 0 
7fa91c000000-7fa91c002000 rw-p 00000000 00:00 0 
7fa91c002000-7fa91c003000 r--s 00005000 08:01 678196                     /home/twalthr/Projekte/Mobile Interaction/repo/ClimbOrDie/library/user/SimpleOpenNI/SimpleOpenNI.jar
7fa91c003000-7fa91c00a000 r--s 00000000 08:01 154912                     /usr/lib/x86_64-linux-gnu/gconv/gconv-modules.cache
7fa91c00a000-7fa91c030000 r--p 00000000 08:01 658015                     /usr/share/locale-langpack/de/LC_MESSAGES/libc.mo
7fa91c030000-7fa91c035000 r--s 0008e000 08:01 677345                     /home/twalthr/Projekte/Mobile Interaction/repo/ClimbOrDie/library/base/core/core.jar
7fa91c035000-7fa91c038000 r--s 00032000 08:01 136745                     /usr/lib/jvm/java-7-openjdk-common/jre/lib/ext/sunjce_provider.jar
7fa91c038000-7fa91c03b000 r--s 0000f000 08:01 136737                     /usr/lib/jvm/java-7-openjdk-common/jre/lib/ext/pulse-java.jar
7fa91c03b000-7fa91c2eb000 rw-p 00000000 00:00 0 
7fa91c2eb000-7fa91c498000 r--s 01cec000 08:01 136599                     /usr/lib/jvm/java-7-openjdk-amd64/jre/lib/rt.jar
7fa91c498000-7fa91cb40000 rw-p 00000000 00:00 0 
7fa91cb40000-7fa91cb41000 ---p 00000000 00:00 0 
7fa91cb41000-7fa91cc41000 rw-p 00000000 00:00 0                          [stack:44479]
7fa91cc41000-7fa91cc42000 ---p 00000000 00:00 0 
7fa91cc42000-7fa91cd4f000 rw-p 00000000 00:00 0                          [stack:44478]
7fa91cd4f000-7fa91cd95000 rw-p 00000000 00:00 0 
7fa91cd95000-7fa91cde0000 rw-p 00000000 00:00 0 
7fa91cde0000-7fa91cde1000 ---p 00000000 00:00 0 
7fa91cde1000-7fa91ce73000 rw-p 00000000 00:00 0 
7fa91ce73000-7fa91ce80000 rw-p 00000000 00:00 0 
7fa91ce80000-7fa91cec6000 rw-p 00000000 00:00 0 
7fa91cec6000-7fa91cf11000 rw-p 00000000 00:00 0 
7fa91cf11000-7fa91cf12000 ---p 00000000 00:00 0 
7fa91cf12000-7fa91cfa4000 rw-p 00000000 00:00 0 
7fa91cfa4000-7fa91cfe1000 rw-p 00000000 00:00 0 
7fa91cfe1000-7fa91d013000 rw-p 00000000 00:00 0 
7fa91d013000-7fa91d014000 rw-p 00000000 00:00 0 
7fa91d014000-7fa91d01c000 r-xp 00000000 08:01 136673                     /usr/lib/jvm/java-7-openjdk-amd64/jre/lib/amd64/libzip.so
7fa91d01c000-7fa91d21b000 ---p 00008000 08:01 136673                     /usr/lib/jvm/java-7-openjdk-amd64/jre/lib/amd64/libzip.so
7fa91d21b000-7fa91d21c000 r--p 00007000 08:01 136673                     /usr/lib/jvm/java-7-openjdk-amd64/jre/lib/amd64/libzip.so
7fa91d21c000-7fa91d21d000 rw-p 00008000 08:01 136673                     /usr/lib/jvm/java-7-openjdk-amd64/jre/lib/amd64/libzip.so
7fa91d21d000-7fa91d229000 r-xp 00000000 08:01 265361                     /lib/x86_64-linux-gnu/libnss_files-2.17.so
7fa91d229000-7fa91d428000 ---p 0000c000 08:01 265361                     /lib/x86_64-linux-gnu/libnss_files-2.17.so
7fa91d428000-7fa91d429000 r--p 0000b000 08:01 265361                     /lib/x86_64-linux-gnu/libnss_files-2.17.so
7fa91d429000-7fa91d42a000 rw-p 0000c000 08:01 265361                     /lib/x86_64-linux-gnu/libnss_files-2.17.so
7fa91d42a000-7fa91d435000 r-xp 00000000 08:01 265357                     /lib/x86_64-linux-gnu/libnss_nis-2.17.so
7fa91d435000-7fa91d634000 ---p 0000b000 08:01 265357                     /lib/x86_64-linux-gnu/libnss_nis-2.17.so
7fa91d634000-7fa91d635000 r--p 0000a000 08:01 265357                     /lib/x86_64-linux-gnu/libnss_nis-2.17.so
7fa91d635000-7fa91d636000 rw-p 0000b000 08:01 265357                     /lib/x86_64-linux-gnu/libnss_nis-2.17.so
7fa91d636000-7fa91d64d000 r-xp 00000000 08:01 265329                     /lib/x86_64-linux-gnu/libnsl-2.17.so
7fa91d64d000-7fa91d84c000 ---p 00017000 08:01 265329                     /lib/x86_64-linux-gnu/libnsl-2.17.so
7fa91d84c000-7fa91d84d000 r--p 00016000 08:01 265329                     /lib/x86_64-linux-gnu/libnsl-2.17.so
7fa91d84d000-7fa91d84e000 rw-p 00017000 08:01 265329                     /lib/x86_64-linux-gnu/libnsl-2.17.so
7fa91d84e000-7fa91d850000 rw-p 00000000 00:00 0 
7fa91d850000-7fa91d858000 r-xp 00000000 08:01 265334                     /lib/x86_64-linux-gnu/libnss_compat-2.17.so
7fa91d858000-7fa91da57000 ---p 00008000 08:01 265334                     /lib/x86_64-linux-gnu/libnss_compat-2.17.so
7fa91da57000-7fa91da58000 r--p 00007000 08:01 265334                     /lib/x86_64-linux-gnu/libnss_compat-2.17.so
7fa91da58000-7fa91da59000 rw-p 00008000 08:01 265334                     /lib/x86_64-linux-gnu/libnss_compat-2.17.so
7fa91da59000-7fa91da84000 r-xp 00000000 08:01 136643                     /usr/lib/jvm/java-7-openjdk-amd64/jre/lib/amd64/libjava.so
7fa91da84000-7fa91dc83000 ---p 0002b000 08:01 136643                     /usr/lib/jvm/java-7-openjdk-amd64/jre/lib/amd64/libjava.so
7fa91dc83000-7fa91dc84000 r--p 0002a000 08:01 136643                     /usr/lib/jvm/java-7-openjdk-amd64/jre/lib/amd64/libjava.so
7fa91dc84000-7fa91dc86000 rw-p 0002b000 08:01 136643                     /usr/lib/jvm/java-7-openjdk-amd64/jre/lib/amd64/libjava.so
7fa91dc86000-7fa91dc96000 r-xp 00000000 08:01 136641                     /usr/lib/jvm/java-7-openjdk-amd64/jre/lib/amd64/libverify.so
7fa91dc96000-7fa91de95000 ---p 00010000 08:01 136641                     /usr/lib/jvm/java-7-openjdk-amd64/jre/lib/amd64/libverify.so
7fa91de95000-7fa91de97000 r--p 0000f000 08:01 136641                     /usr/lib/jvm/java-7-openjdk-amd64/jre/lib/amd64/libverify.so
7fa91de97000-7fa91de98000 rw-p 00011000 08:01 136641                     /usr/lib/jvm/java-7-openjdk-amd64/jre/lib/amd64/libverify.so
7fa91de98000-7fa91de9f000 r-xp 00000000 08:01 265366                     /lib/x86_64-linux-gnu/librt-2.17.so
7fa91de9f000-7fa91e09e000 ---p 00007000 08:01 265366                     /lib/x86_64-linux-gnu/librt-2.17.so
7fa91e09e000-7fa91e09f000 r--p 00006000 08:01 265366                     /lib/x86_64-linux-gnu/librt-2.17.so
7fa91e09f000-7fa91e0a0000 rw-p 00007000 08:01 265366                     /lib/x86_64-linux-gnu/librt-2.17.so
7fa91e0a0000-7fa91e0b5000 r-xp 00000000 08:01 262710                     /lib/x86_64-linux-gnu/libgcc_s.so.1
7fa91e0b5000-7fa91e2b4000 ---p 00015000 08:01 262710                     /lib/x86_64-linux-gnu/libgcc_s.so.1
7fa91e2b4000-7fa91e2b5000 r--p 00014000 08:01 262710                     /lib/x86_64-linux-gnu/libgcc_s.so.1
7fa91e2b5000-7fa91e2b6000 rw-p 00015000 08:01 262710                     /lib/x86_64-linux-gnu/libgcc_s.so.1
7fa91e2b6000-7fa91e3b9000 r-xp 00000000 08:01 265341                     /lib/x86_64-linux-gnu/libm-2.17.so
7fa91e3b9000-7fa91e5b8000 ---p 00103000 08:01 265341                     /lib/x86_64-linux-gnu/libm-2.17.so
7fa91e5b8000-7fa91e5b9000 r--p 00102000 08:01 265341                     /lib/x86_64-linux-gnu/libm-2.17.so
7fa91e5b9000-7fa91e5ba000 rw-p 00103000 08:01 265341                     /lib/x86_64-linux-gnu/libm-2.17.so
7fa91e5ba000-7fa91e6a0000 r-xp 00000000 08:01 2849                       /usr/lib/x86_64-linux-gnu/libstdc++.so.6.0.18
7fa91e6a0000-7fa91e89f000 ---p 000e6000 08:01 2849                       /usr/lib/x86_64-linux-gnu/libstdc++.so.6.0.18
7fa91e89f000-7fa91e8a7000 r--p 000e5000 08:01 2849                       /usr/lib/x86_64-linux-gnu/libstdc++.so.6.0.18
7fa91e8a7000-7fa91e8a9000 rw-p 000ed000 08:01 2849                       /usr/lib/x86_64-linux-gnu/libstdc++.so.6.0.18
7fa91e8a9000-7fa91e8be000 rw-p 00000000 00:00 0 
7fa91e8be000-7fa91f2cc000 r-xp 00000000 08:01 136651                     /usr/lib/jvm/java-7-openjdk-amd64/jre/lib/amd64/server/libjvm.so
7fa91f2cc000-7fa91f4cb000 ---p 00a0e000 08:01 136651                     /usr/lib/jvm/java-7-openjdk-amd64/jre/lib/amd64/server/libjvm.so
7fa91f4cb000-7fa91f544000 r--p 00a0d000 08:01 136651                     /usr/lib/jvm/java-7-openjdk-amd64/jre/lib/amd64/server/libjvm.so
7fa91f544000-7fa91f567000 rw-p 00a86000 08:01 136651                     /usr/lib/jvm/java-7-openjdk-amd64/jre/lib/amd64/server/libjvm.so
7fa91f567000-7fa91f592000 rw-p 00000000 00:00 0 
7fa91f592000-7fa91f5aa000 r-xp 00000000 08:01 263581                     /lib/x86_64-linux-gnu/libz.so.1.2.8
7fa91f5aa000-7fa91f7a9000 ---p 00018000 08:01 263581                     /lib/x86_64-linux-gnu/libz.so.1.2.8
7fa91f7a9000-7fa91f7aa000 r--p 00017000 08:01 263581                     /lib/x86_64-linux-gnu/libz.so.1.2.8
7fa91f7aa000-7fa91f7ab000 rw-p 00018000 08:01 263581                     /lib/x86_64-linux-gnu/libz.so.1.2.8
7fa91f7ab000-7fa91f7c2000 r-xp 00000000 08:01 265397                     /lib/x86_64-linux-gnu/libpthread-2.17.so
7fa91f7c2000-7fa91f9c2000 ---p 00017000 08:01 265397                     /lib/x86_64-linux-gnu/libpthread-2.17.so
7fa91f9c2000-7fa91f9c3000 r--p 00017000 08:01 265397                     /lib/x86_64-linux-gnu/libpthread-2.17.so
7fa91f9c3000-7fa91f9c4000 rw-p 00018000 08:01 265397                     /lib/x86_64-linux-gnu/libpthread-2.17.so
7fa91f9c4000-7fa91f9c8000 rw-p 00000000 00:00 0 
7fa91f9c8000-7fa91f9cb000 r-xp 00000000 08:01 265396                     /lib/x86_64-linux-gnu/libdl-2.17.so
7fa91f9cb000-7fa91fbca000 ---p 00003000 08:01 265396                     /lib/x86_64-linux-gnu/libdl-2.17.so
7fa91fbca000-7fa91fbcb000 r--p 00002000 08:01 265396                     /lib/x86_64-linux-gnu/libdl-2.17.so
7fa91fbcb000-7fa91fbcc000 rw-p 00003000 08:01 265396                     /lib/x86_64-linux-gnu/libdl-2.17.so
7fa91fbcc000-7fa91fd89000 r-xp 00000000 08:01 265395                     /lib/x86_64-linux-gnu/libc-2.17.so
7fa91fd89000-7fa91ff89000 ---p 001bd000 08:01 265395                     /lib/x86_64-linux-gnu/libc-2.17.so
7fa91ff89000-7fa91ff8d000 r--p 001bd000 08:01 265395                     /lib/x86_64-linux-gnu/libc-2.17.so
7fa91ff8d000-7fa91ff8f000 rw-p 001c1000 08:01 265395                     /lib/x86_64-linux-gnu/libc-2.17.so
7fa91ff8f000-7fa91ff94000 rw-p 00000000 00:00 0 
7fa91ff94000-7fa91ffa1000 r-xp 00000000 08:01 136609                     /usr/lib/jvm/java-7-openjdk-amd64/jre/lib/amd64/jli/libjli.so
7fa91ffa1000-7fa9201a0000 ---p 0000d000 08:01 136609                     /usr/lib/jvm/java-7-openjdk-amd64/jre/lib/amd64/jli/libjli.so
7fa9201a0000-7fa9201a1000 r--p 0000c000 08:01 136609                     /usr/lib/jvm/java-7-openjdk-amd64/jre/lib/amd64/jli/libjli.so
7fa9201a1000-7fa9201a2000 rw-p 0000d000 08:01 136609                     /usr/lib/jvm/java-7-openjdk-amd64/jre/lib/amd64/jli/libjli.so
7fa9201a2000-7fa9201c5000 r-xp 00000000 08:01 265354                     /lib/x86_64-linux-gnu/ld-2.17.so
7fa9201c5000-7fa9201c7000 r--s 00006000 08:01 151194                     /usr/share/java/java-atk-wrapper.jar
7fa9201c7000-7fa9201f2000 rw-p 00000000 00:00 0 
7fa9201f2000-7fa9202a8000 rw-p 00000000 00:00 0 
7fa9202a8000-7fa9202ab000 ---p 00000000 00:00 0 
7fa9202ab000-7fa9203ae000 rw-p 00000000 00:00 0                          [stack:44476]
7fa9203ae000-7fa9203af000 r--s 00002000 08:01 136757                     /usr/lib/jvm/java-7-openjdk-common/jre/lib/ext/dnsns.jar
7fa9203af000-7fa9203b3000 r--s 00085000 08:01 136749                     /usr/lib/jvm/java-7-openjdk-common/jre/lib/ext/localedata.jar
7fa9203b3000-7fa9203b5000 r--s 00012000 08:01 136741                     /usr/lib/jvm/java-7-openjdk-common/jre/lib/ext/zipfs.jar
7fa9203b5000-7fa9203b8000 r--s 0003c000 08:01 136753                     /usr/lib/jvm/java-7-openjdk-common/jre/lib/ext/sunpkcs11.jar
7fa9203b8000-7fa9203c0000 rw-s 00000000 08:01 678925                     /tmp/hsperfdata_twalthr/44472
7fa9203c0000-7fa9203c1000 rw-p 00000000 00:00 0 
7fa9203c1000-7fa9203c2000 r--p 00000000 00:00 0 
7fa9203c2000-7fa9203c4000 rw-p 00000000 00:00 0 
7fa9203c4000-7fa9203c5000 r--p 00022000 08:01 265354                     /lib/x86_64-linux-gnu/ld-2.17.so
7fa9203c5000-7fa9203c7000 rw-p 00023000 08:01 265354                     /lib/x86_64-linux-gnu/ld-2.17.so
7fffb067d000-7fffb069e000 rw-p 00000000 00:00 0                          [stack]
7fffb0768000-7fffb076a000 r-xp 00000000 00:00 0                          [vdso]
ffffffffff600000-ffffffffff601000 r-xp 00000000 00:00 0                  [vsyscall]

VM Arguments:
jvm_args: -Dfile.encoding=UTF-8 
java_command: ClimbOrDie
Launcher Type: SUN_STANDARD

Environment Variables:
PATH=/usr/lib/lightdm/lightdm:/usr/local/sbin:/usr/local/bin:/usr/sbin:/usr/bin:/sbin:/bin:/usr/games:/usr/local/games
SHELL=/bin/bash
DISPLAY=:0.0

Signal Handlers:
SIGSEGV: [libjvm.so+0x871410], sa_mask[0]=0x7ffbfeff, sa_flags=0x10000004
SIGBUS: [libjvm.so+0x871410], sa_mask[0]=0x7ffbfeff, sa_flags=0x10000004
SIGFPE: [libjvm.so+0x709540], sa_mask[0]=0x7ffbfeff, sa_flags=0x10000004
SIGPIPE: [libjvm.so+0x709540], sa_mask[0]=0x7ffbfeff, sa_flags=0x10000004
SIGXFSZ: [libjvm.so+0x709540], sa_mask[0]=0x7ffbfeff, sa_flags=0x10000004
SIGILL: [libjvm.so+0x709540], sa_mask[0]=0x7ffbfeff, sa_flags=0x10000004
SIGUSR1: SIG_DFL, sa_mask[0]=0x00000000, sa_flags=0x00000000
SIGUSR2: [libjvm.so+0x709270], sa_mask[0]=0x00000004, sa_flags=0x10000004
SIGHUP: [libjvm.so+0x709550], sa_mask[0]=0x7ffbfeff, sa_flags=0x10000004
SIGINT: [libjvm.so+0x709550], sa_mask[0]=0x7ffbfeff, sa_flags=0x10000004
SIGTERM: [libjvm.so+0x709550], sa_mask[0]=0x7ffbfeff, sa_flags=0x10000004
SIGQUIT: [libjvm.so+0x709550], sa_mask[0]=0x7ffbfeff, sa_flags=0x10000004


---------------  S Y S T E M  ---------------

OS:Ubuntu 13.10 (saucy)
uname:Linux 3.11.0-12-generic #19-Ubuntu SMP Wed Oct 9 16:20:46 UTC 2013 x86_64
libc:glibc 2.17 NPTL 2.17 
rlimit: STACK 8192k, CORE 0k, NPROC 15804, NOFILE 4096, AS infinity
load average:2,69 5,31 2,89

/proc/meminfo:
MemTotal:        2043132 kB
MemFree:          345188 kB
Buffers:           19340 kB
Cached:           426176 kB
SwapCached:        25128 kB
Active:          1208448 kB
Inactive:         358364 kB
Active(anon):     831608 kB
Inactive(anon):   298044 kB
Active(file):     376840 kB
Inactive(file):    60320 kB
Unevictable:         644 kB
Mlocked:             644 kB
SwapTotal:       2094076 kB
SwapFree:        1977068 kB
Dirty:                52 kB
Writeback:             0 kB
AnonPages:       1111884 kB
Mapped:            75964 kB
Shmem:              8348 kB
Slab:              62768 kB
SReclaimable:      32184 kB
SUnreclaim:        30584 kB
KernelStack:        4648 kB
PageTables:        20620 kB
NFS_Unstable:          0 kB
Bounce:                0 kB
WritebackTmp:          0 kB
CommitLimit:     3115640 kB
Committed_AS:    2660432 kB
VmallocTotal:   34359738367 kB
VmallocUsed:      294316 kB
VmallocChunk:   34359440680 kB
HardwareCorrupted:     0 kB
AnonHugePages:         0 kB
HugePages_Total:       0
HugePages_Free:        0
HugePages_Rsvd:        0
HugePages_Surp:        0
Hugepagesize:       2048 kB
DirectMap4k:       89984 kB
DirectMap2M:     2007040 kB


CPU:total 2 (2 cores per cpu, 1 threads per core) family 6 model 23 stepping 10, cmov, cx8, fxsr, mmx, sse, sse2, sse3, ssse3, sse4.1, tsc, tscinvbit

/proc/cpuinfo:
processor	: 0
vendor_id	: GenuineIntel
cpu family	: 6
model		: 23
model name	: Intel(R) Core(TM)2 Duo CPU     P8600  @ 2.40GHz
stepping	: 10
microcode	: 0xa0c
cpu MHz		: 2401.000
cache size	: 3072 KB
physical id	: 0
siblings	: 2
core id		: 0
cpu cores	: 2
apicid		: 0
initial apicid	: 0
fpu		: yes
fpu_exception	: yes
cpuid level	: 13
wp		: yes
flags		: fpu vme de pse tsc msr pae mce cx8 apic sep mtrr pge mca cmov pat pse36 clflush dts mmx fxsr sse sse2 ss ht syscall nx lm constant_tsc arch_perfmon pebs bts nopl xtopology tsc_reliable nonstop_tsc aperfmperf pni ssse3 cx16 sse4_1 x2apic xsave hypervisor lahf_lm ida dtherm
bogomips	: 4802.00
clflush size	: 64
cache_alignment	: 64
address sizes	: 40 bits physical, 48 bits virtual
power management:

processor	: 1
vendor_id	: GenuineIntel
cpu family	: 6
model		: 23
model name	: Intel(R) Core(TM)2 Duo CPU     P8600  @ 2.40GHz
stepping	: 10
microcode	: 0xa0c
cpu MHz		: 2401.000
cache size	: 3072 KB
physical id	: 0
siblings	: 2
core id		: 1
cpu cores	: 2
apicid		: 1
initial apicid	: 1
fpu		: yes
fpu_exception	: yes
cpuid level	: 13
wp		: yes
flags		: fpu vme de pse tsc msr pae mce cx8 apic sep mtrr pge mca cmov pat pse36 clflush dts mmx fxsr sse sse2 ss ht syscall nx lm constant_tsc arch_perfmon pebs bts nopl xtopology tsc_reliable nonstop_tsc aperfmperf pni ssse3 cx16 sse4_1 x2apic xsave hypervisor lahf_lm ida dtherm
bogomips	: 4802.00
clflush size	: 64
cache_alignment	: 64
address sizes	: 40 bits physical, 48 bits virtual
power management:



Memory: 4k page, physical 2043132k(345188k free), swap 2094076k(1977068k free)

vm_info: OpenJDK 64-Bit Server VM (23.7-b01) for linux-amd64 JRE (1.7.0_25-b30), built on Oct 11 2013 18:04:12 by "buildd" with gcc 4.8.1

time: Mon Jan 20 05:52:39 2014
elapsed time: 43 seconds

