#
# A fatal error has been detected by the Java Runtime Environment:
#
#  SIGSEGV (0xb) at pc=0x00007f7da7d29aaf, pid=4511, tid=140177882769152
#
# JRE version: 7.0_25-b30
# Java VM: OpenJDK 64-Bit Server VM (23.7-b01 mixed mode linux-amd64 compressed oops)
# Problematic frame:
# C  [libNiTE2.so+0x3e5aaf]  NHAHandTrackerBase::StepToConvergence(NADepthMapContainer const&)+0x13f
#
# Failed to write core dump. Core dumps have been disabled. To enable core dumping, try "ulimit -c unlimited" before starting Java again
#
# If you would like to submit a bug report, please include
# instructions on how to reproduce the bug and visit:
#   https://bugs.launchpad.net/ubuntu/+source/openjdk-7/
# The crash happened outside the Java Virtual Machine in native code.
# See problematic frame for where to report the bug.
#

---------------  T H R E A D  ---------------

Current thread (0x00007f7dec489000):  JavaThread "Animation Thread" [_thread_in_native, id=4532, stack(0x00007f7db4d86000,0x00007f7db4e87000)]

siginfo:si_signo=SIGSEGV: si_errno=0, si_code=1 (SEGV_MAPERR), si_addr=0x00007f7b928e6d70

Registers:
RAX=0x0000000000000002, RBX=0x00007f7d927d0a60, RCX=0x0000000080000001, RDX=0x0000000080000000
RSP=0x00007f7db4e831c0, RBP=0x0000000000000002, RSI=0x00007f7d928e6d70, RDI=0xffffffff80000000
R8 =0x0000000000000001, R9 =0x0000000080000000, R10=0x0000000000000000, R11=0x0000000000000000
R12=0x00007f7d922d4028, R13=0x0000000000000000, R14=0x00007f7db4e83910, R15=0x0000000000000000
RIP=0x00007f7da7d29aaf, EFLAGS=0x0000000000010a83, CSGSFS=0x0000000000000033, ERR=0x0000000000000004
  TRAPNO=0x000000000000000e

Top of Stack: (sp=0x00007f7db4e831c0)
0x00007f7db4e831c0:   ffc00000ffc00000 42c80000ffc00000
0x00007f7db4e831d0:   00007f7d927d0a60 00007f7d927d0a60
0x00007f7db4e831e0:   00007f7d922d4028 00007f7da7d2a0fd
0x00007f7db4e831f0:   0000000000000001 000000000000005a
0x00007f7db4e83200:   00007f7d88467d44 00007f7d93563414
0x00007f7db4e83210:   00007f7d8824add4 00007f7da7a03a7a
0x00007f7db4e83220:   0006000600060006 0006000600060006
0x00007f7db4e83230:   0000000000000000 01007f7da79ae707
0x00007f7db4e83240:   00007f7d93563414 00007f7d8824add4
0x00007f7db4e83250:   00000000000000a0 00000000000000a0
0x00007f7db4e83260:   00007f7d9353dbd4 00007f7d93281ab0
0x00007f7db4e83270:   00000000000000a0 00007f7d93559e10
0x00007f7db4e83280:   000000760000005a 00007f7d92928870
0x00007f7db4e83290:   0000000100000000 00007f7d93563420
0x00007f7db4e832a0:   00007f7d9357f650 00007f7d88467c10
0x00007f7db4e832b0:   00007f7d88468090 0000000000025840
0x00007f7db4e832c0:   000000000001c230 ffffffffff3eac90
0x00007f7db4e832d0:   0000000000000140 000000590000005a
0x00007f7db4e832e0:   fffffffffffffec0 00007f7d922d4118
0x00007f7db4e832f0:   0000000000000073 00007f7d922d69e8
0x00007f7db4e83300:   0000000000000001 0000000000000064
0x00007f7db4e83310:   0000000000000042 00007f7db4e83e70
0x00007f7db4e83320:   0000000000000000 0000000000000000
0x00007f7db4e83330:   0000000000000000 0000000000000000
0x00007f7db4e83340:   00007f7d922d4118 00007f7df3ca996d
0x00007f7db4e83350:   00ad00b70121011f 00007f7da7d555de
0x00007f7db4e83360:   0000005800000058 00007f7da7d5560a
0x00007f7db4e83370:   0000000052de085b 00000000250d80bb
0x00007f7db4e83380:   0000000000000001 00007f7da7d556c6
0x00007f7db4e83390:   0000000052de0851 0000000013b31178
0x00007f7db4e833a0:   0000000000000001 0000000000000000
0x00007f7db4e833b0:   0000000000000000 00007f7da7a07446 

Instructions: (pc=0x00007f7da7d29aaf)
0x00007f7da7d29a8f:   2a c2 8b 93 84 00 00 00 48 63 fa f3 0f 11 83 30
0x00007f7da7d29a9f:   14 00 00 f3 0f 2a 43 74 f3 0f 5c c8 f3 0f 2a c1
0x00007f7da7d29aaf:   f3 0f 10 14 be f3 0f 59 ca f3 0f 11 8b 38 14 00
0x00007f7da7d29abf:   00 f3 0f 5c c3 f3 0f 59 c2 f3 0f 11 83 34 14 00 

Register to memory mapping:

RAX=0x0000000000000002 is an unknown value
RBX=0x00007f7d927d0a60 is an unknown value
RCX=0x0000000080000001 is an unknown value
RDX=0x0000000080000000 is an unknown value
RSP=0x00007f7db4e831c0 is pointing into the stack for thread: 0x00007f7dec489000
RBP=0x0000000000000002 is an unknown value
RSI=0x00007f7d928e6d70 is an unknown value
RDI=0xffffffff80000000 is an unknown value
R8 =0x0000000000000001 is an unknown value
R9 =0x0000000080000000 is an unknown value
R10=0x0000000000000000 is an unknown value
R11=0x0000000000000000 is an unknown value
R12=0x00007f7d922d4028 is an unknown value
R13=0x0000000000000000 is an unknown value
R14=0x00007f7db4e83910 is pointing into the stack for thread: 0x00007f7dec489000
R15=0x0000000000000000 is an unknown value


Stack: [0x00007f7db4d86000,0x00007f7db4e87000],  sp=0x00007f7db4e831c0,  free space=1012k
Native frames: (J=compiled Java code, j=interpreted, Vv=VM code, C=native code)
C  [libNiTE2.so+0x3e5aaf]  NHAHandTrackerBase::StepToConvergence(NADepthMapContainer const&)+0x13f

Java frames: (J=compiled Java code, j=interpreted, Vv=VM code)
j  SimpleOpenNI.SimpleOpenNIJNI.ContextWrapper_updateSwigExplicitContextWrapper(JLSimpleOpenNI/ContextWrapper;)V+0
j  SimpleOpenNI.ContextWrapper.update()V+26
j  SimpleOpenNI.SimpleOpenNI.update()V+1
j  KinectController.update()Z+4
j  ClimbOrDie.draw()V+4
j  processing.core.PApplet.handleDraw()V+281
j  processing.core.PGraphicsJava2D.requestDraw()V+4
j  processing.core.PApplet.run()V+179
j  java.lang.Thread.run()V+11
v  ~StubRoutines::call_stub

---------------  P R O C E S S  ---------------

Java Threads: ( => current thread )
  0x00007f7dec009000 JavaThread "DestroyJavaVM" [_thread_blocked, id=4516, stack(0x00007f7df4276000,0x00007f7df4377000)]
=>0x00007f7dec489000 JavaThread "Animation Thread" [_thread_in_native, id=4532, stack(0x00007f7db4d86000,0x00007f7db4e87000)]
  0x00007f7dec485000 JavaThread "AWT-EventQueue-0" [_thread_blocked, id=4531, stack(0x00007f7db4e87000,0x00007f7db4f88000)]
  0x00007f7dec482000 JavaThread "AWT-Shutdown" [_thread_blocked, id=4530, stack(0x00007f7db4f88000,0x00007f7db5089000)]
  0x00007f7dec3cb000 JavaThread "AWT-XAWT" daemon [_thread_in_native, id=4528, stack(0x00007f7db518a000,0x00007f7db528b000)]
  0x00007f7dec380800 JavaThread "Java2D Disposer" daemon [_thread_blocked, id=4527, stack(0x00007f7dbc0aa000,0x00007f7dbc1ab000)]
  0x00007f7dec10f000 JavaThread "Service Thread" daemon [_thread_blocked, id=4525, stack(0x00007f7de5e25000,0x00007f7de5f26000)]
  0x00007f7dec10c800 JavaThread "C2 CompilerThread1" daemon [_thread_blocked, id=4524, stack(0x00007f7de5f26000,0x00007f7de6027000)]
  0x00007f7dec109800 JavaThread "C2 CompilerThread0" daemon [_thread_blocked, id=4523, stack(0x00007f7de6027000,0x00007f7de6128000)]
  0x00007f7dec107800 JavaThread "Signal Dispatcher" daemon [_thread_blocked, id=4522, stack(0x00007f7de6128000,0x00007f7de6229000)]
  0x00007f7dec0ae000 JavaThread "Finalizer" daemon [_thread_blocked, id=4521, stack(0x00007f7de6bf6000,0x00007f7de6cf7000)]
  0x00007f7dec0ab800 JavaThread "Reference Handler" daemon [_thread_blocked, id=4520, stack(0x00007f7de6cf7000,0x00007f7de6df8000)]

Other Threads:
  0x00007f7dec0a3800 VMThread [stack: 0x00007f7de6df8000,0x00007f7de6ef9000] [id=4519]
  0x00007f7dec119800 WatcherThread [stack: 0x00007f7de5d24000,0x00007f7de5e25000] [id=4526]

VM state:not at safepoint (normal execution)

VM Mutex/Monitor currently owned by a thread: None

Heap
 PSYoungGen      total 101696K, used 38492K [0x00000000f2200000, 0x00000000fb750000, 0x0000000100000000)
  eden space 70976K, 48% used [0x00000000f2200000,0x00000000f43e82d8,0x00000000f6750000)
  from space 30720K, 12% used [0x00000000f6750000,0x00000000f6afef58,0x00000000f8550000)
  to   space 29696K, 0% used [0x00000000f9a50000,0x00000000f9a50000,0x00000000fb750000)
 ParOldGen       total 140352K, used 109555K [0x00000000d6600000, 0x00000000def10000, 0x00000000f2200000)
  object space 140352K, 78% used [0x00000000d6600000,0x00000000dd0fcdb0,0x00000000def10000)
 PSPermGen       total 23360K, used 10658K [0x00000000cc000000, 0x00000000cd6d0000, 0x00000000d6600000)
  object space 23360K, 45% used [0x00000000cc000000,0x00000000cca688d8,0x00000000cd6d0000)

Card table byte_map: [0x00007f7df0e41000,0x00007f7df0fe2000] byte_map_base: 0x00007f7df07e1000

Polling page: 0x00007f7df438f000

Code Cache  [0x00007f7de9000000, 0x00007f7de9270000, 0x00007f7dec000000)
 total_blobs=611 nmethods=152 adapters=411 free_code_cache=48239Kb largest_free_block=49372096

Compilation events (10 events):
Event: 7,401 Thread 0x00007f7dec10c800 nmethod 141 0x00007f7de90d6810 code [0x00007f7de90d6960, 0x00007f7de90d69b8]
Event: 7,408 Thread 0x00007f7dec109800 nmethod 140 0x00007f7de90e5dd0 code [0x00007f7de90e6020, 0x00007f7de90e68f8]
Event: 8,344 Thread 0x00007f7dec10c800  142             java.lang.Math::max (11 bytes)
Event: 8,344 Thread 0x00007f7dec10c800 nmethod 142 0x00007f7de90c5810 code [0x00007f7de90c5940, 0x00007f7de90c5998]
Event: 8,525 Thread 0x00007f7dec10c800  143             sun.java2d.pisces.Renderer::addLine (295 bytes)
Event: 8,530 Thread 0x00007f7dec10c800 nmethod 143 0x00007f7de90c0610 code [0x00007f7de90c07a0, 0x00007f7de90c0a78]
Event: 8,704 Thread 0x00007f7dec10c800  144             sun.java2d.pisces.Renderer::curveBreakIntoLinesAndAdd (368 bytes)
Event: 8,713 Thread 0x00007f7dec10c800 nmethod 144 0x00007f7de90e4110 code [0x00007f7de90e4360, 0x00007f7de90e4be8]
Event: 9,107 Thread 0x00007f7dec109800  145             java.awt.image.SinglePixelPackedSampleModel::<init> (277 bytes)
Event: 9,116 Thread 0x00007f7dec109800 nmethod 145 0x00007f7de90c0ed0 code [0x00007f7de90c1060, 0x00007f7de90c15c8]

GC Heap History (10 events):
Event: 4,301 GC heap before
{Heap before GC invocations=7 (full 1):
 PSYoungGen      total 33536K, used 31289K [0x00000000f2200000, 0x00000000f70e0000, 0x0000000100000000)
  eden space 32256K, 93% used [0x00000000f2200000,0x00000000f3f61678,0x00000000f4180000)
  from space 1280K, 94% used [0x00000000f4180000,0x00000000f42acea8,0x00000000f42c0000)
  to   space 16384K, 0% used [0x00000000f60e0000,0x00000000f60e0000,0x00000000f70e0000)
 ParOldGen       total 101184K, used 81343K [0x00000000d6600000, 0x00000000dc8d0000, 0x00000000f2200000)
  object space 101184K, 80% used [0x00000000d6600000,0x00000000db56fe18,0x00000000dc8d0000)
 PSPermGen       total 21248K, used 10088K [0x00000000cc000000, 0x00000000cd4c0000, 0x00000000d6600000)
  object space 21248K, 47% used [0x00000000cc000000,0x00000000cc9da1c8,0x00000000cd4c0000)
Event: 4,352 GC heap after
Heap after GC invocations=7 (full 1):
 PSYoungGen      total 60800K, used 15272K [0x00000000f2200000, 0x00000000f7ec0000, 0x0000000100000000)
  eden space 44416K, 0% used [0x00000000f2200000,0x00000000f2200000,0x00000000f4d60000)
  from space 16384K, 93% used [0x00000000f60e0000,0x00000000f6fca018,0x00000000f70e0000)
  to   space 19968K, 0% used [0x00000000f4d60000,0x00000000f4d60000,0x00000000f60e0000)
 ParOldGen       total 101184K, used 81343K [0x00000000d6600000, 0x00000000dc8d0000, 0x00000000f2200000)
  object space 101184K, 80% used [0x00000000d6600000,0x00000000db56fe18,0x00000000dc8d0000)
 PSPermGen       total 21248K, used 10088K [0x00000000cc000000, 0x00000000cd4c0000, 0x00000000d6600000)
  object space 21248K, 47% used [0x00000000cc000000,0x00000000cc9da1c8,0x00000000cd4c0000)
}
Event: 5,149 GC heap before
{Heap before GC invocations=8 (full 1):
 PSYoungGen      total 60800K, used 59391K [0x00000000f2200000, 0x00000000f7ec0000, 0x0000000100000000)
  eden space 44416K, 99% used [0x00000000f2200000,0x00000000f4d15dc8,0x00000000f4d60000)
  from space 16384K, 93% used [0x00000000f60e0000,0x00000000f6fca018,0x00000000f70e0000)
  to   space 19968K, 0% used [0x00000000f4d60000,0x00000000f4d60000,0x00000000f60e0000)
 ParOldGen       total 127808K, used 107963K [0x00000000d6600000, 0x00000000de2d0000, 0x00000000f2200000)
  object space 127808K, 84% used [0x00000000d6600000,0x00000000dcf6ece8,0x00000000de2d0000)
 PSPermGen       total 21248K, used 10610K [0x00000000cc000000, 0x00000000cd4c0000, 0x00000000d6600000)
  object space 21248K, 49% used [0x00000000cc000000,0x00000000cca5c8d0,0x00000000cd4c0000)
Event: 5,212 GC heap after
Heap after GC invocations=8 (full 1):
 PSYoungGen      total 64384K, used 19964K [0x00000000f2200000, 0x00000000fa890000, 0x0000000100000000)
  eden space 44416K, 0% used [0x00000000f2200000,0x00000000f2200000,0x00000000f4d60000)
  from space 19968K, 99% used [0x00000000f4d60000,0x00000000f60df260,0x00000000f60e0000)
  to   space 31680K, 0% used [0x00000000f89a0000,0x00000000f89a0000,0x00000000fa890000)
 ParOldGen       total 127808K, used 122355K [0x00000000d6600000, 0x00000000de2d0000, 0x00000000f2200000)
  object space 127808K, 95% used [0x00000000d6600000,0x00000000ddd7ce68,0x00000000de2d0000)
 PSPermGen       total 21248K, used 10610K [0x00000000cc000000, 0x00000000cd4c0000, 0x00000000d6600000)
  object space 21248K, 49% used [0x00000000cc000000,0x00000000cca5c8d0,0x00000000cd4c0000)
}
Event: 5,212 GC heap before
{Heap before GC invocations=9 (full 2):
 PSYoungGen      total 64384K, used 19964K [0x00000000f2200000, 0x00000000fa890000, 0x0000000100000000)
  eden space 44416K, 0% used [0x00000000f2200000,0x00000000f2200000,0x00000000f4d60000)
  from space 19968K, 99% used [0x00000000f4d60000,0x00000000f60df260,0x00000000f60e0000)
  to   space 31680K, 0% used [0x00000000f89a0000,0x00000000f89a0000,0x00000000fa890000)
 ParOldGen       total 127808K, used 122355K [0x00000000d6600000, 0x00000000de2d0000, 0x00000000f2200000)
  object space 127808K, 95% used [0x00000000d6600000,0x00000000ddd7ce68,0x00000000de2d0000)
 PSPermGen       total 21248K, used 10610K [0x00000000cc000000, 0x00000000cd4c0000, 0x00000000d6600000)
  object space 21248K, 49% used [0x00000000cc000000,0x00000000cca5c8d0,0x00000000cd4c0000)
Event: 5,382 GC heap after
Heap after GC invocations=9 (full 2):
 PSYoungGen      total 64384K, used 0K [0x00000000f2200000, 0x00000000fa890000, 0x0000000100000000)
  eden space 44416K, 0% used [0x00000000f2200000,0x00000000f2200000,0x00000000f4d60000)
  from space 19968K, 0% used [0x00000000f4d60000,0x00000000f4d60000,0x00000000f60e0000)
  to   space 31680K, 0% used [0x00000000f89a0000,0x00000000f89a0000,0x00000000fa890000)
 ParOldGen       total 140352K, used 109555K [0x00000000d6600000, 0x00000000def10000, 0x00000000f2200000)
  object space 140352K, 78% used [0x00000000d6600000,0x00000000dd0fcdb0,0x00000000def10000)
 PSPermGen       total 23360K, used 10610K [0x00000000cc000000, 0x00000000cd6d0000, 0x00000000d6600000)
  object space 23360K, 45% used [0x00000000cc000000,0x00000000cca5c828,0x00000000cd6d0000)
}
Event: 6,838 GC heap before
{Heap before GC invocations=10 (full 2):
 PSYoungGen      total 64384K, used 44416K [0x00000000f2200000, 0x00000000fa890000, 0x0000000100000000)
  eden space 44416K, 100% used [0x00000000f2200000,0x00000000f4d60000,0x00000000f4d60000)
  from space 19968K, 0% used [0x00000000f4d60000,0x00000000f4d60000,0x00000000f60e0000)
  to   space 31680K, 0% used [0x00000000f89a0000,0x00000000f89a0000,0x00000000fa890000)
 ParOldGen       total 140352K, used 109555K [0x00000000d6600000, 0x00000000def10000, 0x00000000f2200000)
  object space 140352K, 78% used [0x00000000d6600000,0x00000000dd0fcdb0,0x00000000def10000)
 PSPermGen       total 23360K, used 10656K [0x00000000cc000000, 0x00000000cd6d0000, 0x00000000d6600000)
  object space 23360K, 45% used [0x00000000cc000000,0x00000000cca68020,0x00000000cd6d0000)
Event: 6,853 GC heap after
Heap after GC invocations=10 (full 2):
 PSYoungGen      total 97280K, used 3696K [0x00000000f2200000, 0x00000000fa350000, 0x0000000100000000)
  eden space 70976K, 0% used [0x00000000f2200000,0x00000000f2200000,0x00000000f6750000)
  from space 26304K, 14% used [0x00000000f89a0000,0x00000000f8d3c030,0x00000000fa350000)
  to   space 30720K, 0% used [0x00000000f6750000,0x00000000f6750000,0x00000000f8550000)
 ParOldGen       total 140352K, used 109555K [0x00000000d6600000, 0x00000000def10000, 0x00000000f2200000)
  object space 140352K, 78% used [0x00000000d6600000,0x00000000dd0fcdb0,0x00000000def10000)
 PSPermGen       total 23360K, used 10656K [0x00000000cc000000, 0x00000000cd6d0000, 0x00000000d6600000)
  object space 23360K, 45% used [0x00000000cc000000,0x00000000cca68020,0x00000000cd6d0000)
}
Event: 9,208 GC heap before
{Heap before GC invocations=11 (full 2):
 PSYoungGen      total 97280K, used 74672K [0x00000000f2200000, 0x00000000fa350000, 0x0000000100000000)
  eden space 70976K, 100% used [0x00000000f2200000,0x00000000f6750000,0x00000000f6750000)
  from space 26304K, 14% used [0x00000000f89a0000,0x00000000f8d3c030,0x00000000fa350000)
  to   space 30720K, 0% used [0x00000000f6750000,0x00000000f6750000,0x00000000f8550000)
 ParOldGen       total 140352K, used 109555K [0x00000000d6600000, 0x00000000def10000, 0x00000000f2200000)
  object space 140352K, 78% used [0x00000000d6600000,0x00000000dd0fcdb0,0x00000000def10000)
 PSPermGen       total 23360K, used 10658K [0x00000000cc000000, 0x00000000cd6d0000, 0x00000000d6600000)
  object space 23360K, 45% used [0x00000000cc000000,0x00000000cca688d8,0x00000000cd6d0000)
Event: 9,212 GC heap after
Heap after GC invocations=11 (full 2):
 PSYoungGen      total 101696K, used 3771K [0x00000000f2200000, 0x00000000fb750000, 0x0000000100000000)
  eden space 70976K, 0% used [0x00000000f2200000,0x00000000f2200000,0x00000000f6750000)
  from space 30720K, 12% used [0x00000000f6750000,0x00000000f6afef58,0x00000000f8550000)
  to   space 29696K, 0% used [0x00000000f9a50000,0x00000000f9a50000,0x00000000fb750000)
 ParOldGen       total 140352K, used 109555K [0x00000000d6600000, 0x00000000def10000, 0x00000000f2200000)
  object space 140352K, 78% used [0x00000000d6600000,0x00000000dd0fcdb0,0x00000000def10000)
 PSPermGen       total 23360K, used 10658K [0x00000000cc000000, 0x00000000cd6d0000, 0x00000000d6600000)
  object space 23360K, 45% used [0x00000000cc000000,0x00000000cca688d8,0x00000000cd6d0000)
}

Deoptimization events (4 events):
Event: 4,534 Thread 0x00007f7dec489000 Uncommon trap -34 fr.pc 0x00007f7de90a1474
Event: 4,536 Thread 0x00007f7dec009000 Uncommon trap -34 fr.pc 0x00007f7de90a1474
Event: 4,538 Thread 0x00007f7dec009000 Uncommon trap -34 fr.pc 0x00007f7de90a1474
Event: 4,557 Thread 0x00007f7dec489000 Uncommon trap -34 fr.pc 0x00007f7de90a1474

Internal exceptions (10 events):
Event: 0,658 Thread 0x00007f7dec489000 Threw 0x00000000f28d6688 at /build/buildd/openjdk-7-7u25-2.3.12/build/openjdk/hotspot/src/share/vm/prims/jvm.cpp:1235
Event: 0,661 Thread 0x00007f7dec489000 Threw 0x00000000f28e4708 at /build/buildd/openjdk-7-7u25-2.3.12/build/openjdk/hotspot/src/share/vm/prims/jvm.cpp:1235
Event: 0,662 Thread 0x00007f7dec489000 Threw 0x00000000f28e9c10 at /build/buildd/openjdk-7-7u25-2.3.12/build/openjdk/hotspot/src/share/vm/prims/jvm.cpp:1235
Event: 2,601 Thread 0x00007f7dec489000 Threw 0x00000000f2b06f08 at /build/buildd/openjdk-7-7u25-2.3.12/build/openjdk/hotspot/src/share/vm/prims/jvm.cpp:1235
Event: 4,534 Thread 0x00007f7dec489000 Threw 0x00000000f26568a0 at /build/buildd/openjdk-7-7u25-2.3.12/build/openjdk/hotspot/src/share/vm/prims/jvm.cpp:1235
Event: 4,536 Thread 0x00007f7dec009000 Threw 0x00000000f3577fd8 at /build/buildd/openjdk-7-7u25-2.3.12/build/openjdk/hotspot/src/share/vm/prims/jvm.cpp:1235
Event: 4,538 Thread 0x00007f7dec009000 Threw 0x00000000f357b718 at /build/buildd/openjdk-7-7u25-2.3.12/build/openjdk/hotspot/src/share/vm/prims/jvm.cpp:1235
Event: 4,557 Thread 0x00007f7dec489000 Threw 0x00000000f265a110 at /build/buildd/openjdk-7-7u25-2.3.12/build/openjdk/hotspot/src/share/vm/prims/jvm.cpp:1235
Event: 4,572 Thread 0x00007f7dec489000 Threw 0x00000000f265e7b0 at /build/buildd/openjdk-7-7u25-2.3.12/build/openjdk/hotspot/src/share/vm/prims/jvm.cpp:1235
Event: 4,841 Thread 0x00007f7dec485000 Threw 0x00000000f3621ad0 at /build/buildd/openjdk-7-7u25-2.3.12/build/openjdk/hotspot/src/share/vm/prims/jni.cpp:742

Events (10 events):
Event: 6,883 Executing VM operation: RevokeBias done
Event: 6,883 Executing VM operation: RevokeBias
Event: 6,884 Executing VM operation: RevokeBias done
Event: 6,884 Executing VM operation: BulkRevokeBias
Event: 6,884 Executing VM operation: BulkRevokeBias done
Event: 9,207 Executing VM operation: ParallelGCFailedAllocation
Event: 9,212 Executing VM operation: ParallelGCFailedAllocation done
Event: 9,407 Thread 0x00007f7d8824b800 Thread exited: 0x00007f7d8824b800
Event: 9,476 Thread 0x00007f7dec47f800 Thread exited: 0x00007f7dec47f800
Event: 9,527 Thread 0x00007f7d88247000 Thread exited: 0x00007f7d88247000


Dynamic libraries:
00400000-00401000 r-xp 00000000 08:01 136675                             /usr/lib/jvm/java-7-openjdk-amd64/jre/bin/java
00600000-00601000 r--p 00000000 08:01 136675                             /usr/lib/jvm/java-7-openjdk-amd64/jre/bin/java
00601000-00602000 rw-p 00001000 08:01 136675                             /usr/lib/jvm/java-7-openjdk-amd64/jre/bin/java
01e13000-01fb0000 rw-p 00000000 00:00 0                                  [heap]
cc000000-cd6d0000 rw-p 00000000 00:00 0 
cd6d0000-d6600000 rw-p 00000000 00:00 0 
d6600000-def10000 rw-p 00000000 00:00 0 
def10000-f2200000 rw-p 00000000 00:00 0 
f2200000-fb750000 rw-p 00000000 00:00 0 
fb750000-100000000 rw-p 00000000 00:00 0 
7f7d88000000-7f7d88af5000 rw-p 00000000 00:00 0 
7f7d88af5000-7f7d8c000000 ---p 00000000 00:00 0 
7f7d8f3e4000-7f7d8f511000 rw-p 00000000 00:00 0 
7f7d8f511000-7f7d8f6fe000 rw-s 00000000 00:04 7012363                    /SYSV00000000 (deleted)
7f7d8f6fe000-7f7d8f701000 ---p 00000000 00:00 0 
7f7d8f701000-7f7d8f7ff000 rw-p 00000000 00:00 0 
7f7d8f7ff000-7f7d8f800000 ---p 00000000 00:00 0 
7f7d8f800000-7f7d90000000 rw-p 00000000 00:00 0                          [stack:4543]
7f7d90000000-7f7d93f82000 rw-p 00000000 00:00 0 
7f7d93f82000-7f7d94000000 ---p 00000000 00:00 0 
7f7d94089000-7f7d9408c000 ---p 00000000 00:00 0 
7f7d9408c000-7f7d9c5a3000 rw-p 00000000 00:00 0 
7f7d9c5a3000-7f7d9c5a4000 ---p 00000000 00:00 0 
7f7d9c5a4000-7f7d9d7fa000 rw-p 00000000 00:00 0                          [stack:4542]
7f7d9d7fa000-7f7d9d7fb000 ---p 00000000 00:00 0 
7f7d9d7fb000-7f7d9dffb000 rw-p 00000000 00:00 0                          [stack:4541]
7f7d9dffb000-7f7d9dffc000 ---p 00000000 00:00 0 
7f7d9dffc000-7f7d9e7fc000 rw-p 00000000 00:00 0                          [stack:4540]
7f7d9e7fc000-7f7d9e7fd000 ---p 00000000 00:00 0 
7f7d9e7fd000-7f7d9f7ff000 rw-p 00000000 00:00 0 
7f7d9f7ff000-7f7d9f800000 ---p 00000000 00:00 0 
7f7d9f800000-7f7da0000000 rw-p 00000000 00:00 0                          [stack:4538]
7f7da0000000-7f7da4000000 rw-p 00000000 00:00 0 
7f7da4035000-7f7da4162000 rw-p 00000000 00:00 0 
7f7da4162000-7f7da4163000 ---p 00000000 00:00 0 
7f7da4163000-7f7da4963000 rw-p 00000000 00:00 0                          [stack:4537]
7f7da4963000-7f7da4964000 ---p 00000000 00:00 0 
7f7da4964000-7f7da5164000 rw-p 00000000 00:00 0                          [stack:4536]
7f7da5164000-7f7da51bc000 r-xp 00000000 08:01 790477                     /SimpleOpenNI/library/linux64/OpenNI2/Drivers/libPSLink.so
7f7da51bc000-7f7da53bc000 ---p 00058000 08:01 790477                     /SimpleOpenNI/library/linux64/OpenNI2/Drivers/libPSLink.so
7f7da53bc000-7f7da53c1000 r--p 00058000 08:01 790477                     /SimpleOpenNI/library/linux64/OpenNI2/Drivers/libPSLink.so
7f7da53c1000-7f7da53c2000 rw-p 0005d000 08:01 790477                     /SimpleOpenNI/library/linux64/OpenNI2/Drivers/libPSLink.so
7f7da53c2000-7f7da53c3000 rw-p 00000000 00:00 0 
7f7da53c3000-7f7da53c4000 ---p 00000000 00:00 0 
7f7da53c4000-7f7da5bc4000 rw-p 00000000 00:00 0                          [stack:4535]
7f7da5bc4000-7f7da5c6e000 r-xp 00000000 08:01 790476                     /SimpleOpenNI/library/linux64/OpenNI2/Drivers/libPS1080.so
7f7da5c6e000-7f7da5e6d000 ---p 000aa000 08:01 790476                     /SimpleOpenNI/library/linux64/OpenNI2/Drivers/libPS1080.so
7f7da5e6d000-7f7da5e72000 r--p 000a9000 08:01 790476                     /SimpleOpenNI/library/linux64/OpenNI2/Drivers/libPS1080.so
7f7da5e72000-7f7da5e76000 rw-p 000ae000 08:01 790476                     /SimpleOpenNI/library/linux64/OpenNI2/Drivers/libPS1080.so
7f7da5e76000-7f7da5e97000 rw-p 00000000 00:00 0 
7f7da5e97000-7f7da5ee1000 r-xp 00000000 08:01 790479                     /SimpleOpenNI/library/linux64/OpenNI2/Drivers/libOniFile.so
7f7da5ee1000-7f7da60e0000 ---p 0004a000 08:01 790479                     /SimpleOpenNI/library/linux64/OpenNI2/Drivers/libOniFile.so
7f7da60e0000-7f7da60e2000 r--p 00049000 08:01 790479                     /SimpleOpenNI/library/linux64/OpenNI2/Drivers/libOniFile.so
7f7da60e2000-7f7da60e3000 rw-p 0004b000 08:01 790479                     /SimpleOpenNI/library/linux64/OpenNI2/Drivers/libOniFile.so
7f7da60e3000-7f7da6103000 rw-p 00000000 00:00 0 
7f7da6103000-7f7da610e000 r-xp 00000000 08:01 790478                     /SimpleOpenNI/library/linux64/OpenNI2/Drivers/libfreenect.so
7f7da610e000-7f7da630d000 ---p 0000b000 08:01 790478                     /SimpleOpenNI/library/linux64/OpenNI2/Drivers/libfreenect.so
7f7da630d000-7f7da630e000 r--p 0000a000 08:01 790478                     /SimpleOpenNI/library/linux64/OpenNI2/Drivers/libfreenect.so
7f7da630e000-7f7da630f000 rw-p 0000b000 08:01 790478                     /SimpleOpenNI/library/linux64/OpenNI2/Drivers/libfreenect.so
7f7da630f000-7f7da6310000 ---p 00000000 00:00 0 
7f7da6310000-7f7da6b10000 rw-p 00000000 00:00 0 
7f7da6b10000-7f7da6b11000 ---p 00000000 00:00 0 
7f7da6b11000-7f7da7311000 rw-p 00000000 00:00 0                          [stack:4533]
7f7da7311000-7f7da7321000 r-xp 00000000 08:01 263158                     /lib/x86_64-linux-gnu/libudev.so.1.3.5
7f7da7321000-7f7da7520000 ---p 00010000 08:01 263158                     /lib/x86_64-linux-gnu/libudev.so.1.3.5
7f7da7520000-7f7da7521000 r--p 0000f000 08:01 263158                     /lib/x86_64-linux-gnu/libudev.so.1.3.5
7f7da7521000-7f7da7522000 rw-p 00010000 08:01 263158                     /lib/x86_64-linux-gnu/libudev.so.1.3.5
7f7da7522000-7f7da7537000 r-xp 00000000 08:01 263209                     /lib/x86_64-linux-gnu/libusb-1.0.so.0.1.0
7f7da7537000-7f7da7736000 ---p 00015000 08:01 263209                     /lib/x86_64-linux-gnu/libusb-1.0.so.0.1.0
7f7da7736000-7f7da7737000 r--p 00014000 08:01 263209                     /lib/x86_64-linux-gnu/libusb-1.0.so.0.1.0
7f7da7737000-7f7da7738000 rw-p 00015000 08:01 263209                     /lib/x86_64-linux-gnu/libusb-1.0.so.0.1.0
7f7da7738000-7f7da7743000 r-xp 00000000 08:01 790482                     /SimpleOpenNI/library/linux64/OpenNI2/Drivers/libfreenect.so.0.1
7f7da7743000-7f7da7942000 ---p 0000b000 08:01 790482                     /SimpleOpenNI/library/linux64/OpenNI2/Drivers/libfreenect.so.0.1
7f7da7942000-7f7da7943000 r--p 0000a000 08:01 790482                     /SimpleOpenNI/library/linux64/OpenNI2/Drivers/libfreenect.so.0.1
7f7da7943000-7f7da7944000 rw-p 0000b000 08:01 790482                     /SimpleOpenNI/library/linux64/OpenNI2/Drivers/libfreenect.so.0.1
7f7da7944000-7f7da7deb000 r-xp 00000000 08:01 790486                     /SimpleOpenNI/library/linux64/libNiTE2.so
7f7da7deb000-7f7da7fea000 ---p 004a7000 08:01 790486                     /SimpleOpenNI/library/linux64/libNiTE2.so
7f7da7fea000-7f7da7ff6000 r--p 004a6000 08:01 790486                     /SimpleOpenNI/library/linux64/libNiTE2.so
7f7da7ff6000-7f7da7ff8000 rw-p 004b2000 08:01 790486                     /SimpleOpenNI/library/linux64/libNiTE2.so
7f7da7ff8000-7f7da8000000 rw-p 00000000 00:00 0 
7f7da8000000-7f7da8021000 rw-p 00000000 00:00 0 
7f7da8021000-7f7dac000000 ---p 00000000 00:00 0 
7f7dac000000-7f7dac0af000 rw-p 00000000 00:00 0 
7f7dac0af000-7f7db0000000 ---p 00000000 00:00 0 
7f7db0000000-7f7db0021000 rw-p 00000000 00:00 0 
7f7db0021000-7f7db4000000 ---p 00000000 00:00 0 
7f7db406e000-7f7db4085000 r-xp 00000000 08:01 790480                     /SimpleOpenNI/library/linux64/OpenNI2/Drivers/libFreenectDriver.so
7f7db4085000-7f7db4285000 ---p 00017000 08:01 790480                     /SimpleOpenNI/library/linux64/OpenNI2/Drivers/libFreenectDriver.so
7f7db4285000-7f7db4286000 r--p 00017000 08:01 790480                     /SimpleOpenNI/library/linux64/OpenNI2/Drivers/libFreenectDriver.so
7f7db4286000-7f7db4287000 rw-p 00018000 08:01 790480                     /SimpleOpenNI/library/linux64/OpenNI2/Drivers/libFreenectDriver.so
7f7db4287000-7f7db428b000 rw-p 0001f000 08:01 790480                     /SimpleOpenNI/library/linux64/OpenNI2/Drivers/libFreenectDriver.so
7f7db428b000-7f7db42a1000 r-xp 00000000 08:01 790481                     /SimpleOpenNI/library/linux64/OpenNI2/Drivers/libDummyDevice.so
7f7db42a1000-7f7db44a1000 ---p 00016000 08:01 790481                     /SimpleOpenNI/library/linux64/OpenNI2/Drivers/libDummyDevice.so
7f7db44a1000-7f7db44a2000 r--p 00016000 08:01 790481                     /SimpleOpenNI/library/linux64/OpenNI2/Drivers/libDummyDevice.so
7f7db44a2000-7f7db44a3000 rw-p 00017000 08:01 790481                     /SimpleOpenNI/library/linux64/OpenNI2/Drivers/libDummyDevice.so
7f7db44a3000-7f7db44a6000 r-xp 00000000 08:01 7119                       /usr/lib/libboost_system.so.1.54.0
7f7db44a6000-7f7db46a5000 ---p 00003000 08:01 7119                       /usr/lib/libboost_system.so.1.54.0
7f7db46a5000-7f7db46a6000 r--p 00002000 08:01 7119                       /usr/lib/libboost_system.so.1.54.0
7f7db46a6000-7f7db46a7000 rw-p 00003000 08:01 7119                       /usr/lib/libboost_system.so.1.54.0
7f7db46a7000-7f7db46ff000 r-xp 00000000 08:01 790484                     /SimpleOpenNI/library/linux64/libOpenNI2.so
7f7db46ff000-7f7db48ff000 ---p 00058000 08:01 790484                     /SimpleOpenNI/library/linux64/libOpenNI2.so
7f7db48ff000-7f7db4901000 r--p 00058000 08:01 790484                     /SimpleOpenNI/library/linux64/libOpenNI2.so
7f7db4901000-7f7db4902000 rw-p 0005a000 08:01 790484                     /SimpleOpenNI/library/linux64/libOpenNI2.so
7f7db4902000-7f7db4923000 rw-p 00000000 00:00 0 
7f7db4923000-7f7db493b000 r-xp 00000000 08:01 790485                     /SimpleOpenNI/library/linux64/libboost_thread.so.1.54.0
7f7db493b000-7f7db4b3a000 ---p 00018000 08:01 790485                     /SimpleOpenNI/library/linux64/libboost_thread.so.1.54.0
7f7db4b3a000-7f7db4b3c000 r--p 00017000 08:01 790485                     /SimpleOpenNI/library/linux64/libboost_thread.so.1.54.0
7f7db4b3c000-7f7db4b3d000 rw-p 00019000 08:01 790485                     /SimpleOpenNI/library/linux64/libboost_thread.so.1.54.0
7f7db4b3d000-7f7db4b83000 r-xp 00000000 08:01 790488                     /SimpleOpenNI/library/libSimpleOpenNI64.so
7f7db4b83000-7f7db4d82000 ---p 00046000 08:01 790488                     /SimpleOpenNI/library/libSimpleOpenNI64.so
7f7db4d82000-7f7db4d84000 r--p 00045000 08:01 790488                     /SimpleOpenNI/library/libSimpleOpenNI64.so
7f7db4d84000-7f7db4d86000 rw-p 00047000 08:01 790488                     /SimpleOpenNI/library/libSimpleOpenNI64.so
7f7db4d86000-7f7db4d89000 ---p 00000000 00:00 0 
7f7db4d89000-7f7db4e87000 rw-p 00000000 00:00 0                          [stack:4532]
7f7db4e87000-7f7db4e8a000 ---p 00000000 00:00 0 
7f7db4e8a000-7f7db4f88000 rw-p 00000000 00:00 0                          [stack:4531]
7f7db4f88000-7f7db4f8b000 ---p 00000000 00:00 0 
7f7db4f8b000-7f7db5089000 rw-p 00000000 00:00 0                          [stack:4530]
7f7db5089000-7f7db508c000 ---p 00000000 00:00 0 
7f7db508c000-7f7db518a000 rw-p 00000000 00:00 0 
7f7db518a000-7f7db518d000 ---p 00000000 00:00 0 
7f7db518d000-7f7db528b000 rw-p 00000000 00:00 0                          [stack:4528]
7f7db528b000-7f7db528f000 r-xp 00000000 08:01 262223                     /lib/x86_64-linux-gnu/libgpg-error.so.0.10.0
7f7db528f000-7f7db548e000 ---p 00004000 08:01 262223                     /lib/x86_64-linux-gnu/libgpg-error.so.0.10.0
7f7db548e000-7f7db548f000 r--p 00003000 08:01 262223                     /lib/x86_64-linux-gnu/libgpg-error.so.0.10.0
7f7db548f000-7f7db5490000 rw-p 00004000 08:01 262223                     /lib/x86_64-linux-gnu/libgpg-error.so.0.10.0
7f7db5490000-7f7db5492000 r-xp 00000000 08:01 262194                     /lib/x86_64-linux-gnu/libkeyutils.so.1.4
7f7db5492000-7f7db5692000 ---p 00002000 08:01 262194                     /lib/x86_64-linux-gnu/libkeyutils.so.1.4
7f7db5692000-7f7db5693000 r--p 00002000 08:01 262194                     /lib/x86_64-linux-gnu/libkeyutils.so.1.4
7f7db5693000-7f7db5694000 rw-p 00003000 08:01 262194                     /lib/x86_64-linux-gnu/libkeyutils.so.1.4
7f7db5694000-7f7db56ac000 r-xp 00000000 08:01 574                        /usr/lib/x86_64-linux-gnu/libgraphite2.so.3.0.1
7f7db56ac000-7f7db58ab000 ---p 00018000 08:01 574                        /usr/lib/x86_64-linux-gnu/libgraphite2.so.3.0.1
7f7db58ab000-7f7db58ad000 r--p 00017000 08:01 574                        /usr/lib/x86_64-linux-gnu/libgraphite2.so.3.0.1
7f7db58ad000-7f7db58ae000 rw-p 00019000 08:01 574                        /usr/lib/x86_64-linux-gnu/libgraphite2.so.3.0.1
7f7db58ae000-7f7db58f2000 r-xp 00000000 08:01 264136                     /lib/x86_64-linux-gnu/libdbus-1.so.3.7.4
7f7db58f2000-7f7db5af1000 ---p 00044000 08:01 264136                     /lib/x86_64-linux-gnu/libdbus-1.so.3.7.4
7f7db5af1000-7f7db5af2000 r--p 00043000 08:01 264136                     /lib/x86_64-linux-gnu/libdbus-1.so.3.7.4
7f7db5af2000-7f7db5af3000 rw-p 00044000 08:01 264136                     /lib/x86_64-linux-gnu/libdbus-1.so.3.7.4
7f7db5af3000-7f7db5b11000 r-xp 00000000 08:01 5137                       /usr/lib/x86_64-linux-gnu/libp11-kit.so.0.0.0
7f7db5b11000-7f7db5d10000 ---p 0001e000 08:01 5137                       /usr/lib/x86_64-linux-gnu/libp11-kit.so.0.0.0
7f7db5d10000-7f7db5d12000 r--p 0001d000 08:01 5137                       /usr/lib/x86_64-linux-gnu/libp11-kit.so.0.0.0
7f7db5d12000-7f7db5d13000 rw-p 0001f000 08:01 5137                       /usr/lib/x86_64-linux-gnu/libp11-kit.so.0.0.0
7f7db5d13000-7f7db5d23000 r-xp 00000000 08:01 5140                       /usr/lib/x86_64-linux-gnu/libtasn1.so.3.2.0
7f7db5d23000-7f7db5f22000 ---p 00010000 08:01 5140                       /usr/lib/x86_64-linux-gnu/libtasn1.so.3.2.0
7f7db5f22000-7f7db5f23000 r--p 0000f000 08:01 5140                       /usr/lib/x86_64-linux-gnu/libtasn1.so.3.2.0
7f7db5f23000-7f7db5f24000 rw-p 00010000 08:01 5140                       /usr/lib/x86_64-linux-gnu/libtasn1.so.3.2.0
7f7db5f24000-7f7db5f9e000 r-xp 00000000 08:01 263657                     /lib/x86_64-linux-gnu/libgcrypt.so.11.7.0
7f7db5f9e000-7f7db619e000 ---p 0007a000 08:01 263657                     /lib/x86_64-linux-gnu/libgcrypt.so.11.7.0
7f7db619e000-7f7db619f000 r--p 0007a000 08:01 263657                     /lib/x86_64-linux-gnu/libgcrypt.so.11.7.0
7f7db619f000-7f7db61a2000 rw-p 0007b000 08:01 263657                     /lib/x86_64-linux-gnu/libgcrypt.so.11.7.0
7f7db61a2000-7f7db61a9000 r-xp 00000000 08:01 5151                       /usr/lib/x86_64-linux-gnu/libkrb5support.so.0.1
7f7db61a9000-7f7db63a8000 ---p 00007000 08:01 5151                       /usr/lib/x86_64-linux-gnu/libkrb5support.so.0.1
7f7db63a8000-7f7db63a9000 r--p 00006000 08:01 5151                       /usr/lib/x86_64-linux-gnu/libkrb5support.so.0.1
7f7db63a9000-7f7db63aa000 rw-p 00007000 08:01 5151                       /usr/lib/x86_64-linux-gnu/libkrb5support.so.0.1
7f7db63aa000-7f7db63ad000 r-xp 00000000 08:01 264316                     /lib/x86_64-linux-gnu/libcom_err.so.2.1
7f7db63ad000-7f7db65ac000 ---p 00003000 08:01 264316                     /lib/x86_64-linux-gnu/libcom_err.so.2.1
7f7db65ac000-7f7db65ad000 r--p 00002000 08:01 264316                     /lib/x86_64-linux-gnu/libcom_err.so.2.1
7f7db65ad000-7f7db65ae000 rw-p 00003000 08:01 264316                     /lib/x86_64-linux-gnu/libcom_err.so.2.1
7f7db65ae000-7f7db65d4000 r-xp 00000000 08:01 3543                       /usr/lib/x86_64-linux-gnu/libk5crypto.so.3.1
7f7db65d4000-7f7db67d3000 ---p 00026000 08:01 3543                       /usr/lib/x86_64-linux-gnu/libk5crypto.so.3.1
7f7db67d3000-7f7db67d4000 r--p 00025000 08:01 3543                       /usr/lib/x86_64-linux-gnu/libk5crypto.so.3.1
7f7db67d4000-7f7db67d5000 rw-p 00026000 08:01 3543                       /usr/lib/x86_64-linux-gnu/libk5crypto.so.3.1
7f7db67d5000-7f7db67d6000 rw-p 00000000 00:00 0 
7f7db67d6000-7f7db689b000 r-xp 00000000 08:01 5148                       /usr/lib/x86_64-linux-gnu/libkrb5.so.3.3
7f7db689b000-7f7db6a9a000 ---p 000c5000 08:01 5148                       /usr/lib/x86_64-linux-gnu/libkrb5.so.3.3
7f7db6a9a000-7f7db6aa4000 r--p 000c4000 08:01 5148                       /usr/lib/x86_64-linux-gnu/libkrb5.so.3.3
7f7db6aa4000-7f7db6aa5000 rw-p 000ce000 08:01 5148                       /usr/lib/x86_64-linux-gnu/libkrb5.so.3.3
7f7db6aa5000-7f7db6aab000 r-xp 00000000 08:01 8328                       /usr/lib/x86_64-linux-gnu/libdatrie.so.1.2.0
7f7db6aab000-7f7db6caa000 ---p 00006000 08:01 8328                       /usr/lib/x86_64-linux-gnu/libdatrie.so.1.2.0
7f7db6caa000-7f7db6cab000 r--p 00005000 08:01 8328                       /usr/lib/x86_64-linux-gnu/libdatrie.so.1.2.0
7f7db6cab000-7f7db6cac000 rw-p 00006000 08:01 8328                       /usr/lib/x86_64-linux-gnu/libdatrie.so.1.2.0
7f7db6cac000-7f7db6cfc000 r-xp 00000000 08:01 2852                       /usr/lib/x86_64-linux-gnu/libharfbuzz.so.0.919.0
7f7db6cfc000-7f7db6efc000 ---p 00050000 08:01 2852                       /usr/lib/x86_64-linux-gnu/libharfbuzz.so.0.919.0
7f7db6efc000-7f7db6efd000 r--p 00050000 08:01 2852                       /usr/lib/x86_64-linux-gnu/libharfbuzz.so.0.919.0
7f7db6efd000-7f7db6efe000 rw-p 00051000 08:01 2852                       /usr/lib/x86_64-linux-gnu/libharfbuzz.so.0.919.0
7f7db6efe000-7f7db6f06000 r-xp 00000000 08:01 2222                       /usr/lib/x86_64-linux-gnu/libxcb-render.so.0.0.0
7f7db6f06000-7f7db7105000 ---p 00008000 08:01 2222                       /usr/lib/x86_64-linux-gnu/libxcb-render.so.0.0.0
7f7db7105000-7f7db7106000 r--p 00007000 08:01 2222                       /usr/lib/x86_64-linux-gnu/libxcb-render.so.0.0.0
7f7db7106000-7f7db7107000 rw-p 00008000 08:01 2222                       /usr/lib/x86_64-linux-gnu/libxcb-render.so.0.0.0
7f7db7107000-7f7db7109000 r-xp 00000000 08:01 2230                       /usr/lib/x86_64-linux-gnu/libxcb-shm.so.0.0.0
7f7db7109000-7f7db7308000 ---p 00002000 08:01 2230                       /usr/lib/x86_64-linux-gnu/libxcb-shm.so.0.0.0
7f7db7308000-7f7db7309000 r--p 00001000 08:01 2230                       /usr/lib/x86_64-linux-gnu/libxcb-shm.so.0.0.0
7f7db7309000-7f7db730a000 rw-p 00002000 08:01 2230                       /usr/lib/x86_64-linux-gnu/libxcb-shm.so.0.0.0
7f7db730a000-7f7db732f000 r-xp 00000000 08:01 264467                     /lib/x86_64-linux-gnu/libpng12.so.0.49.0
7f7db732f000-7f7db752e000 ---p 00025000 08:01 264467                     /lib/x86_64-linux-gnu/libpng12.so.0.49.0
7f7db752e000-7f7db752f000 r--p 00024000 08:01 264467                     /lib/x86_64-linux-gnu/libpng12.so.0.49.0
7f7db752f000-7f7db7530000 rw-p 00025000 08:01 264467                     /lib/x86_64-linux-gnu/libpng12.so.0.49.0
7f7db7530000-7f7db75d1000 r-xp 00000000 08:01 1199                       /usr/lib/x86_64-linux-gnu/libpixman-1.so.0.30.2
7f7db75d1000-7f7db77d1000 ---p 000a1000 08:01 1199                       /usr/lib/x86_64-linux-gnu/libpixman-1.so.0.30.2
7f7db77d1000-7f7db77d8000 r--p 000a1000 08:01 1199                       /usr/lib/x86_64-linux-gnu/libpixman-1.so.0.30.2
7f7db77d8000-7f7db77d9000 rw-p 000a8000 08:01 1199                       /usr/lib/x86_64-linux-gnu/libpixman-1.so.0.30.2
7f7db77d9000-7f7db77de000 r-xp 00000000 08:01 8665                       /usr/lib/x86_64-linux-gnu/libXdmcp.so.6.0.0
7f7db77de000-7f7db79dd000 ---p 00005000 08:01 8665                       /usr/lib/x86_64-linux-gnu/libXdmcp.so.6.0.0
7f7db79dd000-7f7db79de000 r--p 00004000 08:01 8665                       /usr/lib/x86_64-linux-gnu/libXdmcp.so.6.0.0
7f7db79de000-7f7db79df000 rw-p 00005000 08:01 8665                       /usr/lib/x86_64-linux-gnu/libXdmcp.so.6.0.0
7f7db79df000-7f7db79e1000 r-xp 00000000 08:01 206                        /usr/lib/x86_64-linux-gnu/libXau.so.6.0.0
7f7db79e1000-7f7db7be1000 ---p 00002000 08:01 206                        /usr/lib/x86_64-linux-gnu/libXau.so.6.0.0
7f7db7be1000-7f7db7be2000 r--p 00002000 08:01 206                        /usr/lib/x86_64-linux-gnu/libXau.so.6.0.0
7f7db7be2000-7f7db7be3000 rw-p 00003000 08:01 206                        /usr/lib/x86_64-linux-gnu/libXau.so.6.0.0
7f7db7be3000-7f7db7bf2000 r-xp 00000000 08:01 130                        /usr/lib/x86_64-linux-gnu/libavahi-client.so.3.2.9
7f7db7bf2000-7f7db7df2000 ---p 0000f000 08:01 130                        /usr/lib/x86_64-linux-gnu/libavahi-client.so.3.2.9
7f7db7df2000-7f7db7df3000 r--p 0000f000 08:01 130                        /usr/lib/x86_64-linux-gnu/libavahi-client.so.3.2.9
7f7db7df3000-7f7db7df4000 rw-p 00010000 08:01 130                        /usr/lib/x86_64-linux-gnu/libavahi-client.so.3.2.9
7f7db7df4000-7f7db7dff000 r-xp 00000000 08:01 128                        /usr/lib/x86_64-linux-gnu/libavahi-common.so.3.5.3
7f7db7dff000-7f7db7ffe000 ---p 0000b000 08:01 128                        /usr/lib/x86_64-linux-gnu/libavahi-common.so.3.5.3
7f7db7ffe000-7f7db7fff000 r--p 0000a000 08:01 128                        /usr/lib/x86_64-linux-gnu/libavahi-common.so.3.5.3
7f7db7fff000-7f7db8000000 rw-p 0000b000 08:01 128                        /usr/lib/x86_64-linux-gnu/libavahi-common.so.3.5.3
7f7db8000000-7f7db812e000 rw-p 00000000 00:00 0 
7f7db812e000-7f7dbc000000 ---p 00000000 00:00 0 
7f7dbc013000-7f7dbc0aa000 rw-p 00000000 00:00 0 
7f7dbc0aa000-7f7dbc0ad000 ---p 00000000 00:00 0 
7f7dbc0ad000-7f7dbc1ab000 rw-p 00000000 00:00 0                          [stack:4527]
7f7dbc1ab000-7f7dbc261000 r-xp 00000000 08:01 5143                       /usr/lib/x86_64-linux-gnu/libgnutls.so.26.22.6
7f7dbc261000-7f7dbc461000 ---p 000b6000 08:01 5143                       /usr/lib/x86_64-linux-gnu/libgnutls.so.26.22.6
7f7dbc461000-7f7dbc467000 r--p 000b6000 08:01 5143                       /usr/lib/x86_64-linux-gnu/libgnutls.so.26.22.6
7f7dbc467000-7f7dbc468000 rw-p 000bc000 08:01 5143                       /usr/lib/x86_64-linux-gnu/libgnutls.so.26.22.6
7f7dbc468000-7f7dbc469000 rw-p 00000000 00:00 0 
7f7dbc469000-7f7dbc4a4000 r-xp 00000000 08:01 3662                       /usr/lib/x86_64-linux-gnu/libgssapi_krb5.so.2.2
7f7dbc4a4000-7f7dbc6a4000 ---p 0003b000 08:01 3662                       /usr/lib/x86_64-linux-gnu/libgssapi_krb5.so.2.2
7f7dbc6a4000-7f7dbc6a5000 r--p 0003b000 08:01 3662                       /usr/lib/x86_64-linux-gnu/libgssapi_krb5.so.2.2
7f7dbc6a5000-7f7dbc6a7000 rw-p 0003c000 08:01 3662                       /usr/lib/x86_64-linux-gnu/libgssapi_krb5.so.2.2
7f7dbc6a7000-7f7dbc6e4000 r-xp 00000000 08:01 266403                     /lib/x86_64-linux-gnu/libpcre.so.3.13.1
7f7dbc6e4000-7f7dbc8e4000 ---p 0003d000 08:01 266403                     /lib/x86_64-linux-gnu/libpcre.so.3.13.1
7f7dbc8e4000-7f7dbc8e5000 r--p 0003d000 08:01 266403                     /lib/x86_64-linux-gnu/libpcre.so.3.13.1
7f7dbc8e5000-7f7dbc8e6000 rw-p 0003e000 08:01 266403                     /lib/x86_64-linux-gnu/libpcre.so.3.13.1
7f7dbc8e6000-7f7dbc8ed000 r-xp 00000000 08:01 63                         /usr/lib/x86_64-linux-gnu/libffi.so.6.0.1
7f7dbc8ed000-7f7dbcaec000 ---p 00007000 08:01 63                         /usr/lib/x86_64-linux-gnu/libffi.so.6.0.1
7f7dbcaec000-7f7dbcaed000 r--p 00006000 08:01 63                         /usr/lib/x86_64-linux-gnu/libffi.so.6.0.1
7f7dbcaed000-7f7dbcaee000 rw-p 00007000 08:01 63                         /usr/lib/x86_64-linux-gnu/libffi.so.6.0.1
7f7dbcaee000-7f7dbcb15000 r-xp 00000000 08:01 264158                     /lib/x86_64-linux-gnu/libexpat.so.1.6.0
7f7dbcb15000-7f7dbcd15000 ---p 00027000 08:01 264158                     /lib/x86_64-linux-gnu/libexpat.so.1.6.0
7f7dbcd15000-7f7dbcd17000 r--p 00027000 08:01 264158                     /lib/x86_64-linux-gnu/libexpat.so.1.6.0
7f7dbcd17000-7f7dbcd18000 rw-p 00029000 08:01 264158                     /lib/x86_64-linux-gnu/libexpat.so.1.6.0
7f7dbcd18000-7f7dbcdb4000 r-xp 00000000 08:01 994                        /usr/lib/x86_64-linux-gnu/libfreetype.so.6.10.1
7f7dbcdb4000-7f7dbcfb4000 ---p 0009c000 08:01 994                        /usr/lib/x86_64-linux-gnu/libfreetype.so.6.10.1
7f7dbcfb4000-7f7dbcfb9000 r--p 0009c000 08:01 994                        /usr/lib/x86_64-linux-gnu/libfreetype.so.6.10.1
7f7dbcfb9000-7f7dbcfba000 rw-p 000a1000 08:01 994                        /usr/lib/x86_64-linux-gnu/libfreetype.so.6.10.1
7f7dbcfba000-7f7dbcfc2000 r-xp 00000000 08:01 8330                       /usr/lib/x86_64-linux-gnu/libthai.so.0.2.0
7f7dbcfc2000-7f7dbd1c1000 ---p 00008000 08:01 8330                       /usr/lib/x86_64-linux-gnu/libthai.so.0.2.0
7f7dbd1c1000-7f7dbd1c2000 r--p 00007000 08:01 8330                       /usr/lib/x86_64-linux-gnu/libthai.so.0.2.0
7f7dbd1c2000-7f7dbd1c3000 rw-p 00008000 08:01 8330                       /usr/lib/x86_64-linux-gnu/libthai.so.0.2.0
7f7dbd1c3000-7f7dbd1d9000 r-xp 00000000 08:01 265339                     /lib/x86_64-linux-gnu/libresolv-2.17.so
7f7dbd1d9000-7f7dbd3d9000 ---p 00016000 08:01 265339                     /lib/x86_64-linux-gnu/libresolv-2.17.so
7f7dbd3d9000-7f7dbd3da000 r--p 00016000 08:01 265339                     /lib/x86_64-linux-gnu/libresolv-2.17.so
7f7dbd3da000-7f7dbd3db000 rw-p 00017000 08:01 265339                     /lib/x86_64-linux-gnu/libresolv-2.17.so
7f7dbd3db000-7f7dbd3dd000 rw-p 00000000 00:00 0 
7f7dbd3dd000-7f7dbd3fc000 r-xp 00000000 08:01 263495                     /lib/x86_64-linux-gnu/libselinux.so.1
7f7dbd3fc000-7f7dbd5fc000 ---p 0001f000 08:01 263495                     /lib/x86_64-linux-gnu/libselinux.so.1
7f7dbd5fc000-7f7dbd5fd000 r--p 0001f000 08:01 263495                     /lib/x86_64-linux-gnu/libselinux.so.1
7f7dbd5fd000-7f7dbd5fe000 rw-p 00020000 08:01 263495                     /lib/x86_64-linux-gnu/libselinux.so.1
7f7dbd5fe000-7f7dbd5ff000 rw-p 00000000 00:00 0 
7f7dbd5ff000-7f7dbd601000 r-xp 00000000 08:01 6693                       /usr/lib/x86_64-linux-gnu/libXdamage.so.1.1.0
7f7dbd601000-7f7dbd800000 ---p 00002000 08:01 6693                       /usr/lib/x86_64-linux-gnu/libXdamage.so.1.1.0
7f7dbd800000-7f7dbd801000 r--p 00001000 08:01 6693                       /usr/lib/x86_64-linux-gnu/libXdamage.so.1.1.0
7f7dbd801000-7f7dbd802000 rw-p 00002000 08:01 6693                       /usr/lib/x86_64-linux-gnu/libXdamage.so.1.1.0
7f7dbd802000-7f7dbd804000 r-xp 00000000 08:01 3417                       /usr/lib/x86_64-linux-gnu/libXcomposite.so.1.0.0
7f7dbd804000-7f7dbda03000 ---p 00002000 08:01 3417                       /usr/lib/x86_64-linux-gnu/libXcomposite.so.1.0.0
7f7dbda03000-7f7dbda04000 r--p 00001000 08:01 3417                       /usr/lib/x86_64-linux-gnu/libXcomposite.so.1.0.0
7f7dbda04000-7f7dbda05000 rw-p 00002000 08:01 3417                       /usr/lib/x86_64-linux-gnu/libXcomposite.so.1.0.0
7f7dbda05000-7f7dbda0e000 r-xp 00000000 08:01 2819                       /usr/lib/x86_64-linux-gnu/libXcursor.so.1.0.2
7f7dbda0e000-7f7dbdc0d000 ---p 00009000 08:01 2819                       /usr/lib/x86_64-linux-gnu/libXcursor.so.1.0.2
7f7dbdc0d000-7f7dbdc0e000 r--p 00008000 08:01 2819                       /usr/lib/x86_64-linux-gnu/libXcursor.so.1.0.2
7f7dbdc0e000-7f7dbdc0f000 rw-p 00009000 08:01 2819                       /usr/lib/x86_64-linux-gnu/libXcursor.so.1.0.2
7f7dbdc0f000-7f7dbdc18000 r-xp 00000000 08:01 6537                       /usr/lib/x86_64-linux-gnu/libXrandr.so.2.2.0
7f7dbdc18000-7f7dbde17000 ---p 00009000 08:01 6537                       /usr/lib/x86_64-linux-gnu/libXrandr.so.2.2.0
7f7dbde17000-7f7dbde18000 r--p 00008000 08:01 6537                       /usr/lib/x86_64-linux-gnu/libXrandr.so.2.2.0
7f7dbde18000-7f7dbde19000 rw-p 00009000 08:01 6537                       /usr/lib/x86_64-linux-gnu/libXrandr.so.2.2.0
7f7dbde19000-7f7dbde1b000 r-xp 00000000 08:01 6486                       /usr/lib/x86_64-linux-gnu/libXinerama.so.1.0.0
7f7dbde1b000-7f7dbe01a000 ---p 00002000 08:01 6486                       /usr/lib/x86_64-linux-gnu/libXinerama.so.1.0.0
7f7dbe01a000-7f7dbe01b000 r--p 00001000 08:01 6486                       /usr/lib/x86_64-linux-gnu/libXinerama.so.1.0.0
7f7dbe01b000-7f7dbe01c000 rw-p 00002000 08:01 6486                       /usr/lib/x86_64-linux-gnu/libXinerama.so.1.0.0
7f7dbe01c000-7f7dbe030000 r-xp 00000000 08:01 8322                       /usr/lib/x86_64-linux-gnu/libpangoft2-1.0.so.0.3200.5
7f7dbe030000-7f7dbe22f000 ---p 00014000 08:01 8322                       /usr/lib/x86_64-linux-gnu/libpangoft2-1.0.so.0.3200.5
7f7dbe22f000-7f7dbe230000 r--p 00013000 08:01 8322                       /usr/lib/x86_64-linux-gnu/libpangoft2-1.0.so.0.3200.5
7f7dbe230000-7f7dbe231000 rw-p 00014000 08:01 8322                       /usr/lib/x86_64-linux-gnu/libpangoft2-1.0.so.0.3200.5
7f7dbe231000-7f7dbe335000 r-xp 00000000 08:01 2246                       /usr/lib/x86_64-linux-gnu/libcairo.so.2.11200.16
7f7dbe335000-7f7dbe534000 ---p 00104000 08:01 2246                       /usr/lib/x86_64-linux-gnu/libcairo.so.2.11200.16
7f7dbe534000-7f7dbe537000 r--p 00103000 08:01 2246                       /usr/lib/x86_64-linux-gnu/libcairo.so.2.11200.16
7f7dbe537000-7f7dbe538000 rw-p 00106000 08:01 2246                       /usr/lib/x86_64-linux-gnu/libcairo.so.2.11200.16
7f7dbe538000-7f7dbe53a000 rw-p 00000000 00:00 0 
7f7dbe53a000-7f7dbe559000 r-xp 00000000 08:01 4129                       /usr/lib/x86_64-linux-gnu/libatk-1.0.so.0.21009.1
7f7dbe559000-7f7dbe759000 ---p 0001f000 08:01 4129                       /usr/lib/x86_64-linux-gnu/libatk-1.0.so.0.21009.1
7f7dbe759000-7f7dbe75b000 r--p 0001f000 08:01 4129                       /usr/lib/x86_64-linux-gnu/libatk-1.0.so.0.21009.1
7f7dbe75b000-7f7dbe75c000 rw-p 00021000 08:01 4129                       /usr/lib/x86_64-linux-gnu/libatk-1.0.so.0.21009.1
7f7dbe75c000-7f7dbe761000 r-xp 00000000 08:01 1304                       /usr/lib/x86_64-linux-gnu/libXfixes.so.3.1.0
7f7dbe761000-7f7dbe960000 ---p 00005000 08:01 1304                       /usr/lib/x86_64-linux-gnu/libXfixes.so.3.1.0
7f7dbe960000-7f7dbe961000 r--p 00004000 08:01 1304                       /usr/lib/x86_64-linux-gnu/libXfixes.so.3.1.0
7f7dbe961000-7f7dbe962000 rw-p 00005000 08:01 1304                       /usr/lib/x86_64-linux-gnu/libXfixes.so.3.1.0
7f7dbe962000-7f7dbe96d000 r-xp 00000000 08:01 8324                       /usr/lib/x86_64-linux-gnu/libpangocairo-1.0.so.0.3200.5
7f7dbe96d000-7f7dbeb6d000 ---p 0000b000 08:01 8324                       /usr/lib/x86_64-linux-gnu/libpangocairo-1.0.so.0.3200.5
7f7dbeb6d000-7f7dbeb6e000 r--p 0000b000 08:01 8324                       /usr/lib/x86_64-linux-gnu/libpangocairo-1.0.so.0.3200.5
7f7dbeb6e000-7f7dbeb6f000 rw-p 0000c000 08:01 8324                       /usr/lib/x86_64-linux-gnu/libpangocairo-1.0.so.0.3200.5
7f7dbeb6f000-7f7dbeb72000 r-xp 00000000 08:01 410                        /usr/lib/x86_64-linux-gnu/libgmodule-2.0.so.0.3800.0
7f7dbeb72000-7f7dbed71000 ---p 00003000 08:01 410                        /usr/lib/x86_64-linux-gnu/libgmodule-2.0.so.0.3800.0
7f7dbed71000-7f7dbed72000 r--p 00002000 08:01 410                        /usr/lib/x86_64-linux-gnu/libgmodule-2.0.so.0.3800.0
7f7dbed72000-7f7dbed73000 rw-p 00003000 08:01 410                        /usr/lib/x86_64-linux-gnu/libgmodule-2.0.so.0.3800.0
7f7dbed73000-7f7dbed90000 r-xp 00000000 08:01 5025                       /usr/lib/x86_64-linux-gnu/libxcb.so.1.1.0
7f7dbed90000-7f7dbef8f000 ---p 0001d000 08:01 5025                       /usr/lib/x86_64-linux-gnu/libxcb.so.1.1.0
7f7dbef8f000-7f7dbef90000 r--p 0001c000 08:01 5025                       /usr/lib/x86_64-linux-gnu/libxcb.so.1.1.0
7f7dbef90000-7f7dbef91000 rw-p 0001d000 08:01 5025                       /usr/lib/x86_64-linux-gnu/libxcb.so.1.1.0
7f7dbef91000-7f7dbeffd000 r-xp 00000000 08:01 143                        /usr/lib/x86_64-linux-gnu/libcups.so.2
7f7dbeffd000-7f7dbf1fc000 ---p 0006c000 08:01 143                        /usr/lib/x86_64-linux-gnu/libcups.so.2
7f7dbf1fc000-7f7dbf203000 r--p 0006b000 08:01 143                        /usr/lib/x86_64-linux-gnu/libcups.so.2
7f7dbf203000-7f7dbf204000 rw-p 00072000 08:01 143                        /usr/lib/x86_64-linux-gnu/libcups.so.2
7f7dbf204000-7f7dbf302000 r-xp 00000000 08:01 265079                     /lib/x86_64-linux-gnu/libglib-2.0.so.0.3800.0
7f7dbf302000-7f7dbf502000 ---p 000fe000 08:01 265079                     /lib/x86_64-linux-gnu/libglib-2.0.so.0.3800.0
7f7dbf502000-7f7dbf503000 r--p 000fe000 08:01 265079                     /lib/x86_64-linux-gnu/libglib-2.0.so.0.3800.0
7f7dbf503000-7f7dbf504000 rw-p 000ff000 08:01 265079                     /lib/x86_64-linux-gnu/libglib-2.0.so.0.3800.0
7f7dbf504000-7f7dbf505000 rw-p 00000000 00:00 0 
7f7dbf505000-7f7dbf506000 r-xp 00000000 08:01 4106                       /usr/lib/x86_64-linux-gnu/libgthread-2.0.so.0.3800.0
7f7dbf506000-7f7dbf705000 ---p 00001000 08:01 4106                       /usr/lib/x86_64-linux-gnu/libgthread-2.0.so.0.3800.0
7f7dbf705000-7f7dbf706000 r--p 00000000 08:01 4106                       /usr/lib/x86_64-linux-gnu/libgthread-2.0.so.0.3800.0
7f7dbf706000-7f7dbf707000 rw-p 00001000 08:01 4106                       /usr/lib/x86_64-linux-gnu/libgthread-2.0.so.0.3800.0
7f7dbf707000-7f7dbf756000 r-xp 00000000 08:01 4104                       /usr/lib/x86_64-linux-gnu/libgobject-2.0.so.0.3800.0
7f7dbf756000-7f7dbf956000 ---p 0004f000 08:01 4104                       /usr/lib/x86_64-linux-gnu/libgobject-2.0.so.0.3800.0
7f7dbf956000-7f7dbf957000 r--p 0004f000 08:01 4104                       /usr/lib/x86_64-linux-gnu/libgobject-2.0.so.0.3800.0
7f7dbf957000-7f7dbf958000 rw-p 00050000 08:01 4104                       /usr/lib/x86_64-linux-gnu/libgobject-2.0.so.0.3800.0
7f7dbf958000-7f7dbf991000 r-xp 00000000 08:01 578                        /usr/lib/x86_64-linux-gnu/libfontconfig.so.1.7.0
7f7dbf991000-7f7dbfb91000 ---p 00039000 08:01 578                        /usr/lib/x86_64-linux-gnu/libfontconfig.so.1.7.0
7f7dbfb91000-7f7dbfb93000 r--p 00039000 08:01 578                        /usr/lib/x86_64-linux-gnu/libfontconfig.so.1.7.0
7f7dbfb93000-7f7dbfb94000 rw-p 0003b000 08:01 578                        /usr/lib/x86_64-linux-gnu/libfontconfig.so.1.7.0
7f7dbfb94000-7f7dbfbde000 r-xp 00000000 08:01 299                        /usr/lib/x86_64-linux-gnu/libpango-1.0.so.0.3200.5
7f7dbfbde000-7f7dbfddd000 ---p 0004a000 08:01 299                        /usr/lib/x86_64-linux-gnu/libpango-1.0.so.0.3200.5
7f7dbfddd000-7f7dbfddf000 r--p 00049000 08:01 299                        /usr/lib/x86_64-linux-gnu/libpango-1.0.so.0.3200.5
7f7dbfddf000-7f7dbfde0000 rw-p 0004b000 08:01 299                        /usr/lib/x86_64-linux-gnu/libpango-1.0.so.0.3200.5
7f7dbfde0000-7f7dbfdff000 r-xp 00000000 08:01 2688                       /usr/lib/x86_64-linux-gnu/libgdk_pixbuf-2.0.so.0.2800.1
7f7dbfdff000-7f7dbfffe000 ---p 0001f000 08:01 2688                       /usr/lib/x86_64-linux-gnu/libgdk_pixbuf-2.0.so.0.2800.1
7f7dbfffe000-7f7dbffff000 r--p 0001e000 08:01 2688                       /usr/lib/x86_64-linux-gnu/libgdk_pixbuf-2.0.so.0.2800.1
7f7dbffff000-7f7dc0000000 rw-p 0001f000 08:01 2688                       /usr/lib/x86_64-linux-gnu/libgdk_pixbuf-2.0.so.0.2800.1
7f7dc0000000-7f7dc075d000 rw-p 00000000 00:00 0 
7f7dc075d000-7f7dc4000000 ---p 00000000 00:00 0 
7f7dc4000000-7f7dc4021000 rw-p 00000000 00:00 0 
7f7dc4021000-7f7dc8000000 ---p 00000000 00:00 0 
7f7dc8000000-7f7dc806d000 rw-p 00000000 00:00 0 
7f7dc806d000-7f7dcc000000 ---p 00000000 00:00 0 
7f7dcc000000-7f7dcc462000 rw-p 00000000 00:00 0 
7f7dcc462000-7f7dd0000000 ---p 00000000 00:00 0 
7f7dd0000000-7f7dd0021000 rw-p 00000000 00:00 0 
7f7dd0021000-7f7dd4000000 ---p 00000000 00:00 0 
7f7dd4000000-7f7dd4021000 rw-p 00000000 00:00 0 
7f7dd4021000-7f7dd8000000 ---p 00000000 00:00 0 
7f7dd8000000-7f7dd8021000 rw-p 00000000 00:00 0 
7f7dd8021000-7f7ddc000000 ---p 00000000 00:00 0 
7f7ddc000000-7f7ddc021000 rw-p 00000000 00:00 0 
7f7ddc021000-7f7de0000000 ---p 00000000 00:00 0 
7f7de0000000-7f7de0149000 rw-p 00000000 00:00 0 
7f7de0149000-7f7de4000000 ---p 00000000 00:00 0 
7f7de4007000-7f7de402d000 r--p 00000000 08:01 658015                     /usr/share/locale-langpack/de/LC_MESSAGES/libc.mo
7f7de402d000-7f7de4189000 r-xp 00000000 08:01 4105                       /usr/lib/x86_64-linux-gnu/libgio-2.0.so.0.3800.0
7f7de4189000-7f7de4388000 ---p 0015c000 08:01 4105                       /usr/lib/x86_64-linux-gnu/libgio-2.0.so.0.3800.0
7f7de4388000-7f7de438c000 r--p 0015b000 08:01 4105                       /usr/lib/x86_64-linux-gnu/libgio-2.0.so.0.3800.0
7f7de438c000-7f7de438e000 rw-p 0015f000 08:01 4105                       /usr/lib/x86_64-linux-gnu/libgio-2.0.so.0.3800.0
7f7de438e000-7f7de4390000 rw-p 00000000 00:00 0 
7f7de4390000-7f7de443d000 r-xp 00000000 08:01 2575                       /usr/lib/x86_64-linux-gnu/libgdk-x11-2.0.so.0.2400.20
7f7de443d000-7f7de463c000 ---p 000ad000 08:01 2575                       /usr/lib/x86_64-linux-gnu/libgdk-x11-2.0.so.0.2400.20
7f7de463c000-7f7de4640000 r--p 000ac000 08:01 2575                       /usr/lib/x86_64-linux-gnu/libgdk-x11-2.0.so.0.2400.20
7f7de4640000-7f7de4642000 rw-p 000b0000 08:01 2575                       /usr/lib/x86_64-linux-gnu/libgdk-x11-2.0.so.0.2400.20
7f7de4642000-7f7de4a71000 r-xp 00000000 08:01 2574                       /usr/lib/x86_64-linux-gnu/libgtk-x11-2.0.so.0.2400.20
7f7de4a71000-7f7de4c70000 ---p 0042f000 08:01 2574                       /usr/lib/x86_64-linux-gnu/libgtk-x11-2.0.so.0.2400.20
7f7de4c70000-7f7de4c77000 r--p 0042e000 08:01 2574                       /usr/lib/x86_64-linux-gnu/libgtk-x11-2.0.so.0.2400.20
7f7de4c77000-7f7de4c7b000 rw-p 00435000 08:01 2574                       /usr/lib/x86_64-linux-gnu/libgtk-x11-2.0.so.0.2400.20
7f7de4c7b000-7f7de4c7e000 rw-p 00000000 00:00 0 
7f7de4c7e000-7f7de4c8d000 r-xp 00000000 08:01 811                        /usr/lib/x86_64-linux-gnu/libXi.so.6.1.0
7f7de4c8d000-7f7de4e8c000 ---p 0000f000 08:01 811                        /usr/lib/x86_64-linux-gnu/libXi.so.6.1.0
7f7de4e8c000-7f7de4e8d000 r--p 0000e000 08:01 811                        /usr/lib/x86_64-linux-gnu/libXi.so.6.1.0
7f7de4e8d000-7f7de4e8e000 rw-p 0000f000 08:01 811                        /usr/lib/x86_64-linux-gnu/libXi.so.6.1.0
7f7de4e8e000-7f7de4e93000 r-xp 00000000 08:01 2701                       /usr/lib/x86_64-linux-gnu/libXtst.so.6.1.0
7f7de4e93000-7f7de5092000 ---p 00005000 08:01 2701                       /usr/lib/x86_64-linux-gnu/libXtst.so.6.1.0
7f7de5092000-7f7de5093000 r--p 00004000 08:01 2701                       /usr/lib/x86_64-linux-gnu/libXtst.so.6.1.0
7f7de5093000-7f7de5094000 rw-p 00005000 08:01 2701                       /usr/lib/x86_64-linux-gnu/libXtst.so.6.1.0
7f7de5094000-7f7de509d000 r-xp 00000000 08:01 2238                       /usr/lib/x86_64-linux-gnu/libXrender.so.1.3.0
7f7de509d000-7f7de529c000 ---p 00009000 08:01 2238                       /usr/lib/x86_64-linux-gnu/libXrender.so.1.3.0
7f7de529c000-7f7de529d000 r--p 00008000 08:01 2238                       /usr/lib/x86_64-linux-gnu/libXrender.so.1.3.0
7f7de529d000-7f7de529e000 rw-p 00009000 08:01 2238                       /usr/lib/x86_64-linux-gnu/libXrender.so.1.3.0
7f7de529e000-7f7de53ce000 r-xp 00000000 08:01 5042                       /usr/lib/x86_64-linux-gnu/libX11.so.6.3.0
7f7de53ce000-7f7de55ce000 ---p 00130000 08:01 5042                       /usr/lib/x86_64-linux-gnu/libX11.so.6.3.0
7f7de55ce000-7f7de55cf000 r--p 00130000 08:01 5042                       /usr/lib/x86_64-linux-gnu/libX11.so.6.3.0
7f7de55cf000-7f7de55d3000 rw-p 00131000 08:01 5042                       /usr/lib/x86_64-linux-gnu/libX11.so.6.3.0
7f7de55d3000-7f7de55e4000 r-xp 00000000 08:01 5044                       /usr/lib/x86_64-linux-gnu/libXext.so.6.4.0
7f7de55e4000-7f7de57e3000 ---p 00011000 08:01 5044                       /usr/lib/x86_64-linux-gnu/libXext.so.6.4.0
7f7de57e3000-7f7de57e4000 r--p 00010000 08:01 5044                       /usr/lib/x86_64-linux-gnu/libXext.so.6.4.0
7f7de57e4000-7f7de57e5000 rw-p 00011000 08:01 5044                       /usr/lib/x86_64-linux-gnu/libXext.so.6.4.0
7f7de57e9000-7f7de57f2000 r--s 000bc000 08:01 136765                     /usr/lib/jvm/java-7-openjdk-common/jre/lib/resources.jar
7f7de57f2000-7f7de57f9000 r--s 00000000 08:01 154912                     /usr/lib/x86_64-linux-gnu/gconv/gconv-modules.cache
7f7de57f9000-7f7de584a000 r-xp 00000000 08:01 136525                     /usr/lib/jvm/java-7-openjdk-amd64/jre/lib/amd64/xawt/libmawt.so
7f7de584a000-7f7de5a49000 ---p 00051000 08:01 136525                     /usr/lib/jvm/java-7-openjdk-amd64/jre/lib/amd64/xawt/libmawt.so
7f7de5a49000-7f7de5a4a000 r--p 00050000 08:01 136525                     /usr/lib/jvm/java-7-openjdk-amd64/jre/lib/amd64/xawt/libmawt.so
7f7de5a4a000-7f7de5a4d000 rw-p 00051000 08:01 136525                     /usr/lib/jvm/java-7-openjdk-amd64/jre/lib/amd64/xawt/libmawt.so
7f7de5a4d000-7f7de5a4e000 rw-p 00000000 00:00 0 
7f7de5a4e000-7f7de5aef000 r-xp 00000000 08:01 136645                     /usr/lib/jvm/java-7-openjdk-amd64/jre/lib/amd64/libawt.so
7f7de5aef000-7f7de5cee000 ---p 000a1000 08:01 136645                     /usr/lib/jvm/java-7-openjdk-amd64/jre/lib/amd64/libawt.so
7f7de5cee000-7f7de5cef000 r--p 000a0000 08:01 136645                     /usr/lib/jvm/java-7-openjdk-amd64/jre/lib/amd64/libawt.so
7f7de5cef000-7f7de5cfa000 rw-p 000a1000 08:01 136645                     /usr/lib/jvm/java-7-openjdk-amd64/jre/lib/amd64/libawt.so
7f7de5cfa000-7f7de5d1f000 rw-p 00000000 00:00 0 
7f7de5d1f000-7f7de5d24000 r--s 0008e000 08:01 677345                     /home/twalthr/Projekte/Mobile Interaction/repo/ClimbOrDie/library/base/core/core.jar
7f7de5d24000-7f7de5d25000 ---p 00000000 00:00 0 
7f7de5d25000-7f7de5e25000 rw-p 00000000 00:00 0                          [stack:4526]
7f7de5e25000-7f7de5e28000 ---p 00000000 00:00 0 
7f7de5e28000-7f7de5f26000 rw-p 00000000 00:00 0                          [stack:4525]
7f7de5f26000-7f7de5f29000 ---p 00000000 00:00 0 
7f7de5f29000-7f7de6027000 rw-p 00000000 00:00 0                          [stack:4524]
7f7de6027000-7f7de602a000 ---p 00000000 00:00 0 
7f7de602a000-7f7de6128000 rw-p 00000000 00:00 0                          [stack:4523]
7f7de6128000-7f7de612b000 ---p 00000000 00:00 0 
7f7de612b000-7f7de6229000 rw-p 00000000 00:00 0                          [stack:4522]
7f7de6229000-7f7de6bf6000 r--p 00000000 08:01 4845                       /usr/lib/locale/locale-archive
7f7de6bf6000-7f7de6bf9000 ---p 00000000 00:00 0 
7f7de6bf9000-7f7de6cf7000 rw-p 00000000 00:00 0                          [stack:4521]
7f7de6cf7000-7f7de6cfa000 ---p 00000000 00:00 0 
7f7de6cfa000-7f7de6df8000 rw-p 00000000 00:00 0                          [stack:4520]
7f7de6df8000-7f7de6df9000 ---p 00000000 00:00 0 
7f7de6df9000-7f7de9000000 rw-p 00000000 00:00 0                          [stack:4519]
7f7de9000000-7f7de9270000 rwxp 00000000 00:00 0 
7f7de9270000-7f7dec4d4000 rw-p 00000000 00:00 0 
7f7dec4d4000-7f7df0000000 ---p 00000000 00:00 0 
7f7df0000000-7f7df0002000 rw-p 00000000 00:00 0 
7f7df0002000-7f7df0003000 r--s 00005000 08:01 678196                     /home/twalthr/Projekte/Mobile Interaction/repo/ClimbOrDie/library/user/SimpleOpenNI/SimpleOpenNI.jar
7f7df0003000-7f7df0006000 r--s 00032000 08:01 136745                     /usr/lib/jvm/java-7-openjdk-common/jre/lib/ext/sunjce_provider.jar
7f7df0006000-7f7df0009000 r--s 0000f000 08:01 136737                     /usr/lib/jvm/java-7-openjdk-common/jre/lib/ext/pulse-java.jar
7f7df0009000-7f7df02b9000 rw-p 00000000 00:00 0 
7f7df02b9000-7f7df0466000 r--s 01cec000 08:01 136599                     /usr/lib/jvm/java-7-openjdk-amd64/jre/lib/rt.jar
7f7df0466000-7f7df0b0e000 rw-p 00000000 00:00 0 
7f7df0b0e000-7f7df0b0f000 ---p 00000000 00:00 0 
7f7df0b0f000-7f7df0c0f000 rw-p 00000000 00:00 0                          [stack:4518]
7f7df0c0f000-7f7df0c10000 ---p 00000000 00:00 0 
7f7df0c10000-7f7df0d1c000 rw-p 00000000 00:00 0                          [stack:4517]
7f7df0d1c000-7f7df0d63000 rw-p 00000000 00:00 0 
7f7df0d63000-7f7df0da8000 rw-p 00000000 00:00 0 
7f7df0da8000-7f7df0e41000 rw-p 00000000 00:00 0 
7f7df0e41000-7f7df0e4d000 rw-p 00000000 00:00 0 
7f7df0e4d000-7f7df0e94000 rw-p 00000000 00:00 0 
7f7df0e94000-7f7df0ed9000 rw-p 00000000 00:00 0 
7f7df0ed9000-7f7df0f72000 rw-p 00000000 00:00 0 
7f7df0f72000-7f7df0fbd000 rw-p 00000000 00:00 0 
7f7df0fbd000-7f7df0fe1000 rw-p 00000000 00:00 0 
7f7df0fe1000-7f7df0fe2000 rw-p 00000000 00:00 0 
7f7df0fe2000-7f7df0fea000 r-xp 00000000 08:01 136673                     /usr/lib/jvm/java-7-openjdk-amd64/jre/lib/amd64/libzip.so
7f7df0fea000-7f7df11e9000 ---p 00008000 08:01 136673                     /usr/lib/jvm/java-7-openjdk-amd64/jre/lib/amd64/libzip.so
7f7df11e9000-7f7df11ea000 r--p 00007000 08:01 136673                     /usr/lib/jvm/java-7-openjdk-amd64/jre/lib/amd64/libzip.so
7f7df11ea000-7f7df11eb000 rw-p 00008000 08:01 136673                     /usr/lib/jvm/java-7-openjdk-amd64/jre/lib/amd64/libzip.so
7f7df11eb000-7f7df11f7000 r-xp 00000000 08:01 265361                     /lib/x86_64-linux-gnu/libnss_files-2.17.so
7f7df11f7000-7f7df13f6000 ---p 0000c000 08:01 265361                     /lib/x86_64-linux-gnu/libnss_files-2.17.so
7f7df13f6000-7f7df13f7000 r--p 0000b000 08:01 265361                     /lib/x86_64-linux-gnu/libnss_files-2.17.so
7f7df13f7000-7f7df13f8000 rw-p 0000c000 08:01 265361                     /lib/x86_64-linux-gnu/libnss_files-2.17.so
7f7df13f8000-7f7df1403000 r-xp 00000000 08:01 265357                     /lib/x86_64-linux-gnu/libnss_nis-2.17.so
7f7df1403000-7f7df1602000 ---p 0000b000 08:01 265357                     /lib/x86_64-linux-gnu/libnss_nis-2.17.so
7f7df1602000-7f7df1603000 r--p 0000a000 08:01 265357                     /lib/x86_64-linux-gnu/libnss_nis-2.17.so
7f7df1603000-7f7df1604000 rw-p 0000b000 08:01 265357                     /lib/x86_64-linux-gnu/libnss_nis-2.17.so
7f7df1604000-7f7df161b000 r-xp 00000000 08:01 265329                     /lib/x86_64-linux-gnu/libnsl-2.17.so
7f7df161b000-7f7df181a000 ---p 00017000 08:01 265329                     /lib/x86_64-linux-gnu/libnsl-2.17.so
7f7df181a000-7f7df181b000 r--p 00016000 08:01 265329                     /lib/x86_64-linux-gnu/libnsl-2.17.so
7f7df181b000-7f7df181c000 rw-p 00017000 08:01 265329                     /lib/x86_64-linux-gnu/libnsl-2.17.so
7f7df181c000-7f7df181e000 rw-p 00000000 00:00 0 
7f7df181e000-7f7df1826000 r-xp 00000000 08:01 265334                     /lib/x86_64-linux-gnu/libnss_compat-2.17.so
7f7df1826000-7f7df1a25000 ---p 00008000 08:01 265334                     /lib/x86_64-linux-gnu/libnss_compat-2.17.so
7f7df1a25000-7f7df1a26000 r--p 00007000 08:01 265334                     /lib/x86_64-linux-gnu/libnss_compat-2.17.so
7f7df1a26000-7f7df1a27000 rw-p 00008000 08:01 265334                     /lib/x86_64-linux-gnu/libnss_compat-2.17.so
7f7df1a27000-7f7df1a52000 r-xp 00000000 08:01 136643                     /usr/lib/jvm/java-7-openjdk-amd64/jre/lib/amd64/libjava.so
7f7df1a52000-7f7df1c51000 ---p 0002b000 08:01 136643                     /usr/lib/jvm/java-7-openjdk-amd64/jre/lib/amd64/libjava.so
7f7df1c51000-7f7df1c52000 r--p 0002a000 08:01 136643                     /usr/lib/jvm/java-7-openjdk-amd64/jre/lib/amd64/libjava.so
7f7df1c52000-7f7df1c54000 rw-p 0002b000 08:01 136643                     /usr/lib/jvm/java-7-openjdk-amd64/jre/lib/amd64/libjava.so
7f7df1c54000-7f7df1c64000 r-xp 00000000 08:01 136641                     /usr/lib/jvm/java-7-openjdk-amd64/jre/lib/amd64/libverify.so
7f7df1c64000-7f7df1e63000 ---p 00010000 08:01 136641                     /usr/lib/jvm/java-7-openjdk-amd64/jre/lib/amd64/libverify.so
7f7df1e63000-7f7df1e65000 r--p 0000f000 08:01 136641                     /usr/lib/jvm/java-7-openjdk-amd64/jre/lib/amd64/libverify.so
7f7df1e65000-7f7df1e66000 rw-p 00011000 08:01 136641                     /usr/lib/jvm/java-7-openjdk-amd64/jre/lib/amd64/libverify.so
7f7df1e66000-7f7df1e6d000 r-xp 00000000 08:01 265366                     /lib/x86_64-linux-gnu/librt-2.17.so
7f7df1e6d000-7f7df206c000 ---p 00007000 08:01 265366                     /lib/x86_64-linux-gnu/librt-2.17.so
7f7df206c000-7f7df206d000 r--p 00006000 08:01 265366                     /lib/x86_64-linux-gnu/librt-2.17.so
7f7df206d000-7f7df206e000 rw-p 00007000 08:01 265366                     /lib/x86_64-linux-gnu/librt-2.17.so
7f7df206e000-7f7df2083000 r-xp 00000000 08:01 262710                     /lib/x86_64-linux-gnu/libgcc_s.so.1
7f7df2083000-7f7df2282000 ---p 00015000 08:01 262710                     /lib/x86_64-linux-gnu/libgcc_s.so.1
7f7df2282000-7f7df2283000 r--p 00014000 08:01 262710                     /lib/x86_64-linux-gnu/libgcc_s.so.1
7f7df2283000-7f7df2284000 rw-p 00015000 08:01 262710                     /lib/x86_64-linux-gnu/libgcc_s.so.1
7f7df2284000-7f7df2387000 r-xp 00000000 08:01 265341                     /lib/x86_64-linux-gnu/libm-2.17.so
7f7df2387000-7f7df2586000 ---p 00103000 08:01 265341                     /lib/x86_64-linux-gnu/libm-2.17.so
7f7df2586000-7f7df2587000 r--p 00102000 08:01 265341                     /lib/x86_64-linux-gnu/libm-2.17.so
7f7df2587000-7f7df2588000 rw-p 00103000 08:01 265341                     /lib/x86_64-linux-gnu/libm-2.17.so
7f7df2588000-7f7df266e000 r-xp 00000000 08:01 2849                       /usr/lib/x86_64-linux-gnu/libstdc++.so.6.0.18
7f7df266e000-7f7df286d000 ---p 000e6000 08:01 2849                       /usr/lib/x86_64-linux-gnu/libstdc++.so.6.0.18
7f7df286d000-7f7df2875000 r--p 000e5000 08:01 2849                       /usr/lib/x86_64-linux-gnu/libstdc++.so.6.0.18
7f7df2875000-7f7df2877000 rw-p 000ed000 08:01 2849                       /usr/lib/x86_64-linux-gnu/libstdc++.so.6.0.18
7f7df2877000-7f7df288c000 rw-p 00000000 00:00 0 
7f7df288c000-7f7df329a000 r-xp 00000000 08:01 136651                     /usr/lib/jvm/java-7-openjdk-amd64/jre/lib/amd64/server/libjvm.so
7f7df329a000-7f7df3499000 ---p 00a0e000 08:01 136651                     /usr/lib/jvm/java-7-openjdk-amd64/jre/lib/amd64/server/libjvm.so
7f7df3499000-7f7df3512000 r--p 00a0d000 08:01 136651                     /usr/lib/jvm/java-7-openjdk-amd64/jre/lib/amd64/server/libjvm.so
7f7df3512000-7f7df3535000 rw-p 00a86000 08:01 136651                     /usr/lib/jvm/java-7-openjdk-amd64/jre/lib/amd64/server/libjvm.so
7f7df3535000-7f7df3560000 rw-p 00000000 00:00 0 
7f7df3560000-7f7df3578000 r-xp 00000000 08:01 263581                     /lib/x86_64-linux-gnu/libz.so.1.2.8
7f7df3578000-7f7df3777000 ---p 00018000 08:01 263581                     /lib/x86_64-linux-gnu/libz.so.1.2.8
7f7df3777000-7f7df3778000 r--p 00017000 08:01 263581                     /lib/x86_64-linux-gnu/libz.so.1.2.8
7f7df3778000-7f7df3779000 rw-p 00018000 08:01 263581                     /lib/x86_64-linux-gnu/libz.so.1.2.8
7f7df3779000-7f7df3790000 r-xp 00000000 08:01 265397                     /lib/x86_64-linux-gnu/libpthread-2.17.so
7f7df3790000-7f7df3990000 ---p 00017000 08:01 265397                     /lib/x86_64-linux-gnu/libpthread-2.17.so
7f7df3990000-7f7df3991000 r--p 00017000 08:01 265397                     /lib/x86_64-linux-gnu/libpthread-2.17.so
7f7df3991000-7f7df3992000 rw-p 00018000 08:01 265397                     /lib/x86_64-linux-gnu/libpthread-2.17.so
7f7df3992000-7f7df3996000 rw-p 00000000 00:00 0 
7f7df3996000-7f7df3999000 r-xp 00000000 08:01 265396                     /lib/x86_64-linux-gnu/libdl-2.17.so
7f7df3999000-7f7df3b98000 ---p 00003000 08:01 265396                     /lib/x86_64-linux-gnu/libdl-2.17.so
7f7df3b98000-7f7df3b99000 r--p 00002000 08:01 265396                     /lib/x86_64-linux-gnu/libdl-2.17.so
7f7df3b99000-7f7df3b9a000 rw-p 00003000 08:01 265396                     /lib/x86_64-linux-gnu/libdl-2.17.so
7f7df3b9a000-7f7df3d57000 r-xp 00000000 08:01 265395                     /lib/x86_64-linux-gnu/libc-2.17.so
7f7df3d57000-7f7df3f57000 ---p 001bd000 08:01 265395                     /lib/x86_64-linux-gnu/libc-2.17.so
7f7df3f57000-7f7df3f5b000 r--p 001bd000 08:01 265395                     /lib/x86_64-linux-gnu/libc-2.17.so
7f7df3f5b000-7f7df3f5d000 rw-p 001c1000 08:01 265395                     /lib/x86_64-linux-gnu/libc-2.17.so
7f7df3f5d000-7f7df3f62000 rw-p 00000000 00:00 0 
7f7df3f62000-7f7df3f6f000 r-xp 00000000 08:01 136609                     /usr/lib/jvm/java-7-openjdk-amd64/jre/lib/amd64/jli/libjli.so
7f7df3f6f000-7f7df416e000 ---p 0000d000 08:01 136609                     /usr/lib/jvm/java-7-openjdk-amd64/jre/lib/amd64/jli/libjli.so
7f7df416e000-7f7df416f000 r--p 0000c000 08:01 136609                     /usr/lib/jvm/java-7-openjdk-amd64/jre/lib/amd64/jli/libjli.so
7f7df416f000-7f7df4170000 rw-p 0000d000 08:01 136609                     /usr/lib/jvm/java-7-openjdk-amd64/jre/lib/amd64/jli/libjli.so
7f7df4170000-7f7df4193000 r-xp 00000000 08:01 265354                     /lib/x86_64-linux-gnu/ld-2.17.so
7f7df4193000-7f7df4195000 r--s 00006000 08:01 151194                     /usr/share/java/java-atk-wrapper.jar
7f7df4195000-7f7df41c0000 rw-p 00000000 00:00 0 
7f7df41c0000-7f7df4276000 rw-p 00000000 00:00 0 
7f7df4276000-7f7df4279000 ---p 00000000 00:00 0 
7f7df4279000-7f7df437c000 rw-p 00000000 00:00 0                          [stack:4516]
7f7df437c000-7f7df437d000 r--s 00002000 08:01 136757                     /usr/lib/jvm/java-7-openjdk-common/jre/lib/ext/dnsns.jar
7f7df437d000-7f7df4381000 r--s 00085000 08:01 136749                     /usr/lib/jvm/java-7-openjdk-common/jre/lib/ext/localedata.jar
7f7df4381000-7f7df4383000 r--s 00012000 08:01 136741                     /usr/lib/jvm/java-7-openjdk-common/jre/lib/ext/zipfs.jar
7f7df4383000-7f7df4386000 r--s 0003c000 08:01 136753                     /usr/lib/jvm/java-7-openjdk-common/jre/lib/ext/sunpkcs11.jar
7f7df4386000-7f7df438e000 rw-s 00000000 08:01 677573                     /tmp/hsperfdata_twalthr/4511
7f7df438e000-7f7df438f000 rw-p 00000000 00:00 0 
7f7df438f000-7f7df4390000 r--p 00000000 00:00 0 
7f7df4390000-7f7df4392000 rw-p 00000000 00:00 0 
7f7df4392000-7f7df4393000 r--p 00022000 08:01 265354                     /lib/x86_64-linux-gnu/ld-2.17.so
7f7df4393000-7f7df4395000 rw-p 00023000 08:01 265354                     /lib/x86_64-linux-gnu/ld-2.17.so
7fff938ea000-7fff9390b000 rw-p 00000000 00:00 0                          [stack]
7fff939fe000-7fff93a00000 r-xp 00000000 00:00 0                          [vdso]
ffffffffff600000-ffffffffff601000 r-xp 00000000 00:00 0                  [vsyscall]

VM Arguments:
jvm_args: -Dfile.encoding=UTF-8 
java_command: ClimbOrDie
Launcher Type: SUN_STANDARD

Environment Variables:
PATH=/usr/lib/lightdm/lightdm:/usr/local/sbin:/usr/local/bin:/usr/sbin:/usr/bin:/sbin:/bin:/usr/games:/usr/local/games
SHELL=/bin/bash
DISPLAY=:0.0

Signal Handlers:
SIGSEGV: [libjvm.so+0x871410], sa_mask[0]=0x7ffbfeff, sa_flags=0x10000004
SIGBUS: [libjvm.so+0x871410], sa_mask[0]=0x7ffbfeff, sa_flags=0x10000004
SIGFPE: [libjvm.so+0x709540], sa_mask[0]=0x7ffbfeff, sa_flags=0x10000004
SIGPIPE: [libjvm.so+0x709540], sa_mask[0]=0x7ffbfeff, sa_flags=0x10000004
SIGXFSZ: [libjvm.so+0x709540], sa_mask[0]=0x7ffbfeff, sa_flags=0x10000004
SIGILL: [libjvm.so+0x709540], sa_mask[0]=0x7ffbfeff, sa_flags=0x10000004
SIGUSR1: SIG_DFL, sa_mask[0]=0x00000000, sa_flags=0x00000000
SIGUSR2: [libjvm.so+0x709270], sa_mask[0]=0x00000004, sa_flags=0x10000004
SIGHUP: [libjvm.so+0x709550], sa_mask[0]=0x7ffbfeff, sa_flags=0x10000004
SIGINT: [libjvm.so+0x709550], sa_mask[0]=0x7ffbfeff, sa_flags=0x10000004
SIGTERM: [libjvm.so+0x709550], sa_mask[0]=0x7ffbfeff, sa_flags=0x10000004
SIGQUIT: [libjvm.so+0x709550], sa_mask[0]=0x7ffbfeff, sa_flags=0x10000004


---------------  S Y S T E M  ---------------

OS:Ubuntu 13.10 (saucy)
uname:Linux 3.11.0-12-generic #19-Ubuntu SMP Wed Oct 9 16:20:46 UTC 2013 x86_64
libc:glibc 2.17 NPTL 2.17 
rlimit: STACK 8192k, CORE 0k, NPROC 15804, NOFILE 4096, AS infinity
load average:0,55 0,40 0,35

/proc/meminfo:
MemTotal:        2043132 kB
MemFree:          242856 kB
Buffers:            1744 kB
Cached:           305548 kB
SwapCached:          180 kB
Active:          1375560 kB
Inactive:         293780 kB
Active(anon):    1141360 kB
Inactive(anon):   228880 kB
Active(file):     234200 kB
Inactive(file):    64900 kB
Unevictable:          16 kB
Mlocked:              16 kB
SwapTotal:       2094076 kB
SwapFree:        2090464 kB
Dirty:             11048 kB
Writeback:             0 kB
AnonPages:       1362016 kB
Mapped:           110624 kB
Shmem:              8168 kB
Slab:              55716 kB
SReclaimable:      27564 kB
SUnreclaim:        28152 kB
KernelStack:        4544 kB
PageTables:        27560 kB
NFS_Unstable:          0 kB
Bounce:                0 kB
WritebackTmp:          0 kB
CommitLimit:     3115640 kB
Committed_AS:    3335408 kB
VmallocTotal:   34359738367 kB
VmallocUsed:      294264 kB
VmallocChunk:   34359440680 kB
HardwareCorrupted:     0 kB
AnonHugePages:         0 kB
HugePages_Total:       0
HugePages_Free:        0
HugePages_Rsvd:        0
HugePages_Surp:        0
Hugepagesize:       2048 kB
DirectMap4k:       49024 kB
DirectMap2M:     2048000 kB


CPU:total 2 (2 cores per cpu, 1 threads per core) family 6 model 23 stepping 10, cmov, cx8, fxsr, mmx, sse, sse2, sse3, ssse3, sse4.1, tsc, tscinvbit

/proc/cpuinfo:
processor	: 0
vendor_id	: GenuineIntel
cpu family	: 6
model		: 23
model name	: Intel(R) Core(TM)2 Duo CPU     P8600  @ 2.40GHz
stepping	: 10
microcode	: 0xa0c
cpu MHz		: 2401.000
cache size	: 3072 KB
physical id	: 0
siblings	: 2
core id		: 0
cpu cores	: 2
apicid		: 0
initial apicid	: 0
fpu		: yes
fpu_exception	: yes
cpuid level	: 13
wp		: yes
flags		: fpu vme de pse tsc msr pae mce cx8 apic sep mtrr pge mca cmov pat pse36 clflush dts mmx fxsr sse sse2 ss ht syscall nx lm constant_tsc arch_perfmon pebs bts nopl xtopology tsc_reliable nonstop_tsc aperfmperf pni ssse3 cx16 sse4_1 x2apic xsave hypervisor lahf_lm ida dtherm
bogomips	: 4802.00
clflush size	: 64
cache_alignment	: 64
address sizes	: 40 bits physical, 48 bits virtual
power management:

processor	: 1
vendor_id	: GenuineIntel
cpu family	: 6
model		: 23
model name	: Intel(R) Core(TM)2 Duo CPU     P8600  @ 2.40GHz
stepping	: 10
microcode	: 0xa0c
cpu MHz		: 2401.000
cache size	: 3072 KB
physical id	: 0
siblings	: 2
core id		: 1
cpu cores	: 2
apicid		: 1
initial apicid	: 1
fpu		: yes
fpu_exception	: yes
cpuid level	: 13
wp		: yes
flags		: fpu vme de pse tsc msr pae mce cx8 apic sep mtrr pge mca cmov pat pse36 clflush dts mmx fxsr sse sse2 ss ht syscall nx lm constant_tsc arch_perfmon pebs bts nopl xtopology tsc_reliable nonstop_tsc aperfmperf pni ssse3 cx16 sse4_1 x2apic xsave hypervisor lahf_lm ida dtherm
bogomips	: 4802.00
clflush size	: 64
cache_alignment	: 64
address sizes	: 40 bits physical, 48 bits virtual
power management:



Memory: 4k page, physical 2043132k(242856k free), swap 2094076k(2090464k free)

vm_info: OpenJDK 64-Bit Server VM (23.7-b01) for linux-amd64 JRE (1.7.0_25-b30), built on Oct 11 2013 18:04:12 by "buildd" with gcc 4.8.1

time: Mon Jan 20 21:40:43 2014
elapsed time: 10 seconds

