#
# A fatal error has been detected by the Java Runtime Environment:
#
#  SIGSEGV (0xb) at pc=0x00007fd9011c8aaf, pid=6637, tid=140570014508800
#
# JRE version: 7.0_25-b30
# Java VM: OpenJDK 64-Bit Server VM (23.7-b01 mixed mode linux-amd64 compressed oops)
# Problematic frame:
# C  [libNiTE2.so+0x3e5aaf]  NHAHandTrackerBase::StepToConvergence(NADepthMapContainer const&)+0x13f
#
# Failed to write core dump. Core dumps have been disabled. To enable core dumping, try "ulimit -c unlimited" before starting Java again
#
# If you would like to submit a bug report, please include
# instructions on how to reproduce the bug and visit:
#   https://bugs.launchpad.net/ubuntu/+source/openjdk-7/
# The crash happened outside the Java Virtual Machine in native code.
# See problematic frame for where to report the bug.
#

---------------  T H R E A D  ---------------

Current thread (0x00007fd9384b6000):  JavaThread "Animation Thread" [_thread_in_native, id=6659, stack(0x00007fd901b7e000,0x00007fd901c7f000)]

siginfo:si_signo=SIGSEGV: si_errno=0, si_code=1 (SEGV_MAPERR), si_addr=0x00007fd6de8e3750

Registers:
RAX=0x0000000000000002, RBX=0x00007fd8de7cd440, RCX=0x0000000080000001, RDX=0x0000000080000000
RSP=0x00007fd901c7b1c0, RBP=0x0000000000000002, RSI=0x00007fd8de8e3750, RDI=0xffffffff80000000
R8 =0x0000000000000001, R9 =0x0000000080000000, R10=0x0000000000000000, R11=0x0000000000000000
R12=0x00007fd8de2d0888, R13=0x0000000000000000, R14=0x00007fd901c7b910, R15=0x0000000000000000
RIP=0x00007fd9011c8aaf, EFLAGS=0x0000000000010a83, CSGSFS=0xbe20000000000033, ERR=0x0000000000000004
  TRAPNO=0x000000000000000e

Top of Stack: (sp=0x00007fd901c7b1c0)
0x00007fd901c7b1c0:   ffc00000ffc00000 42c80000ffc00000
0x00007fd901c7b1d0:   00007fd8de7cd440 00007fd8de7cd440
0x00007fd901c7b1e0:   00007fd8de2d0888 00007fd9011c90fd
0x00007fd901c7b1f0:   0000000000000001 000000000000003c
0x00007fd901c7b200:   00007fd8d444d1f2 00007fd8df55d872
0x00007fd901c7b210:   00007fd8d444dc72 00007fd900ea2a7a
0x00007fd901c7b220:   0006000600060006 0006000600060006
0x00007fd901c7b230:   0000000000000000 00007fd900e4d707
0x00007fd901c7b240:   00007fd8df55d872 00007fd8d444dc72
0x00007fd901c7b250:   0000000000000070 00000000000000a0
0x00007fd901c7b260:   00007fd8df538032 00007fd8df258ab0
0x00007fd901c7b270:   0000000000000070 00007fd8df554270
0x00007fd901c7b280:   000000410000003c 00007fd8de922cd0
0x00007fd901c7b290:   0000000100000000 00007fd8df55d880
0x00007fd901c7b2a0:   00007fd8df579ab0 00007fd8d444d0c0
0x00007fd901c7b2b0:   00007fd8d444d210 00007fd8d444db40
0x00007fd901c7b2c0:   00000000000000f0 00007fd8de922cd0
0x00007fd901c7b2d0:   00007fd8de922cd0 0000003c00a00000
0x00007fd901c7b2e0:   0000000000000000 00007fd8de2d0ab8
0x00007fd901c7b2f0:   00007fd8de920750 00007fd8de920750
0x00007fd901c7b300:   00000000000000a0 000000000000009f
0x00007fd901c7b310:   0000000000000041 00007fd901c7be70
0x00007fd901c7b320:   0000000000000000 0000000000000000
0x00007fd901c7b330:   0000000000000000 0000000000000000
0x00007fd901c7b340:   00007fd8de2d0ab8 00007fd940b7f96d
0x00007fd901c7b350:   0034003500a40099 00007fd9011f45de
0x00007fd901c7b360:   0000003700000037 00007fd9011f460a
0x00007fd901c7b370:   0000000052de561d 0000000008efe23e
0x00007fd901c7b380:   0000000000000001 00007fd9011f46c6
0x00007fd901c7b390:   0000000052de55e9 00000000235394c7
0x00007fd901c7b3a0:   0000000000000001 0000000000000000
0x00007fd901c7b3b0:   0000000000000000 00007fd900ea6446 

Instructions: (pc=0x00007fd9011c8aaf)
0x00007fd9011c8a8f:   2a c2 8b 93 84 00 00 00 48 63 fa f3 0f 11 83 30
0x00007fd9011c8a9f:   14 00 00 f3 0f 2a 43 74 f3 0f 5c c8 f3 0f 2a c1
0x00007fd9011c8aaf:   f3 0f 10 14 be f3 0f 59 ca f3 0f 11 8b 38 14 00
0x00007fd9011c8abf:   00 f3 0f 5c c3 f3 0f 59 c2 f3 0f 11 83 34 14 00 

Register to memory mapping:

RAX=0x0000000000000002 is an unknown value
RBX=0x00007fd8de7cd440 is an unknown value
RCX=0x0000000080000001 is an unknown value
RDX=0x0000000080000000 is an unknown value
RSP=0x00007fd901c7b1c0 is pointing into the stack for thread: 0x00007fd9384b6000
RBP=0x0000000000000002 is an unknown value
RSI=0x00007fd8de8e3750 is an unknown value
RDI=0xffffffff80000000 is an unknown value
R8 =0x0000000000000001 is an unknown value
R9 =0x0000000080000000 is an unknown value
R10=0x0000000000000000 is an unknown value
R11=0x0000000000000000 is an unknown value
R12=0x00007fd8de2d0888 is an unknown value
R13=0x0000000000000000 is an unknown value
R14=0x00007fd901c7b910 is pointing into the stack for thread: 0x00007fd9384b6000
R15=0x0000000000000000 is an unknown value


Stack: [0x00007fd901b7e000,0x00007fd901c7f000],  sp=0x00007fd901c7b1c0,  free space=1012k
Native frames: (J=compiled Java code, j=interpreted, Vv=VM code, C=native code)
C  [libNiTE2.so+0x3e5aaf]  NHAHandTrackerBase::StepToConvergence(NADepthMapContainer const&)+0x13f

Java frames: (J=compiled Java code, j=interpreted, Vv=VM code)
j  SimpleOpenNI.SimpleOpenNIJNI.ContextWrapper_updateSwigExplicitContextWrapper(JLSimpleOpenNI/ContextWrapper;)V+0
j  SimpleOpenNI.ContextWrapper.update()V+26
j  SimpleOpenNI.SimpleOpenNI.update()V+1
j  KinectController.update()Z+4
j  ClimbOrDie.draw()V+11
j  processing.core.PApplet.handleDraw()V+281
j  processing.core.PGraphicsJava2D.requestDraw()V+4
j  processing.core.PApplet.run()V+179
j  java.lang.Thread.run()V+11
v  ~StubRoutines::call_stub

---------------  P R O C E S S  ---------------

Java Threads: ( => current thread )
  0x00007fd938009000 JavaThread "DestroyJavaVM" [_thread_blocked, id=6642, stack(0x00007fd94114c000,0x00007fd94124d000)]
=>0x00007fd9384b6000 JavaThread "Animation Thread" [_thread_in_native, id=6659, stack(0x00007fd901b7e000,0x00007fd901c7f000)]
  0x00007fd9384a7800 JavaThread "AWT-EventQueue-0" [_thread_blocked, id=6658, stack(0x00007fd901c7f000,0x00007fd901d80000)]
  0x00007fd938493000 JavaThread "AWT-Shutdown" [_thread_blocked, id=6657, stack(0x00007fd901d80000,0x00007fd901e81000)]
  0x00007fd9383cb000 JavaThread "AWT-XAWT" daemon [_thread_in_native, id=6655, stack(0x00007fd901f82000,0x00007fd902083000)]
  0x00007fd938380800 JavaThread "Java2D Disposer" daemon [_thread_blocked, id=6654, stack(0x00007fd902083000,0x00007fd902184000)]
  0x00007fd93810f000 JavaThread "Service Thread" daemon [_thread_blocked, id=6652, stack(0x00007fd93c0d1000,0x00007fd93c1d2000)]
  0x00007fd93810c800 JavaThread "C2 CompilerThread1" daemon [_thread_blocked, id=6651, stack(0x00007fd93c1d2000,0x00007fd93c2d3000)]
  0x00007fd938109800 JavaThread "C2 CompilerThread0" daemon [_thread_blocked, id=6650, stack(0x00007fd93c2d3000,0x00007fd93c3d4000)]
  0x00007fd938107800 JavaThread "Signal Dispatcher" daemon [_thread_blocked, id=6649, stack(0x00007fd93c3d4000,0x00007fd93c4d5000)]
  0x00007fd9380ae000 JavaThread "Finalizer" daemon [_thread_blocked, id=6647, stack(0x00007fd93c4d5000,0x00007fd93c5d6000)]
  0x00007fd9380ab800 JavaThread "Reference Handler" daemon [_thread_blocked, id=6646, stack(0x00007fd93c5d6000,0x00007fd93c6d7000)]

Other Threads:
  0x00007fd9380a3800 VMThread [stack: 0x00007fd93c6d7000,0x00007fd93c7d8000] [id=6645]
  0x00007fd938119800 WatcherThread [stack: 0x00007fd932b32000,0x00007fd932c33000] [id=6653]

VM state:not at safepoint (normal execution)

VM Mutex/Monitor currently owned by a thread: None

Heap
 PSYoungGen      total 73728K, used 62593K [0x00000000f2200000, 0x00000000f7f00000, 0x0000000100000000)
  eden space 57216K, 82% used [0x00000000f2200000,0x00000000f4fe0330,0x00000000f59e0000)
  from space 16512K, 94% used [0x00000000f6c30000,0x00000000f7b703f8,0x00000000f7c50000)
  to   space 18752K, 0% used [0x00000000f59e0000,0x00000000f59e0000,0x00000000f6c30000)
 ParOldGen       total 139328K, used 99217K [0x00000000d6600000, 0x00000000dee10000, 0x00000000f2200000)
  object space 139328K, 71% used [0x00000000d6600000,0x00000000dc6e47e8,0x00000000dee10000)
 PSPermGen       total 23872K, used 11613K [0x00000000cc000000, 0x00000000cd750000, 0x00000000d6600000)
  object space 23872K, 48% used [0x00000000cc000000,0x00000000ccb576c0,0x00000000cd750000)

Card table byte_map: [0x00007fd93dd17000,0x00007fd93deb8000] byte_map_base: 0x00007fd93d6b7000

Polling page: 0x00007fd941265000

Code Cache  [0x00007fd935000000, 0x00007fd935270000, 0x00007fd938000000)
 total_blobs=648 nmethods=169 adapters=431 free_code_cache=48234Kb largest_free_block=49359616

Compilation events (10 events):
Event: 39,036 Thread 0x00007fd93810c800  159             java.awt.geom.Point2D::<init> (5 bytes)
Event: 39,036 Thread 0x00007fd93810c800 nmethod 159 0x00007fd9350e5710 code [0x00007fd9350e5840, 0x00007fd9350e5898]
Event: 40,477 Thread 0x00007fd93810c800  160             java.util.WeakHashMap::get (77 bytes)
Event: 40,482 Thread 0x00007fd93810c800 nmethod 160 0x00007fd9350e4fd0 code [0x00007fd9350e5140, 0x00007fd9350e53c8]
Event: 42,477 Thread 0x00007fd93810c800  161             processing.core.PGraphics::getCache (9 bytes)
Event: 42,481 Thread 0x00007fd93810c800 nmethod 161 0x00007fd9350e4850 code [0x00007fd9350e49c0, 0x00007fd9350e4c38]
Event: 51,770 Thread 0x00007fd93810c800  162             java.lang.String::getChars (62 bytes)
Event: 51,772 Thread 0x00007fd938109800  163             java.lang.AbstractStringBuilder::append (48 bytes)
Event: 51,772 Thread 0x00007fd93810c800 nmethod 162 0x00007fd9350eb650 code [0x00007fd9350eb7a0, 0x00007fd9350eb8d8]
Event: 51,777 Thread 0x00007fd938109800 nmethod 163 0x00007fd9350a6610 code [0x00007fd9350a6780, 0x00007fd9350a6b18]

GC Heap History (10 events):
Event: 4,335 GC heap before
{Heap before GC invocations=9 (full 2):
 PSYoungGen      total 37440K, used 27686K [0x00000000f2200000, 0x00000000f5280000, 0x0000000100000000)
  eden space 26240K, 99% used [0x00000000f2200000,0x00000000f3b7bb88,0x00000000f3ba0000)
  from space 11200K, 14% used [0x00000000f4790000,0x00000000f491df40,0x00000000f5280000)
  to   space 11712K, 0% used [0x00000000f3ba0000,0x00000000f3ba0000,0x00000000f4710000)
 ParOldGen       total 96768K, used 78637K [0x00000000d6600000, 0x00000000dc480000, 0x00000000f2200000)
  object space 96768K, 81% used [0x00000000d6600000,0x00000000db2cb490,0x00000000dc480000)
 PSPermGen       total 24000K, used 10590K [0x00000000cc000000, 0x00000000cd770000, 0x00000000d6600000)
  object space 24000K, 44% used [0x00000000cc000000,0x00000000cca57808,0x00000000cd770000)
Event: 4,359 GC heap after
Heap after GC invocations=9 (full 2):
 PSYoungGen      total 37952K, used 8119K [0x00000000f2200000, 0x00000000f6440000, 0x0000000100000000)
  eden space 26240K, 0% used [0x00000000f2200000,0x00000000f2200000,0x00000000f3ba0000)
  from space 11712K, 69% used [0x00000000f3ba0000,0x00000000f438de20,0x00000000f4710000)
  to   space 12288K, 0% used [0x00000000f5840000,0x00000000f5840000,0x00000000f6440000)
 ParOldGen       total 96768K, used 78637K [0x00000000d6600000, 0x00000000dc480000, 0x00000000f2200000)
  object space 96768K, 81% used [0x00000000d6600000,0x00000000db2cb490,0x00000000dc480000)
 PSPermGen       total 24000K, used 10590K [0x00000000cc000000, 0x00000000cd770000, 0x00000000d6600000)
  object space 24000K, 44% used [0x00000000cc000000,0x00000000cca57808,0x00000000cd770000)
}
Event: 4,542 GC heap before
{Heap before GC invocations=10 (full 2):
 PSYoungGen      total 37952K, used 34355K [0x00000000f2200000, 0x00000000f6440000, 0x0000000100000000)
  eden space 26240K, 99% used [0x00000000f2200000,0x00000000f3b9ee58,0x00000000f3ba0000)
  from space 11712K, 69% used [0x00000000f3ba0000,0x00000000f438de20,0x00000000f4710000)
  to   space 12288K, 0% used [0x00000000f5840000,0x00000000f5840000,0x00000000f6440000)
 ParOldGen       total 96768K, used 78637K [0x00000000d6600000, 0x00000000dc480000, 0x00000000f2200000)
  object space 96768K, 81% used [0x00000000d6600000,0x00000000db2cb490,0x00000000dc480000)
 PSPermGen       total 24000K, used 10591K [0x00000000cc000000, 0x00000000cd770000, 0x00000000d6600000)
  object space 24000K, 44% used [0x00000000cc000000,0x00000000cca57c90,0x00000000cd770000)
Event: 4,592 GC heap after
Heap after GC invocations=10 (full 2):
 PSYoungGen      total 53440K, used 12221K [0x00000000f2200000, 0x00000000f6900000, 0x0000000100000000)
  eden space 41152K, 0% used [0x00000000f2200000,0x00000000f2200000,0x00000000f4a30000)
  from space 12288K, 99% used [0x00000000f5840000,0x00000000f642f5d8,0x00000000f6440000)
  to   space 14400K, 0% used [0x00000000f4a30000,0x00000000f4a30000,0x00000000f5840000)
 ParOldGen       total 96768K, used 85002K [0x00000000d6600000, 0x00000000dc480000, 0x00000000f2200000)
  object space 96768K, 87% used [0x00000000d6600000,0x00000000db9028d8,0x00000000dc480000)
 PSPermGen       total 24000K, used 10591K [0x00000000cc000000, 0x00000000cd770000, 0x00000000d6600000)
  object space 24000K, 44% used [0x00000000cc000000,0x00000000cca57c90,0x00000000cd770000)
}
Event: 4,849 GC heap before
{Heap before GC invocations=11 (full 2):
 PSYoungGen      total 53440K, used 51420K [0x00000000f2200000, 0x00000000f6900000, 0x0000000100000000)
  eden space 41152K, 95% used [0x00000000f2200000,0x00000000f4847d28,0x00000000f4a30000)
  from space 12288K, 99% used [0x00000000f5840000,0x00000000f642f5d8,0x00000000f6440000)
  to   space 14400K, 0% used [0x00000000f4a30000,0x00000000f4a30000,0x00000000f5840000)
 ParOldGen       total 96768K, used 85002K [0x00000000d6600000, 0x00000000dc480000, 0x00000000f2200000)
  object space 96768K, 87% used [0x00000000d6600000,0x00000000db9028d8,0x00000000dc480000)
 PSPermGen       total 24000K, used 11186K [0x00000000cc000000, 0x00000000cd770000, 0x00000000d6600000)
  object space 24000K, 46% used [0x00000000cc000000,0x00000000ccaecb60,0x00000000cd770000)
Event: 5,026 GC heap after
Heap after GC invocations=11 (full 2):
 PSYoungGen      total 55552K, used 13738K [0x00000000f2200000, 0x00000000f7c50000, 0x0000000100000000)
  eden space 41152K, 0% used [0x00000000f2200000,0x00000000f2200000,0x00000000f4a30000)
  from space 14400K, 95% used [0x00000000f4a30000,0x00000000f579ab80,0x00000000f5840000)
  to   space 16512K, 0% used [0x00000000f6c30000,0x00000000f6c30000,0x00000000f7c50000)
 ParOldGen       total 150016K, used 138249K [0x00000000d6600000, 0x00000000df880000, 0x00000000f2200000)
  object space 150016K, 92% used [0x00000000d6600000,0x00000000ded02678,0x00000000df880000)
 PSPermGen       total 24000K, used 11186K [0x00000000cc000000, 0x00000000cd770000, 0x00000000d6600000)
  object space 24000K, 46% used [0x00000000cc000000,0x00000000ccaecb60,0x00000000cd770000)
}
Event: 5,026 GC heap before
{Heap before GC invocations=12 (full 3):
 PSYoungGen      total 55552K, used 13738K [0x00000000f2200000, 0x00000000f7c50000, 0x0000000100000000)
  eden space 41152K, 0% used [0x00000000f2200000,0x00000000f2200000,0x00000000f4a30000)
  from space 14400K, 95% used [0x00000000f4a30000,0x00000000f579ab80,0x00000000f5840000)
  to   space 16512K, 0% used [0x00000000f6c30000,0x00000000f6c30000,0x00000000f7c50000)
 ParOldGen       total 150016K, used 138249K [0x00000000d6600000, 0x00000000df880000, 0x00000000f2200000)
  object space 150016K, 92% used [0x00000000d6600000,0x00000000ded02678,0x00000000df880000)
 PSPermGen       total 24000K, used 11186K [0x00000000cc000000, 0x00000000cd770000, 0x00000000d6600000)
  object space 24000K, 46% used [0x00000000cc000000,0x00000000ccaecb60,0x00000000cd770000)
Event: 5,197 GC heap after
Heap after GC invocations=12 (full 3):
 PSYoungGen      total 55552K, used 0K [0x00000000f2200000, 0x00000000f7c50000, 0x0000000100000000)
  eden space 41152K, 0% used [0x00000000f2200000,0x00000000f2200000,0x00000000f4a30000)
  from space 14400K, 0% used [0x00000000f4a30000,0x00000000f4a30000,0x00000000f5840000)
  to   space 16512K, 0% used [0x00000000f6c30000,0x00000000f6c30000,0x00000000f7c50000)
 ParOldGen       total 139328K, used 96604K [0x00000000d6600000, 0x00000000dee10000, 0x00000000f2200000)
  object space 139328K, 69% used [0x00000000d6600000,0x00000000dc4572c0,0x00000000dee10000)
 PSPermGen       total 23872K, used 11186K [0x00000000cc000000, 0x00000000cd750000, 0x00000000d6600000)
  object space 23872K, 46% used [0x00000000cc000000,0x00000000ccaecab0,0x00000000cd750000)
}
Event: 20,088 GC heap before
{Heap before GC invocations=13 (full 3):
 PSYoungGen      total 55552K, used 41152K [0x00000000f2200000, 0x00000000f7c50000, 0x0000000100000000)
  eden space 41152K, 100% used [0x00000000f2200000,0x00000000f4a30000,0x00000000f4a30000)
  from space 14400K, 0% used [0x00000000f4a30000,0x00000000f4a30000,0x00000000f5840000)
  to   space 16512K, 0% used [0x00000000f6c30000,0x00000000f6c30000,0x00000000f7c50000)
 ParOldGen       total 139328K, used 96604K [0x00000000d6600000, 0x00000000dee10000, 0x00000000f2200000)
  object space 139328K, 69% used [0x00000000d6600000,0x00000000dc4572c0,0x00000000dee10000)
 PSPermGen       total 23872K, used 11610K [0x00000000cc000000, 0x00000000cd750000, 0x00000000d6600000)
  object space 23872K, 48% used [0x00000000cc000000,0x00000000ccb56b00,0x00000000cd750000)
Event: 20,123 GC heap after
Heap after GC invocations=13 (full 3):
 PSYoungGen      total 73728K, used 15616K [0x00000000f2200000, 0x00000000f7f00000, 0x0000000100000000)
  eden space 57216K, 0% used [0x00000000f2200000,0x00000000f2200000,0x00000000f59e0000)
  from space 16512K, 94% used [0x00000000f6c30000,0x00000000f7b703f8,0x00000000f7c50000)
  to   space 18752K, 0% used [0x00000000f59e0000,0x00000000f59e0000,0x00000000f6c30000)
 ParOldGen       total 139328K, used 99217K [0x00000000d6600000, 0x00000000dee10000, 0x00000000f2200000)
  object space 139328K, 71% used [0x00000000d6600000,0x00000000dc6e47e8,0x00000000dee10000)
 PSPermGen       total 23872K, used 11610K [0x00000000cc000000, 0x00000000cd750000, 0x00000000d6600000)
  object space 23872K, 48% used [0x00000000cc000000,0x00000000ccb56b00,0x00000000cd750000)
}

Deoptimization events (10 events):
Event: 4,714 Thread 0x00007fd938009000 Uncommon trap -34 fr.pc 0x00007fd9350a3934
Event: 4,824 Thread 0x00007fd938009000 Uncommon trap -34 fr.pc 0x00007fd9350a66a8
Event: 4,832 Thread 0x00007fd938009000 Uncommon trap -34 fr.pc 0x00007fd9350a66a8
Event: 4,833 Thread 0x00007fd938009000 Uncommon trap -34 fr.pc 0x00007fd9350a66a8
Event: 4,833 Thread 0x00007fd938009000 Uncommon trap -34 fr.pc 0x00007fd9350a66a8
Event: 5,298 Thread 0x00007fd9384b6000 Uncommon trap -34 fr.pc 0x00007fd9350a3934
Event: 8,941 Thread 0x00007fd9384b6000 Uncommon trap -83 fr.pc 0x00007fd9350c91fc
Event: 8,941 Thread 0x00007fd9384b6000 Uncommon trap -83 fr.pc 0x00007fd9350bad34
Event: 10,151 Thread 0x00007fd9384b6000 Uncommon trap -83 fr.pc 0x00007fd9350aaef4
Event: 10,151 Thread 0x00007fd9384b6000 Uncommon trap -83 fr.pc 0x00007fd9350ab720

Internal exceptions (10 events):
Event: 51,682 Thread 0x00007fd9384b6000 Threw 0x00000000f4ed2ff8 at /build/buildd/openjdk-7-7u25-2.3.12/build/openjdk/hotspot/src/share/vm/interpreter/linkResolver.cpp:805
Event: 51,882 Thread 0x00007fd9384b6000 Threw 0x00000000f4f06e78 at /build/buildd/openjdk-7-7u25-2.3.12/build/openjdk/hotspot/src/share/vm/interpreter/linkResolver.cpp:805
Event: 51,885 Thread 0x00007fd9384b6000 Threw 0x00000000f4f07018 at /build/buildd/openjdk-7-7u25-2.3.12/build/openjdk/hotspot/src/share/vm/interpreter/linkResolver.cpp:805
Event: 51,885 Thread 0x00007fd9384b6000 Threw 0x00000000f4f071b8 at /build/buildd/openjdk-7-7u25-2.3.12/build/openjdk/hotspot/src/share/vm/interpreter/linkResolver.cpp:805
Event: 51,987 Thread 0x00007fd9384b6000 Threw 0x00000000f4f3b0b0 at /build/buildd/openjdk-7-7u25-2.3.12/build/openjdk/hotspot/src/share/vm/interpreter/linkResolver.cpp:805
Event: 51,993 Thread 0x00007fd9384b6000 Threw 0x00000000f4f3b250 at /build/buildd/openjdk-7-7u25-2.3.12/build/openjdk/hotspot/src/share/vm/interpreter/linkResolver.cpp:805
Event: 51,993 Thread 0x00007fd9384b6000 Threw 0x00000000f4f3b3f0 at /build/buildd/openjdk-7-7u25-2.3.12/build/openjdk/hotspot/src/share/vm/interpreter/linkResolver.cpp:805
Event: 52,101 Thread 0x00007fd9384b6000 Threw 0x00000000f4f6f408 at /build/buildd/openjdk-7-7u25-2.3.12/build/openjdk/hotspot/src/share/vm/interpreter/linkResolver.cpp:805
Event: 52,104 Thread 0x00007fd9384b6000 Threw 0x00000000f4f6f5a8 at /build/buildd/openjdk-7-7u25-2.3.12/build/openjdk/hotspot/src/share/vm/interpreter/linkResolver.cpp:805
Event: 52,211 Thread 0x00007fd9384b6000 Threw 0x00000000f4fa35d0 at /build/buildd/openjdk-7-7u25-2.3.12/build/openjdk/hotspot/src/share/vm/interpreter/linkResolver.cpp:805

Events (10 events):
Event: 9,700 Thread 0x00007fd8d4247800 Thread exited: 0x00007fd8d4247800
Event: 10,151 Thread 0x00007fd9384b6000 DEOPT PACKING pc=0x00007fd9350aaef4 sp=0x00007fd901c7d570
Event: 10,151 Thread 0x00007fd9384b6000 DEOPT UNPACKING pc=0x00007fd935039145 sp=0x00007fd901c7d4d0 mode 2
Event: 10,151 Thread 0x00007fd9384b6000 DEOPT PACKING pc=0x00007fd9350ab720 sp=0x00007fd901c7d510
Event: 10,151 Thread 0x00007fd9384b6000 DEOPT UNPACKING pc=0x00007fd935039145 sp=0x00007fd901c7d4d0 mode 2
Event: 11,904 loading class 0x00007fd8ec017670
Event: 11,904 loading class 0x00007fd8ec017670 done
Event: 20,088 Executing VM operation: ParallelGCFailedAllocation
Event: 20,123 Executing VM operation: ParallelGCFailedAllocation done
Event: 51,772 Thread 0x00007fd93810c800 flushing nmethod 0x00007fd9350a5ed0


Dynamic libraries:
00400000-00401000 r-xp 00000000 08:01 136675                             /usr/lib/jvm/java-7-openjdk-amd64/jre/bin/java
00600000-00601000 r--p 00000000 08:01 136675                             /usr/lib/jvm/java-7-openjdk-amd64/jre/bin/java
00601000-00602000 rw-p 00001000 08:01 136675                             /usr/lib/jvm/java-7-openjdk-amd64/jre/bin/java
0183c000-019e0000 rw-p 00000000 00:00 0                                  [heap]
cc000000-cd750000 rw-p 00000000 00:00 0 
cd750000-cd770000 ---p 00000000 00:00 0 
cd770000-d6600000 rw-p 00000000 00:00 0 
d6600000-dee10000 rw-p 00000000 00:00 0 
dee10000-df880000 ---p 00000000 00:00 0 
df880000-f2200000 rw-p 00000000 00:00 0 
f2200000-f7f00000 rw-p 00000000 00:00 0 
f7f00000-100000000 rw-p 00000000 00:00 0 
7fd8d4000000-7fd8d59f7000 rw-p 00000000 00:00 0 
7fd8d59f7000-7fd8d8000000 ---p 00000000 00:00 0 
7fd8dabef000-7fd8dbdef000 rw-p 00000000 00:00 0 
7fd8dbdef000-7fd8dbdff000 r-xp 00000000 08:01 136615                     /usr/lib/jvm/java-7-openjdk-amd64/jre/lib/amd64/libnio.so
7fd8dbdff000-7fd8dbffe000 ---p 00010000 08:01 136615                     /usr/lib/jvm/java-7-openjdk-amd64/jre/lib/amd64/libnio.so
7fd8dbffe000-7fd8dbfff000 r--p 0000f000 08:01 136615                     /usr/lib/jvm/java-7-openjdk-amd64/jre/lib/amd64/libnio.so
7fd8dbfff000-7fd8dc000000 rw-p 00010000 08:01 136615                     /usr/lib/jvm/java-7-openjdk-amd64/jre/lib/amd64/libnio.so
7fd8dc000000-7fd8dff7e000 rw-p 00000000 00:00 0 
7fd8dff7e000-7fd8e0000000 ---p 00000000 00:00 0 
7fd8e0049000-7fd8e005f000 r-xp 00000000 08:01 136623                     /usr/lib/jvm/java-7-openjdk-amd64/jre/lib/amd64/libnet.so
7fd8e005f000-7fd8e025e000 ---p 00016000 08:01 136623                     /usr/lib/jvm/java-7-openjdk-amd64/jre/lib/amd64/libnet.so
7fd8e025e000-7fd8e025f000 r--p 00015000 08:01 136623                     /usr/lib/jvm/java-7-openjdk-amd64/jre/lib/amd64/libnet.so
7fd8e025f000-7fd8e0260000 rw-p 00016000 08:01 136623                     /usr/lib/jvm/java-7-openjdk-amd64/jre/lib/amd64/libnet.so
7fd8e0260000-7fd8e02ac000 r-xp 00000000 08:01 136637                     /usr/lib/jvm/java-7-openjdk-amd64/jre/lib/amd64/libfontmanager.so
7fd8e02ac000-7fd8e04ab000 ---p 0004c000 08:01 136637                     /usr/lib/jvm/java-7-openjdk-amd64/jre/lib/amd64/libfontmanager.so
7fd8e04ab000-7fd8e04ae000 r--p 0004b000 08:01 136637                     /usr/lib/jvm/java-7-openjdk-amd64/jre/lib/amd64/libfontmanager.so
7fd8e04ae000-7fd8e04af000 rw-p 0004e000 08:01 136637                     /usr/lib/jvm/java-7-openjdk-amd64/jre/lib/amd64/libfontmanager.so
7fd8e04af000-7fd8e069c000 rw-s 00000000 00:04 10551305                   /SYSV00000000 (deleted)
7fd8e069c000-7fd8e069f000 ---p 00000000 00:00 0 
7fd8e069f000-7fd8e0d7e000 rw-p 00000000 00:00 0 
7fd8e0d7e000-7fd8e0d7f000 ---p 00000000 00:00 0 
7fd8e0d7f000-7fd8e93b7000 rw-p 00000000 00:00 0                          [stack:6670]
7fd8e93b7000-7fd8e93b8000 ---p 00000000 00:00 0 
7fd8e93b8000-7fd8ea3fc000 rw-p 00000000 00:00 0                          [stack:6669]
7fd8ea3fc000-7fd8ea3fd000 ---p 00000000 00:00 0 
7fd8ea3fd000-7fd8eabfd000 rw-p 00000000 00:00 0                          [stack:6668]
7fd8eabfd000-7fd8eabfe000 ---p 00000000 00:00 0 
7fd8eabfe000-7fd8eb3fe000 rw-p 00000000 00:00 0                          [stack:6667]
7fd8eb3fe000-7fd8eb3ff000 ---p 00000000 00:00 0 
7fd8eb3ff000-7fd8ec000000 rw-p 00000000 00:00 0 
7fd8ec000000-7fd8effff000 rw-p 00000000 00:00 0 
7fd8effff000-7fd8f0000000 ---p 00000000 00:00 0 
7fd8f003d000-7fd8f0650000 rw-p 00000000 00:00 0 
7fd8f0650000-7fd8f0651000 ---p 00000000 00:00 0 
7fd8f0651000-7fd8f0e51000 rw-p 00000000 00:00 0                          [stack:6665]
7fd8f0e51000-7fd8f0e52000 ---p 00000000 00:00 0 
7fd8f0e52000-7fd8f1652000 rw-p 00000000 00:00 0                          [stack:6664]
7fd8f1652000-7fd8f1653000 ---p 00000000 00:00 0 
7fd8f1653000-7fd8f1e53000 rw-p 00000000 00:00 0                          [stack:6663]
7fd8f1e53000-7fd8f1eab000 r-xp 00000000 08:01 790477                     /SimpleOpenNI/library/linux64/OpenNI2/Drivers/libPSLink.so
7fd8f1eab000-7fd8f20ab000 ---p 00058000 08:01 790477                     /SimpleOpenNI/library/linux64/OpenNI2/Drivers/libPSLink.so
7fd8f20ab000-7fd8f20b0000 r--p 00058000 08:01 790477                     /SimpleOpenNI/library/linux64/OpenNI2/Drivers/libPSLink.so
7fd8f20b0000-7fd8f20b1000 rw-p 0005d000 08:01 790477                     /SimpleOpenNI/library/linux64/OpenNI2/Drivers/libPSLink.so
7fd8f20b1000-7fd8f20b2000 rw-p 00000000 00:00 0 
7fd8f20b2000-7fd8f20b3000 ---p 00000000 00:00 0 
7fd8f20b3000-7fd8f28b3000 rw-p 00000000 00:00 0                          [stack:6662]
7fd8f28b3000-7fd8f295d000 r-xp 00000000 08:01 790476                     /SimpleOpenNI/library/linux64/OpenNI2/Drivers/libPS1080.so
7fd8f295d000-7fd8f2b5c000 ---p 000aa000 08:01 790476                     /SimpleOpenNI/library/linux64/OpenNI2/Drivers/libPS1080.so
7fd8f2b5c000-7fd8f2b61000 r--p 000a9000 08:01 790476                     /SimpleOpenNI/library/linux64/OpenNI2/Drivers/libPS1080.so
7fd8f2b61000-7fd8f2b65000 rw-p 000ae000 08:01 790476                     /SimpleOpenNI/library/linux64/OpenNI2/Drivers/libPS1080.so
7fd8f2b65000-7fd8f2b86000 rw-p 00000000 00:00 0 
7fd8f2b86000-7fd8f2bd0000 r-xp 00000000 08:01 790479                     /SimpleOpenNI/library/linux64/OpenNI2/Drivers/libOniFile.so
7fd8f2bd0000-7fd8f2dcf000 ---p 0004a000 08:01 790479                     /SimpleOpenNI/library/linux64/OpenNI2/Drivers/libOniFile.so
7fd8f2dcf000-7fd8f2dd1000 r--p 00049000 08:01 790479                     /SimpleOpenNI/library/linux64/OpenNI2/Drivers/libOniFile.so
7fd8f2dd1000-7fd8f2dd2000 rw-p 0004b000 08:01 790479                     /SimpleOpenNI/library/linux64/OpenNI2/Drivers/libOniFile.so
7fd8f2dd2000-7fd8f2df2000 rw-p 00000000 00:00 0 
7fd8f2df2000-7fd8f2dfd000 r-xp 00000000 08:01 790478                     /SimpleOpenNI/library/linux64/OpenNI2/Drivers/libfreenect.so
7fd8f2dfd000-7fd8f2ffc000 ---p 0000b000 08:01 790478                     /SimpleOpenNI/library/linux64/OpenNI2/Drivers/libfreenect.so
7fd8f2ffc000-7fd8f2ffd000 r--p 0000a000 08:01 790478                     /SimpleOpenNI/library/linux64/OpenNI2/Drivers/libfreenect.so
7fd8f2ffd000-7fd8f2ffe000 rw-p 0000b000 08:01 790478                     /SimpleOpenNI/library/linux64/OpenNI2/Drivers/libfreenect.so
7fd8f2ffe000-7fd8f2fff000 ---p 00000000 00:00 0 
7fd8f2fff000-7fd8f37ff000 rw-p 00000000 00:00 0 
7fd8f37ff000-7fd8f3800000 ---p 00000000 00:00 0 
7fd8f3800000-7fd8f4000000 rw-p 00000000 00:00 0                          [stack:6660]
7fd8f4000000-7fd8f4025000 rw-p 00000000 00:00 0 
7fd8f4025000-7fd8f8000000 ---p 00000000 00:00 0 
7fd8f8000000-7fd8f80de000 rw-p 00000000 00:00 0 
7fd8f80de000-7fd8fc000000 ---p 00000000 00:00 0 
7fd8fc000000-7fd8fc021000 rw-p 00000000 00:00 0 
7fd8fc021000-7fd900000000 ---p 00000000 00:00 0 
7fd90004a000-7fd900177000 rw-p 00000000 00:00 0 
7fd900177000-7fd900187000 r-xp 00000000 08:01 263158                     /lib/x86_64-linux-gnu/libudev.so.1.3.5
7fd900187000-7fd900386000 ---p 00010000 08:01 263158                     /lib/x86_64-linux-gnu/libudev.so.1.3.5
7fd900386000-7fd900387000 r--p 0000f000 08:01 263158                     /lib/x86_64-linux-gnu/libudev.so.1.3.5
7fd900387000-7fd900388000 rw-p 00010000 08:01 263158                     /lib/x86_64-linux-gnu/libudev.so.1.3.5
7fd900388000-7fd90039d000 r-xp 00000000 08:01 263209                     /lib/x86_64-linux-gnu/libusb-1.0.so.0.1.0
7fd90039d000-7fd90059c000 ---p 00015000 08:01 263209                     /lib/x86_64-linux-gnu/libusb-1.0.so.0.1.0
7fd90059c000-7fd90059d000 r--p 00014000 08:01 263209                     /lib/x86_64-linux-gnu/libusb-1.0.so.0.1.0
7fd90059d000-7fd90059e000 rw-p 00015000 08:01 263209                     /lib/x86_64-linux-gnu/libusb-1.0.so.0.1.0
7fd90059e000-7fd9005a9000 r-xp 00000000 08:01 790482                     /SimpleOpenNI/library/linux64/OpenNI2/Drivers/libfreenect.so.0.1
7fd9005a9000-7fd9007a8000 ---p 0000b000 08:01 790482                     /SimpleOpenNI/library/linux64/OpenNI2/Drivers/libfreenect.so.0.1
7fd9007a8000-7fd9007a9000 r--p 0000a000 08:01 790482                     /SimpleOpenNI/library/linux64/OpenNI2/Drivers/libfreenect.so.0.1
7fd9007a9000-7fd9007aa000 rw-p 0000b000 08:01 790482                     /SimpleOpenNI/library/linux64/OpenNI2/Drivers/libfreenect.so.0.1
7fd9007aa000-7fd9007c1000 r-xp 00000000 08:01 790480                     /SimpleOpenNI/library/linux64/OpenNI2/Drivers/libFreenectDriver.so
7fd9007c1000-7fd9009c1000 ---p 00017000 08:01 790480                     /SimpleOpenNI/library/linux64/OpenNI2/Drivers/libFreenectDriver.so
7fd9009c1000-7fd9009c2000 r--p 00017000 08:01 790480                     /SimpleOpenNI/library/linux64/OpenNI2/Drivers/libFreenectDriver.so
7fd9009c2000-7fd9009c3000 rw-p 00018000 08:01 790480                     /SimpleOpenNI/library/linux64/OpenNI2/Drivers/libFreenectDriver.so
7fd9009c3000-7fd9009c7000 rw-p 0001f000 08:01 790480                     /SimpleOpenNI/library/linux64/OpenNI2/Drivers/libFreenectDriver.so
7fd9009c7000-7fd9009dd000 r-xp 00000000 08:01 790481                     /SimpleOpenNI/library/linux64/OpenNI2/Drivers/libDummyDevice.so
7fd9009dd000-7fd900bdd000 ---p 00016000 08:01 790481                     /SimpleOpenNI/library/linux64/OpenNI2/Drivers/libDummyDevice.so
7fd900bdd000-7fd900bde000 r--p 00016000 08:01 790481                     /SimpleOpenNI/library/linux64/OpenNI2/Drivers/libDummyDevice.so
7fd900bde000-7fd900bdf000 rw-p 00017000 08:01 790481                     /SimpleOpenNI/library/linux64/OpenNI2/Drivers/libDummyDevice.so
7fd900bdf000-7fd900be2000 r-xp 00000000 08:01 7119                       /usr/lib/libboost_system.so.1.54.0
7fd900be2000-7fd900de1000 ---p 00003000 08:01 7119                       /usr/lib/libboost_system.so.1.54.0
7fd900de1000-7fd900de2000 r--p 00002000 08:01 7119                       /usr/lib/libboost_system.so.1.54.0
7fd900de2000-7fd900de3000 rw-p 00003000 08:01 7119                       /usr/lib/libboost_system.so.1.54.0
7fd900de3000-7fd90128a000 r-xp 00000000 08:01 790486                     /SimpleOpenNI/library/linux64/libNiTE2.so
7fd90128a000-7fd901489000 ---p 004a7000 08:01 790486                     /SimpleOpenNI/library/linux64/libNiTE2.so
7fd901489000-7fd901495000 r--p 004a6000 08:01 790486                     /SimpleOpenNI/library/linux64/libNiTE2.so
7fd901495000-7fd901497000 rw-p 004b2000 08:01 790486                     /SimpleOpenNI/library/linux64/libNiTE2.so
7fd901497000-7fd90149f000 rw-p 00000000 00:00 0 
7fd90149f000-7fd9014f7000 r-xp 00000000 08:01 790484                     /SimpleOpenNI/library/linux64/libOpenNI2.so
7fd9014f7000-7fd9016f7000 ---p 00058000 08:01 790484                     /SimpleOpenNI/library/linux64/libOpenNI2.so
7fd9016f7000-7fd9016f9000 r--p 00058000 08:01 790484                     /SimpleOpenNI/library/linux64/libOpenNI2.so
7fd9016f9000-7fd9016fa000 rw-p 0005a000 08:01 790484                     /SimpleOpenNI/library/linux64/libOpenNI2.so
7fd9016fa000-7fd90171b000 rw-p 00000000 00:00 0 
7fd90171b000-7fd901733000 r-xp 00000000 08:01 790485                     /SimpleOpenNI/library/linux64/libboost_thread.so.1.54.0
7fd901733000-7fd901932000 ---p 00018000 08:01 790485                     /SimpleOpenNI/library/linux64/libboost_thread.so.1.54.0
7fd901932000-7fd901934000 r--p 00017000 08:01 790485                     /SimpleOpenNI/library/linux64/libboost_thread.so.1.54.0
7fd901934000-7fd901935000 rw-p 00019000 08:01 790485                     /SimpleOpenNI/library/linux64/libboost_thread.so.1.54.0
7fd901935000-7fd90197b000 r-xp 00000000 08:01 790488                     /SimpleOpenNI/library/libSimpleOpenNI64.so
7fd90197b000-7fd901b7a000 ---p 00046000 08:01 790488                     /SimpleOpenNI/library/libSimpleOpenNI64.so
7fd901b7a000-7fd901b7c000 r--p 00045000 08:01 790488                     /SimpleOpenNI/library/libSimpleOpenNI64.so
7fd901b7c000-7fd901b7e000 rw-p 00047000 08:01 790488                     /SimpleOpenNI/library/libSimpleOpenNI64.so
7fd901b7e000-7fd901b81000 ---p 00000000 00:00 0 
7fd901b81000-7fd901c7f000 rw-p 00000000 00:00 0                          [stack:6659]
7fd901c7f000-7fd901c82000 ---p 00000000 00:00 0 
7fd901c82000-7fd901d80000 rw-p 00000000 00:00 0                          [stack:6658]
7fd901d80000-7fd901d83000 ---p 00000000 00:00 0 
7fd901d83000-7fd901e81000 rw-p 00000000 00:00 0                          [stack:6657]
7fd901e81000-7fd901e84000 ---p 00000000 00:00 0 
7fd901e84000-7fd901f82000 rw-p 00000000 00:00 0 
7fd901f82000-7fd901f85000 ---p 00000000 00:00 0 
7fd901f85000-7fd902083000 rw-p 00000000 00:00 0                          [stack:6655]
7fd902083000-7fd902086000 ---p 00000000 00:00 0 
7fd902086000-7fd902184000 rw-p 00000000 00:00 0                          [stack:6654]
7fd902184000-7fd902188000 r-xp 00000000 08:01 262223                     /lib/x86_64-linux-gnu/libgpg-error.so.0.10.0
7fd902188000-7fd902387000 ---p 00004000 08:01 262223                     /lib/x86_64-linux-gnu/libgpg-error.so.0.10.0
7fd902387000-7fd902388000 r--p 00003000 08:01 262223                     /lib/x86_64-linux-gnu/libgpg-error.so.0.10.0
7fd902388000-7fd902389000 rw-p 00004000 08:01 262223                     /lib/x86_64-linux-gnu/libgpg-error.so.0.10.0
7fd902389000-7fd90238b000 r-xp 00000000 08:01 262194                     /lib/x86_64-linux-gnu/libkeyutils.so.1.4
7fd90238b000-7fd90258b000 ---p 00002000 08:01 262194                     /lib/x86_64-linux-gnu/libkeyutils.so.1.4
7fd90258b000-7fd90258c000 r--p 00002000 08:01 262194                     /lib/x86_64-linux-gnu/libkeyutils.so.1.4
7fd90258c000-7fd90258d000 rw-p 00003000 08:01 262194                     /lib/x86_64-linux-gnu/libkeyutils.so.1.4
7fd90258d000-7fd9025a5000 r-xp 00000000 08:01 574                        /usr/lib/x86_64-linux-gnu/libgraphite2.so.3.0.1
7fd9025a5000-7fd9027a4000 ---p 00018000 08:01 574                        /usr/lib/x86_64-linux-gnu/libgraphite2.so.3.0.1
7fd9027a4000-7fd9027a6000 r--p 00017000 08:01 574                        /usr/lib/x86_64-linux-gnu/libgraphite2.so.3.0.1
7fd9027a6000-7fd9027a7000 rw-p 00019000 08:01 574                        /usr/lib/x86_64-linux-gnu/libgraphite2.so.3.0.1
7fd9027a7000-7fd9027eb000 r-xp 00000000 08:01 264136                     /lib/x86_64-linux-gnu/libdbus-1.so.3.7.4
7fd9027eb000-7fd9029ea000 ---p 00044000 08:01 264136                     /lib/x86_64-linux-gnu/libdbus-1.so.3.7.4
7fd9029ea000-7fd9029eb000 r--p 00043000 08:01 264136                     /lib/x86_64-linux-gnu/libdbus-1.so.3.7.4
7fd9029eb000-7fd9029ec000 rw-p 00044000 08:01 264136                     /lib/x86_64-linux-gnu/libdbus-1.so.3.7.4
7fd9029ec000-7fd902a0a000 r-xp 00000000 08:01 5137                       /usr/lib/x86_64-linux-gnu/libp11-kit.so.0.0.0
7fd902a0a000-7fd902c09000 ---p 0001e000 08:01 5137                       /usr/lib/x86_64-linux-gnu/libp11-kit.so.0.0.0
7fd902c09000-7fd902c0b000 r--p 0001d000 08:01 5137                       /usr/lib/x86_64-linux-gnu/libp11-kit.so.0.0.0
7fd902c0b000-7fd902c0c000 rw-p 0001f000 08:01 5137                       /usr/lib/x86_64-linux-gnu/libp11-kit.so.0.0.0
7fd902c0c000-7fd902c1c000 r-xp 00000000 08:01 5140                       /usr/lib/x86_64-linux-gnu/libtasn1.so.3.2.0
7fd902c1c000-7fd902e1b000 ---p 00010000 08:01 5140                       /usr/lib/x86_64-linux-gnu/libtasn1.so.3.2.0
7fd902e1b000-7fd902e1c000 r--p 0000f000 08:01 5140                       /usr/lib/x86_64-linux-gnu/libtasn1.so.3.2.0
7fd902e1c000-7fd902e1d000 rw-p 00010000 08:01 5140                       /usr/lib/x86_64-linux-gnu/libtasn1.so.3.2.0
7fd902e1d000-7fd902e97000 r-xp 00000000 08:01 263657                     /lib/x86_64-linux-gnu/libgcrypt.so.11.7.0
7fd902e97000-7fd903097000 ---p 0007a000 08:01 263657                     /lib/x86_64-linux-gnu/libgcrypt.so.11.7.0
7fd903097000-7fd903098000 r--p 0007a000 08:01 263657                     /lib/x86_64-linux-gnu/libgcrypt.so.11.7.0
7fd903098000-7fd90309b000 rw-p 0007b000 08:01 263657                     /lib/x86_64-linux-gnu/libgcrypt.so.11.7.0
7fd90309b000-7fd9030a2000 r-xp 00000000 08:01 5151                       /usr/lib/x86_64-linux-gnu/libkrb5support.so.0.1
7fd9030a2000-7fd9032a1000 ---p 00007000 08:01 5151                       /usr/lib/x86_64-linux-gnu/libkrb5support.so.0.1
7fd9032a1000-7fd9032a2000 r--p 00006000 08:01 5151                       /usr/lib/x86_64-linux-gnu/libkrb5support.so.0.1
7fd9032a2000-7fd9032a3000 rw-p 00007000 08:01 5151                       /usr/lib/x86_64-linux-gnu/libkrb5support.so.0.1
7fd9032a3000-7fd9032a6000 r-xp 00000000 08:01 264316                     /lib/x86_64-linux-gnu/libcom_err.so.2.1
7fd9032a6000-7fd9034a5000 ---p 00003000 08:01 264316                     /lib/x86_64-linux-gnu/libcom_err.so.2.1
7fd9034a5000-7fd9034a6000 r--p 00002000 08:01 264316                     /lib/x86_64-linux-gnu/libcom_err.so.2.1
7fd9034a6000-7fd9034a7000 rw-p 00003000 08:01 264316                     /lib/x86_64-linux-gnu/libcom_err.so.2.1
7fd9034a7000-7fd9034cd000 r-xp 00000000 08:01 3543                       /usr/lib/x86_64-linux-gnu/libk5crypto.so.3.1
7fd9034cd000-7fd9036cc000 ---p 00026000 08:01 3543                       /usr/lib/x86_64-linux-gnu/libk5crypto.so.3.1
7fd9036cc000-7fd9036cd000 r--p 00025000 08:01 3543                       /usr/lib/x86_64-linux-gnu/libk5crypto.so.3.1
7fd9036cd000-7fd9036ce000 rw-p 00026000 08:01 3543                       /usr/lib/x86_64-linux-gnu/libk5crypto.so.3.1
7fd9036ce000-7fd9036cf000 rw-p 00000000 00:00 0 
7fd9036cf000-7fd903794000 r-xp 00000000 08:01 5148                       /usr/lib/x86_64-linux-gnu/libkrb5.so.3.3
7fd903794000-7fd903993000 ---p 000c5000 08:01 5148                       /usr/lib/x86_64-linux-gnu/libkrb5.so.3.3
7fd903993000-7fd90399d000 r--p 000c4000 08:01 5148                       /usr/lib/x86_64-linux-gnu/libkrb5.so.3.3
7fd90399d000-7fd90399e000 rw-p 000ce000 08:01 5148                       /usr/lib/x86_64-linux-gnu/libkrb5.so.3.3
7fd90399e000-7fd9039a4000 r-xp 00000000 08:01 8328                       /usr/lib/x86_64-linux-gnu/libdatrie.so.1.2.0
7fd9039a4000-7fd903ba3000 ---p 00006000 08:01 8328                       /usr/lib/x86_64-linux-gnu/libdatrie.so.1.2.0
7fd903ba3000-7fd903ba4000 r--p 00005000 08:01 8328                       /usr/lib/x86_64-linux-gnu/libdatrie.so.1.2.0
7fd903ba4000-7fd903ba5000 rw-p 00006000 08:01 8328                       /usr/lib/x86_64-linux-gnu/libdatrie.so.1.2.0
7fd903ba5000-7fd903bf5000 r-xp 00000000 08:01 2852                       /usr/lib/x86_64-linux-gnu/libharfbuzz.so.0.919.0
7fd903bf5000-7fd903df5000 ---p 00050000 08:01 2852                       /usr/lib/x86_64-linux-gnu/libharfbuzz.so.0.919.0
7fd903df5000-7fd903df6000 r--p 00050000 08:01 2852                       /usr/lib/x86_64-linux-gnu/libharfbuzz.so.0.919.0
7fd903df6000-7fd903df7000 rw-p 00051000 08:01 2852                       /usr/lib/x86_64-linux-gnu/libharfbuzz.so.0.919.0
7fd903df7000-7fd903dff000 r-xp 00000000 08:01 2222                       /usr/lib/x86_64-linux-gnu/libxcb-render.so.0.0.0
7fd903dff000-7fd903ffe000 ---p 00008000 08:01 2222                       /usr/lib/x86_64-linux-gnu/libxcb-render.so.0.0.0
7fd903ffe000-7fd903fff000 r--p 00007000 08:01 2222                       /usr/lib/x86_64-linux-gnu/libxcb-render.so.0.0.0
7fd903fff000-7fd904000000 rw-p 00008000 08:01 2222                       /usr/lib/x86_64-linux-gnu/libxcb-render.so.0.0.0
7fd904000000-7fd904021000 rw-p 00000000 00:00 0 
7fd904021000-7fd908000000 ---p 00000000 00:00 0 
7fd908000000-7fd9081c4000 rw-p 00000000 00:00 0 
7fd9081c4000-7fd90c000000 ---p 00000000 00:00 0 
7fd90c000000-7fd90c94c000 rw-p 00000000 00:00 0 
7fd90c94c000-7fd910000000 ---p 00000000 00:00 0 
7fd910000000-7fd9102f1000 rw-p 00000000 00:00 0 
7fd9102f1000-7fd914000000 ---p 00000000 00:00 0 
7fd914000000-7fd914021000 rw-p 00000000 00:00 0 
7fd914021000-7fd918000000 ---p 00000000 00:00 0 
7fd918017000-7fd9180ae000 rw-p 00000000 00:00 0 
7fd9180ae000-7fd9180b0000 r-xp 00000000 08:01 2230                       /usr/lib/x86_64-linux-gnu/libxcb-shm.so.0.0.0
7fd9180b0000-7fd9182af000 ---p 00002000 08:01 2230                       /usr/lib/x86_64-linux-gnu/libxcb-shm.so.0.0.0
7fd9182af000-7fd9182b0000 r--p 00001000 08:01 2230                       /usr/lib/x86_64-linux-gnu/libxcb-shm.so.0.0.0
7fd9182b0000-7fd9182b1000 rw-p 00002000 08:01 2230                       /usr/lib/x86_64-linux-gnu/libxcb-shm.so.0.0.0
7fd9182b1000-7fd9182d6000 r-xp 00000000 08:01 264467                     /lib/x86_64-linux-gnu/libpng12.so.0.49.0
7fd9182d6000-7fd9184d5000 ---p 00025000 08:01 264467                     /lib/x86_64-linux-gnu/libpng12.so.0.49.0
7fd9184d5000-7fd9184d6000 r--p 00024000 08:01 264467                     /lib/x86_64-linux-gnu/libpng12.so.0.49.0
7fd9184d6000-7fd9184d7000 rw-p 00025000 08:01 264467                     /lib/x86_64-linux-gnu/libpng12.so.0.49.0
7fd9184d7000-7fd918578000 r-xp 00000000 08:01 1199                       /usr/lib/x86_64-linux-gnu/libpixman-1.so.0.30.2
7fd918578000-7fd918778000 ---p 000a1000 08:01 1199                       /usr/lib/x86_64-linux-gnu/libpixman-1.so.0.30.2
7fd918778000-7fd91877f000 r--p 000a1000 08:01 1199                       /usr/lib/x86_64-linux-gnu/libpixman-1.so.0.30.2
7fd91877f000-7fd918780000 rw-p 000a8000 08:01 1199                       /usr/lib/x86_64-linux-gnu/libpixman-1.so.0.30.2
7fd918780000-7fd918785000 r-xp 00000000 08:01 8665                       /usr/lib/x86_64-linux-gnu/libXdmcp.so.6.0.0
7fd918785000-7fd918984000 ---p 00005000 08:01 8665                       /usr/lib/x86_64-linux-gnu/libXdmcp.so.6.0.0
7fd918984000-7fd918985000 r--p 00004000 08:01 8665                       /usr/lib/x86_64-linux-gnu/libXdmcp.so.6.0.0
7fd918985000-7fd918986000 rw-p 00005000 08:01 8665                       /usr/lib/x86_64-linux-gnu/libXdmcp.so.6.0.0
7fd918986000-7fd918988000 r-xp 00000000 08:01 206                        /usr/lib/x86_64-linux-gnu/libXau.so.6.0.0
7fd918988000-7fd918b88000 ---p 00002000 08:01 206                        /usr/lib/x86_64-linux-gnu/libXau.so.6.0.0
7fd918b88000-7fd918b89000 r--p 00002000 08:01 206                        /usr/lib/x86_64-linux-gnu/libXau.so.6.0.0
7fd918b89000-7fd918b8a000 rw-p 00003000 08:01 206                        /usr/lib/x86_64-linux-gnu/libXau.so.6.0.0
7fd918b8a000-7fd918b99000 r-xp 00000000 08:01 130                        /usr/lib/x86_64-linux-gnu/libavahi-client.so.3.2.9
7fd918b99000-7fd918d99000 ---p 0000f000 08:01 130                        /usr/lib/x86_64-linux-gnu/libavahi-client.so.3.2.9
7fd918d99000-7fd918d9a000 r--p 0000f000 08:01 130                        /usr/lib/x86_64-linux-gnu/libavahi-client.so.3.2.9
7fd918d9a000-7fd918d9b000 rw-p 00010000 08:01 130                        /usr/lib/x86_64-linux-gnu/libavahi-client.so.3.2.9
7fd918d9b000-7fd918da6000 r-xp 00000000 08:01 128                        /usr/lib/x86_64-linux-gnu/libavahi-common.so.3.5.3
7fd918da6000-7fd918fa5000 ---p 0000b000 08:01 128                        /usr/lib/x86_64-linux-gnu/libavahi-common.so.3.5.3
7fd918fa5000-7fd918fa6000 r--p 0000a000 08:01 128                        /usr/lib/x86_64-linux-gnu/libavahi-common.so.3.5.3
7fd918fa6000-7fd918fa7000 rw-p 0000b000 08:01 128                        /usr/lib/x86_64-linux-gnu/libavahi-common.so.3.5.3
7fd918fa7000-7fd91905d000 r-xp 00000000 08:01 5143                       /usr/lib/x86_64-linux-gnu/libgnutls.so.26.22.6
7fd91905d000-7fd91925d000 ---p 000b6000 08:01 5143                       /usr/lib/x86_64-linux-gnu/libgnutls.so.26.22.6
7fd91925d000-7fd919263000 r--p 000b6000 08:01 5143                       /usr/lib/x86_64-linux-gnu/libgnutls.so.26.22.6
7fd919263000-7fd919264000 rw-p 000bc000 08:01 5143                       /usr/lib/x86_64-linux-gnu/libgnutls.so.26.22.6
7fd919264000-7fd919265000 rw-p 00000000 00:00 0 
7fd919265000-7fd9192a0000 r-xp 00000000 08:01 3662                       /usr/lib/x86_64-linux-gnu/libgssapi_krb5.so.2.2
7fd9192a0000-7fd9194a0000 ---p 0003b000 08:01 3662                       /usr/lib/x86_64-linux-gnu/libgssapi_krb5.so.2.2
7fd9194a0000-7fd9194a1000 r--p 0003b000 08:01 3662                       /usr/lib/x86_64-linux-gnu/libgssapi_krb5.so.2.2
7fd9194a1000-7fd9194a3000 rw-p 0003c000 08:01 3662                       /usr/lib/x86_64-linux-gnu/libgssapi_krb5.so.2.2
7fd9194a3000-7fd9194e0000 r-xp 00000000 08:01 266403                     /lib/x86_64-linux-gnu/libpcre.so.3.13.1
7fd9194e0000-7fd9196e0000 ---p 0003d000 08:01 266403                     /lib/x86_64-linux-gnu/libpcre.so.3.13.1
7fd9196e0000-7fd9196e1000 r--p 0003d000 08:01 266403                     /lib/x86_64-linux-gnu/libpcre.so.3.13.1
7fd9196e1000-7fd9196e2000 rw-p 0003e000 08:01 266403                     /lib/x86_64-linux-gnu/libpcre.so.3.13.1
7fd9196e2000-7fd9196e9000 r-xp 00000000 08:01 63                         /usr/lib/x86_64-linux-gnu/libffi.so.6.0.1
7fd9196e9000-7fd9198e8000 ---p 00007000 08:01 63                         /usr/lib/x86_64-linux-gnu/libffi.so.6.0.1
7fd9198e8000-7fd9198e9000 r--p 00006000 08:01 63                         /usr/lib/x86_64-linux-gnu/libffi.so.6.0.1
7fd9198e9000-7fd9198ea000 rw-p 00007000 08:01 63                         /usr/lib/x86_64-linux-gnu/libffi.so.6.0.1
7fd9198ea000-7fd919911000 r-xp 00000000 08:01 264158                     /lib/x86_64-linux-gnu/libexpat.so.1.6.0
7fd919911000-7fd919b11000 ---p 00027000 08:01 264158                     /lib/x86_64-linux-gnu/libexpat.so.1.6.0
7fd919b11000-7fd919b13000 r--p 00027000 08:01 264158                     /lib/x86_64-linux-gnu/libexpat.so.1.6.0
7fd919b13000-7fd919b14000 rw-p 00029000 08:01 264158                     /lib/x86_64-linux-gnu/libexpat.so.1.6.0
7fd919b14000-7fd919bb0000 r-xp 00000000 08:01 994                        /usr/lib/x86_64-linux-gnu/libfreetype.so.6.10.1
7fd919bb0000-7fd919db0000 ---p 0009c000 08:01 994                        /usr/lib/x86_64-linux-gnu/libfreetype.so.6.10.1
7fd919db0000-7fd919db5000 r--p 0009c000 08:01 994                        /usr/lib/x86_64-linux-gnu/libfreetype.so.6.10.1
7fd919db5000-7fd919db6000 rw-p 000a1000 08:01 994                        /usr/lib/x86_64-linux-gnu/libfreetype.so.6.10.1
7fd919db6000-7fd919dbe000 r-xp 00000000 08:01 8330                       /usr/lib/x86_64-linux-gnu/libthai.so.0.2.0
7fd919dbe000-7fd919fbd000 ---p 00008000 08:01 8330                       /usr/lib/x86_64-linux-gnu/libthai.so.0.2.0
7fd919fbd000-7fd919fbe000 r--p 00007000 08:01 8330                       /usr/lib/x86_64-linux-gnu/libthai.so.0.2.0
7fd919fbe000-7fd919fbf000 rw-p 00008000 08:01 8330                       /usr/lib/x86_64-linux-gnu/libthai.so.0.2.0
7fd919fbf000-7fd919fd5000 r-xp 00000000 08:01 265339                     /lib/x86_64-linux-gnu/libresolv-2.17.so
7fd919fd5000-7fd91a1d5000 ---p 00016000 08:01 265339                     /lib/x86_64-linux-gnu/libresolv-2.17.so
7fd91a1d5000-7fd91a1d6000 r--p 00016000 08:01 265339                     /lib/x86_64-linux-gnu/libresolv-2.17.so
7fd91a1d6000-7fd91a1d7000 rw-p 00017000 08:01 265339                     /lib/x86_64-linux-gnu/libresolv-2.17.so
7fd91a1d7000-7fd91a1d9000 rw-p 00000000 00:00 0 
7fd91a1d9000-7fd91a1f8000 r-xp 00000000 08:01 263495                     /lib/x86_64-linux-gnu/libselinux.so.1
7fd91a1f8000-7fd91a3f8000 ---p 0001f000 08:01 263495                     /lib/x86_64-linux-gnu/libselinux.so.1
7fd91a3f8000-7fd91a3f9000 r--p 0001f000 08:01 263495                     /lib/x86_64-linux-gnu/libselinux.so.1
7fd91a3f9000-7fd91a3fa000 rw-p 00020000 08:01 263495                     /lib/x86_64-linux-gnu/libselinux.so.1
7fd91a3fa000-7fd91a3fb000 rw-p 00000000 00:00 0 
7fd91a3fb000-7fd91a3fd000 r-xp 00000000 08:01 6693                       /usr/lib/x86_64-linux-gnu/libXdamage.so.1.1.0
7fd91a3fd000-7fd91a5fc000 ---p 00002000 08:01 6693                       /usr/lib/x86_64-linux-gnu/libXdamage.so.1.1.0
7fd91a5fc000-7fd91a5fd000 r--p 00001000 08:01 6693                       /usr/lib/x86_64-linux-gnu/libXdamage.so.1.1.0
7fd91a5fd000-7fd91a5fe000 rw-p 00002000 08:01 6693                       /usr/lib/x86_64-linux-gnu/libXdamage.so.1.1.0
7fd91a5fe000-7fd91a600000 r-xp 00000000 08:01 3417                       /usr/lib/x86_64-linux-gnu/libXcomposite.so.1.0.0
7fd91a600000-7fd91a7ff000 ---p 00002000 08:01 3417                       /usr/lib/x86_64-linux-gnu/libXcomposite.so.1.0.0
7fd91a7ff000-7fd91a800000 r--p 00001000 08:01 3417                       /usr/lib/x86_64-linux-gnu/libXcomposite.so.1.0.0
7fd91a800000-7fd91a801000 rw-p 00002000 08:01 3417                       /usr/lib/x86_64-linux-gnu/libXcomposite.so.1.0.0
7fd91a801000-7fd91a80a000 r-xp 00000000 08:01 2819                       /usr/lib/x86_64-linux-gnu/libXcursor.so.1.0.2
7fd91a80a000-7fd91aa09000 ---p 00009000 08:01 2819                       /usr/lib/x86_64-linux-gnu/libXcursor.so.1.0.2
7fd91aa09000-7fd91aa0a000 r--p 00008000 08:01 2819                       /usr/lib/x86_64-linux-gnu/libXcursor.so.1.0.2
7fd91aa0a000-7fd91aa0b000 rw-p 00009000 08:01 2819                       /usr/lib/x86_64-linux-gnu/libXcursor.so.1.0.2
7fd91aa0b000-7fd91aa14000 r-xp 00000000 08:01 6537                       /usr/lib/x86_64-linux-gnu/libXrandr.so.2.2.0
7fd91aa14000-7fd91ac13000 ---p 00009000 08:01 6537                       /usr/lib/x86_64-linux-gnu/libXrandr.so.2.2.0
7fd91ac13000-7fd91ac14000 r--p 00008000 08:01 6537                       /usr/lib/x86_64-linux-gnu/libXrandr.so.2.2.0
7fd91ac14000-7fd91ac15000 rw-p 00009000 08:01 6537                       /usr/lib/x86_64-linux-gnu/libXrandr.so.2.2.0
7fd91ac15000-7fd91ac17000 r-xp 00000000 08:01 6486                       /usr/lib/x86_64-linux-gnu/libXinerama.so.1.0.0
7fd91ac17000-7fd91ae16000 ---p 00002000 08:01 6486                       /usr/lib/x86_64-linux-gnu/libXinerama.so.1.0.0
7fd91ae16000-7fd91ae17000 r--p 00001000 08:01 6486                       /usr/lib/x86_64-linux-gnu/libXinerama.so.1.0.0
7fd91ae17000-7fd91ae18000 rw-p 00002000 08:01 6486                       /usr/lib/x86_64-linux-gnu/libXinerama.so.1.0.0
7fd91ae18000-7fd91ae2c000 r-xp 00000000 08:01 8322                       /usr/lib/x86_64-linux-gnu/libpangoft2-1.0.so.0.3200.5
7fd91ae2c000-7fd91b02b000 ---p 00014000 08:01 8322                       /usr/lib/x86_64-linux-gnu/libpangoft2-1.0.so.0.3200.5
7fd91b02b000-7fd91b02c000 r--p 00013000 08:01 8322                       /usr/lib/x86_64-linux-gnu/libpangoft2-1.0.so.0.3200.5
7fd91b02c000-7fd91b02d000 rw-p 00014000 08:01 8322                       /usr/lib/x86_64-linux-gnu/libpangoft2-1.0.so.0.3200.5
7fd91b02d000-7fd91b131000 r-xp 00000000 08:01 2246                       /usr/lib/x86_64-linux-gnu/libcairo.so.2.11200.16
7fd91b131000-7fd91b330000 ---p 00104000 08:01 2246                       /usr/lib/x86_64-linux-gnu/libcairo.so.2.11200.16
7fd91b330000-7fd91b333000 r--p 00103000 08:01 2246                       /usr/lib/x86_64-linux-gnu/libcairo.so.2.11200.16
7fd91b333000-7fd91b334000 rw-p 00106000 08:01 2246                       /usr/lib/x86_64-linux-gnu/libcairo.so.2.11200.16
7fd91b334000-7fd91b336000 rw-p 00000000 00:00 0 
7fd91b336000-7fd91b355000 r-xp 00000000 08:01 4129                       /usr/lib/x86_64-linux-gnu/libatk-1.0.so.0.21009.1
7fd91b355000-7fd91b555000 ---p 0001f000 08:01 4129                       /usr/lib/x86_64-linux-gnu/libatk-1.0.so.0.21009.1
7fd91b555000-7fd91b557000 r--p 0001f000 08:01 4129                       /usr/lib/x86_64-linux-gnu/libatk-1.0.so.0.21009.1
7fd91b557000-7fd91b558000 rw-p 00021000 08:01 4129                       /usr/lib/x86_64-linux-gnu/libatk-1.0.so.0.21009.1
7fd91b558000-7fd91b55d000 r-xp 00000000 08:01 1304                       /usr/lib/x86_64-linux-gnu/libXfixes.so.3.1.0
7fd91b55d000-7fd91b75c000 ---p 00005000 08:01 1304                       /usr/lib/x86_64-linux-gnu/libXfixes.so.3.1.0
7fd91b75c000-7fd91b75d000 r--p 00004000 08:01 1304                       /usr/lib/x86_64-linux-gnu/libXfixes.so.3.1.0
7fd91b75d000-7fd91b75e000 rw-p 00005000 08:01 1304                       /usr/lib/x86_64-linux-gnu/libXfixes.so.3.1.0
7fd91b75e000-7fd91b769000 r-xp 00000000 08:01 8324                       /usr/lib/x86_64-linux-gnu/libpangocairo-1.0.so.0.3200.5
7fd91b769000-7fd91b969000 ---p 0000b000 08:01 8324                       /usr/lib/x86_64-linux-gnu/libpangocairo-1.0.so.0.3200.5
7fd91b969000-7fd91b96a000 r--p 0000b000 08:01 8324                       /usr/lib/x86_64-linux-gnu/libpangocairo-1.0.so.0.3200.5
7fd91b96a000-7fd91b96b000 rw-p 0000c000 08:01 8324                       /usr/lib/x86_64-linux-gnu/libpangocairo-1.0.so.0.3200.5
7fd91b96b000-7fd91b96e000 r-xp 00000000 08:01 410                        /usr/lib/x86_64-linux-gnu/libgmodule-2.0.so.0.3800.0
7fd91b96e000-7fd91bb6d000 ---p 00003000 08:01 410                        /usr/lib/x86_64-linux-gnu/libgmodule-2.0.so.0.3800.0
7fd91bb6d000-7fd91bb6e000 r--p 00002000 08:01 410                        /usr/lib/x86_64-linux-gnu/libgmodule-2.0.so.0.3800.0
7fd91bb6e000-7fd91bb6f000 rw-p 00003000 08:01 410                        /usr/lib/x86_64-linux-gnu/libgmodule-2.0.so.0.3800.0
7fd91bb6f000-7fd91bb8c000 r-xp 00000000 08:01 5025                       /usr/lib/x86_64-linux-gnu/libxcb.so.1.1.0
7fd91bb8c000-7fd91bd8b000 ---p 0001d000 08:01 5025                       /usr/lib/x86_64-linux-gnu/libxcb.so.1.1.0
7fd91bd8b000-7fd91bd8c000 r--p 0001c000 08:01 5025                       /usr/lib/x86_64-linux-gnu/libxcb.so.1.1.0
7fd91bd8c000-7fd91bd8d000 rw-p 0001d000 08:01 5025                       /usr/lib/x86_64-linux-gnu/libxcb.so.1.1.0
7fd91bd8d000-7fd91bdf9000 r-xp 00000000 08:01 143                        /usr/lib/x86_64-linux-gnu/libcups.so.2
7fd91bdf9000-7fd91bff8000 ---p 0006c000 08:01 143                        /usr/lib/x86_64-linux-gnu/libcups.so.2
7fd91bff8000-7fd91bfff000 r--p 0006b000 08:01 143                        /usr/lib/x86_64-linux-gnu/libcups.so.2
7fd91bfff000-7fd91c000000 rw-p 00072000 08:01 143                        /usr/lib/x86_64-linux-gnu/libcups.so.2
7fd91c000000-7fd91c021000 rw-p 00000000 00:00 0 
7fd91c021000-7fd920000000 ---p 00000000 00:00 0 
7fd920000000-7fd920021000 rw-p 00000000 00:00 0 
7fd920021000-7fd924000000 ---p 00000000 00:00 0 
7fd924000000-7fd924021000 rw-p 00000000 00:00 0 
7fd924021000-7fd928000000 ---p 00000000 00:00 0 
7fd928000000-7fd928021000 rw-p 00000000 00:00 0 
7fd928021000-7fd92c000000 ---p 00000000 00:00 0 
7fd92c000000-7fd92c09f000 rw-p 00000000 00:00 0 
7fd92c09f000-7fd930000000 ---p 00000000 00:00 0 
7fd930058000-7fd930156000 r-xp 00000000 08:01 265079                     /lib/x86_64-linux-gnu/libglib-2.0.so.0.3800.0
7fd930156000-7fd930356000 ---p 000fe000 08:01 265079                     /lib/x86_64-linux-gnu/libglib-2.0.so.0.3800.0
7fd930356000-7fd930357000 r--p 000fe000 08:01 265079                     /lib/x86_64-linux-gnu/libglib-2.0.so.0.3800.0
7fd930357000-7fd930358000 rw-p 000ff000 08:01 265079                     /lib/x86_64-linux-gnu/libglib-2.0.so.0.3800.0
7fd930358000-7fd930359000 rw-p 00000000 00:00 0 
7fd930359000-7fd93035a000 r-xp 00000000 08:01 4106                       /usr/lib/x86_64-linux-gnu/libgthread-2.0.so.0.3800.0
7fd93035a000-7fd930559000 ---p 00001000 08:01 4106                       /usr/lib/x86_64-linux-gnu/libgthread-2.0.so.0.3800.0
7fd930559000-7fd93055a000 r--p 00000000 08:01 4106                       /usr/lib/x86_64-linux-gnu/libgthread-2.0.so.0.3800.0
7fd93055a000-7fd93055b000 rw-p 00001000 08:01 4106                       /usr/lib/x86_64-linux-gnu/libgthread-2.0.so.0.3800.0
7fd93055b000-7fd9305aa000 r-xp 00000000 08:01 4104                       /usr/lib/x86_64-linux-gnu/libgobject-2.0.so.0.3800.0
7fd9305aa000-7fd9307aa000 ---p 0004f000 08:01 4104                       /usr/lib/x86_64-linux-gnu/libgobject-2.0.so.0.3800.0
7fd9307aa000-7fd9307ab000 r--p 0004f000 08:01 4104                       /usr/lib/x86_64-linux-gnu/libgobject-2.0.so.0.3800.0
7fd9307ab000-7fd9307ac000 rw-p 00050000 08:01 4104                       /usr/lib/x86_64-linux-gnu/libgobject-2.0.so.0.3800.0
7fd9307ac000-7fd9307e5000 r-xp 00000000 08:01 578                        /usr/lib/x86_64-linux-gnu/libfontconfig.so.1.7.0
7fd9307e5000-7fd9309e5000 ---p 00039000 08:01 578                        /usr/lib/x86_64-linux-gnu/libfontconfig.so.1.7.0
7fd9309e5000-7fd9309e7000 r--p 00039000 08:01 578                        /usr/lib/x86_64-linux-gnu/libfontconfig.so.1.7.0
7fd9309e7000-7fd9309e8000 rw-p 0003b000 08:01 578                        /usr/lib/x86_64-linux-gnu/libfontconfig.so.1.7.0
7fd9309e8000-7fd930a32000 r-xp 00000000 08:01 299                        /usr/lib/x86_64-linux-gnu/libpango-1.0.so.0.3200.5
7fd930a32000-7fd930c31000 ---p 0004a000 08:01 299                        /usr/lib/x86_64-linux-gnu/libpango-1.0.so.0.3200.5
7fd930c31000-7fd930c33000 r--p 00049000 08:01 299                        /usr/lib/x86_64-linux-gnu/libpango-1.0.so.0.3200.5
7fd930c33000-7fd930c34000 rw-p 0004b000 08:01 299                        /usr/lib/x86_64-linux-gnu/libpango-1.0.so.0.3200.5
7fd930c34000-7fd930c53000 r-xp 00000000 08:01 2688                       /usr/lib/x86_64-linux-gnu/libgdk_pixbuf-2.0.so.0.2800.1
7fd930c53000-7fd930e52000 ---p 0001f000 08:01 2688                       /usr/lib/x86_64-linux-gnu/libgdk_pixbuf-2.0.so.0.2800.1
7fd930e52000-7fd930e53000 r--p 0001e000 08:01 2688                       /usr/lib/x86_64-linux-gnu/libgdk_pixbuf-2.0.so.0.2800.1
7fd930e53000-7fd930e54000 rw-p 0001f000 08:01 2688                       /usr/lib/x86_64-linux-gnu/libgdk_pixbuf-2.0.so.0.2800.1
7fd930e54000-7fd930fb0000 r-xp 00000000 08:01 4105                       /usr/lib/x86_64-linux-gnu/libgio-2.0.so.0.3800.0
7fd930fb0000-7fd9311af000 ---p 0015c000 08:01 4105                       /usr/lib/x86_64-linux-gnu/libgio-2.0.so.0.3800.0
7fd9311af000-7fd9311b3000 r--p 0015b000 08:01 4105                       /usr/lib/x86_64-linux-gnu/libgio-2.0.so.0.3800.0
7fd9311b3000-7fd9311b5000 rw-p 0015f000 08:01 4105                       /usr/lib/x86_64-linux-gnu/libgio-2.0.so.0.3800.0
7fd9311b5000-7fd9311b7000 rw-p 00000000 00:00 0 
7fd9311b7000-7fd931264000 r-xp 00000000 08:01 2575                       /usr/lib/x86_64-linux-gnu/libgdk-x11-2.0.so.0.2400.20
7fd931264000-7fd931463000 ---p 000ad000 08:01 2575                       /usr/lib/x86_64-linux-gnu/libgdk-x11-2.0.so.0.2400.20
7fd931463000-7fd931467000 r--p 000ac000 08:01 2575                       /usr/lib/x86_64-linux-gnu/libgdk-x11-2.0.so.0.2400.20
7fd931467000-7fd931469000 rw-p 000b0000 08:01 2575                       /usr/lib/x86_64-linux-gnu/libgdk-x11-2.0.so.0.2400.20
7fd931469000-7fd931898000 r-xp 00000000 08:01 2574                       /usr/lib/x86_64-linux-gnu/libgtk-x11-2.0.so.0.2400.20
7fd931898000-7fd931a97000 ---p 0042f000 08:01 2574                       /usr/lib/x86_64-linux-gnu/libgtk-x11-2.0.so.0.2400.20
7fd931a97000-7fd931a9e000 r--p 0042e000 08:01 2574                       /usr/lib/x86_64-linux-gnu/libgtk-x11-2.0.so.0.2400.20
7fd931a9e000-7fd931aa2000 rw-p 00435000 08:01 2574                       /usr/lib/x86_64-linux-gnu/libgtk-x11-2.0.so.0.2400.20
7fd931aa2000-7fd931aa5000 rw-p 00000000 00:00 0 
7fd931aa5000-7fd931ab4000 r-xp 00000000 08:01 811                        /usr/lib/x86_64-linux-gnu/libXi.so.6.1.0
7fd931ab4000-7fd931cb3000 ---p 0000f000 08:01 811                        /usr/lib/x86_64-linux-gnu/libXi.so.6.1.0
7fd931cb3000-7fd931cb4000 r--p 0000e000 08:01 811                        /usr/lib/x86_64-linux-gnu/libXi.so.6.1.0
7fd931cb4000-7fd931cb5000 rw-p 0000f000 08:01 811                        /usr/lib/x86_64-linux-gnu/libXi.so.6.1.0
7fd931cb5000-7fd931cba000 r-xp 00000000 08:01 2701                       /usr/lib/x86_64-linux-gnu/libXtst.so.6.1.0
7fd931cba000-7fd931eb9000 ---p 00005000 08:01 2701                       /usr/lib/x86_64-linux-gnu/libXtst.so.6.1.0
7fd931eb9000-7fd931eba000 r--p 00004000 08:01 2701                       /usr/lib/x86_64-linux-gnu/libXtst.so.6.1.0
7fd931eba000-7fd931ebb000 rw-p 00005000 08:01 2701                       /usr/lib/x86_64-linux-gnu/libXtst.so.6.1.0
7fd931ebb000-7fd931ec4000 r-xp 00000000 08:01 2238                       /usr/lib/x86_64-linux-gnu/libXrender.so.1.3.0
7fd931ec4000-7fd9320c3000 ---p 00009000 08:01 2238                       /usr/lib/x86_64-linux-gnu/libXrender.so.1.3.0
7fd9320c3000-7fd9320c4000 r--p 00008000 08:01 2238                       /usr/lib/x86_64-linux-gnu/libXrender.so.1.3.0
7fd9320c4000-7fd9320c5000 rw-p 00009000 08:01 2238                       /usr/lib/x86_64-linux-gnu/libXrender.so.1.3.0
7fd9320c5000-7fd9321f5000 r-xp 00000000 08:01 5042                       /usr/lib/x86_64-linux-gnu/libX11.so.6.3.0
7fd9321f5000-7fd9323f5000 ---p 00130000 08:01 5042                       /usr/lib/x86_64-linux-gnu/libX11.so.6.3.0
7fd9323f5000-7fd9323f6000 r--p 00130000 08:01 5042                       /usr/lib/x86_64-linux-gnu/libX11.so.6.3.0
7fd9323f6000-7fd9323fa000 rw-p 00131000 08:01 5042                       /usr/lib/x86_64-linux-gnu/libX11.so.6.3.0
7fd9323fa000-7fd93240b000 r-xp 00000000 08:01 5044                       /usr/lib/x86_64-linux-gnu/libXext.so.6.4.0
7fd93240b000-7fd93260a000 ---p 00011000 08:01 5044                       /usr/lib/x86_64-linux-gnu/libXext.so.6.4.0
7fd93260a000-7fd93260b000 r--p 00010000 08:01 5044                       /usr/lib/x86_64-linux-gnu/libXext.so.6.4.0
7fd93260b000-7fd93260c000 rw-p 00011000 08:01 5044                       /usr/lib/x86_64-linux-gnu/libXext.so.6.4.0
7fd93260c000-7fd93265d000 r-xp 00000000 08:01 136525                     /usr/lib/jvm/java-7-openjdk-amd64/jre/lib/amd64/xawt/libmawt.so
7fd93265d000-7fd93285c000 ---p 00051000 08:01 136525                     /usr/lib/jvm/java-7-openjdk-amd64/jre/lib/amd64/xawt/libmawt.so
7fd93285c000-7fd93285d000 r--p 00050000 08:01 136525                     /usr/lib/jvm/java-7-openjdk-amd64/jre/lib/amd64/xawt/libmawt.so
7fd93285d000-7fd932860000 rw-p 00051000 08:01 136525                     /usr/lib/jvm/java-7-openjdk-amd64/jre/lib/amd64/xawt/libmawt.so
7fd932860000-7fd932861000 rw-p 00000000 00:00 0 
7fd932861000-7fd932902000 r-xp 00000000 08:01 136645                     /usr/lib/jvm/java-7-openjdk-amd64/jre/lib/amd64/libawt.so
7fd932902000-7fd932b01000 ---p 000a1000 08:01 136645                     /usr/lib/jvm/java-7-openjdk-amd64/jre/lib/amd64/libawt.so
7fd932b01000-7fd932b02000 r--p 000a0000 08:01 136645                     /usr/lib/jvm/java-7-openjdk-amd64/jre/lib/amd64/libawt.so
7fd932b02000-7fd932b0d000 rw-p 000a1000 08:01 136645                     /usr/lib/jvm/java-7-openjdk-amd64/jre/lib/amd64/libawt.so
7fd932b0d000-7fd932b32000 rw-p 00000000 00:00 0 
7fd932b32000-7fd932b33000 ---p 00000000 00:00 0 
7fd932b33000-7fd932c33000 rw-p 00000000 00:00 0                          [stack:6653]
7fd932c33000-7fd933600000 r--p 00000000 08:01 4845                       /usr/lib/locale/locale-archive
7fd933600000-7fd935000000 rw-p 00000000 00:00 0 
7fd935000000-7fd935270000 rwxp 00000000 00:00 0 
7fd935270000-7fd93851d000 rw-p 00000000 00:00 0 
7fd93851d000-7fd93c000000 ---p 00000000 00:00 0 
7fd93c003000-7fd93c004000 rw-p 00000000 00:00 0 
7fd93c08e000-7fd93c08f000 rw-p 00000000 00:00 0 
7fd93c08f000-7fd93c090000 r--s 00005000 08:01 678196                     /home/twalthr/Projekte/Mobile Interaction/repo/ClimbOrDie/library/user/SimpleOpenNI/SimpleOpenNI.jar
7fd93c090000-7fd93c099000 r--s 000bc000 08:01 136765                     /usr/lib/jvm/java-7-openjdk-common/jre/lib/resources.jar
7fd93c099000-7fd93c0a0000 r--s 00000000 08:01 154912                     /usr/lib/x86_64-linux-gnu/gconv/gconv-modules.cache
7fd93c0a0000-7fd93c0c6000 r--p 00000000 08:01 658015                     /usr/share/locale-langpack/de/LC_MESSAGES/libc.mo
7fd93c0c6000-7fd93c0cb000 r--s 0008e000 08:01 677345                     /home/twalthr/Projekte/Mobile Interaction/repo/ClimbOrDie/library/base/core/core.jar
7fd93c0cb000-7fd93c0ce000 r--s 00032000 08:01 136745                     /usr/lib/jvm/java-7-openjdk-common/jre/lib/ext/sunjce_provider.jar
7fd93c0ce000-7fd93c0d1000 r--s 0000f000 08:01 136737                     /usr/lib/jvm/java-7-openjdk-common/jre/lib/ext/pulse-java.jar
7fd93c0d1000-7fd93c0d4000 ---p 00000000 00:00 0 
7fd93c0d4000-7fd93c1d2000 rw-p 00000000 00:00 0                          [stack:6652]
7fd93c1d2000-7fd93c1d5000 ---p 00000000 00:00 0 
7fd93c1d5000-7fd93c2d3000 rw-p 00000000 00:00 0                          [stack:6651]
7fd93c2d3000-7fd93c2d6000 ---p 00000000 00:00 0 
7fd93c2d6000-7fd93c3d4000 rw-p 00000000 00:00 0                          [stack:6650]
7fd93c3d4000-7fd93c3d7000 ---p 00000000 00:00 0 
7fd93c3d7000-7fd93c4d5000 rw-p 00000000 00:00 0                          [stack:6649]
7fd93c4d5000-7fd93c4d8000 ---p 00000000 00:00 0 
7fd93c4d8000-7fd93c5d6000 rw-p 00000000 00:00 0                          [stack:6647]
7fd93c5d6000-7fd93c5d9000 ---p 00000000 00:00 0 
7fd93c5d9000-7fd93c6d7000 rw-p 00000000 00:00 0                          [stack:6646]
7fd93c6d7000-7fd93c6d8000 ---p 00000000 00:00 0 
7fd93c6d8000-7fd93d18f000 rw-p 00000000 00:00 0                          [stack:6645]
7fd93d18f000-7fd93d33c000 r--s 01cec000 08:01 136599                     /usr/lib/jvm/java-7-openjdk-amd64/jre/lib/rt.jar
7fd93d33c000-7fd93d9e4000 rw-p 00000000 00:00 0 
7fd93d9e4000-7fd93d9e5000 ---p 00000000 00:00 0 
7fd93d9e5000-7fd93dae5000 rw-p 00000000 00:00 0                          [stack:6644]
7fd93dae5000-7fd93dae6000 ---p 00000000 00:00 0 
7fd93dae6000-7fd93dbf2000 rw-p 00000000 00:00 0                          [stack:6643]
7fd93dbf2000-7fd93dc39000 rw-p 00000000 00:00 0 
7fd93dc39000-7fd93dc7e000 rw-p 00000000 00:00 0 
7fd93dc7e000-7fd93dc83000 ---p 00000000 00:00 0 
7fd93dc83000-7fd93dd17000 rw-p 00000000 00:00 0 
7fd93dd17000-7fd93dd23000 rw-p 00000000 00:00 0 
7fd93dd23000-7fd93dd6a000 rw-p 00000000 00:00 0 
7fd93dd6a000-7fd93ddaf000 rw-p 00000000 00:00 0 
7fd93ddaf000-7fd93ddb4000 ---p 00000000 00:00 0 
7fd93ddb4000-7fd93de48000 rw-p 00000000 00:00 0 
7fd93de48000-7fd93de77000 rw-p 00000000 00:00 0 
7fd93de77000-7fd93deb7000 rw-p 00000000 00:00 0 
7fd93deb7000-7fd93deb8000 rw-p 00000000 00:00 0 
7fd93deb8000-7fd93dec0000 r-xp 00000000 08:01 136673                     /usr/lib/jvm/java-7-openjdk-amd64/jre/lib/amd64/libzip.so
7fd93dec0000-7fd93e0bf000 ---p 00008000 08:01 136673                     /usr/lib/jvm/java-7-openjdk-amd64/jre/lib/amd64/libzip.so
7fd93e0bf000-7fd93e0c0000 r--p 00007000 08:01 136673                     /usr/lib/jvm/java-7-openjdk-amd64/jre/lib/amd64/libzip.so
7fd93e0c0000-7fd93e0c1000 rw-p 00008000 08:01 136673                     /usr/lib/jvm/java-7-openjdk-amd64/jre/lib/amd64/libzip.so
7fd93e0c1000-7fd93e0cd000 r-xp 00000000 08:01 265361                     /lib/x86_64-linux-gnu/libnss_files-2.17.so
7fd93e0cd000-7fd93e2cc000 ---p 0000c000 08:01 265361                     /lib/x86_64-linux-gnu/libnss_files-2.17.so
7fd93e2cc000-7fd93e2cd000 r--p 0000b000 08:01 265361                     /lib/x86_64-linux-gnu/libnss_files-2.17.so
7fd93e2cd000-7fd93e2ce000 rw-p 0000c000 08:01 265361                     /lib/x86_64-linux-gnu/libnss_files-2.17.so
7fd93e2ce000-7fd93e2d9000 r-xp 00000000 08:01 265357                     /lib/x86_64-linux-gnu/libnss_nis-2.17.so
7fd93e2d9000-7fd93e4d8000 ---p 0000b000 08:01 265357                     /lib/x86_64-linux-gnu/libnss_nis-2.17.so
7fd93e4d8000-7fd93e4d9000 r--p 0000a000 08:01 265357                     /lib/x86_64-linux-gnu/libnss_nis-2.17.so
7fd93e4d9000-7fd93e4da000 rw-p 0000b000 08:01 265357                     /lib/x86_64-linux-gnu/libnss_nis-2.17.so
7fd93e4da000-7fd93e4f1000 r-xp 00000000 08:01 265329                     /lib/x86_64-linux-gnu/libnsl-2.17.so
7fd93e4f1000-7fd93e6f0000 ---p 00017000 08:01 265329                     /lib/x86_64-linux-gnu/libnsl-2.17.so
7fd93e6f0000-7fd93e6f1000 r--p 00016000 08:01 265329                     /lib/x86_64-linux-gnu/libnsl-2.17.so
7fd93e6f1000-7fd93e6f2000 rw-p 00017000 08:01 265329                     /lib/x86_64-linux-gnu/libnsl-2.17.so
7fd93e6f2000-7fd93e6f4000 rw-p 00000000 00:00 0 
7fd93e6f4000-7fd93e6fc000 r-xp 00000000 08:01 265334                     /lib/x86_64-linux-gnu/libnss_compat-2.17.so
7fd93e6fc000-7fd93e8fb000 ---p 00008000 08:01 265334                     /lib/x86_64-linux-gnu/libnss_compat-2.17.so
7fd93e8fb000-7fd93e8fc000 r--p 00007000 08:01 265334                     /lib/x86_64-linux-gnu/libnss_compat-2.17.so
7fd93e8fc000-7fd93e8fd000 rw-p 00008000 08:01 265334                     /lib/x86_64-linux-gnu/libnss_compat-2.17.so
7fd93e8fd000-7fd93e928000 r-xp 00000000 08:01 136643                     /usr/lib/jvm/java-7-openjdk-amd64/jre/lib/amd64/libjava.so
7fd93e928000-7fd93eb27000 ---p 0002b000 08:01 136643                     /usr/lib/jvm/java-7-openjdk-amd64/jre/lib/amd64/libjava.so
7fd93eb27000-7fd93eb28000 r--p 0002a000 08:01 136643                     /usr/lib/jvm/java-7-openjdk-amd64/jre/lib/amd64/libjava.so
7fd93eb28000-7fd93eb2a000 rw-p 0002b000 08:01 136643                     /usr/lib/jvm/java-7-openjdk-amd64/jre/lib/amd64/libjava.so
7fd93eb2a000-7fd93eb3a000 r-xp 00000000 08:01 136641                     /usr/lib/jvm/java-7-openjdk-amd64/jre/lib/amd64/libverify.so
7fd93eb3a000-7fd93ed39000 ---p 00010000 08:01 136641                     /usr/lib/jvm/java-7-openjdk-amd64/jre/lib/amd64/libverify.so
7fd93ed39000-7fd93ed3b000 r--p 0000f000 08:01 136641                     /usr/lib/jvm/java-7-openjdk-amd64/jre/lib/amd64/libverify.so
7fd93ed3b000-7fd93ed3c000 rw-p 00011000 08:01 136641                     /usr/lib/jvm/java-7-openjdk-amd64/jre/lib/amd64/libverify.so
7fd93ed3c000-7fd93ed43000 r-xp 00000000 08:01 265366                     /lib/x86_64-linux-gnu/librt-2.17.so
7fd93ed43000-7fd93ef42000 ---p 00007000 08:01 265366                     /lib/x86_64-linux-gnu/librt-2.17.so
7fd93ef42000-7fd93ef43000 r--p 00006000 08:01 265366                     /lib/x86_64-linux-gnu/librt-2.17.so
7fd93ef43000-7fd93ef44000 rw-p 00007000 08:01 265366                     /lib/x86_64-linux-gnu/librt-2.17.so
7fd93ef44000-7fd93ef59000 r-xp 00000000 08:01 262710                     /lib/x86_64-linux-gnu/libgcc_s.so.1
7fd93ef59000-7fd93f158000 ---p 00015000 08:01 262710                     /lib/x86_64-linux-gnu/libgcc_s.so.1
7fd93f158000-7fd93f159000 r--p 00014000 08:01 262710                     /lib/x86_64-linux-gnu/libgcc_s.so.1
7fd93f159000-7fd93f15a000 rw-p 00015000 08:01 262710                     /lib/x86_64-linux-gnu/libgcc_s.so.1
7fd93f15a000-7fd93f25d000 r-xp 00000000 08:01 265341                     /lib/x86_64-linux-gnu/libm-2.17.so
7fd93f25d000-7fd93f45c000 ---p 00103000 08:01 265341                     /lib/x86_64-linux-gnu/libm-2.17.so
7fd93f45c000-7fd93f45d000 r--p 00102000 08:01 265341                     /lib/x86_64-linux-gnu/libm-2.17.so
7fd93f45d000-7fd93f45e000 rw-p 00103000 08:01 265341                     /lib/x86_64-linux-gnu/libm-2.17.so
7fd93f45e000-7fd93f544000 r-xp 00000000 08:01 2849                       /usr/lib/x86_64-linux-gnu/libstdc++.so.6.0.18
7fd93f544000-7fd93f743000 ---p 000e6000 08:01 2849                       /usr/lib/x86_64-linux-gnu/libstdc++.so.6.0.18
7fd93f743000-7fd93f74b000 r--p 000e5000 08:01 2849                       /usr/lib/x86_64-linux-gnu/libstdc++.so.6.0.18
7fd93f74b000-7fd93f74d000 rw-p 000ed000 08:01 2849                       /usr/lib/x86_64-linux-gnu/libstdc++.so.6.0.18
7fd93f74d000-7fd93f762000 rw-p 00000000 00:00 0 
7fd93f762000-7fd940170000 r-xp 00000000 08:01 136651                     /usr/lib/jvm/java-7-openjdk-amd64/jre/lib/amd64/server/libjvm.so
7fd940170000-7fd94036f000 ---p 00a0e000 08:01 136651                     /usr/lib/jvm/java-7-openjdk-amd64/jre/lib/amd64/server/libjvm.so
7fd94036f000-7fd9403e8000 r--p 00a0d000 08:01 136651                     /usr/lib/jvm/java-7-openjdk-amd64/jre/lib/amd64/server/libjvm.so
7fd9403e8000-7fd94040b000 rw-p 00a86000 08:01 136651                     /usr/lib/jvm/java-7-openjdk-amd64/jre/lib/amd64/server/libjvm.so
7fd94040b000-7fd940436000 rw-p 00000000 00:00 0 
7fd940436000-7fd94044e000 r-xp 00000000 08:01 263581                     /lib/x86_64-linux-gnu/libz.so.1.2.8
7fd94044e000-7fd94064d000 ---p 00018000 08:01 263581                     /lib/x86_64-linux-gnu/libz.so.1.2.8
7fd94064d000-7fd94064e000 r--p 00017000 08:01 263581                     /lib/x86_64-linux-gnu/libz.so.1.2.8
7fd94064e000-7fd94064f000 rw-p 00018000 08:01 263581                     /lib/x86_64-linux-gnu/libz.so.1.2.8
7fd94064f000-7fd940666000 r-xp 00000000 08:01 265397                     /lib/x86_64-linux-gnu/libpthread-2.17.so
7fd940666000-7fd940866000 ---p 00017000 08:01 265397                     /lib/x86_64-linux-gnu/libpthread-2.17.so
7fd940866000-7fd940867000 r--p 00017000 08:01 265397                     /lib/x86_64-linux-gnu/libpthread-2.17.so
7fd940867000-7fd940868000 rw-p 00018000 08:01 265397                     /lib/x86_64-linux-gnu/libpthread-2.17.so
7fd940868000-7fd94086c000 rw-p 00000000 00:00 0 
7fd94086c000-7fd94086f000 r-xp 00000000 08:01 265396                     /lib/x86_64-linux-gnu/libdl-2.17.so
7fd94086f000-7fd940a6e000 ---p 00003000 08:01 265396                     /lib/x86_64-linux-gnu/libdl-2.17.so
7fd940a6e000-7fd940a6f000 r--p 00002000 08:01 265396                     /lib/x86_64-linux-gnu/libdl-2.17.so
7fd940a6f000-7fd940a70000 rw-p 00003000 08:01 265396                     /lib/x86_64-linux-gnu/libdl-2.17.so
7fd940a70000-7fd940c2d000 r-xp 00000000 08:01 265395                     /lib/x86_64-linux-gnu/libc-2.17.so
7fd940c2d000-7fd940e2d000 ---p 001bd000 08:01 265395                     /lib/x86_64-linux-gnu/libc-2.17.so
7fd940e2d000-7fd940e31000 r--p 001bd000 08:01 265395                     /lib/x86_64-linux-gnu/libc-2.17.so
7fd940e31000-7fd940e33000 rw-p 001c1000 08:01 265395                     /lib/x86_64-linux-gnu/libc-2.17.so
7fd940e33000-7fd940e38000 rw-p 00000000 00:00 0 
7fd940e38000-7fd940e45000 r-xp 00000000 08:01 136609                     /usr/lib/jvm/java-7-openjdk-amd64/jre/lib/amd64/jli/libjli.so
7fd940e45000-7fd941044000 ---p 0000d000 08:01 136609                     /usr/lib/jvm/java-7-openjdk-amd64/jre/lib/amd64/jli/libjli.so
7fd941044000-7fd941045000 r--p 0000c000 08:01 136609                     /usr/lib/jvm/java-7-openjdk-amd64/jre/lib/amd64/jli/libjli.so
7fd941045000-7fd941046000 rw-p 0000d000 08:01 136609                     /usr/lib/jvm/java-7-openjdk-amd64/jre/lib/amd64/jli/libjli.so
7fd941046000-7fd941069000 r-xp 00000000 08:01 265354                     /lib/x86_64-linux-gnu/ld-2.17.so
7fd941069000-7fd94106b000 r--s 00006000 08:01 151194                     /usr/share/java/java-atk-wrapper.jar
7fd94106b000-7fd941096000 rw-p 00000000 00:00 0 
7fd941096000-7fd94114c000 rw-p 00000000 00:00 0 
7fd94114c000-7fd94114f000 ---p 00000000 00:00 0 
7fd94114f000-7fd941252000 rw-p 00000000 00:00 0                          [stack:6642]
7fd941252000-7fd941253000 r--s 00002000 08:01 136757                     /usr/lib/jvm/java-7-openjdk-common/jre/lib/ext/dnsns.jar
7fd941253000-7fd941257000 r--s 00085000 08:01 136749                     /usr/lib/jvm/java-7-openjdk-common/jre/lib/ext/localedata.jar
7fd941257000-7fd941259000 r--s 00012000 08:01 136741                     /usr/lib/jvm/java-7-openjdk-common/jre/lib/ext/zipfs.jar
7fd941259000-7fd94125c000 r--s 0003c000 08:01 136753                     /usr/lib/jvm/java-7-openjdk-common/jre/lib/ext/sunpkcs11.jar
7fd94125c000-7fd941264000 rw-s 00000000 08:01 677406                     /tmp/hsperfdata_twalthr/6637
7fd941264000-7fd941265000 rw-p 00000000 00:00 0 
7fd941265000-7fd941266000 r--p 00000000 00:00 0 
7fd941266000-7fd941268000 rw-p 00000000 00:00 0 
7fd941268000-7fd941269000 r--p 00022000 08:01 265354                     /lib/x86_64-linux-gnu/ld-2.17.so
7fd941269000-7fd94126b000 rw-p 00023000 08:01 265354                     /lib/x86_64-linux-gnu/ld-2.17.so
7fff24df5000-7fff24e16000 rw-p 00000000 00:00 0                          [stack]
7fff24f69000-7fff24f6b000 r-xp 00000000 00:00 0                          [vdso]
ffffffffff600000-ffffffffff601000 r-xp 00000000 00:00 0                  [vsyscall]

VM Arguments:
jvm_args: -Dfile.encoding=UTF-8 
java_command: ClimbOrDie
Launcher Type: SUN_STANDARD

Environment Variables:
PATH=/usr/lib/lightdm/lightdm:/usr/local/sbin:/usr/local/bin:/usr/sbin:/usr/bin:/sbin:/bin:/usr/games:/usr/local/games
SHELL=/bin/bash
DISPLAY=:0.0

Signal Handlers:
SIGSEGV: [libjvm.so+0x871410], sa_mask[0]=0x7ffbfeff, sa_flags=0x10000004
SIGBUS: [libjvm.so+0x871410], sa_mask[0]=0x7ffbfeff, sa_flags=0x10000004
SIGFPE: [libjvm.so+0x709540], sa_mask[0]=0x7ffbfeff, sa_flags=0x10000004
SIGPIPE: [libjvm.so+0x709540], sa_mask[0]=0x7ffbfeff, sa_flags=0x10000004
SIGXFSZ: [libjvm.so+0x709540], sa_mask[0]=0x7ffbfeff, sa_flags=0x10000004
SIGILL: [libjvm.so+0x709540], sa_mask[0]=0x7ffbfeff, sa_flags=0x10000004
SIGUSR1: SIG_DFL, sa_mask[0]=0x00000000, sa_flags=0x00000000
SIGUSR2: [libjvm.so+0x709270], sa_mask[0]=0x00000004, sa_flags=0x10000004
SIGHUP: [libjvm.so+0x709550], sa_mask[0]=0x7ffbfeff, sa_flags=0x10000004
SIGINT: [libjvm.so+0x709550], sa_mask[0]=0x7ffbfeff, sa_flags=0x10000004
SIGTERM: [libjvm.so+0x709550], sa_mask[0]=0x7ffbfeff, sa_flags=0x10000004
SIGQUIT: [libjvm.so+0x709550], sa_mask[0]=0x7ffbfeff, sa_flags=0x10000004


---------------  S Y S T E M  ---------------

OS:Ubuntu 13.10 (saucy)
uname:Linux 3.11.0-12-generic #19-Ubuntu SMP Wed Oct 9 16:20:46 UTC 2013 x86_64
libc:glibc 2.17 NPTL 2.17 
rlimit: STACK 8192k, CORE 0k, NPROC 15804, NOFILE 4096, AS infinity
load average:0,65 0,24 0,21

/proc/meminfo:
MemTotal:        2043132 kB
MemFree:          224336 kB
Buffers:           14592 kB
Cached:           439412 kB
SwapCached:         5828 kB
Active:          1215488 kB
Inactive:         484176 kB
Active(anon):     945988 kB
Inactive(anon):   305904 kB
Active(file):     269500 kB
Inactive(file):   178272 kB
Unevictable:          16 kB
Mlocked:              16 kB
SwapTotal:       2094076 kB
SwapFree:        2079632 kB
Dirty:                48 kB
Writeback:             0 kB
AnonPages:       1240464 kB
Mapped:            59348 kB
Shmem:              6164 kB
Slab:              54060 kB
SReclaimable:      27620 kB
SUnreclaim:        26440 kB
KernelStack:        3928 kB
PageTables:        19728 kB
NFS_Unstable:          0 kB
Bounce:                0 kB
WritebackTmp:          0 kB
CommitLimit:     3115640 kB
Committed_AS:    2380476 kB
VmallocTotal:   34359738367 kB
VmallocUsed:      294264 kB
VmallocChunk:   34359440680 kB
HardwareCorrupted:     0 kB
AnonHugePages:         0 kB
HugePages_Total:       0
HugePages_Free:        0
HugePages_Rsvd:        0
HugePages_Surp:        0
Hugepagesize:       2048 kB
DirectMap4k:       49024 kB
DirectMap2M:     2048000 kB


CPU:total 2 (2 cores per cpu, 1 threads per core) family 6 model 23 stepping 10, cmov, cx8, fxsr, mmx, sse, sse2, sse3, ssse3, sse4.1, tsc, tscinvbit

/proc/cpuinfo:
processor	: 0
vendor_id	: GenuineIntel
cpu family	: 6
model		: 23
model name	: Intel(R) Core(TM)2 Duo CPU     P8600  @ 2.40GHz
stepping	: 10
microcode	: 0xa0c
cpu MHz		: 2401.000
cache size	: 3072 KB
physical id	: 0
siblings	: 2
core id		: 0
cpu cores	: 2
apicid		: 0
initial apicid	: 0
fpu		: yes
fpu_exception	: yes
cpuid level	: 13
wp		: yes
flags		: fpu vme de pse tsc msr pae mce cx8 apic sep mtrr pge mca cmov pat pse36 clflush dts mmx fxsr sse sse2 ss ht syscall nx lm constant_tsc arch_perfmon pebs bts nopl xtopology tsc_reliable nonstop_tsc aperfmperf pni ssse3 cx16 sse4_1 x2apic xsave hypervisor lahf_lm ida dtherm
bogomips	: 4802.00
clflush size	: 64
cache_alignment	: 64
address sizes	: 40 bits physical, 48 bits virtual
power management:

processor	: 1
vendor_id	: GenuineIntel
cpu family	: 6
model		: 23
model name	: Intel(R) Core(TM)2 Duo CPU     P8600  @ 2.40GHz
stepping	: 10
microcode	: 0xa0c
cpu MHz		: 2401.000
cache size	: 3072 KB
physical id	: 0
siblings	: 2
core id		: 1
cpu cores	: 2
apicid		: 1
initial apicid	: 1
fpu		: yes
fpu_exception	: yes
cpuid level	: 13
wp		: yes
flags		: fpu vme de pse tsc msr pae mce cx8 apic sep mtrr pge mca cmov pat pse36 clflush dts mmx fxsr sse sse2 ss ht syscall nx lm constant_tsc arch_perfmon pebs bts nopl xtopology tsc_reliable nonstop_tsc aperfmperf pni ssse3 cx16 sse4_1 x2apic xsave hypervisor lahf_lm ida dtherm
bogomips	: 4802.00
clflush size	: 64
cache_alignment	: 64
address sizes	: 40 bits physical, 48 bits virtual
power management:



Memory: 4k page, physical 2043132k(224336k free), swap 2094076k(2079632k free)

vm_info: OpenJDK 64-Bit Server VM (23.7-b01) for linux-amd64 JRE (1.7.0_25-b30), built on Oct 11 2013 18:04:12 by "buildd" with gcc 4.8.1

time: Tue Jan 21 03:12:29 2014
elapsed time: 52 seconds

