#
# A fatal error has been detected by the Java Runtime Environment:
#
#  SIGSEGV (0xb) at pc=0x00007f79ebd29aaf, pid=40974, tid=140161841645312
#
# JRE version: 7.0_25-b30
# Java VM: OpenJDK 64-Bit Server VM (23.7-b01 mixed mode linux-amd64 compressed oops)
# Problematic frame:
# C  [libNiTE2.so+0x3e5aaf]  NHAHandTrackerBase::StepToConvergence(NADepthMapContainer const&)+0x13f
#
# Failed to write core dump. Core dumps have been disabled. To enable core dumping, try "ulimit -c unlimited" before starting Java again
#
# If you would like to submit a bug report, please include
# instructions on how to reproduce the bug and visit:
#   https://bugs.launchpad.net/ubuntu/+source/openjdk-7/
# The crash happened outside the Java Virtual Machine in native code.
# See problematic frame for where to report the bug.
#

---------------  T H R E A D  ---------------

Current thread (0x00007f7a304a3800):  JavaThread "Animation Thread" [_thread_in_native, id=40996, stack(0x00007f79f8b84000,0x00007f79f8c85000)]

siginfo:si_signo=SIGSEGV: si_errno=0, si_code=1 (SEGV_MAPERR), si_addr=0x00007f77d69093a0

Registers:
RAX=0x0000000000000002, RBX=0x00007f79d67f8760, RCX=0x0000000080000001, RDX=0x0000000080000000
RSP=0x00007f79f8c811c0, RBP=0x0000000000000002, RSI=0x00007f79d69093a0, RDI=0xffffffff80000000
R8 =0x0000000000000001, R9 =0x0000000080000000, R10=0x0000000000000000, R11=0x0000000000000000
R12=0x00007f79d62f6558, R13=0x0000000000000000, R14=0x00007f79f8c81910, R15=0x0000000000000001
RIP=0x00007f79ebd29aaf, EFLAGS=0x0000000000010a83, CSGSFS=0xbe76000000000033, ERR=0x0000000000000004
  TRAPNO=0x000000000000000e

Top of Stack: (sp=0x00007f79f8c811c0)
0x00007f79f8c811c0:   ffc00000ffc00000 42c80000ffc00000
0x00007f79f8c811d0:   00007f79d67f8760 00007f79d67f8760
0x00007f79f8c811e0:   00007f79d62f6558 00007f79ebd2a0fd
0x00007f79f8c811f0:   0000000000000001 000000000000001e
0x00007f79f8c81200:   00007f79cc4557b0 00007f79d7580f70
0x00007f79f8c81210:   00007f79cc4553a0 00007f79eba03a7a
0x00007f79f8c81220:   0006000600060006 0006000600060006
0x00007f79f8c81230:   0000000000000000 01007f79eb9ae707
0x00007f79f8c81240:   00007f79d7580f70 00007f79cc4553a0
0x00007f79f8c81250:   0000000000000060 00000000000000a0
0x00007f79f8c81260:   00007f79d755b730 00007f79d7258d50
0x00007f79f8c81270:   0000000000000060 00007f79d7577970
0x00007f79f8c81280:   000000180000001e 00007f79d69463a0
0x00007f79f8c81290:   0000000100000000 00007f79d7580f80
0x00007f79f8c812a0:   00007f79d759d1b0 00007f79cc455680
0x00007f79f8c812b0:   00007f79cc455120 00007f79cc455270
0x00007f79f8c812c0:   0000000000000078 00007f79d69463a0
0x00007f79f8c812d0:   00007f79d69463a0 0000001e00a00008
0x00007f79f8c812e0:   0000000000000000 00007f79d62f67c8
0x00007f79f8c812f0:   00007f79d6943e20 00007f79d6943e20
0x00007f79f8c81300:   00000000000000a0 000000000000009f
0x00007f79f8c81310:   0000000000000018 00007f79f8c81e70
0x00007f79f8c81320:   0000000000000000 0000000000000000
0x00007f79f8c81330:   0000000000000000 0000000000000000
0x00007f79f8c81340:   00007f79d62f67c8 00007f7a37c0b96d
0x00007f79f8c81350:   01f401f501fb0224 00007f79ebd555de
0x00007f79f8c81360:   0000000000000000 00007f79ebd5560a
0x00007f79f8c81370:   0000000052d51836 000000002bf64d30
0x00007f79f8c81380:   0000000000000001 00007f79ebd556c6
0x00007f79f8c81390:   0000000052d517cc 0000000034739aa8
0x00007f79f8c813a0:   0000000000000001 0000000000000000
0x00007f79f8c813b0:   0000000000000000 00007f79eba07446 

Instructions: (pc=0x00007f79ebd29aaf)
0x00007f79ebd29a8f:   2a c2 8b 93 84 00 00 00 48 63 fa f3 0f 11 83 30
0x00007f79ebd29a9f:   14 00 00 f3 0f 2a 43 74 f3 0f 5c c8 f3 0f 2a c1
0x00007f79ebd29aaf:   f3 0f 10 14 be f3 0f 59 ca f3 0f 11 8b 38 14 00
0x00007f79ebd29abf:   00 f3 0f 5c c3 f3 0f 59 c2 f3 0f 11 83 34 14 00 

Register to memory mapping:

RAX=0x0000000000000002 is an unknown value
RBX=0x00007f79d67f8760 is an unknown value
RCX=0x0000000080000001 is an unknown value
RDX=0x0000000080000000 is an unknown value
RSP=0x00007f79f8c811c0 is pointing into the stack for thread: 0x00007f7a304a3800
RBP=0x0000000000000002 is an unknown value
RSI=0x00007f79d69093a0 is an unknown value
RDI=0xffffffff80000000 is an unknown value
R8 =0x0000000000000001 is an unknown value
R9 =0x0000000080000000 is an unknown value
R10=0x0000000000000000 is an unknown value
R11=0x0000000000000000 is an unknown value
R12=0x00007f79d62f6558 is an unknown value
R13=0x0000000000000000 is an unknown value
R14=0x00007f79f8c81910 is pointing into the stack for thread: 0x00007f7a304a3800
R15=0x0000000000000001 is an unknown value


Stack: [0x00007f79f8b84000,0x00007f79f8c85000],  sp=0x00007f79f8c811c0,  free space=1012k
Native frames: (J=compiled Java code, j=interpreted, Vv=VM code, C=native code)
C  [libNiTE2.so+0x3e5aaf]  NHAHandTrackerBase::StepToConvergence(NADepthMapContainer const&)+0x13f

Java frames: (J=compiled Java code, j=interpreted, Vv=VM code)
j  SimpleOpenNI.SimpleOpenNIJNI.ContextWrapper_updateSwigExplicitContextWrapper(JLSimpleOpenNI/ContextWrapper;)V+0
j  SimpleOpenNI.ContextWrapper.update()V+26
j  SimpleOpenNI.SimpleOpenNI.update()V+1
j  KinectController.update()Z+4
j  ClimbOrDie.draw()V+4
j  processing.core.PApplet.handleDraw()V+281
j  processing.core.PGraphicsJava2D.requestDraw()V+4
j  processing.core.PApplet.run()V+179
j  java.lang.Thread.run()V+11
v  ~StubRoutines::call_stub

---------------  P R O C E S S  ---------------

Java Threads: ( => current thread )
  0x00007f7a30009000 JavaThread "DestroyJavaVM" [_thread_blocked, id=40978, stack(0x00007f7a381d8000,0x00007f7a382d9000)]
=>0x00007f7a304a3800 JavaThread "Animation Thread" [_thread_in_native, id=40996, stack(0x00007f79f8b84000,0x00007f79f8c85000)]
  0x00007f7a3048e800 JavaThread "AWT-EventQueue-0" [_thread_blocked, id=40995, stack(0x00007f79f8c85000,0x00007f79f8d86000)]
  0x00007f7a3048d000 JavaThread "AWT-Shutdown" [_thread_blocked, id=40994, stack(0x00007f79f8d86000,0x00007f79f8e87000)]
  0x00007f7a303cb000 JavaThread "AWT-XAWT" daemon [_thread_in_native, id=40991, stack(0x00007f79f9089000,0x00007f79f918a000)]
  0x00007f7a30380800 JavaThread "Java2D Disposer" daemon [_thread_blocked, id=40990, stack(0x00007f79f918a000,0x00007f79f928b000)]
  0x00007f7a3010f000 JavaThread "Service Thread" daemon [_thread_blocked, id=40988, stack(0x00007f7a29d24000,0x00007f7a29e25000)]
  0x00007f7a3010c800 JavaThread "C2 CompilerThread1" daemon [_thread_blocked, id=40987, stack(0x00007f7a29e25000,0x00007f7a29f26000)]
  0x00007f7a30109800 JavaThread "C2 CompilerThread0" daemon [_thread_blocked, id=40986, stack(0x00007f7a29f26000,0x00007f7a2a027000)]
  0x00007f7a30107800 JavaThread "Signal Dispatcher" daemon [_thread_blocked, id=40985, stack(0x00007f7a2a027000,0x00007f7a2a128000)]
  0x00007f7a300ae000 JavaThread "Finalizer" daemon [_thread_blocked, id=40984, stack(0x00007f7a2aaf5000,0x00007f7a2abf6000)]
  0x00007f7a300ab800 JavaThread "Reference Handler" daemon [_thread_blocked, id=40983, stack(0x00007f7a2abf6000,0x00007f7a2acf7000)]

Other Threads:
  0x00007f7a300a3800 VMThread [stack: 0x00007f7a2acf7000,0x00007f7a2adf8000] [id=40982]
  0x00007f7a30119800 WatcherThread [stack: 0x00007f7a29c23000,0x00007f7a29d24000] [id=40989]

VM state:not at safepoint (normal execution)

VM Mutex/Monitor currently owned by a thread: None

Heap
 PSYoungGen      total 60352K, used 25234K [0x00000000f2200000, 0x00000000f83c0000, 0x0000000100000000)
  eden space 42944K, 58% used [0x00000000f2200000,0x00000000f3aa4978,0x00000000f4bf0000)
  from space 17408K, 0% used [0x00000000f4bf0000,0x00000000f4bf0000,0x00000000f5cf0000)
  to   space 20480K, 0% used [0x00000000f6fc0000,0x00000000f6fc0000,0x00000000f83c0000)
 ParOldGen       total 129344K, used 104371K [0x00000000d6600000, 0x00000000de450000, 0x00000000f2200000)
  object space 129344K, 80% used [0x00000000d6600000,0x00000000dcbecf98,0x00000000de450000)
 PSPermGen       total 22208K, used 10678K [0x00000000cc000000, 0x00000000cd5b0000, 0x00000000d6600000)
  object space 22208K, 48% used [0x00000000cc000000,0x00000000cca6d8d0,0x00000000cd5b0000)

Card table byte_map: [0x00007f7a34da3000,0x00007f7a34f44000] byte_map_base: 0x00007f7a34743000

Polling page: 0x00007f7a382f1000

Code Cache  [0x00007f7a2d000000, 0x00007f7a2d270000, 0x00007f7a30000000)
 total_blobs=607 nmethods=157 adapters=402 free_code_cache=48249Kb largest_free_block=49387264

Compilation events (10 events):
Event: 61,961 Thread 0x00007f7a30109800  145             processing.core.PApplet::sqrt (7 bytes)
Event: 61,961 Thread 0x00007f7a30109800 nmethod 145 0x00007f7a2d099250 code [0x00007f7a2d099380, 0x00007f7a2d0993b8]
Event: 62,671 Thread 0x00007f7a30109800  146             processing.core.PGraphics::getCache (9 bytes)
Event: 62,675 Thread 0x00007f7a30109800 nmethod 146 0x00007f7a2d0bc2d0 code [0x00007f7a2d0bc440, 0x00007f7a2d0bc6b8]
Event: 71,116 Thread 0x00007f7a3010c800  147             java.lang.String::length (6 bytes)
Event: 71,117 Thread 0x00007f7a3010c800 nmethod 147 0x00007f7a2d0bc090 code [0x00007f7a2d0bc1c0, 0x00007f7a2d0bc238]
Event: 87,720 Thread 0x00007f7a3010c800  148             java.lang.AbstractStringBuilder::append (48 bytes)
Event: 87,725 Thread 0x00007f7a3010c800 nmethod 148 0x00007f7a2d0e4610 code [0x00007f7a2d0e4780, 0x00007f7a2d0e4b18]
Event: 90,725 Thread 0x00007f7a30109800  150             java.lang.StringBuilder::append (8 bytes)
Event: 90,730 Thread 0x00007f7a30109800 nmethod 150 0x00007f7a2d0e3990 code [0x00007f7a2d0e3b00, 0x00007f7a2d0e3e98]

GC Heap History (10 events):
Event: 5,164 GC heap before
{Heap before GC invocations=8 (full 2):
 PSYoungGen      total 16960K, used 15418K [0x00000000f2200000, 0x00000000f53d0000, 0x0000000100000000)
  eden space 15680K, 92% used [0x00000000f2200000,0x00000000f3033510,0x00000000f3150000)
  from space 1280K, 68% used [0x00000000f3150000,0x00000000f322b340,0x00000000f3290000)
  to   space 11712K, 0% used [0x00000000f4860000,0x00000000f4860000,0x00000000f53d0000)
 ParOldGen       total 96512K, used 78587K [0x00000000d6600000, 0x00000000dc440000, 0x00000000f2200000)
  object space 96512K, 81% used [0x00000000d6600000,0x00000000db2bed30,0x00000000dc440000)
 PSPermGen       total 22848K, used 10076K [0x00000000cc000000, 0x00000000cd650000, 0x00000000d6600000)
  object space 22848K, 44% used [0x00000000cc000000,0x00000000cc9d71e8,0x00000000cd650000)
Event: 5,165 GC heap after
Heap after GC invocations=8 (full 2):
 PSYoungGen      total 38784K, used 253K [0x00000000f2200000, 0x00000000f5410000, 0x0000000100000000)
  eden space 27072K, 0% used [0x00000000f2200000,0x00000000f2200000,0x00000000f3c70000)
  from space 11712K, 2% used [0x00000000f4860000,0x00000000f489f458,0x00000000f53d0000)
  to   space 12096K, 0% used [0x00000000f3c70000,0x00000000f3c70000,0x00000000f4840000)
 ParOldGen       total 96512K, used 78587K [0x00000000d6600000, 0x00000000dc440000, 0x00000000f2200000)
  object space 96512K, 81% used [0x00000000d6600000,0x00000000db2bed30,0x00000000dc440000)
 PSPermGen       total 22848K, used 10076K [0x00000000cc000000, 0x00000000cd650000, 0x00000000d6600000)
  object space 22848K, 44% used [0x00000000cc000000,0x00000000cc9d71e8,0x00000000cd650000)
}
Event: 5,408 GC heap before
{Heap before GC invocations=9 (full 2):
 PSYoungGen      total 38784K, used 27325K [0x00000000f2200000, 0x00000000f5410000, 0x0000000100000000)
  eden space 27072K, 100% used [0x00000000f2200000,0x00000000f3c70000,0x00000000f3c70000)
  from space 11712K, 2% used [0x00000000f4860000,0x00000000f489f458,0x00000000f53d0000)
  to   space 12096K, 0% used [0x00000000f3c70000,0x00000000f3c70000,0x00000000f4840000)
 ParOldGen       total 96512K, used 78587K [0x00000000d6600000, 0x00000000dc440000, 0x00000000f2200000)
  object space 96512K, 81% used [0x00000000d6600000,0x00000000db2bed30,0x00000000dc440000)
 PSPermGen       total 22848K, used 10078K [0x00000000cc000000, 0x00000000cd650000, 0x00000000d6600000)
  object space 22848K, 44% used [0x00000000cc000000,0x00000000cc9d7878,0x00000000cd650000)
Event: 5,445 GC heap after
Heap after GC invocations=9 (full 2):
 PSYoungGen      total 39168K, used 10482K [0x00000000f2200000, 0x00000000f6a80000, 0x0000000100000000)
  eden space 27072K, 0% used [0x00000000f2200000,0x00000000f2200000,0x00000000f3c70000)
  from space 12096K, 86% used [0x00000000f3c70000,0x00000000f46ac980,0x00000000f4840000)
  to   space 13888K, 0% used [0x00000000f5cf0000,0x00000000f5cf0000,0x00000000f6a80000)
 ParOldGen       total 96512K, used 82817K [0x00000000d6600000, 0x00000000dc440000, 0x00000000f2200000)
  object space 96512K, 85% used [0x00000000d6600000,0x00000000db6e0720,0x00000000dc440000)
 PSPermGen       total 22848K, used 10078K [0x00000000cc000000, 0x00000000cd650000, 0x00000000d6600000)
  object space 22848K, 44% used [0x00000000cc000000,0x00000000cc9d7878,0x00000000cd650000)
}
Event: 5,891 GC heap before
{Heap before GC invocations=10 (full 2):
 PSYoungGen      total 39168K, used 36174K [0x00000000f2200000, 0x00000000f6a80000, 0x0000000100000000)
  eden space 27072K, 94% used [0x00000000f2200000,0x00000000f3b16f30,0x00000000f3c70000)
  from space 12096K, 86% used [0x00000000f3c70000,0x00000000f46ac980,0x00000000f4840000)
  to   space 13888K, 0% used [0x00000000f5cf0000,0x00000000f5cf0000,0x00000000f6a80000)
 ParOldGen       total 123136K, used 109437K [0x00000000d6600000, 0x00000000dde40000, 0x00000000f2200000)
  object space 123136K, 88% used [0x00000000d6600000,0x00000000dd0df5f0,0x00000000dde40000)
 PSPermGen       total 22848K, used 10412K [0x00000000cc000000, 0x00000000cd650000, 0x00000000d6600000)
  object space 22848K, 45% used [0x00000000cc000000,0x00000000cca2b168,0x00000000cd650000)
Event: 5,933 GC heap after
Heap after GC invocations=10 (full 2):
 PSYoungGen      total 56832K, used 13867K [0x00000000f2200000, 0x00000000f70c0000, 0x0000000100000000)
  eden space 42944K, 0% used [0x00000000f2200000,0x00000000f2200000,0x00000000f4bf0000)
  from space 13888K, 99% used [0x00000000f5cf0000,0x00000000f6a7ad28,0x00000000f6a80000)
  to   space 17408K, 0% used [0x00000000f4bf0000,0x00000000f4bf0000,0x00000000f5cf0000)
 ParOldGen       total 123136K, used 111532K [0x00000000d6600000, 0x00000000dde40000, 0x00000000f2200000)
  object space 123136K, 90% used [0x00000000d6600000,0x00000000dd2eb3e0,0x00000000dde40000)
 PSPermGen       total 22848K, used 10412K [0x00000000cc000000, 0x00000000cd650000, 0x00000000d6600000)
  object space 22848K, 45% used [0x00000000cc000000,0x00000000cca2b168,0x00000000cd650000)
}
Event: 57,920 GC heap before
{Heap before GC invocations=11 (full 2):
 PSYoungGen      total 56832K, used 56811K [0x00000000f2200000, 0x00000000f70c0000, 0x0000000100000000)
  eden space 42944K, 100% used [0x00000000f2200000,0x00000000f4bf0000,0x00000000f4bf0000)
  from space 13888K, 99% used [0x00000000f5cf0000,0x00000000f6a7ad28,0x00000000f6a80000)
  to   space 17408K, 0% used [0x00000000f4bf0000,0x00000000f4bf0000,0x00000000f5cf0000)
 ParOldGen       total 123136K, used 111532K [0x00000000d6600000, 0x00000000dde40000, 0x00000000f2200000)
  object space 123136K, 90% used [0x00000000d6600000,0x00000000dd2eb3e0,0x00000000dde40000)
 PSPermGen       total 22848K, used 10675K [0x00000000cc000000, 0x00000000cd650000, 0x00000000d6600000)
  object space 22848K, 46% used [0x00000000cc000000,0x00000000cca6cf28,0x00000000cd650000)
Event: 57,988 GC heap after
Heap after GC invocations=11 (full 2):
 PSYoungGen      total 60352K, used 17343K [0x00000000f2200000, 0x00000000f83c0000, 0x0000000100000000)
  eden space 42944K, 0% used [0x00000000f2200000,0x00000000f2200000,0x00000000f4bf0000)
  from space 17408K, 99% used [0x00000000f4bf0000,0x00000000f5cdfd20,0x00000000f5cf0000)
  to   space 20480K, 0% used [0x00000000f6fc0000,0x00000000f6fc0000,0x00000000f83c0000)
 ParOldGen       total 127424K, used 124240K [0x00000000d6600000, 0x00000000de270000, 0x00000000f2200000)
  object space 127424K, 97% used [0x00000000d6600000,0x00000000ddf541b0,0x00000000de270000)
 PSPermGen       total 22848K, used 10675K [0x00000000cc000000, 0x00000000cd650000, 0x00000000d6600000)
  object space 22848K, 46% used [0x00000000cc000000,0x00000000cca6cf28,0x00000000cd650000)
}
Event: 57,988 GC heap before
{Heap before GC invocations=12 (full 3):
 PSYoungGen      total 60352K, used 17343K [0x00000000f2200000, 0x00000000f83c0000, 0x0000000100000000)
  eden space 42944K, 0% used [0x00000000f2200000,0x00000000f2200000,0x00000000f4bf0000)
  from space 17408K, 99% used [0x00000000f4bf0000,0x00000000f5cdfd20,0x00000000f5cf0000)
  to   space 20480K, 0% used [0x00000000f6fc0000,0x00000000f6fc0000,0x00000000f83c0000)
 ParOldGen       total 127424K, used 124240K [0x00000000d6600000, 0x00000000de270000, 0x00000000f2200000)
  object space 127424K, 97% used [0x00000000d6600000,0x00000000ddf541b0,0x00000000de270000)
 PSPermGen       total 22848K, used 10675K [0x00000000cc000000, 0x00000000cd650000, 0x00000000d6600000)
  object space 22848K, 46% used [0x00000000cc000000,0x00000000cca6cf28,0x00000000cd650000)
Event: 58,160 GC heap after
Heap after GC invocations=12 (full 3):
 PSYoungGen      total 60352K, used 0K [0x00000000f2200000, 0x00000000f83c0000, 0x0000000100000000)
  eden space 42944K, 0% used [0x00000000f2200000,0x00000000f2200000,0x00000000f4bf0000)
  from space 17408K, 0% used [0x00000000f4bf0000,0x00000000f4bf0000,0x00000000f5cf0000)
  to   space 20480K, 0% used [0x00000000f6fc0000,0x00000000f6fc0000,0x00000000f83c0000)
 ParOldGen       total 129344K, used 104371K [0x00000000d6600000, 0x00000000de450000, 0x00000000f2200000)
  object space 129344K, 80% used [0x00000000d6600000,0x00000000dcbecf98,0x00000000de450000)
 PSPermGen       total 22208K, used 10675K [0x00000000cc000000, 0x00000000cd5b0000, 0x00000000d6600000)
  object space 22208K, 48% used [0x00000000cc000000,0x00000000cca6ce00,0x00000000cd5b0000)
}

Deoptimization events (9 events):
Event: 5,673 Thread 0x00007f7a304a3800 Uncommon trap -34 fr.pc 0x00007f7a2d0975b4
Event: 5,674 Thread 0x00007f7a30009000 Uncommon trap -34 fr.pc 0x00007f7a2d0975b4
Event: 5,674 Thread 0x00007f7a30009000 Uncommon trap -34 fr.pc 0x00007f7a2d0975b4
Event: 5,724 Thread 0x00007f7a304a3800 Uncommon trap -34 fr.pc 0x00007f7a2d0975b4
Event: 30,168 Thread 0x00007f7a304a3800 Uncommon trap -83 fr.pc 0x00007f7a2d0dd410
Event: 30,169 Thread 0x00007f7a304a3800 Uncommon trap -83 fr.pc 0x00007f7a2d0bb9b4
Event: 30,169 Thread 0x00007f7a304a3800 Uncommon trap -83 fr.pc 0x00007f7a2d0d68b8
Event: 32,474 Thread 0x00007f7a304a3800 Uncommon trap -83 fr.pc 0x00007f7a2d0da63c
Event: 32,680 Thread 0x00007f7a304a3800 Uncommon trap -83 fr.pc 0x00007f7a2d0ad634

Internal exceptions (10 events):
Event: 106,019 Thread 0x00007f7a304a3800 Threw 0x00000000f3a231d0 at /build/buildd/openjdk-7-7u25-2.3.12/build/openjdk/hotspot/src/share/vm/interpreter/linkResolver.cpp:805
Event: 106,019 Thread 0x00007f7a304a3800 Threw 0x00000000f3a23370 at /build/buildd/openjdk-7-7u25-2.3.12/build/openjdk/hotspot/src/share/vm/interpreter/linkResolver.cpp:805
Event: 106,116 Thread 0x00007f7a304a3800 Threw 0x00000000f3a345d0 at /build/buildd/openjdk-7-7u25-2.3.12/build/openjdk/hotspot/src/share/vm/interpreter/linkResolver.cpp:805
Event: 106,120 Thread 0x00007f7a304a3800 Threw 0x00000000f3a34770 at /build/buildd/openjdk-7-7u25-2.3.12/build/openjdk/hotspot/src/share/vm/interpreter/linkResolver.cpp:805
Event: 106,120 Thread 0x00007f7a304a3800 Threw 0x00000000f3a34910 at /build/buildd/openjdk-7-7u25-2.3.12/build/openjdk/hotspot/src/share/vm/interpreter/linkResolver.cpp:805
Event: 106,222 Thread 0x00007f7a304a3800 Threw 0x00000000f3a45b18 at /build/buildd/openjdk-7-7u25-2.3.12/build/openjdk/hotspot/src/share/vm/interpreter/linkResolver.cpp:805
Event: 106,228 Thread 0x00007f7a304a3800 Threw 0x00000000f3a45cb8 at /build/buildd/openjdk-7-7u25-2.3.12/build/openjdk/hotspot/src/share/vm/interpreter/linkResolver.cpp:805
Event: 106,328 Thread 0x00007f7a304a3800 Threw 0x00000000f3a56e58 at /build/buildd/openjdk-7-7u25-2.3.12/build/openjdk/hotspot/src/share/vm/interpreter/linkResolver.cpp:805
Event: 106,334 Thread 0x00007f7a304a3800 Threw 0x00000000f3a56ff8 at /build/buildd/openjdk-7-7u25-2.3.12/build/openjdk/hotspot/src/share/vm/interpreter/linkResolver.cpp:805
Event: 106,431 Thread 0x00007f7a304a3800 Threw 0x00000000f3a68270 at /build/buildd/openjdk-7-7u25-2.3.12/build/openjdk/hotspot/src/share/vm/interpreter/linkResolver.cpp:805

Events (10 events):
Event: 58,166 Executing VM operation: RevokeBias
Event: 58,166 Executing VM operation: RevokeBias done
Event: 58,166 Executing VM operation: RevokeBias
Event: 58,166 Executing VM operation: RevokeBias done
Event: 58,166 Executing VM operation: RevokeBias
Event: 58,167 Executing VM operation: RevokeBias done
Event: 58,167 Executing VM operation: RevokeBias
Event: 58,167 Executing VM operation: RevokeBias done
Event: 58,167 Executing VM operation: BulkRevokeBias
Event: 58,167 Executing VM operation: BulkRevokeBias done


Dynamic libraries:
00400000-00401000 r-xp 00000000 08:01 136675                             /usr/lib/jvm/java-7-openjdk-amd64/jre/bin/java
00600000-00601000 r--p 00000000 08:01 136675                             /usr/lib/jvm/java-7-openjdk-amd64/jre/bin/java
00601000-00602000 rw-p 00001000 08:01 136675                             /usr/lib/jvm/java-7-openjdk-amd64/jre/bin/java
00eae000-00ecf000 rw-p 00000000 00:00 0                                  [heap]
cc000000-cd5b0000 rw-p 00000000 00:00 0 
cd5b0000-cd650000 ---p 00000000 00:00 0 
cd650000-d6600000 rw-p 00000000 00:00 0 
d6600000-de450000 rw-p 00000000 00:00 0 
de450000-f2200000 rw-p 00000000 00:00 0 
f2200000-f83c0000 rw-p 00000000 00:00 0 
f83c0000-100000000 rw-p 00000000 00:00 0 
7f79cc000000-7f79cec99000 rw-p 00000000 00:00 0 
7f79cec99000-7f79d0000000 ---p 00000000 00:00 0 
7f79d192c000-7f79d33b8000 rw-p 00000000 00:00 0 
7f79d33b8000-7f79d35a5000 rw-s 00000000 00:04 1510801419                 /SYSV00000000 (deleted)
7f79d35a5000-7f79d37ff000 rw-p 00000000 00:00 0 
7f79d37ff000-7f79d3800000 ---p 00000000 00:00 0 
7f79d3800000-7f79d4000000 rw-p 00000000 00:00 0                          [stack:41007]
7f79d4000000-7f79d7fa4000 rw-p 00000000 00:00 0 
7f79d7fa4000-7f79d8000000 ---p 00000000 00:00 0 
7f79d8111000-7f79e02d0000 rw-p 00000000 00:00 0 
7f79e02d0000-7f79e02d1000 ---p 00000000 00:00 0 
7f79e02d1000-7f79e13fa000 rw-p 00000000 00:00 0                          [stack:41006]
7f79e13fa000-7f79e13fb000 ---p 00000000 00:00 0 
7f79e13fb000-7f79e1bfb000 rw-p 00000000 00:00 0                          [stack:41005]
7f79e1bfb000-7f79e1bfc000 ---p 00000000 00:00 0 
7f79e1bfc000-7f79e23fc000 rw-p 00000000 00:00 0                          [stack:41004]
7f79e23fc000-7f79e23fd000 ---p 00000000 00:00 0 
7f79e23fd000-7f79e2ffe000 rw-p 00000000 00:00 0 
7f79e2ffe000-7f79e2fff000 ---p 00000000 00:00 0 
7f79e2fff000-7f79e37ff000 rw-p 00000000 00:00 0                          [stack:41002]
7f79e37ff000-7f79e3800000 ---p 00000000 00:00 0 
7f79e3800000-7f79e4000000 rw-p 00000000 00:00 0                          [stack:41001]
7f79e4000000-7f79e4193000 rw-p 00000000 00:00 0 
7f79e4193000-7f79e8000000 ---p 00000000 00:00 0 
7f79e8054000-7f79e8746000 rw-p 00000000 00:00 0 
7f79e8746000-7f79e8747000 ---p 00000000 00:00 0 
7f79e8747000-7f79e8f47000 rw-p 00000000 00:00 0                          [stack:41000]
7f79e8f47000-7f79e8f9f000 r-xp 00000000 08:01 790477                     /SimpleOpenNI/library/linux64/OpenNI2/Drivers/libPSLink.so
7f79e8f9f000-7f79e919f000 ---p 00058000 08:01 790477                     /SimpleOpenNI/library/linux64/OpenNI2/Drivers/libPSLink.so
7f79e919f000-7f79e91a4000 r--p 00058000 08:01 790477                     /SimpleOpenNI/library/linux64/OpenNI2/Drivers/libPSLink.so
7f79e91a4000-7f79e91a5000 rw-p 0005d000 08:01 790477                     /SimpleOpenNI/library/linux64/OpenNI2/Drivers/libPSLink.so
7f79e91a5000-7f79e91a6000 rw-p 00000000 00:00 0 
7f79e91a6000-7f79e91a7000 ---p 00000000 00:00 0 
7f79e91a7000-7f79e99a7000 rw-p 00000000 00:00 0                          [stack:40999]
7f79e99a7000-7f79e9a51000 r-xp 00000000 08:01 790476                     /SimpleOpenNI/library/linux64/OpenNI2/Drivers/libPS1080.so
7f79e9a51000-7f79e9c50000 ---p 000aa000 08:01 790476                     /SimpleOpenNI/library/linux64/OpenNI2/Drivers/libPS1080.so
7f79e9c50000-7f79e9c55000 r--p 000a9000 08:01 790476                     /SimpleOpenNI/library/linux64/OpenNI2/Drivers/libPS1080.so
7f79e9c55000-7f79e9c59000 rw-p 000ae000 08:01 790476                     /SimpleOpenNI/library/linux64/OpenNI2/Drivers/libPS1080.so
7f79e9c59000-7f79e9c7a000 rw-p 00000000 00:00 0 
7f79e9c7a000-7f79e9cc4000 r-xp 00000000 08:01 790479                     /SimpleOpenNI/library/linux64/OpenNI2/Drivers/libOniFile.so
7f79e9cc4000-7f79e9ec3000 ---p 0004a000 08:01 790479                     /SimpleOpenNI/library/linux64/OpenNI2/Drivers/libOniFile.so
7f79e9ec3000-7f79e9ec5000 r--p 00049000 08:01 790479                     /SimpleOpenNI/library/linux64/OpenNI2/Drivers/libOniFile.so
7f79e9ec5000-7f79e9ec6000 rw-p 0004b000 08:01 790479                     /SimpleOpenNI/library/linux64/OpenNI2/Drivers/libOniFile.so
7f79e9ec6000-7f79e9ee6000 rw-p 00000000 00:00 0 
7f79e9ee6000-7f79e9ef1000 r-xp 00000000 08:01 790478                     /SimpleOpenNI/library/linux64/OpenNI2/Drivers/libfreenect.so
7f79e9ef1000-7f79ea0f0000 ---p 0000b000 08:01 790478                     /SimpleOpenNI/library/linux64/OpenNI2/Drivers/libfreenect.so
7f79ea0f0000-7f79ea0f1000 r--p 0000a000 08:01 790478                     /SimpleOpenNI/library/linux64/OpenNI2/Drivers/libfreenect.so
7f79ea0f1000-7f79ea0f2000 rw-p 0000b000 08:01 790478                     /SimpleOpenNI/library/linux64/OpenNI2/Drivers/libfreenect.so
7f79ea0f2000-7f79ea0f3000 ---p 00000000 00:00 0 
7f79ea0f3000-7f79ea8f3000 rw-p 00000000 00:00 0 
7f79ea8f3000-7f79ea8f4000 ---p 00000000 00:00 0 
7f79ea8f4000-7f79eb0f4000 rw-p 00000000 00:00 0                          [stack:40997]
7f79eb0f4000-7f79eb104000 r-xp 00000000 08:01 263158                     /lib/x86_64-linux-gnu/libudev.so.1.3.5
7f79eb104000-7f79eb303000 ---p 00010000 08:01 263158                     /lib/x86_64-linux-gnu/libudev.so.1.3.5
7f79eb303000-7f79eb304000 r--p 0000f000 08:01 263158                     /lib/x86_64-linux-gnu/libudev.so.1.3.5
7f79eb304000-7f79eb305000 rw-p 00010000 08:01 263158                     /lib/x86_64-linux-gnu/libudev.so.1.3.5
7f79eb305000-7f79eb31a000 r-xp 00000000 08:01 263209                     /lib/x86_64-linux-gnu/libusb-1.0.so.0.1.0
7f79eb31a000-7f79eb519000 ---p 00015000 08:01 263209                     /lib/x86_64-linux-gnu/libusb-1.0.so.0.1.0
7f79eb519000-7f79eb51a000 r--p 00014000 08:01 263209                     /lib/x86_64-linux-gnu/libusb-1.0.so.0.1.0
7f79eb51a000-7f79eb51b000 rw-p 00015000 08:01 263209                     /lib/x86_64-linux-gnu/libusb-1.0.so.0.1.0
7f79eb51b000-7f79eb526000 r-xp 00000000 08:01 790482                     /SimpleOpenNI/library/linux64/OpenNI2/Drivers/libfreenect.so.0.1
7f79eb526000-7f79eb725000 ---p 0000b000 08:01 790482                     /SimpleOpenNI/library/linux64/OpenNI2/Drivers/libfreenect.so.0.1
7f79eb725000-7f79eb726000 r--p 0000a000 08:01 790482                     /SimpleOpenNI/library/linux64/OpenNI2/Drivers/libfreenect.so.0.1
7f79eb726000-7f79eb727000 rw-p 0000b000 08:01 790482                     /SimpleOpenNI/library/linux64/OpenNI2/Drivers/libfreenect.so.0.1
7f79eb727000-7f79eb73e000 r-xp 00000000 08:01 790480                     /SimpleOpenNI/library/linux64/OpenNI2/Drivers/libFreenectDriver.so
7f79eb73e000-7f79eb93e000 ---p 00017000 08:01 790480                     /SimpleOpenNI/library/linux64/OpenNI2/Drivers/libFreenectDriver.so
7f79eb93e000-7f79eb93f000 r--p 00017000 08:01 790480                     /SimpleOpenNI/library/linux64/OpenNI2/Drivers/libFreenectDriver.so
7f79eb93f000-7f79eb940000 rw-p 00018000 08:01 790480                     /SimpleOpenNI/library/linux64/OpenNI2/Drivers/libFreenectDriver.so
7f79eb940000-7f79eb944000 rw-p 0001f000 08:01 790480                     /SimpleOpenNI/library/linux64/OpenNI2/Drivers/libFreenectDriver.so
7f79eb944000-7f79ebdeb000 r-xp 00000000 08:01 790486                     /SimpleOpenNI/library/linux64/libNiTE2.so
7f79ebdeb000-7f79ebfea000 ---p 004a7000 08:01 790486                     /SimpleOpenNI/library/linux64/libNiTE2.so
7f79ebfea000-7f79ebff6000 r--p 004a6000 08:01 790486                     /SimpleOpenNI/library/linux64/libNiTE2.so
7f79ebff6000-7f79ebff8000 rw-p 004b2000 08:01 790486                     /SimpleOpenNI/library/linux64/libNiTE2.so
7f79ebff8000-7f79ec000000 rw-p 00000000 00:00 0 
7f79ec000000-7f79ec021000 rw-p 00000000 00:00 0 
7f79ec021000-7f79f0000000 ---p 00000000 00:00 0 
7f79f0000000-7f79f4000000 rw-p 00000000 00:00 0 
7f79f4000000-7f79f4021000 rw-p 00000000 00:00 0 
7f79f4021000-7f79f8000000 ---p 00000000 00:00 0 
7f79f8089000-7f79f809f000 r-xp 00000000 08:01 790481                     /SimpleOpenNI/library/linux64/OpenNI2/Drivers/libDummyDevice.so
7f79f809f000-7f79f829f000 ---p 00016000 08:01 790481                     /SimpleOpenNI/library/linux64/OpenNI2/Drivers/libDummyDevice.so
7f79f829f000-7f79f82a0000 r--p 00016000 08:01 790481                     /SimpleOpenNI/library/linux64/OpenNI2/Drivers/libDummyDevice.so
7f79f82a0000-7f79f82a1000 rw-p 00017000 08:01 790481                     /SimpleOpenNI/library/linux64/OpenNI2/Drivers/libDummyDevice.so
7f79f82a1000-7f79f82a4000 r-xp 00000000 08:01 7119                       /usr/lib/libboost_system.so.1.54.0
7f79f82a4000-7f79f84a3000 ---p 00003000 08:01 7119                       /usr/lib/libboost_system.so.1.54.0
7f79f84a3000-7f79f84a4000 r--p 00002000 08:01 7119                       /usr/lib/libboost_system.so.1.54.0
7f79f84a4000-7f79f84a5000 rw-p 00003000 08:01 7119                       /usr/lib/libboost_system.so.1.54.0
7f79f84a5000-7f79f84fd000 r-xp 00000000 08:01 790484                     /SimpleOpenNI/library/linux64/libOpenNI2.so
7f79f84fd000-7f79f86fd000 ---p 00058000 08:01 790484                     /SimpleOpenNI/library/linux64/libOpenNI2.so
7f79f86fd000-7f79f86ff000 r--p 00058000 08:01 790484                     /SimpleOpenNI/library/linux64/libOpenNI2.so
7f79f86ff000-7f79f8700000 rw-p 0005a000 08:01 790484                     /SimpleOpenNI/library/linux64/libOpenNI2.so
7f79f8700000-7f79f8721000 rw-p 00000000 00:00 0 
7f79f8721000-7f79f8739000 r-xp 00000000 08:01 790485                     /SimpleOpenNI/library/linux64/libboost_thread.so.1.54.0
7f79f8739000-7f79f8938000 ---p 00018000 08:01 790485                     /SimpleOpenNI/library/linux64/libboost_thread.so.1.54.0
7f79f8938000-7f79f893a000 r--p 00017000 08:01 790485                     /SimpleOpenNI/library/linux64/libboost_thread.so.1.54.0
7f79f893a000-7f79f893b000 rw-p 00019000 08:01 790485                     /SimpleOpenNI/library/linux64/libboost_thread.so.1.54.0
7f79f893b000-7f79f8981000 r-xp 00000000 08:01 790488                     /SimpleOpenNI/library/libSimpleOpenNI64.so
7f79f8981000-7f79f8b80000 ---p 00046000 08:01 790488                     /SimpleOpenNI/library/libSimpleOpenNI64.so
7f79f8b80000-7f79f8b82000 r--p 00045000 08:01 790488                     /SimpleOpenNI/library/libSimpleOpenNI64.so
7f79f8b82000-7f79f8b84000 rw-p 00047000 08:01 790488                     /SimpleOpenNI/library/libSimpleOpenNI64.so
7f79f8b84000-7f79f8b87000 ---p 00000000 00:00 0 
7f79f8b87000-7f79f8c85000 rw-p 00000000 00:00 0                          [stack:40996]
7f79f8c85000-7f79f8c88000 ---p 00000000 00:00 0 
7f79f8c88000-7f79f8d86000 rw-p 00000000 00:00 0                          [stack:40995]
7f79f8d86000-7f79f8d89000 ---p 00000000 00:00 0 
7f79f8d89000-7f79f8e87000 rw-p 00000000 00:00 0                          [stack:40994]
7f79f8e87000-7f79f8e8a000 ---p 00000000 00:00 0 
7f79f8e8a000-7f79f8f88000 rw-p 00000000 00:00 0 
7f79f8f88000-7f79f8f8b000 ---p 00000000 00:00 0 
7f79f8f8b000-7f79f9089000 rw-p 00000000 00:00 0 
7f79f9089000-7f79f908c000 ---p 00000000 00:00 0 
7f79f908c000-7f79f918a000 rw-p 00000000 00:00 0                          [stack:40991]
7f79f918a000-7f79f918d000 ---p 00000000 00:00 0 
7f79f918d000-7f79f928b000 rw-p 00000000 00:00 0                          [stack:40990]
7f79f928b000-7f79f928f000 r-xp 00000000 08:01 262223                     /lib/x86_64-linux-gnu/libgpg-error.so.0.10.0
7f79f928f000-7f79f948e000 ---p 00004000 08:01 262223                     /lib/x86_64-linux-gnu/libgpg-error.so.0.10.0
7f79f948e000-7f79f948f000 r--p 00003000 08:01 262223                     /lib/x86_64-linux-gnu/libgpg-error.so.0.10.0
7f79f948f000-7f79f9490000 rw-p 00004000 08:01 262223                     /lib/x86_64-linux-gnu/libgpg-error.so.0.10.0
7f79f9490000-7f79f9492000 r-xp 00000000 08:01 262194                     /lib/x86_64-linux-gnu/libkeyutils.so.1.4
7f79f9492000-7f79f9692000 ---p 00002000 08:01 262194                     /lib/x86_64-linux-gnu/libkeyutils.so.1.4
7f79f9692000-7f79f9693000 r--p 00002000 08:01 262194                     /lib/x86_64-linux-gnu/libkeyutils.so.1.4
7f79f9693000-7f79f9694000 rw-p 00003000 08:01 262194                     /lib/x86_64-linux-gnu/libkeyutils.so.1.4
7f79f9694000-7f79f96ac000 r-xp 00000000 08:01 574                        /usr/lib/x86_64-linux-gnu/libgraphite2.so.3.0.1
7f79f96ac000-7f79f98ab000 ---p 00018000 08:01 574                        /usr/lib/x86_64-linux-gnu/libgraphite2.so.3.0.1
7f79f98ab000-7f79f98ad000 r--p 00017000 08:01 574                        /usr/lib/x86_64-linux-gnu/libgraphite2.so.3.0.1
7f79f98ad000-7f79f98ae000 rw-p 00019000 08:01 574                        /usr/lib/x86_64-linux-gnu/libgraphite2.so.3.0.1
7f79f98ae000-7f79f98f2000 r-xp 00000000 08:01 264136                     /lib/x86_64-linux-gnu/libdbus-1.so.3.7.4
7f79f98f2000-7f79f9af1000 ---p 00044000 08:01 264136                     /lib/x86_64-linux-gnu/libdbus-1.so.3.7.4
7f79f9af1000-7f79f9af2000 r--p 00043000 08:01 264136                     /lib/x86_64-linux-gnu/libdbus-1.so.3.7.4
7f79f9af2000-7f79f9af3000 rw-p 00044000 08:01 264136                     /lib/x86_64-linux-gnu/libdbus-1.so.3.7.4
7f79f9af3000-7f79f9b11000 r-xp 00000000 08:01 5137                       /usr/lib/x86_64-linux-gnu/libp11-kit.so.0.0.0
7f79f9b11000-7f79f9d10000 ---p 0001e000 08:01 5137                       /usr/lib/x86_64-linux-gnu/libp11-kit.so.0.0.0
7f79f9d10000-7f79f9d12000 r--p 0001d000 08:01 5137                       /usr/lib/x86_64-linux-gnu/libp11-kit.so.0.0.0
7f79f9d12000-7f79f9d13000 rw-p 0001f000 08:01 5137                       /usr/lib/x86_64-linux-gnu/libp11-kit.so.0.0.0
7f79f9d13000-7f79f9d23000 r-xp 00000000 08:01 5140                       /usr/lib/x86_64-linux-gnu/libtasn1.so.3.2.0
7f79f9d23000-7f79f9f22000 ---p 00010000 08:01 5140                       /usr/lib/x86_64-linux-gnu/libtasn1.so.3.2.0
7f79f9f22000-7f79f9f23000 r--p 0000f000 08:01 5140                       /usr/lib/x86_64-linux-gnu/libtasn1.so.3.2.0
7f79f9f23000-7f79f9f24000 rw-p 00010000 08:01 5140                       /usr/lib/x86_64-linux-gnu/libtasn1.so.3.2.0
7f79f9f24000-7f79f9f9e000 r-xp 00000000 08:01 263657                     /lib/x86_64-linux-gnu/libgcrypt.so.11.7.0
7f79f9f9e000-7f79fa19e000 ---p 0007a000 08:01 263657                     /lib/x86_64-linux-gnu/libgcrypt.so.11.7.0
7f79fa19e000-7f79fa19f000 r--p 0007a000 08:01 263657                     /lib/x86_64-linux-gnu/libgcrypt.so.11.7.0
7f79fa19f000-7f79fa1a2000 rw-p 0007b000 08:01 263657                     /lib/x86_64-linux-gnu/libgcrypt.so.11.7.0
7f79fa1a2000-7f79fa1a9000 r-xp 00000000 08:01 5151                       /usr/lib/x86_64-linux-gnu/libkrb5support.so.0.1
7f79fa1a9000-7f79fa3a8000 ---p 00007000 08:01 5151                       /usr/lib/x86_64-linux-gnu/libkrb5support.so.0.1
7f79fa3a8000-7f79fa3a9000 r--p 00006000 08:01 5151                       /usr/lib/x86_64-linux-gnu/libkrb5support.so.0.1
7f79fa3a9000-7f79fa3aa000 rw-p 00007000 08:01 5151                       /usr/lib/x86_64-linux-gnu/libkrb5support.so.0.1
7f79fa3aa000-7f79fa3ad000 r-xp 00000000 08:01 264316                     /lib/x86_64-linux-gnu/libcom_err.so.2.1
7f79fa3ad000-7f79fa5ac000 ---p 00003000 08:01 264316                     /lib/x86_64-linux-gnu/libcom_err.so.2.1
7f79fa5ac000-7f79fa5ad000 r--p 00002000 08:01 264316                     /lib/x86_64-linux-gnu/libcom_err.so.2.1
7f79fa5ad000-7f79fa5ae000 rw-p 00003000 08:01 264316                     /lib/x86_64-linux-gnu/libcom_err.so.2.1
7f79fa5ae000-7f79fa5d4000 r-xp 00000000 08:01 3543                       /usr/lib/x86_64-linux-gnu/libk5crypto.so.3.1
7f79fa5d4000-7f79fa7d3000 ---p 00026000 08:01 3543                       /usr/lib/x86_64-linux-gnu/libk5crypto.so.3.1
7f79fa7d3000-7f79fa7d4000 r--p 00025000 08:01 3543                       /usr/lib/x86_64-linux-gnu/libk5crypto.so.3.1
7f79fa7d4000-7f79fa7d5000 rw-p 00026000 08:01 3543                       /usr/lib/x86_64-linux-gnu/libk5crypto.so.3.1
7f79fa7d5000-7f79fa7d6000 rw-p 00000000 00:00 0 
7f79fa7d6000-7f79fa89b000 r-xp 00000000 08:01 5148                       /usr/lib/x86_64-linux-gnu/libkrb5.so.3.3
7f79fa89b000-7f79faa9a000 ---p 000c5000 08:01 5148                       /usr/lib/x86_64-linux-gnu/libkrb5.so.3.3
7f79faa9a000-7f79faaa4000 r--p 000c4000 08:01 5148                       /usr/lib/x86_64-linux-gnu/libkrb5.so.3.3
7f79faaa4000-7f79faaa5000 rw-p 000ce000 08:01 5148                       /usr/lib/x86_64-linux-gnu/libkrb5.so.3.3
7f79faaa5000-7f79faaab000 r-xp 00000000 08:01 8328                       /usr/lib/x86_64-linux-gnu/libdatrie.so.1.2.0
7f79faaab000-7f79facaa000 ---p 00006000 08:01 8328                       /usr/lib/x86_64-linux-gnu/libdatrie.so.1.2.0
7f79facaa000-7f79facab000 r--p 00005000 08:01 8328                       /usr/lib/x86_64-linux-gnu/libdatrie.so.1.2.0
7f79facab000-7f79facac000 rw-p 00006000 08:01 8328                       /usr/lib/x86_64-linux-gnu/libdatrie.so.1.2.0
7f79facac000-7f79facfc000 r-xp 00000000 08:01 2852                       /usr/lib/x86_64-linux-gnu/libharfbuzz.so.0.919.0
7f79facfc000-7f79faefc000 ---p 00050000 08:01 2852                       /usr/lib/x86_64-linux-gnu/libharfbuzz.so.0.919.0
7f79faefc000-7f79faefd000 r--p 00050000 08:01 2852                       /usr/lib/x86_64-linux-gnu/libharfbuzz.so.0.919.0
7f79faefd000-7f79faefe000 rw-p 00051000 08:01 2852                       /usr/lib/x86_64-linux-gnu/libharfbuzz.so.0.919.0
7f79faefe000-7f79faf06000 r-xp 00000000 08:01 2222                       /usr/lib/x86_64-linux-gnu/libxcb-render.so.0.0.0
7f79faf06000-7f79fb105000 ---p 00008000 08:01 2222                       /usr/lib/x86_64-linux-gnu/libxcb-render.so.0.0.0
7f79fb105000-7f79fb106000 r--p 00007000 08:01 2222                       /usr/lib/x86_64-linux-gnu/libxcb-render.so.0.0.0
7f79fb106000-7f79fb107000 rw-p 00008000 08:01 2222                       /usr/lib/x86_64-linux-gnu/libxcb-render.so.0.0.0
7f79fb107000-7f79fb109000 r-xp 00000000 08:01 2230                       /usr/lib/x86_64-linux-gnu/libxcb-shm.so.0.0.0
7f79fb109000-7f79fb308000 ---p 00002000 08:01 2230                       /usr/lib/x86_64-linux-gnu/libxcb-shm.so.0.0.0
7f79fb308000-7f79fb309000 r--p 00001000 08:01 2230                       /usr/lib/x86_64-linux-gnu/libxcb-shm.so.0.0.0
7f79fb309000-7f79fb30a000 rw-p 00002000 08:01 2230                       /usr/lib/x86_64-linux-gnu/libxcb-shm.so.0.0.0
7f79fb30a000-7f79fb32f000 r-xp 00000000 08:01 264467                     /lib/x86_64-linux-gnu/libpng12.so.0.49.0
7f79fb32f000-7f79fb52e000 ---p 00025000 08:01 264467                     /lib/x86_64-linux-gnu/libpng12.so.0.49.0
7f79fb52e000-7f79fb52f000 r--p 00024000 08:01 264467                     /lib/x86_64-linux-gnu/libpng12.so.0.49.0
7f79fb52f000-7f79fb530000 rw-p 00025000 08:01 264467                     /lib/x86_64-linux-gnu/libpng12.so.0.49.0
7f79fb530000-7f79fb5d1000 r-xp 00000000 08:01 1199                       /usr/lib/x86_64-linux-gnu/libpixman-1.so.0.30.2
7f79fb5d1000-7f79fb7d1000 ---p 000a1000 08:01 1199                       /usr/lib/x86_64-linux-gnu/libpixman-1.so.0.30.2
7f79fb7d1000-7f79fb7d8000 r--p 000a1000 08:01 1199                       /usr/lib/x86_64-linux-gnu/libpixman-1.so.0.30.2
7f79fb7d8000-7f79fb7d9000 rw-p 000a8000 08:01 1199                       /usr/lib/x86_64-linux-gnu/libpixman-1.so.0.30.2
7f79fb7d9000-7f79fb7de000 r-xp 00000000 08:01 8665                       /usr/lib/x86_64-linux-gnu/libXdmcp.so.6.0.0
7f79fb7de000-7f79fb9dd000 ---p 00005000 08:01 8665                       /usr/lib/x86_64-linux-gnu/libXdmcp.so.6.0.0
7f79fb9dd000-7f79fb9de000 r--p 00004000 08:01 8665                       /usr/lib/x86_64-linux-gnu/libXdmcp.so.6.0.0
7f79fb9de000-7f79fb9df000 rw-p 00005000 08:01 8665                       /usr/lib/x86_64-linux-gnu/libXdmcp.so.6.0.0
7f79fb9df000-7f79fb9e1000 r-xp 00000000 08:01 206                        /usr/lib/x86_64-linux-gnu/libXau.so.6.0.0
7f79fb9e1000-7f79fbbe1000 ---p 00002000 08:01 206                        /usr/lib/x86_64-linux-gnu/libXau.so.6.0.0
7f79fbbe1000-7f79fbbe2000 r--p 00002000 08:01 206                        /usr/lib/x86_64-linux-gnu/libXau.so.6.0.0
7f79fbbe2000-7f79fbbe3000 rw-p 00003000 08:01 206                        /usr/lib/x86_64-linux-gnu/libXau.so.6.0.0
7f79fbbe3000-7f79fbbf2000 r-xp 00000000 08:01 130                        /usr/lib/x86_64-linux-gnu/libavahi-client.so.3.2.9
7f79fbbf2000-7f79fbdf2000 ---p 0000f000 08:01 130                        /usr/lib/x86_64-linux-gnu/libavahi-client.so.3.2.9
7f79fbdf2000-7f79fbdf3000 r--p 0000f000 08:01 130                        /usr/lib/x86_64-linux-gnu/libavahi-client.so.3.2.9
7f79fbdf3000-7f79fbdf4000 rw-p 00010000 08:01 130                        /usr/lib/x86_64-linux-gnu/libavahi-client.so.3.2.9
7f79fbdf4000-7f79fbdff000 r-xp 00000000 08:01 128                        /usr/lib/x86_64-linux-gnu/libavahi-common.so.3.5.3
7f79fbdff000-7f79fbffe000 ---p 0000b000 08:01 128                        /usr/lib/x86_64-linux-gnu/libavahi-common.so.3.5.3
7f79fbffe000-7f79fbfff000 r--p 0000a000 08:01 128                        /usr/lib/x86_64-linux-gnu/libavahi-common.so.3.5.3
7f79fbfff000-7f79fc000000 rw-p 0000b000 08:01 128                        /usr/lib/x86_64-linux-gnu/libavahi-common.so.3.5.3
7f79fc000000-7f79fc021000 rw-p 00000000 00:00 0 
7f79fc021000-7f7a00000000 ---p 00000000 00:00 0 
7f7a00068000-7f7a0011e000 r-xp 00000000 08:01 5143                       /usr/lib/x86_64-linux-gnu/libgnutls.so.26.22.6
7f7a0011e000-7f7a0031e000 ---p 000b6000 08:01 5143                       /usr/lib/x86_64-linux-gnu/libgnutls.so.26.22.6
7f7a0031e000-7f7a00324000 r--p 000b6000 08:01 5143                       /usr/lib/x86_64-linux-gnu/libgnutls.so.26.22.6
7f7a00324000-7f7a00325000 rw-p 000bc000 08:01 5143                       /usr/lib/x86_64-linux-gnu/libgnutls.so.26.22.6
7f7a00325000-7f7a00326000 rw-p 00000000 00:00 0 
7f7a00326000-7f7a00361000 r-xp 00000000 08:01 3662                       /usr/lib/x86_64-linux-gnu/libgssapi_krb5.so.2.2
7f7a00361000-7f7a00561000 ---p 0003b000 08:01 3662                       /usr/lib/x86_64-linux-gnu/libgssapi_krb5.so.2.2
7f7a00561000-7f7a00562000 r--p 0003b000 08:01 3662                       /usr/lib/x86_64-linux-gnu/libgssapi_krb5.so.2.2
7f7a00562000-7f7a00564000 rw-p 0003c000 08:01 3662                       /usr/lib/x86_64-linux-gnu/libgssapi_krb5.so.2.2
7f7a00564000-7f7a005a1000 r-xp 00000000 08:01 266403                     /lib/x86_64-linux-gnu/libpcre.so.3.13.1
7f7a005a1000-7f7a007a1000 ---p 0003d000 08:01 266403                     /lib/x86_64-linux-gnu/libpcre.so.3.13.1
7f7a007a1000-7f7a007a2000 r--p 0003d000 08:01 266403                     /lib/x86_64-linux-gnu/libpcre.so.3.13.1
7f7a007a2000-7f7a007a3000 rw-p 0003e000 08:01 266403                     /lib/x86_64-linux-gnu/libpcre.so.3.13.1
7f7a007a3000-7f7a007aa000 r-xp 00000000 08:01 63                         /usr/lib/x86_64-linux-gnu/libffi.so.6.0.1
7f7a007aa000-7f7a009a9000 ---p 00007000 08:01 63                         /usr/lib/x86_64-linux-gnu/libffi.so.6.0.1
7f7a009a9000-7f7a009aa000 r--p 00006000 08:01 63                         /usr/lib/x86_64-linux-gnu/libffi.so.6.0.1
7f7a009aa000-7f7a009ab000 rw-p 00007000 08:01 63                         /usr/lib/x86_64-linux-gnu/libffi.so.6.0.1
7f7a009ab000-7f7a009d2000 r-xp 00000000 08:01 264158                     /lib/x86_64-linux-gnu/libexpat.so.1.6.0
7f7a009d2000-7f7a00bd2000 ---p 00027000 08:01 264158                     /lib/x86_64-linux-gnu/libexpat.so.1.6.0
7f7a00bd2000-7f7a00bd4000 r--p 00027000 08:01 264158                     /lib/x86_64-linux-gnu/libexpat.so.1.6.0
7f7a00bd4000-7f7a00bd5000 rw-p 00029000 08:01 264158                     /lib/x86_64-linux-gnu/libexpat.so.1.6.0
7f7a00bd5000-7f7a00c71000 r-xp 00000000 08:01 994                        /usr/lib/x86_64-linux-gnu/libfreetype.so.6.10.1
7f7a00c71000-7f7a00e71000 ---p 0009c000 08:01 994                        /usr/lib/x86_64-linux-gnu/libfreetype.so.6.10.1
7f7a00e71000-7f7a00e76000 r--p 0009c000 08:01 994                        /usr/lib/x86_64-linux-gnu/libfreetype.so.6.10.1
7f7a00e76000-7f7a00e77000 rw-p 000a1000 08:01 994                        /usr/lib/x86_64-linux-gnu/libfreetype.so.6.10.1
7f7a00e77000-7f7a00e7f000 r-xp 00000000 08:01 8330                       /usr/lib/x86_64-linux-gnu/libthai.so.0.2.0
7f7a00e7f000-7f7a0107e000 ---p 00008000 08:01 8330                       /usr/lib/x86_64-linux-gnu/libthai.so.0.2.0
7f7a0107e000-7f7a0107f000 r--p 00007000 08:01 8330                       /usr/lib/x86_64-linux-gnu/libthai.so.0.2.0
7f7a0107f000-7f7a01080000 rw-p 00008000 08:01 8330                       /usr/lib/x86_64-linux-gnu/libthai.so.0.2.0
7f7a01080000-7f7a01096000 r-xp 00000000 08:01 265339                     /lib/x86_64-linux-gnu/libresolv-2.17.so
7f7a01096000-7f7a01296000 ---p 00016000 08:01 265339                     /lib/x86_64-linux-gnu/libresolv-2.17.so
7f7a01296000-7f7a01297000 r--p 00016000 08:01 265339                     /lib/x86_64-linux-gnu/libresolv-2.17.so
7f7a01297000-7f7a01298000 rw-p 00017000 08:01 265339                     /lib/x86_64-linux-gnu/libresolv-2.17.so
7f7a01298000-7f7a0129a000 rw-p 00000000 00:00 0 
7f7a0129a000-7f7a012b9000 r-xp 00000000 08:01 263495                     /lib/x86_64-linux-gnu/libselinux.so.1
7f7a012b9000-7f7a014b9000 ---p 0001f000 08:01 263495                     /lib/x86_64-linux-gnu/libselinux.so.1
7f7a014b9000-7f7a014ba000 r--p 0001f000 08:01 263495                     /lib/x86_64-linux-gnu/libselinux.so.1
7f7a014ba000-7f7a014bb000 rw-p 00020000 08:01 263495                     /lib/x86_64-linux-gnu/libselinux.so.1
7f7a014bb000-7f7a014bc000 rw-p 00000000 00:00 0 
7f7a014bc000-7f7a014be000 r-xp 00000000 08:01 6693                       /usr/lib/x86_64-linux-gnu/libXdamage.so.1.1.0
7f7a014be000-7f7a016bd000 ---p 00002000 08:01 6693                       /usr/lib/x86_64-linux-gnu/libXdamage.so.1.1.0
7f7a016bd000-7f7a016be000 r--p 00001000 08:01 6693                       /usr/lib/x86_64-linux-gnu/libXdamage.so.1.1.0
7f7a016be000-7f7a016bf000 rw-p 00002000 08:01 6693                       /usr/lib/x86_64-linux-gnu/libXdamage.so.1.1.0
7f7a016bf000-7f7a016c1000 r-xp 00000000 08:01 3417                       /usr/lib/x86_64-linux-gnu/libXcomposite.so.1.0.0
7f7a016c1000-7f7a018c0000 ---p 00002000 08:01 3417                       /usr/lib/x86_64-linux-gnu/libXcomposite.so.1.0.0
7f7a018c0000-7f7a018c1000 r--p 00001000 08:01 3417                       /usr/lib/x86_64-linux-gnu/libXcomposite.so.1.0.0
7f7a018c1000-7f7a018c2000 rw-p 00002000 08:01 3417                       /usr/lib/x86_64-linux-gnu/libXcomposite.so.1.0.0
7f7a018c2000-7f7a018cb000 r-xp 00000000 08:01 2819                       /usr/lib/x86_64-linux-gnu/libXcursor.so.1.0.2
7f7a018cb000-7f7a01aca000 ---p 00009000 08:01 2819                       /usr/lib/x86_64-linux-gnu/libXcursor.so.1.0.2
7f7a01aca000-7f7a01acb000 r--p 00008000 08:01 2819                       /usr/lib/x86_64-linux-gnu/libXcursor.so.1.0.2
7f7a01acb000-7f7a01acc000 rw-p 00009000 08:01 2819                       /usr/lib/x86_64-linux-gnu/libXcursor.so.1.0.2
7f7a01acc000-7f7a01ad5000 r-xp 00000000 08:01 6537                       /usr/lib/x86_64-linux-gnu/libXrandr.so.2.2.0
7f7a01ad5000-7f7a01cd4000 ---p 00009000 08:01 6537                       /usr/lib/x86_64-linux-gnu/libXrandr.so.2.2.0
7f7a01cd4000-7f7a01cd5000 r--p 00008000 08:01 6537                       /usr/lib/x86_64-linux-gnu/libXrandr.so.2.2.0
7f7a01cd5000-7f7a01cd6000 rw-p 00009000 08:01 6537                       /usr/lib/x86_64-linux-gnu/libXrandr.so.2.2.0
7f7a01cd6000-7f7a01cd8000 r-xp 00000000 08:01 6486                       /usr/lib/x86_64-linux-gnu/libXinerama.so.1.0.0
7f7a01cd8000-7f7a01ed7000 ---p 00002000 08:01 6486                       /usr/lib/x86_64-linux-gnu/libXinerama.so.1.0.0
7f7a01ed7000-7f7a01ed8000 r--p 00001000 08:01 6486                       /usr/lib/x86_64-linux-gnu/libXinerama.so.1.0.0
7f7a01ed8000-7f7a01ed9000 rw-p 00002000 08:01 6486                       /usr/lib/x86_64-linux-gnu/libXinerama.so.1.0.0
7f7a01ed9000-7f7a01eed000 r-xp 00000000 08:01 8322                       /usr/lib/x86_64-linux-gnu/libpangoft2-1.0.so.0.3200.5
7f7a01eed000-7f7a020ec000 ---p 00014000 08:01 8322                       /usr/lib/x86_64-linux-gnu/libpangoft2-1.0.so.0.3200.5
7f7a020ec000-7f7a020ed000 r--p 00013000 08:01 8322                       /usr/lib/x86_64-linux-gnu/libpangoft2-1.0.so.0.3200.5
7f7a020ed000-7f7a020ee000 rw-p 00014000 08:01 8322                       /usr/lib/x86_64-linux-gnu/libpangoft2-1.0.so.0.3200.5
7f7a020ee000-7f7a021f2000 r-xp 00000000 08:01 2246                       /usr/lib/x86_64-linux-gnu/libcairo.so.2.11200.16
7f7a021f2000-7f7a023f1000 ---p 00104000 08:01 2246                       /usr/lib/x86_64-linux-gnu/libcairo.so.2.11200.16
7f7a023f1000-7f7a023f4000 r--p 00103000 08:01 2246                       /usr/lib/x86_64-linux-gnu/libcairo.so.2.11200.16
7f7a023f4000-7f7a023f5000 rw-p 00106000 08:01 2246                       /usr/lib/x86_64-linux-gnu/libcairo.so.2.11200.16
7f7a023f5000-7f7a023f7000 rw-p 00000000 00:00 0 
7f7a023f7000-7f7a02416000 r-xp 00000000 08:01 4129                       /usr/lib/x86_64-linux-gnu/libatk-1.0.so.0.21009.1
7f7a02416000-7f7a02616000 ---p 0001f000 08:01 4129                       /usr/lib/x86_64-linux-gnu/libatk-1.0.so.0.21009.1
7f7a02616000-7f7a02618000 r--p 0001f000 08:01 4129                       /usr/lib/x86_64-linux-gnu/libatk-1.0.so.0.21009.1
7f7a02618000-7f7a02619000 rw-p 00021000 08:01 4129                       /usr/lib/x86_64-linux-gnu/libatk-1.0.so.0.21009.1
7f7a02619000-7f7a0261e000 r-xp 00000000 08:01 1304                       /usr/lib/x86_64-linux-gnu/libXfixes.so.3.1.0
7f7a0261e000-7f7a0281d000 ---p 00005000 08:01 1304                       /usr/lib/x86_64-linux-gnu/libXfixes.so.3.1.0
7f7a0281d000-7f7a0281e000 r--p 00004000 08:01 1304                       /usr/lib/x86_64-linux-gnu/libXfixes.so.3.1.0
7f7a0281e000-7f7a0281f000 rw-p 00005000 08:01 1304                       /usr/lib/x86_64-linux-gnu/libXfixes.so.3.1.0
7f7a0281f000-7f7a0282a000 r-xp 00000000 08:01 8324                       /usr/lib/x86_64-linux-gnu/libpangocairo-1.0.so.0.3200.5
7f7a0282a000-7f7a02a2a000 ---p 0000b000 08:01 8324                       /usr/lib/x86_64-linux-gnu/libpangocairo-1.0.so.0.3200.5
7f7a02a2a000-7f7a02a2b000 r--p 0000b000 08:01 8324                       /usr/lib/x86_64-linux-gnu/libpangocairo-1.0.so.0.3200.5
7f7a02a2b000-7f7a02a2c000 rw-p 0000c000 08:01 8324                       /usr/lib/x86_64-linux-gnu/libpangocairo-1.0.so.0.3200.5
7f7a02a2c000-7f7a02a2f000 r-xp 00000000 08:01 410                        /usr/lib/x86_64-linux-gnu/libgmodule-2.0.so.0.3800.0
7f7a02a2f000-7f7a02c2e000 ---p 00003000 08:01 410                        /usr/lib/x86_64-linux-gnu/libgmodule-2.0.so.0.3800.0
7f7a02c2e000-7f7a02c2f000 r--p 00002000 08:01 410                        /usr/lib/x86_64-linux-gnu/libgmodule-2.0.so.0.3800.0
7f7a02c2f000-7f7a02c30000 rw-p 00003000 08:01 410                        /usr/lib/x86_64-linux-gnu/libgmodule-2.0.so.0.3800.0
7f7a02c30000-7f7a02c4d000 r-xp 00000000 08:01 5025                       /usr/lib/x86_64-linux-gnu/libxcb.so.1.1.0
7f7a02c4d000-7f7a02e4c000 ---p 0001d000 08:01 5025                       /usr/lib/x86_64-linux-gnu/libxcb.so.1.1.0
7f7a02e4c000-7f7a02e4d000 r--p 0001c000 08:01 5025                       /usr/lib/x86_64-linux-gnu/libxcb.so.1.1.0
7f7a02e4d000-7f7a02e4e000 rw-p 0001d000 08:01 5025                       /usr/lib/x86_64-linux-gnu/libxcb.so.1.1.0
7f7a02e4e000-7f7a02eba000 r-xp 00000000 08:01 143                        /usr/lib/x86_64-linux-gnu/libcups.so.2
7f7a02eba000-7f7a030b9000 ---p 0006c000 08:01 143                        /usr/lib/x86_64-linux-gnu/libcups.so.2
7f7a030b9000-7f7a030c0000 r--p 0006b000 08:01 143                        /usr/lib/x86_64-linux-gnu/libcups.so.2
7f7a030c0000-7f7a030c1000 rw-p 00072000 08:01 143                        /usr/lib/x86_64-linux-gnu/libcups.so.2
7f7a030c1000-7f7a031bf000 r-xp 00000000 08:01 265079                     /lib/x86_64-linux-gnu/libglib-2.0.so.0.3800.0
7f7a031bf000-7f7a033bf000 ---p 000fe000 08:01 265079                     /lib/x86_64-linux-gnu/libglib-2.0.so.0.3800.0
7f7a033bf000-7f7a033c0000 r--p 000fe000 08:01 265079                     /lib/x86_64-linux-gnu/libglib-2.0.so.0.3800.0
7f7a033c0000-7f7a033c1000 rw-p 000ff000 08:01 265079                     /lib/x86_64-linux-gnu/libglib-2.0.so.0.3800.0
7f7a033c1000-7f7a033c2000 rw-p 00000000 00:00 0 
7f7a033c2000-7f7a033c3000 r-xp 00000000 08:01 4106                       /usr/lib/x86_64-linux-gnu/libgthread-2.0.so.0.3800.0
7f7a033c3000-7f7a035c2000 ---p 00001000 08:01 4106                       /usr/lib/x86_64-linux-gnu/libgthread-2.0.so.0.3800.0
7f7a035c2000-7f7a035c3000 r--p 00000000 08:01 4106                       /usr/lib/x86_64-linux-gnu/libgthread-2.0.so.0.3800.0
7f7a035c3000-7f7a035c4000 rw-p 00001000 08:01 4106                       /usr/lib/x86_64-linux-gnu/libgthread-2.0.so.0.3800.0
7f7a035c4000-7f7a03613000 r-xp 00000000 08:01 4104                       /usr/lib/x86_64-linux-gnu/libgobject-2.0.so.0.3800.0
7f7a03613000-7f7a03813000 ---p 0004f000 08:01 4104                       /usr/lib/x86_64-linux-gnu/libgobject-2.0.so.0.3800.0
7f7a03813000-7f7a03814000 r--p 0004f000 08:01 4104                       /usr/lib/x86_64-linux-gnu/libgobject-2.0.so.0.3800.0
7f7a03814000-7f7a03815000 rw-p 00050000 08:01 4104                       /usr/lib/x86_64-linux-gnu/libgobject-2.0.so.0.3800.0
7f7a03815000-7f7a0384e000 r-xp 00000000 08:01 578                        /usr/lib/x86_64-linux-gnu/libfontconfig.so.1.7.0
7f7a0384e000-7f7a03a4e000 ---p 00039000 08:01 578                        /usr/lib/x86_64-linux-gnu/libfontconfig.so.1.7.0
7f7a03a4e000-7f7a03a50000 r--p 00039000 08:01 578                        /usr/lib/x86_64-linux-gnu/libfontconfig.so.1.7.0
7f7a03a50000-7f7a03a51000 rw-p 0003b000 08:01 578                        /usr/lib/x86_64-linux-gnu/libfontconfig.so.1.7.0
7f7a03a51000-7f7a03a9b000 r-xp 00000000 08:01 299                        /usr/lib/x86_64-linux-gnu/libpango-1.0.so.0.3200.5
7f7a03a9b000-7f7a03c9a000 ---p 0004a000 08:01 299                        /usr/lib/x86_64-linux-gnu/libpango-1.0.so.0.3200.5
7f7a03c9a000-7f7a03c9c000 r--p 00049000 08:01 299                        /usr/lib/x86_64-linux-gnu/libpango-1.0.so.0.3200.5
7f7a03c9c000-7f7a03c9d000 rw-p 0004b000 08:01 299                        /usr/lib/x86_64-linux-gnu/libpango-1.0.so.0.3200.5
7f7a03c9d000-7f7a03df9000 r-xp 00000000 08:01 4105                       /usr/lib/x86_64-linux-gnu/libgio-2.0.so.0.3800.0
7f7a03df9000-7f7a03ff8000 ---p 0015c000 08:01 4105                       /usr/lib/x86_64-linux-gnu/libgio-2.0.so.0.3800.0
7f7a03ff8000-7f7a03ffc000 r--p 0015b000 08:01 4105                       /usr/lib/x86_64-linux-gnu/libgio-2.0.so.0.3800.0
7f7a03ffc000-7f7a03ffe000 rw-p 0015f000 08:01 4105                       /usr/lib/x86_64-linux-gnu/libgio-2.0.so.0.3800.0
7f7a03ffe000-7f7a04000000 rw-p 00000000 00:00 0 
7f7a04000000-7f7a047b0000 rw-p 00000000 00:00 0 
7f7a047b0000-7f7a08000000 ---p 00000000 00:00 0 
7f7a08000000-7f7a081c4000 rw-p 00000000 00:00 0 
7f7a081c4000-7f7a0c000000 ---p 00000000 00:00 0 
7f7a0c000000-7f7a0c021000 rw-p 00000000 00:00 0 
7f7a0c021000-7f7a10000000 ---p 00000000 00:00 0 
7f7a10000000-7f7a1038f000 rw-p 00000000 00:00 0 
7f7a1038f000-7f7a14000000 ---p 00000000 00:00 0 
7f7a14000000-7f7a14021000 rw-p 00000000 00:00 0 
7f7a14021000-7f7a18000000 ---p 00000000 00:00 0 
7f7a18000000-7f7a18021000 rw-p 00000000 00:00 0 
7f7a18021000-7f7a1c000000 ---p 00000000 00:00 0 
7f7a1c000000-7f7a1c08f000 rw-p 00000000 00:00 0 
7f7a1c08f000-7f7a20000000 ---p 00000000 00:00 0 
7f7a20000000-7f7a20021000 rw-p 00000000 00:00 0 
7f7a20021000-7f7a24000000 ---p 00000000 00:00 0 
7f7a24000000-7f7a24021000 rw-p 00000000 00:00 0 
7f7a24021000-7f7a28000000 ---p 00000000 00:00 0 
7f7a28088000-7f7a280a7000 r-xp 00000000 08:01 2688                       /usr/lib/x86_64-linux-gnu/libgdk_pixbuf-2.0.so.0.2800.1
7f7a280a7000-7f7a282a6000 ---p 0001f000 08:01 2688                       /usr/lib/x86_64-linux-gnu/libgdk_pixbuf-2.0.so.0.2800.1
7f7a282a6000-7f7a282a7000 r--p 0001e000 08:01 2688                       /usr/lib/x86_64-linux-gnu/libgdk_pixbuf-2.0.so.0.2800.1
7f7a282a7000-7f7a282a8000 rw-p 0001f000 08:01 2688                       /usr/lib/x86_64-linux-gnu/libgdk_pixbuf-2.0.so.0.2800.1
7f7a282a8000-7f7a28355000 r-xp 00000000 08:01 2575                       /usr/lib/x86_64-linux-gnu/libgdk-x11-2.0.so.0.2400.20
7f7a28355000-7f7a28554000 ---p 000ad000 08:01 2575                       /usr/lib/x86_64-linux-gnu/libgdk-x11-2.0.so.0.2400.20
7f7a28554000-7f7a28558000 r--p 000ac000 08:01 2575                       /usr/lib/x86_64-linux-gnu/libgdk-x11-2.0.so.0.2400.20
7f7a28558000-7f7a2855a000 rw-p 000b0000 08:01 2575                       /usr/lib/x86_64-linux-gnu/libgdk-x11-2.0.so.0.2400.20
7f7a2855a000-7f7a28989000 r-xp 00000000 08:01 2574                       /usr/lib/x86_64-linux-gnu/libgtk-x11-2.0.so.0.2400.20
7f7a28989000-7f7a28b88000 ---p 0042f000 08:01 2574                       /usr/lib/x86_64-linux-gnu/libgtk-x11-2.0.so.0.2400.20
7f7a28b88000-7f7a28b8f000 r--p 0042e000 08:01 2574                       /usr/lib/x86_64-linux-gnu/libgtk-x11-2.0.so.0.2400.20
7f7a28b8f000-7f7a28b93000 rw-p 00435000 08:01 2574                       /usr/lib/x86_64-linux-gnu/libgtk-x11-2.0.so.0.2400.20
7f7a28b93000-7f7a28b96000 rw-p 00000000 00:00 0 
7f7a28b96000-7f7a28ba5000 r-xp 00000000 08:01 811                        /usr/lib/x86_64-linux-gnu/libXi.so.6.1.0
7f7a28ba5000-7f7a28da4000 ---p 0000f000 08:01 811                        /usr/lib/x86_64-linux-gnu/libXi.so.6.1.0
7f7a28da4000-7f7a28da5000 r--p 0000e000 08:01 811                        /usr/lib/x86_64-linux-gnu/libXi.so.6.1.0
7f7a28da5000-7f7a28da6000 rw-p 0000f000 08:01 811                        /usr/lib/x86_64-linux-gnu/libXi.so.6.1.0
7f7a28da6000-7f7a28dab000 r-xp 00000000 08:01 2701                       /usr/lib/x86_64-linux-gnu/libXtst.so.6.1.0
7f7a28dab000-7f7a28faa000 ---p 00005000 08:01 2701                       /usr/lib/x86_64-linux-gnu/libXtst.so.6.1.0
7f7a28faa000-7f7a28fab000 r--p 00004000 08:01 2701                       /usr/lib/x86_64-linux-gnu/libXtst.so.6.1.0
7f7a28fab000-7f7a28fac000 rw-p 00005000 08:01 2701                       /usr/lib/x86_64-linux-gnu/libXtst.so.6.1.0
7f7a28fac000-7f7a28fb5000 r-xp 00000000 08:01 2238                       /usr/lib/x86_64-linux-gnu/libXrender.so.1.3.0
7f7a28fb5000-7f7a291b4000 ---p 00009000 08:01 2238                       /usr/lib/x86_64-linux-gnu/libXrender.so.1.3.0
7f7a291b4000-7f7a291b5000 r--p 00008000 08:01 2238                       /usr/lib/x86_64-linux-gnu/libXrender.so.1.3.0
7f7a291b5000-7f7a291b6000 rw-p 00009000 08:01 2238                       /usr/lib/x86_64-linux-gnu/libXrender.so.1.3.0
7f7a291b6000-7f7a292e6000 r-xp 00000000 08:01 5042                       /usr/lib/x86_64-linux-gnu/libX11.so.6.3.0
7f7a292e6000-7f7a294e6000 ---p 00130000 08:01 5042                       /usr/lib/x86_64-linux-gnu/libX11.so.6.3.0
7f7a294e6000-7f7a294e7000 r--p 00130000 08:01 5042                       /usr/lib/x86_64-linux-gnu/libX11.so.6.3.0
7f7a294e7000-7f7a294eb000 rw-p 00131000 08:01 5042                       /usr/lib/x86_64-linux-gnu/libX11.so.6.3.0
7f7a294eb000-7f7a294fc000 r-xp 00000000 08:01 5044                       /usr/lib/x86_64-linux-gnu/libXext.so.6.4.0
7f7a294fc000-7f7a296fb000 ---p 00011000 08:01 5044                       /usr/lib/x86_64-linux-gnu/libXext.so.6.4.0
7f7a296fb000-7f7a296fc000 r--p 00010000 08:01 5044                       /usr/lib/x86_64-linux-gnu/libXext.so.6.4.0
7f7a296fc000-7f7a296fd000 rw-p 00011000 08:01 5044                       /usr/lib/x86_64-linux-gnu/libXext.so.6.4.0
7f7a296fd000-7f7a2974e000 r-xp 00000000 08:01 136525                     /usr/lib/jvm/java-7-openjdk-amd64/jre/lib/amd64/xawt/libmawt.so
7f7a2974e000-7f7a2994d000 ---p 00051000 08:01 136525                     /usr/lib/jvm/java-7-openjdk-amd64/jre/lib/amd64/xawt/libmawt.so
7f7a2994d000-7f7a2994e000 r--p 00050000 08:01 136525                     /usr/lib/jvm/java-7-openjdk-amd64/jre/lib/amd64/xawt/libmawt.so
7f7a2994e000-7f7a29951000 rw-p 00051000 08:01 136525                     /usr/lib/jvm/java-7-openjdk-amd64/jre/lib/amd64/xawt/libmawt.so
7f7a29951000-7f7a29952000 rw-p 00000000 00:00 0 
7f7a29952000-7f7a299f3000 r-xp 00000000 08:01 136645                     /usr/lib/jvm/java-7-openjdk-amd64/jre/lib/amd64/libawt.so
7f7a299f3000-7f7a29bf2000 ---p 000a1000 08:01 136645                     /usr/lib/jvm/java-7-openjdk-amd64/jre/lib/amd64/libawt.so
7f7a29bf2000-7f7a29bf3000 r--p 000a0000 08:01 136645                     /usr/lib/jvm/java-7-openjdk-amd64/jre/lib/amd64/libawt.so
7f7a29bf3000-7f7a29bfe000 rw-p 000a1000 08:01 136645                     /usr/lib/jvm/java-7-openjdk-amd64/jre/lib/amd64/libawt.so
7f7a29bfe000-7f7a29c23000 rw-p 00000000 00:00 0 
7f7a29c23000-7f7a29c24000 ---p 00000000 00:00 0 
7f7a29c24000-7f7a29d24000 rw-p 00000000 00:00 0                          [stack:40989]
7f7a29d24000-7f7a29d27000 ---p 00000000 00:00 0 
7f7a29d27000-7f7a29e25000 rw-p 00000000 00:00 0                          [stack:40988]
7f7a29e25000-7f7a29e28000 ---p 00000000 00:00 0 
7f7a29e28000-7f7a29f26000 rw-p 00000000 00:00 0                          [stack:40987]
7f7a29f26000-7f7a29f29000 ---p 00000000 00:00 0 
7f7a29f29000-7f7a2a027000 rw-p 00000000 00:00 0                          [stack:40986]
7f7a2a027000-7f7a2a02a000 ---p 00000000 00:00 0 
7f7a2a02a000-7f7a2a128000 rw-p 00000000 00:00 0                          [stack:40985]
7f7a2a128000-7f7a2aaf5000 r--p 00000000 08:01 4845                       /usr/lib/locale/locale-archive
7f7a2aaf5000-7f7a2aaf8000 ---p 00000000 00:00 0 
7f7a2aaf8000-7f7a2abf6000 rw-p 00000000 00:00 0                          [stack:40984]
7f7a2abf6000-7f7a2abf9000 ---p 00000000 00:00 0 
7f7a2abf9000-7f7a2acf7000 rw-p 00000000 00:00 0                          [stack:40983]
7f7a2acf7000-7f7a2acf8000 ---p 00000000 00:00 0 
7f7a2acf8000-7f7a2d000000 rw-p 00000000 00:00 0                          [stack:40982]
7f7a2d000000-7f7a2d270000 rwxp 00000000 00:00 0 
7f7a2d270000-7f7a304d0000 rw-p 00000000 00:00 0 
7f7a304d0000-7f7a34000000 ---p 00000000 00:00 0 
7f7a34028000-7f7a3402a000 rw-p 00000000 00:00 0 
7f7a3402a000-7f7a3402b000 r--s 00005000 08:01 678196                     /home/twalthr/Projekte/Mobile Interaction/repo/ClimbOrDie/library/user/SimpleOpenNI/SimpleOpenNI.jar
7f7a3402b000-7f7a34034000 r--s 000bc000 08:01 136765                     /usr/lib/jvm/java-7-openjdk-common/jre/lib/resources.jar
7f7a34034000-7f7a3403b000 r--s 00000000 08:01 154912                     /usr/lib/x86_64-linux-gnu/gconv/gconv-modules.cache
7f7a3403b000-7f7a34061000 r--p 00000000 08:01 658015                     /usr/share/locale-langpack/de/LC_MESSAGES/libc.mo
7f7a34061000-7f7a34066000 r--s 0008e000 08:01 677345                     /home/twalthr/Projekte/Mobile Interaction/repo/ClimbOrDie/library/base/core/core.jar
7f7a34066000-7f7a34069000 r--s 00032000 08:01 136745                     /usr/lib/jvm/java-7-openjdk-common/jre/lib/ext/sunjce_provider.jar
7f7a34069000-7f7a3406c000 r--s 0000f000 08:01 136737                     /usr/lib/jvm/java-7-openjdk-common/jre/lib/ext/pulse-java.jar
7f7a3406c000-7f7a3421b000 rw-p 00000000 00:00 0 
7f7a3421b000-7f7a343c8000 r--s 01cec000 08:01 136599                     /usr/lib/jvm/java-7-openjdk-amd64/jre/lib/rt.jar
7f7a343c8000-7f7a34a70000 rw-p 00000000 00:00 0 
7f7a34a70000-7f7a34a71000 ---p 00000000 00:00 0 
7f7a34a71000-7f7a34b71000 rw-p 00000000 00:00 0                          [stack:40981]
7f7a34b71000-7f7a34b72000 ---p 00000000 00:00 0 
7f7a34b72000-7f7a34c7d000 rw-p 00000000 00:00 0                          [stack:40980]
7f7a34c7d000-7f7a34c7e000 ---p 00000000 00:00 0 
7f7a34c7e000-7f7a34cc5000 rw-p 00000000 00:00 0 
7f7a34cc5000-7f7a34d05000 rw-p 00000000 00:00 0 
7f7a34d05000-7f7a34da3000 rw-p 00000000 00:00 0 
7f7a34da3000-7f7a34dae000 rw-p 00000000 00:00 0 
7f7a34dae000-7f7a34daf000 ---p 00000000 00:00 0 
7f7a34daf000-7f7a34df6000 rw-p 00000000 00:00 0 
7f7a34df6000-7f7a34e36000 rw-p 00000000 00:00 0 
7f7a34e36000-7f7a34ed4000 rw-p 00000000 00:00 0 
7f7a34ed4000-7f7a34f05000 rw-p 00000000 00:00 0 
7f7a34f05000-7f7a34f43000 rw-p 00000000 00:00 0 
7f7a34f43000-7f7a34f44000 rw-p 00000000 00:00 0 
7f7a34f44000-7f7a34f4c000 r-xp 00000000 08:01 136673                     /usr/lib/jvm/java-7-openjdk-amd64/jre/lib/amd64/libzip.so
7f7a34f4c000-7f7a3514b000 ---p 00008000 08:01 136673                     /usr/lib/jvm/java-7-openjdk-amd64/jre/lib/amd64/libzip.so
7f7a3514b000-7f7a3514c000 r--p 00007000 08:01 136673                     /usr/lib/jvm/java-7-openjdk-amd64/jre/lib/amd64/libzip.so
7f7a3514c000-7f7a3514d000 rw-p 00008000 08:01 136673                     /usr/lib/jvm/java-7-openjdk-amd64/jre/lib/amd64/libzip.so
7f7a3514d000-7f7a35159000 r-xp 00000000 08:01 265361                     /lib/x86_64-linux-gnu/libnss_files-2.17.so
7f7a35159000-7f7a35358000 ---p 0000c000 08:01 265361                     /lib/x86_64-linux-gnu/libnss_files-2.17.so
7f7a35358000-7f7a35359000 r--p 0000b000 08:01 265361                     /lib/x86_64-linux-gnu/libnss_files-2.17.so
7f7a35359000-7f7a3535a000 rw-p 0000c000 08:01 265361                     /lib/x86_64-linux-gnu/libnss_files-2.17.so
7f7a3535a000-7f7a35365000 r-xp 00000000 08:01 265357                     /lib/x86_64-linux-gnu/libnss_nis-2.17.so
7f7a35365000-7f7a35564000 ---p 0000b000 08:01 265357                     /lib/x86_64-linux-gnu/libnss_nis-2.17.so
7f7a35564000-7f7a35565000 r--p 0000a000 08:01 265357                     /lib/x86_64-linux-gnu/libnss_nis-2.17.so
7f7a35565000-7f7a35566000 rw-p 0000b000 08:01 265357                     /lib/x86_64-linux-gnu/libnss_nis-2.17.so
7f7a35566000-7f7a3557d000 r-xp 00000000 08:01 265329                     /lib/x86_64-linux-gnu/libnsl-2.17.so
7f7a3557d000-7f7a3577c000 ---p 00017000 08:01 265329                     /lib/x86_64-linux-gnu/libnsl-2.17.so
7f7a3577c000-7f7a3577d000 r--p 00016000 08:01 265329                     /lib/x86_64-linux-gnu/libnsl-2.17.so
7f7a3577d000-7f7a3577e000 rw-p 00017000 08:01 265329                     /lib/x86_64-linux-gnu/libnsl-2.17.so
7f7a3577e000-7f7a35780000 rw-p 00000000 00:00 0 
7f7a35780000-7f7a35788000 r-xp 00000000 08:01 265334                     /lib/x86_64-linux-gnu/libnss_compat-2.17.so
7f7a35788000-7f7a35987000 ---p 00008000 08:01 265334                     /lib/x86_64-linux-gnu/libnss_compat-2.17.so
7f7a35987000-7f7a35988000 r--p 00007000 08:01 265334                     /lib/x86_64-linux-gnu/libnss_compat-2.17.so
7f7a35988000-7f7a35989000 rw-p 00008000 08:01 265334                     /lib/x86_64-linux-gnu/libnss_compat-2.17.so
7f7a35989000-7f7a359b4000 r-xp 00000000 08:01 136643                     /usr/lib/jvm/java-7-openjdk-amd64/jre/lib/amd64/libjava.so
7f7a359b4000-7f7a35bb3000 ---p 0002b000 08:01 136643                     /usr/lib/jvm/java-7-openjdk-amd64/jre/lib/amd64/libjava.so
7f7a35bb3000-7f7a35bb4000 r--p 0002a000 08:01 136643                     /usr/lib/jvm/java-7-openjdk-amd64/jre/lib/amd64/libjava.so
7f7a35bb4000-7f7a35bb6000 rw-p 0002b000 08:01 136643                     /usr/lib/jvm/java-7-openjdk-amd64/jre/lib/amd64/libjava.so
7f7a35bb6000-7f7a35bc6000 r-xp 00000000 08:01 136641                     /usr/lib/jvm/java-7-openjdk-amd64/jre/lib/amd64/libverify.so
7f7a35bc6000-7f7a35dc5000 ---p 00010000 08:01 136641                     /usr/lib/jvm/java-7-openjdk-amd64/jre/lib/amd64/libverify.so
7f7a35dc5000-7f7a35dc7000 r--p 0000f000 08:01 136641                     /usr/lib/jvm/java-7-openjdk-amd64/jre/lib/amd64/libverify.so
7f7a35dc7000-7f7a35dc8000 rw-p 00011000 08:01 136641                     /usr/lib/jvm/java-7-openjdk-amd64/jre/lib/amd64/libverify.so
7f7a35dc8000-7f7a35dcf000 r-xp 00000000 08:01 265366                     /lib/x86_64-linux-gnu/librt-2.17.so
7f7a35dcf000-7f7a35fce000 ---p 00007000 08:01 265366                     /lib/x86_64-linux-gnu/librt-2.17.so
7f7a35fce000-7f7a35fcf000 r--p 00006000 08:01 265366                     /lib/x86_64-linux-gnu/librt-2.17.so
7f7a35fcf000-7f7a35fd0000 rw-p 00007000 08:01 265366                     /lib/x86_64-linux-gnu/librt-2.17.so
7f7a35fd0000-7f7a35fe5000 r-xp 00000000 08:01 262710                     /lib/x86_64-linux-gnu/libgcc_s.so.1
7f7a35fe5000-7f7a361e4000 ---p 00015000 08:01 262710                     /lib/x86_64-linux-gnu/libgcc_s.so.1
7f7a361e4000-7f7a361e5000 r--p 00014000 08:01 262710                     /lib/x86_64-linux-gnu/libgcc_s.so.1
7f7a361e5000-7f7a361e6000 rw-p 00015000 08:01 262710                     /lib/x86_64-linux-gnu/libgcc_s.so.1
7f7a361e6000-7f7a362e9000 r-xp 00000000 08:01 265341                     /lib/x86_64-linux-gnu/libm-2.17.so
7f7a362e9000-7f7a364e8000 ---p 00103000 08:01 265341                     /lib/x86_64-linux-gnu/libm-2.17.so
7f7a364e8000-7f7a364e9000 r--p 00102000 08:01 265341                     /lib/x86_64-linux-gnu/libm-2.17.so
7f7a364e9000-7f7a364ea000 rw-p 00103000 08:01 265341                     /lib/x86_64-linux-gnu/libm-2.17.so
7f7a364ea000-7f7a365d0000 r-xp 00000000 08:01 2849                       /usr/lib/x86_64-linux-gnu/libstdc++.so.6.0.18
7f7a365d0000-7f7a367cf000 ---p 000e6000 08:01 2849                       /usr/lib/x86_64-linux-gnu/libstdc++.so.6.0.18
7f7a367cf000-7f7a367d7000 r--p 000e5000 08:01 2849                       /usr/lib/x86_64-linux-gnu/libstdc++.so.6.0.18
7f7a367d7000-7f7a367d9000 rw-p 000ed000 08:01 2849                       /usr/lib/x86_64-linux-gnu/libstdc++.so.6.0.18
7f7a367d9000-7f7a367ee000 rw-p 00000000 00:00 0 
7f7a367ee000-7f7a371fc000 r-xp 00000000 08:01 136651                     /usr/lib/jvm/java-7-openjdk-amd64/jre/lib/amd64/server/libjvm.so
7f7a371fc000-7f7a373fb000 ---p 00a0e000 08:01 136651                     /usr/lib/jvm/java-7-openjdk-amd64/jre/lib/amd64/server/libjvm.so
7f7a373fb000-7f7a37474000 r--p 00a0d000 08:01 136651                     /usr/lib/jvm/java-7-openjdk-amd64/jre/lib/amd64/server/libjvm.so
7f7a37474000-7f7a37497000 rw-p 00a86000 08:01 136651                     /usr/lib/jvm/java-7-openjdk-amd64/jre/lib/amd64/server/libjvm.so
7f7a37497000-7f7a374c2000 rw-p 00000000 00:00 0 
7f7a374c2000-7f7a374da000 r-xp 00000000 08:01 263581                     /lib/x86_64-linux-gnu/libz.so.1.2.8
7f7a374da000-7f7a376d9000 ---p 00018000 08:01 263581                     /lib/x86_64-linux-gnu/libz.so.1.2.8
7f7a376d9000-7f7a376da000 r--p 00017000 08:01 263581                     /lib/x86_64-linux-gnu/libz.so.1.2.8
7f7a376da000-7f7a376db000 rw-p 00018000 08:01 263581                     /lib/x86_64-linux-gnu/libz.so.1.2.8
7f7a376db000-7f7a376f2000 r-xp 00000000 08:01 265397                     /lib/x86_64-linux-gnu/libpthread-2.17.so
7f7a376f2000-7f7a378f2000 ---p 00017000 08:01 265397                     /lib/x86_64-linux-gnu/libpthread-2.17.so
7f7a378f2000-7f7a378f3000 r--p 00017000 08:01 265397                     /lib/x86_64-linux-gnu/libpthread-2.17.so
7f7a378f3000-7f7a378f4000 rw-p 00018000 08:01 265397                     /lib/x86_64-linux-gnu/libpthread-2.17.so
7f7a378f4000-7f7a378f8000 rw-p 00000000 00:00 0 
7f7a378f8000-7f7a378fb000 r-xp 00000000 08:01 265396                     /lib/x86_64-linux-gnu/libdl-2.17.so
7f7a378fb000-7f7a37afa000 ---p 00003000 08:01 265396                     /lib/x86_64-linux-gnu/libdl-2.17.so
7f7a37afa000-7f7a37afb000 r--p 00002000 08:01 265396                     /lib/x86_64-linux-gnu/libdl-2.17.so
7f7a37afb000-7f7a37afc000 rw-p 00003000 08:01 265396                     /lib/x86_64-linux-gnu/libdl-2.17.so
7f7a37afc000-7f7a37cb9000 r-xp 00000000 08:01 265395                     /lib/x86_64-linux-gnu/libc-2.17.so
7f7a37cb9000-7f7a37eb9000 ---p 001bd000 08:01 265395                     /lib/x86_64-linux-gnu/libc-2.17.so
7f7a37eb9000-7f7a37ebd000 r--p 001bd000 08:01 265395                     /lib/x86_64-linux-gnu/libc-2.17.so
7f7a37ebd000-7f7a37ebf000 rw-p 001c1000 08:01 265395                     /lib/x86_64-linux-gnu/libc-2.17.so
7f7a37ebf000-7f7a37ec4000 rw-p 00000000 00:00 0 
7f7a37ec4000-7f7a37ed1000 r-xp 00000000 08:01 136609                     /usr/lib/jvm/java-7-openjdk-amd64/jre/lib/amd64/jli/libjli.so
7f7a37ed1000-7f7a380d0000 ---p 0000d000 08:01 136609                     /usr/lib/jvm/java-7-openjdk-amd64/jre/lib/amd64/jli/libjli.so
7f7a380d0000-7f7a380d1000 r--p 0000c000 08:01 136609                     /usr/lib/jvm/java-7-openjdk-amd64/jre/lib/amd64/jli/libjli.so
7f7a380d1000-7f7a380d2000 rw-p 0000d000 08:01 136609                     /usr/lib/jvm/java-7-openjdk-amd64/jre/lib/amd64/jli/libjli.so
7f7a380d2000-7f7a380f5000 r-xp 00000000 08:01 265354                     /lib/x86_64-linux-gnu/ld-2.17.so
7f7a380f5000-7f7a380f7000 r--s 00006000 08:01 151194                     /usr/share/java/java-atk-wrapper.jar
7f7a380f7000-7f7a38122000 rw-p 00000000 00:00 0 
7f7a38122000-7f7a381d8000 rw-p 00000000 00:00 0 
7f7a381d8000-7f7a381db000 ---p 00000000 00:00 0 
7f7a381db000-7f7a382de000 rw-p 00000000 00:00 0                          [stack:40978]
7f7a382de000-7f7a382df000 r--s 00002000 08:01 136757                     /usr/lib/jvm/java-7-openjdk-common/jre/lib/ext/dnsns.jar
7f7a382df000-7f7a382e3000 r--s 00085000 08:01 136749                     /usr/lib/jvm/java-7-openjdk-common/jre/lib/ext/localedata.jar
7f7a382e3000-7f7a382e5000 r--s 00012000 08:01 136741                     /usr/lib/jvm/java-7-openjdk-common/jre/lib/ext/zipfs.jar
7f7a382e5000-7f7a382e8000 r--s 0003c000 08:01 136753                     /usr/lib/jvm/java-7-openjdk-common/jre/lib/ext/sunpkcs11.jar
7f7a382e8000-7f7a382f0000 rw-s 00000000 08:01 678263                     /tmp/hsperfdata_twalthr/40974
7f7a382f0000-7f7a382f1000 rw-p 00000000 00:00 0 
7f7a382f1000-7f7a382f2000 r--p 00000000 00:00 0 
7f7a382f2000-7f7a382f4000 rw-p 00000000 00:00 0 
7f7a382f4000-7f7a382f5000 r--p 00022000 08:01 265354                     /lib/x86_64-linux-gnu/ld-2.17.so
7f7a382f5000-7f7a382f7000 rw-p 00023000 08:01 265354                     /lib/x86_64-linux-gnu/ld-2.17.so
7fff3e69f000-7fff3e6c0000 rw-p 00000000 00:00 0                          [stack]
7fff3e7fe000-7fff3e800000 r-xp 00000000 00:00 0                          [vdso]
ffffffffff600000-ffffffffff601000 r-xp 00000000 00:00 0                  [vsyscall]

VM Arguments:
jvm_args: -Dfile.encoding=UTF-8 
java_command: ClimbOrDie
Launcher Type: SUN_STANDARD

Environment Variables:
PATH=/usr/lib/lightdm/lightdm:/usr/local/sbin:/usr/local/bin:/usr/sbin:/usr/bin:/sbin:/bin:/usr/games:/usr/local/games
SHELL=/bin/bash
DISPLAY=:0.0

Signal Handlers:
SIGSEGV: [libjvm.so+0x871410], sa_mask[0]=0x7ffbfeff, sa_flags=0x10000004
SIGBUS: [libjvm.so+0x871410], sa_mask[0]=0x7ffbfeff, sa_flags=0x10000004
SIGFPE: [libjvm.so+0x709540], sa_mask[0]=0x7ffbfeff, sa_flags=0x10000004
SIGPIPE: [libjvm.so+0x709540], sa_mask[0]=0x7ffbfeff, sa_flags=0x10000004
SIGXFSZ: [libjvm.so+0x709540], sa_mask[0]=0x7ffbfeff, sa_flags=0x10000004
SIGILL: [libjvm.so+0x709540], sa_mask[0]=0x7ffbfeff, sa_flags=0x10000004
SIGUSR1: SIG_DFL, sa_mask[0]=0x00000000, sa_flags=0x00000000
SIGUSR2: [libjvm.so+0x709270], sa_mask[0]=0x00000004, sa_flags=0x10000004
SIGHUP: [libjvm.so+0x709550], sa_mask[0]=0x7ffbfeff, sa_flags=0x10000004
SIGINT: [libjvm.so+0x709550], sa_mask[0]=0x7ffbfeff, sa_flags=0x10000004
SIGTERM: [libjvm.so+0x709550], sa_mask[0]=0x7ffbfeff, sa_flags=0x10000004
SIGQUIT: [libjvm.so+0x709550], sa_mask[0]=0x7ffbfeff, sa_flags=0x10000004


---------------  S Y S T E M  ---------------

OS:Ubuntu 13.10 (saucy)
uname:Linux 3.11.0-12-generic #19-Ubuntu SMP Wed Oct 9 16:20:46 UTC 2013 x86_64
libc:glibc 2.17 NPTL 2.17 
rlimit: STACK 8192k, CORE 0k, NPROC 15804, NOFILE 4096, AS infinity
load average:0,76 0,77 0,92

/proc/meminfo:
MemTotal:        2043132 kB
MemFree:          272072 kB
Buffers:           27864 kB
Cached:           475976 kB
SwapCached:        23388 kB
Active:          1279480 kB
Inactive:         363436 kB
Active(anon):    1004220 kB
Inactive(anon):   141844 kB
Active(file):     275260 kB
Inactive(file):   221592 kB
Unevictable:         644 kB
Mlocked:             644 kB
SwapTotal:       2094076 kB
SwapFree:        1968304 kB
Dirty:                32 kB
Writeback:             0 kB
AnonPages:       1128872 kB
Mapped:            54080 kB
Shmem:              6920 kB
Slab:              59608 kB
SReclaimable:      28956 kB
SUnreclaim:        30652 kB
KernelStack:        4656 kB
PageTables:        20500 kB
NFS_Unstable:          0 kB
Bounce:                0 kB
WritebackTmp:          0 kB
CommitLimit:     3115640 kB
Committed_AS:    2681436 kB
VmallocTotal:   34359738367 kB
VmallocUsed:      294316 kB
VmallocChunk:   34359440680 kB
HardwareCorrupted:     0 kB
AnonHugePages:         0 kB
HugePages_Total:       0
HugePages_Free:        0
HugePages_Rsvd:        0
HugePages_Surp:        0
Hugepagesize:       2048 kB
DirectMap4k:       89984 kB
DirectMap2M:     2007040 kB


CPU:total 2 (2 cores per cpu, 1 threads per core) family 6 model 23 stepping 10, cmov, cx8, fxsr, mmx, sse, sse2, sse3, ssse3, sse4.1, tsc, tscinvbit

/proc/cpuinfo:
processor	: 0
vendor_id	: GenuineIntel
cpu family	: 6
model		: 23
model name	: Intel(R) Core(TM)2 Duo CPU     P8600  @ 2.40GHz
stepping	: 10
microcode	: 0xa0c
cpu MHz		: 2401.000
cache size	: 3072 KB
physical id	: 0
siblings	: 2
core id		: 0
cpu cores	: 2
apicid		: 0
initial apicid	: 0
fpu		: yes
fpu_exception	: yes
cpuid level	: 13
wp		: yes
flags		: fpu vme de pse tsc msr pae mce cx8 apic sep mtrr pge mca cmov pat pse36 clflush dts mmx fxsr sse sse2 ss ht syscall nx lm constant_tsc arch_perfmon pebs bts nopl xtopology tsc_reliable nonstop_tsc aperfmperf pni ssse3 cx16 sse4_1 x2apic xsave hypervisor lahf_lm ida dtherm
bogomips	: 4802.00
clflush size	: 64
cache_alignment	: 64
address sizes	: 40 bits physical, 48 bits virtual
power management:

processor	: 1
vendor_id	: GenuineIntel
cpu family	: 6
model		: 23
model name	: Intel(R) Core(TM)2 Duo CPU     P8600  @ 2.40GHz
stepping	: 10
microcode	: 0xa0c
cpu MHz		: 2401.000
cache size	: 3072 KB
physical id	: 0
siblings	: 2
core id		: 1
cpu cores	: 2
apicid		: 1
initial apicid	: 1
fpu		: yes
fpu_exception	: yes
cpuid level	: 13
wp		: yes
flags		: fpu vme de pse tsc msr pae mce cx8 apic sep mtrr pge mca cmov pat pse36 clflush dts mmx fxsr sse sse2 ss ht syscall nx lm constant_tsc arch_perfmon pebs bts nopl xtopology tsc_reliable nonstop_tsc aperfmperf pni ssse3 cx16 sse4_1 x2apic xsave hypervisor lahf_lm ida dtherm
bogomips	: 4802.00
clflush size	: 64
cache_alignment	: 64
address sizes	: 40 bits physical, 48 bits virtual
power management:



Memory: 4k page, physical 2043132k(272072k free), swap 2094076k(1968304k free)

vm_info: OpenJDK 64-Bit Server VM (23.7-b01) for linux-amd64 JRE (1.7.0_25-b30), built on Oct 11 2013 18:04:12 by "buildd" with gcc 4.8.1

time: Tue Jan 14 02:57:58 2014
elapsed time: 106 seconds

