#
# A fatal error has been detected by the Java Runtime Environment:
#
#  SIGSEGV (0xb) at pc=0x00007f088e2d791c, pid=13224, tid=139673095636736
#
# JRE version: 7.0_25-b30
# Java VM: OpenJDK 64-Bit Server VM (23.7-b01 mixed mode linux-amd64 compressed oops)
# Problematic frame:
# C  [libc.so.6+0x8391c]  cfree+0x1c
#
# Failed to write core dump. Core dumps have been disabled. To enable core dumping, try "ulimit -c unlimited" before starting Java again
#
# If you would like to submit a bug report, please include
# instructions on how to reproduce the bug and visit:
#   https://bugs.launchpad.net/ubuntu/+source/openjdk-7/
#

---------------  T H R E A D  ---------------

Current thread is native thread

siginfo:si_signo=SIGSEGV: si_errno=0, si_code=1 (SEGV_MAPERR), si_addr=0x0000000000000098

Registers:
RAX=0x0000000000000000, RBX=0x00007f082a4f5980, RCX=0x0000000000000001, RDX=0x00000000000001e0
RSP=0x00007f082d3ff018, RBP=0x00007f082a429dd8, RSI=0x0000000000000280, RDI=0x00000000000000a0
R8 =0x00000000000001e0, R9 =0x0000000000000000, R10=0x0000000000000000, R11=0xffffffffffdff000
R12=0x00007f082a429e10, R13=0x0000000000000282, R14=0x00007f084e91ae40, R15=0x00007f082a409090
RIP=0x00007f088e2d791c, EFLAGS=0x0000000000010206, CSGSFS=0x0000000000000033, ERR=0x0000000000000004
  TRAPNO=0x000000000000000e

Top of Stack: (sp=0x00007f082d3ff018)
0x00007f082d3ff018:   00007f084e650d9d 00007f08845c1158
0x00007f082d3ff028:   00000000f358ca70 00007f082d3ff030
0x00007f082d3ff038:   00000000cc02a8b1 00007f082d3ff080
0x00007f082d3ff048:   00007f082d3ffbf0 00000000046d6c0e
0x00007f082d3ff058:   00000000cc02a8c8 0000000000000000
0x00007f082d3ff068:   00007f082d3ff080 00007f082d3ff0c8
0x00007f082d3ff078:   00007f08845c1158 00000000f358ca70
0x00007f082d3ff088:   00007f082d3ff088 00000000cc0bd261
0x00007f082d3ff098:   00007f082d3ff0d8 00000000cc1cb1a0
0x00007f082d3ff0a8:   0000000000000000 00000000cc0bd278
0x00007f082d3ff0b8:   0000000000000000 00007f082d3ff0d8
0x00007f082d3ff0c8:   00007f082d3ff140 00007f08845bb4f7
0x00007f082d3ff0d8:   00000000f358ca70 00007f0800001fb7
0x00007f082d3ff0e8:   00007f082d3ff180 00007f082d3ff360
0x00007f082d3ff0f8:   00007f082d3ff2e0 00007f0870323800
0x00007f082d3ff108:   00007f085c029cd8 00007f082d3ff1b0
0x00007f082d3ff118:   00007f082d3ff368 00007f082d3ff360
0x00007f082d3ff128:   00007f0870323800 00007f082d3ff2e0
0x00007f082d3ff138:   00007f082d3ff360 00007f082d3ff220
0x00007f082d3ff148:   00007f088d47501f 3530386338353366
0x00007f082d3ff158:   00007f082d3ff1a0 00007f0888004028
0x00007f082d3ff168:   00007f082d3ff290 00007f088d7eb49e
0x00007f082d3ff178:   00007f082d3ff328 0000000000000001
0x00007f082d3ff188:   0000000000000083 00007f0888004028
0x00007f082d3ff198:   00007f088e3646c0 00007f08fbad8001
0x00007f082d3ff1a8:   00007f0888004028 0000000000000004
0x00007f082d3ff1b8:   0000000000000000 00007f082d3ff880
0x00007f082d3ff1c8:   00007f088e3d1ec0 00007f082d3ffa08
0x00007f082d3ff1d8:   00007f088e2c4670 00007f08880040ab
0x00007f082d3ff1e8:   0000000000000000 0000000000000000
0x00007f082d3ff1f8:   0000000000000000 00007f082d3ff880
0x00007f082d3ff208:   00007f082d3ff870 00007f088d81a460 

Instructions: (pc=0x00007f088e2d791c)
0x00007f088e2d78fc:   00 00 00 00 48 8b 05 e1 d5 33 00 48 8b 00 48 85
0x00007f088e2d790c:   c0 0f 85 bf 00 00 00 48 85 ff 0f 84 b4 00 00 00
0x00007f088e2d791c:   48 8b 47 f8 48 8d 77 f0 a8 02 75 28 a8 04 48 8d
0x00007f088e2d792c:   3d 0f de 33 00 74 0c 48 89 f0 48 25 00 00 00 fc 

Register to memory mapping:

RAX=0x0000000000000000 is an unknown value
RBX=0x00007f082a4f5980 is an unknown value
RCX=0x0000000000000001 is an unknown value
RDX=0x00000000000001e0 is an unknown value
RSP=0x00007f082d3ff018 is an unknown value
RBP=0x00007f082a429dd8 is an unknown value
RSI=0x0000000000000280 is an unknown value
RDI=0x00000000000000a0 is an unknown value
R8 =0x00000000000001e0 is an unknown value
R9 =0x0000000000000000 is an unknown value
R10=0x0000000000000000 is an unknown value
R11=0xffffffffffdff000 is an unknown value
R12=0x00007f082a429e10 is an unknown value
R13=0x0000000000000282 is an unknown value
R14=0x00007f084e91ae40: <offset 0x6bae40> in /SimpleOpenNI/library/linux64/libNiTE2.so at 0x00007f084e260000
R15=0x00007f082a409090 is an unknown value


Stack: [0x00007f082cc00000,0x00007f082d401000],  sp=0x00007f082d3ff018,  free space=8188k
Native frames: (J=compiled Java code, j=interpreted, Vv=VM code, C=native code)
C  [libc.so.6+0x8391c]  cfree+0x1c


---------------  P R O C E S S  ---------------

VM state:at safepoint (shutting down)

VM Mutex/Monitor currently owned by a thread:  ([mutex/lock_event])
[0x00007f0888005950